<?xml version="1.0" encoding="UTF-8"?>
<testsuite name="org.apache.kafka.common.network.SaslChannelBuilderTest" tests="5" skipped="0" failures="0" errors="0" timestamp="2022-09-03T10:38:44" hostname="LAPTOP-FH01OFOM" time="1.28">
  <properties/>
  <testcase name="testNativeGssapiCredentials" classname="org.apache.kafka.common.network.SaslChannelBuilderTest" time="0.073"/>
  <testcase name="testCloseBeforeConfigureIsIdempotent" classname="org.apache.kafka.common.network.SaslChannelBuilderTest" time="0.0"/>
  <testcase name="testCloseAfterConfigIsIdempotent" classname="org.apache.kafka.common.network.SaslChannelBuilderTest" time="0.047"/>
  <testcase name="testClientChannelBuilderWithBrokerConfigs" classname="org.apache.kafka.common.network.SaslChannelBuilderTest" time="1.159"/>
  <testcase name="testLoginManagerReleasedIfConfigureThrowsException" classname="org.apache.kafka.common.network.SaslChannelBuilderTest" time="0.001"/>
  <system-out><![CDATA[]]></system-out>
  <system-err><![CDATA[]]></system-err>
</testsuite>
