<?xml version="1.0" encoding="UTF-8"?>
<testsuite name="org.apache.kafka.common.utils.ByteBufferOutputStreamTest" tests="6" skipped="0" failures="0" errors="0" timestamp="2022-09-03T10:41:16" hostname="LAPTOP-FH01OFOM" time="0.001">
  <properties/>
  <testcase name="testExpandByteBufferOnWrite" classname="org.apache.kafka.common.utils.ByteBufferOutputStreamTest" time="0.0"/>
  <testcase name="testWriteDirectByteBuffer" classname="org.apache.kafka.common.utils.ByteBufferOutputStreamTest" time="0.0"/>
  <testcase name="testExpandDirectByteBufferOnWrite" classname="org.apache.kafka.common.utils.ByteBufferOutputStreamTest" time="0.0"/>
  <testcase name="testWriteByteBuffer" classname="org.apache.kafka.common.utils.ByteBufferOutputStreamTest" time="0.001"/>
  <testcase name="testExpandByteBufferOnPositionIncrease" classname="org.apache.kafka.common.utils.ByteBufferOutputStreamTest" time="0.0"/>
  <testcase name="testExpandDirectByteBufferOnPositionIncrease" classname="org.apache.kafka.common.utils.ByteBufferOutputStreamTest" time="0.0"/>
  <system-out><![CDATA[]]></system-out>
  <system-err><![CDATA[]]></system-err>
</testsuite>
