<?xml version="1.0" encoding="UTF-8"?>
<testsuite name="org.apache.kafka.common.requests.OffsetCommitRequestTest" tests="3" skipped="0" failures="0" errors="0" timestamp="2020-10-29T02:34:18" hostname="chukun-mac" time="0.004">
  <properties/>
  <testcase name="testGetErrorResponseTopics" classname="org.apache.kafka.common.requests.OffsetCommitRequestTest" time="0.0"/>
  <testcase name="testVersionSupportForGroupInstanceId" classname="org.apache.kafka.common.requests.OffsetCommitRequestTest" time="0.003"/>
  <testcase name="testConstructor" classname="org.apache.kafka.common.requests.OffsetCommitRequestTest" time="0.001"/>
  <system-out><![CDATA[]]></system-out>
  <system-err><![CDATA[]]></system-err>
</testsuite>
