<?xml version="1.0" encoding="UTF-8"?>
<testsuite name="org.apache.kafka.common.security.oauthbearer.internals.unsecured.OAuthBearerUnsecuredValidatorCallbackHandlerTest" tests="5" skipped="0" failures="0" errors="0" timestamp="2022-09-03T10:38:13" hostname="LAPTOP-FH01OFOM" time="0.298">
  <properties/>
  <testcase name="tooEarlyExpirationTime" classname="org.apache.kafka.common.security.oauthbearer.internals.unsecured.OAuthBearerUnsecuredValidatorCallbackHandlerTest" time="0.294"/>
  <testcase name="missingRequiredScope" classname="org.apache.kafka.common.security.oauthbearer.internals.unsecured.OAuthBearerUnsecuredValidatorCallbackHandlerTest" time="0.001"/>
  <testcase name="validToken" classname="org.apache.kafka.common.security.oauthbearer.internals.unsecured.OAuthBearerUnsecuredValidatorCallbackHandlerTest" time="0.001"/>
  <testcase name="badOrMissingPrincipal" classname="org.apache.kafka.common.security.oauthbearer.internals.unsecured.OAuthBearerUnsecuredValidatorCallbackHandlerTest" time="0.002"/>
  <testcase name="includesRequiredScope" classname="org.apache.kafka.common.security.oauthbearer.internals.unsecured.OAuthBearerUnsecuredValidatorCallbackHandlerTest" time="0.0"/>
  <system-out><![CDATA[]]></system-out>
  <system-err><![CDATA[]]></system-err>
</testsuite>
