<?xml version="1.0" encoding="UTF-8"?>
<testsuite name="org.apache.kafka.common.record.CompressionTypeTest" tests="2" skipped="0" failures="0" errors="0" timestamp="2022-09-03T10:41:16" hostname="LAPTOP-FH01OFOM" time="0.053">
  <properties/>
  <testcase name="testLZ4FramingMagicV0" classname="org.apache.kafka.common.record.CompressionTypeTest" time="0.053"/>
  <testcase name="testLZ4FramingMagicV1" classname="org.apache.kafka.common.record.CompressionTypeTest" time="0.0"/>
  <system-out><![CDATA[]]></system-out>
  <system-err><![CDATA[]]></system-err>
</testsuite>
