<?xml version="1.0" encoding="UTF-8"?>
<testsuite name="org.apache.kafka.common.requests.TxnOffsetCommitRequestTest" tests="5" skipped="0" failures="0" errors="0" timestamp="2022-09-03T10:37:55" hostname="LAPTOP-FH01OFOM" time="0.012">
  <properties/>
  <testcase name="testDisableGroupMetadataAutoDowngrade" classname="org.apache.kafka.common.requests.TxnOffsetCommitRequestTest" time="0.005"/>
  <testcase name="testEnableGroupMetadataAutoDowngrade" classname="org.apache.kafka.common.requests.TxnOffsetCommitRequestTest" time="0.001"/>
  <testcase name="testConstructor" classname="org.apache.kafka.common.requests.TxnOffsetCommitRequestTest" time="0.006"/>
  <testcase name="testGetErrorResponseTopics" classname="org.apache.kafka.common.requests.TxnOffsetCommitRequestTest" time="0.0"/>
  <testcase name="testVersionSupportForGroupInstanceId" classname="org.apache.kafka.common.requests.TxnOffsetCommitRequestTest" time="0.0"/>
  <system-out><![CDATA[]]></system-out>
  <system-err><![CDATA[]]></system-err>
</testsuite>
