<?xml version="1.0" encoding="UTF-8"?>
<testsuite name="org.apache.kafka.clients.admin.MemberDescriptionTest" tests="3" skipped="0" failures="0" errors="0" timestamp="2020-10-29T02:31:30" hostname="chukun-mac" time="0.001">
  <properties/>
  <testcase name="testEqualsWithoutGroupInstanceId" classname="org.apache.kafka.clients.admin.MemberDescriptionTest" time="0.001"/>
  <testcase name="testEqualsWithGroupInstanceId" classname="org.apache.kafka.clients.admin.MemberDescriptionTest" time="0.0"/>
  <testcase name="testNonEqual" classname="org.apache.kafka.clients.admin.MemberDescriptionTest" time="0.0"/>
  <system-out><![CDATA[]]></system-out>
  <system-err><![CDATA[]]></system-err>
</testsuite>
