<?xml version="1.0" encoding="UTF-8"?>
<testsuite name="org.apache.kafka.common.requests.RequestContextTest" tests="2" skipped="0" failures="0" errors="0" timestamp="2022-09-03T10:38:33" hostname="LAPTOP-FH01OFOM" time="0.008">
  <properties/>
  <testcase name="testSerdeUnsupportedApiVersionRequest" classname="org.apache.kafka.common.requests.RequestContextTest" time="0.007"/>
  <testcase name="testInitialPrincipalName" classname="org.apache.kafka.common.requests.RequestContextTest" time="0.001"/>
  <system-out><![CDATA[]]></system-out>
  <system-err><![CDATA[]]></system-err>
</testsuite>
