<?xml version="1.0" encoding="UTF-8"?>
<testsuite name="org.apache.kafka.common.metrics.SensorTest" tests="12" skipped="0" failures="0" errors="0" timestamp="2020-10-29T02:32:48" hostname="chukun-mac" time="0.05">
  <properties/>
  <testcase name="testIdempotentAdd" classname="org.apache.kafka.common.metrics.SensorTest" time="0.001"/>
  <testcase name="testUpdatingMetricConfigIsReflectedInTheSensor" classname="org.apache.kafka.common.metrics.SensorTest" time="0.017"/>
  <testcase name="testExpiredSensor" classname="org.apache.kafka.common.metrics.SensorTest" time="0.003"/>
  <testcase name="testStrictQuotaEnforcementWithTokenBucket" classname="org.apache.kafka.common.metrics.SensorTest" time="0.002"/>
  <testcase name="testShouldRecordForTraceLevelSensor" classname="org.apache.kafka.common.metrics.SensorTest" time="0.001"/>
  <testcase name="testShouldRecordForDebugLevelSensor" classname="org.apache.kafka.common.metrics.SensorTest" time="0.0"/>
  <testcase name="testCheckQuotasInMultiThreads" classname="org.apache.kafka.common.metrics.SensorTest" time="0.02"/>
  <testcase name="testRecordAndCheckQuotaUseMetricConfigOfEachStat" classname="org.apache.kafka.common.metrics.SensorTest" time="0.002"/>
  <testcase name="testShouldRecordForInfoLevelSensor" classname="org.apache.kafka.common.metrics.SensorTest" time="0.001"/>
  <testcase name="testStrictQuotaEnforcementWithRate" classname="org.apache.kafka.common.metrics.SensorTest" time="0.001"/>
  <testcase name="shouldReturnPresenceOfMetrics" classname="org.apache.kafka.common.metrics.SensorTest" time="0.0"/>
  <testcase name="testRecordLevelEnum" classname="org.apache.kafka.common.metrics.SensorTest" time="0.0"/>
  <system-out><![CDATA[]]></system-out>
  <system-err><![CDATA[]]></system-err>
</testsuite>
