<?xml version="1.0" encoding="UTF-8"?>
<testsuite name="org.apache.kafka.common.security.ssl.DefaultSslEngineFactoryTest" tests="10" skipped="0" failures="0" errors="0" timestamp="2022-09-03T10:37:59" hostname="LAPTOP-FH01OFOM" time="1.195">
  <properties/>
  <testcase name="testPemTrustStoreConfigWithOneCert" classname="org.apache.kafka.common.security.ssl.DefaultSslEngineFactoryTest" time="0.004"/>
  <testcase name="testTrailingNewLines" classname="org.apache.kafka.common.security.ssl.DefaultSslEngineFactoryTest" time="0.315"/>
  <testcase name="testCarriageReturnLineFeed" classname="org.apache.kafka.common.security.ssl.DefaultSslEngineFactoryTest" time="0.221"/>
  <testcase name="testPemKeyStoreFileNoKeyPassword" classname="org.apache.kafka.common.security.ssl.DefaultSslEngineFactoryTest" time="0.003"/>
  <testcase name="testPemKeyStoreConfigNoPassword" classname="org.apache.kafka.common.security.ssl.DefaultSslEngineFactoryTest" time="0.158"/>
  <testcase name="testPemKeyStoreConfigWithKeyPassword" classname="org.apache.kafka.common.security.ssl.DefaultSslEngineFactoryTest" time="0.155"/>
  <testcase name="testPemTrustStoreFile" classname="org.apache.kafka.common.security.ssl.DefaultSslEngineFactoryTest" time="0.004"/>
  <testcase name="testPemTrustStoreConfigWithMultipleCerts" classname="org.apache.kafka.common.security.ssl.DefaultSslEngineFactoryTest" time="0.001"/>
  <testcase name="testPemKeyStoreFileWithKeyPassword" classname="org.apache.kafka.common.security.ssl.DefaultSslEngineFactoryTest" time="0.159"/>
  <testcase name="testLeadingNewLines" classname="org.apache.kafka.common.security.ssl.DefaultSslEngineFactoryTest" time="0.175"/>
  <system-out><![CDATA[]]></system-out>
  <system-err><![CDATA[]]></system-err>
</testsuite>
