<?xml version="1.0" encoding="UTF-8"?>
<testsuite name="org.apache.kafka.common.requests.EpochEndOffsetTest" tests="3" skipped="0" failures="0" errors="0" timestamp="2020-10-29T02:32:19" hostname="chukun-mac" time="0.0">
  <properties/>
  <testcase name="testWithUndefinedEndOffset" classname="org.apache.kafka.common.requests.EpochEndOffsetTest" time="0.0"/>
  <testcase name="testWithUndefinedEpoch" classname="org.apache.kafka.common.requests.EpochEndOffsetTest" time="0.0"/>
  <testcase name="testConstructor" classname="org.apache.kafka.common.requests.EpochEndOffsetTest" time="0.0"/>
  <system-out><![CDATA[]]></system-out>
  <system-err><![CDATA[]]></system-err>
</testsuite>
