<?xml version="1.0" encoding="UTF-8"?>
<testsuite name="org.apache.kafka.clients.producer.ProducerRecordTest" tests="2" skipped="0" failures="0" errors="0" timestamp="2020-10-29T02:31:18" hostname="chukun-mac" time="0.011">
  <properties/>
  <testcase name="testInvalidRecords" classname="org.apache.kafka.clients.producer.ProducerRecordTest" time="0.005"/>
  <testcase name="testEqualsAndHashCode" classname="org.apache.kafka.clients.producer.ProducerRecordTest" time="0.006"/>
  <system-out><![CDATA[]]></system-out>
  <system-err><![CDATA[]]></system-err>
</testsuite>
