<?xml version="1.0" encoding="UTF-8"?>
<testsuite name="org.apache.kafka.clients.consumer.OffsetAndMetadataTest" tests="4" skipped="0" failures="0" errors="0" timestamp="2022-09-03T10:38:05" hostname="LAPTOP-FH01OFOM" time="0.01">
  <properties/>
  <testcase name="testSerializationRoundtrip" classname="org.apache.kafka.clients.consumer.OffsetAndMetadataTest" time="0.007"/>
  <testcase name="testInvalidNegativeOffset" classname="org.apache.kafka.clients.consumer.OffsetAndMetadataTest" time="0.001"/>
  <testcase name="testDeserializationCompatibilityBeforeLeaderEpoch" classname="org.apache.kafka.clients.consumer.OffsetAndMetadataTest" time="0.001"/>
  <testcase name="testDeserializationCompatibilityWithLeaderEpoch" classname="org.apache.kafka.clients.consumer.OffsetAndMetadataTest" time="0.001"/>
  <system-out><![CDATA[]]></system-out>
  <system-err><![CDATA[]]></system-err>
</testsuite>
