<?xml version="1.0" encoding="UTF-8"?>
<testsuite name="org.apache.kafka.clients.consumer.ConsumerConfigTest" tests="5" skipped="0" failures="0" errors="0" timestamp="2020-10-29T02:31:30" hostname="chukun-mac" time="0.021">
  <properties/>
  <testcase name="testAppendDeserializerToConfig" classname="org.apache.kafka.clients.consumer.ConsumerConfigTest" time="0.016"/>
  <testcase name="testOverrideEnableAutoCommit" classname="org.apache.kafka.clients.consumer.ConsumerConfigTest" time="0.002"/>
  <testcase name="testOverrideClientId" classname="org.apache.kafka.clients.consumer.ConsumerConfigTest" time="0.001"/>
  <testcase name="testDeserializerToPropertyConfig" classname="org.apache.kafka.clients.consumer.ConsumerConfigTest" time="0.0"/>
  <testcase name="ensureDefaultThrowOnUnsupportedStableFlagToFalse" classname="org.apache.kafka.clients.consumer.ConsumerConfigTest" time="0.002"/>
  <system-out><![CDATA[]]></system-out>
  <system-err><![CDATA[]]></system-err>
</testsuite>
