<?xml version="1.0" encoding="UTF-8"?>
<testsuite name="org.apache.kafka.common.security.oauthbearer.internals.OAuthBearerSaslServerTest" tests="8" skipped="0" failures="0" errors="0" timestamp="2020-10-29T02:32:52" hostname="chukun-mac" time="0.068">
  <properties/>
  <testcase name="negotiatedProperty" classname="org.apache.kafka.common.security.oauthbearer.internals.OAuthBearerSaslServerTest" time="0.047"/>
  <testcase name="noAuthorizationIdSpecified" classname="org.apache.kafka.common.security.oauthbearer.internals.OAuthBearerSaslServerTest" time="0.001"/>
  <testcase name="savesCustomExtensionAsNegotiatedProperty" classname="org.apache.kafka.common.security.oauthbearer.internals.OAuthBearerSaslServerTest" time="0.004"/>
  <testcase name="authorizatonIdEqualsAuthenticationId" classname="org.apache.kafka.common.security.oauthbearer.internals.OAuthBearerSaslServerTest" time="0.002"/>
  <testcase name="authorizatonIdNotEqualsAuthenticationId" classname="org.apache.kafka.common.security.oauthbearer.internals.OAuthBearerSaslServerTest" time="0.002"/>
  <testcase name="unrecognizedExtensionsAreNotSaved" classname="org.apache.kafka.common.security.oauthbearer.internals.OAuthBearerSaslServerTest" time="0.004"/>
  <testcase name="illegalToken" classname="org.apache.kafka.common.security.oauthbearer.internals.OAuthBearerSaslServerTest" time="0.003"/>
  <testcase name="throwsAuthenticationExceptionOnInvalidExtensions" classname="org.apache.kafka.common.security.oauthbearer.internals.OAuthBearerSaslServerTest" time="0.003"/>
  <system-out><![CDATA[]]></system-out>
  <system-err><![CDATA[]]></system-err>
</testsuite>
