<?xml version="1.0" encoding="UTF-8"?>
<testsuite name="org.apache.kafka.common.security.oauthbearer.internals.expiring.ExpiringCredentialRefreshConfigTest" tests="1" skipped="0" failures="0" errors="0" timestamp="2020-10-29T02:31:57" hostname="chukun-mac" time="0.001">
  <properties/>
  <testcase name="fromGoodConfig" classname="org.apache.kafka.common.security.oauthbearer.internals.expiring.ExpiringCredentialRefreshConfigTest" time="0.001"/>
  <system-out><![CDATA[]]></system-out>
  <system-err><![CDATA[]]></system-err>
</testsuite>
