<?xml version="1.0" encoding="UTF-8"?>
<testsuite name="org.apache.kafka.common.utils.FixedOrderMapTest" tests="3" skipped="0" failures="0" errors="0" timestamp="2022-09-03T10:38:13" hostname="LAPTOP-FH01OFOM" time="0.006">
  <properties/>
  <testcase name="shouldMaintainOrderWhenAdding" classname="org.apache.kafka.common.utils.FixedOrderMapTest" time="0.002"/>
  <testcase name="shouldForbidConditionalRemove" classname="org.apache.kafka.common.utils.FixedOrderMapTest" time="0.003"/>
  <testcase name="shouldForbidRemove" classname="org.apache.kafka.common.utils.FixedOrderMapTest" time="0.001"/>
  <system-out><![CDATA[]]></system-out>
  <system-err><![CDATA[]]></system-err>
</testsuite>
