<?xml version="1.0" encoding="UTF-8"?>
<testsuite name="org.apache.kafka.clients.InFlightRequestsTest" tests="6" skipped="0" failures="0" errors="0" timestamp="2022-09-03T10:37:56" hostname="LAPTOP-FH01OFOM" time="0.027">
  <properties/>
  <testcase name="testCompleteNextThrowsIfNoInflights" classname="org.apache.kafka.clients.InFlightRequestsTest" time="0.001"/>
  <testcase name="testCompleteLastSentThrowsIfNoInFlights" classname="org.apache.kafka.clients.InFlightRequestsTest" time="0.0"/>
  <testcase name="testCompleteNext" classname="org.apache.kafka.clients.InFlightRequestsTest" time="0.023"/>
  <testcase name="testCompleteLastSent" classname="org.apache.kafka.clients.InFlightRequestsTest" time="0.001"/>
  <testcase name="testClearAll" classname="org.apache.kafka.clients.InFlightRequestsTest" time="0.0"/>
  <testcase name="testTimedOutNodes" classname="org.apache.kafka.clients.InFlightRequestsTest" time="0.001"/>
  <system-out><![CDATA[]]></system-out>
  <system-err><![CDATA[]]></system-err>
</testsuite>
