<?xml version="1.0" encoding="UTF-8"?>
<testsuite name="org.apache.kafka.common.requests.DescribeAclsResponseTest" tests="5" skipped="0" failures="0" errors="0" timestamp="2020-10-29T02:31:48" hostname="chukun-mac" time="0.01">
  <properties/>
  <testcase name="shouldThrowIfUnknown" classname="org.apache.kafka.common.requests.DescribeAclsResponseTest" time="0.003"/>
  <testcase name="testAclBindings" classname="org.apache.kafka.common.requests.DescribeAclsResponseTest" time="0.004"/>
  <testcase name="shouldThrowOnV0IfNotLiteral" classname="org.apache.kafka.common.requests.DescribeAclsResponseTest" time="0.0"/>
  <testcase name="shouldRoundTripV0" classname="org.apache.kafka.common.requests.DescribeAclsResponseTest" time="0.002"/>
  <testcase name="shouldRoundTripV1" classname="org.apache.kafka.common.requests.DescribeAclsResponseTest" time="0.001"/>
  <system-out><![CDATA[]]></system-out>
  <system-err><![CDATA[]]></system-err>
</testsuite>
