<?xml version="1.0" encoding="UTF-8"?>
<testsuite name="org.apache.kafka.common.network.SaslChannelBuilderTest" tests="5" skipped="0" failures="0" errors="0" timestamp="2020-10-29T02:31:45" hostname="chukun-mac" time="2.584">
  <properties/>
  <testcase name="testNativeGssapiCredentials" classname="org.apache.kafka.common.network.SaslChannelBuilderTest" time="0.254"/>
  <testcase name="testCloseBeforeConfigureIsIdempotent" classname="org.apache.kafka.common.network.SaslChannelBuilderTest" time="0.001"/>
  <testcase name="testCloseAfterConfigIsIdempotent" classname="org.apache.kafka.common.network.SaslChannelBuilderTest" time="0.035"/>
  <testcase name="testClientChannelBuilderWithBrokerConfigs" classname="org.apache.kafka.common.network.SaslChannelBuilderTest" time="2.292"/>
  <testcase name="testLoginManagerReleasedIfConfigureThrowsException" classname="org.apache.kafka.common.network.SaslChannelBuilderTest" time="0.001"/>
  <system-out><![CDATA[]]></system-out>
  <system-err><![CDATA[]]></system-err>
</testsuite>
