<?xml version="1.0" encoding="UTF-8"?>
<testsuite name="org.apache.kafka.common.requests.ListOffsetRequestTest" tests="4" skipped="0" failures="0" errors="0" timestamp="2020-10-29T02:34:18" hostname="chukun-mac" time="0.007">
  <properties/>
  <testcase name="testDuplicatePartitions" classname="org.apache.kafka.common.requests.ListOffsetRequestTest" time="0.004"/>
  <testcase name="testGetErrorResponseV0" classname="org.apache.kafka.common.requests.ListOffsetRequestTest" time="0.001"/>
  <testcase name="testToListOffsetTopics" classname="org.apache.kafka.common.requests.ListOffsetRequestTest" time="0.0"/>
  <testcase name="testGetErrorResponse" classname="org.apache.kafka.common.requests.ListOffsetRequestTest" time="0.002"/>
  <system-out><![CDATA[]]></system-out>
  <system-err><![CDATA[]]></system-err>
</testsuite>
