<?xml version="1.0" encoding="UTF-8"?>
<testsuite name="org.apache.kafka.common.message.MessageTest" tests="34" skipped="0" failures="0" errors="0" timestamp="2020-10-29T02:32:19" hostname="chukun-mac" time="0.315">
  <properties/>
  <testcase name="testOffsetCommitDefaultGroupInstanceId" classname="org.apache.kafka.common.message.MessageTest" time="0.013"/>
  <testcase name="testResponseSchemas" classname="org.apache.kafka.common.message.MessageTest" time="0.004"/>
  <testcase name="testJoinGroupRequestVersions" classname="org.apache.kafka.common.message.MessageTest" time="0.006"/>
  <testcase name="testJoinGroupResponseVersions" classname="org.apache.kafka.common.message.MessageTest" time="0.01"/>
  <testcase name="testThrottleTimeIgnorableInDescribeGroupsResponse" classname="org.apache.kafka.common.message.MessageTest" time="0.002"/>
  <testcase name="testAddPartitionsToTxnVersions" classname="org.apache.kafka.common.message.MessageTest" time="0.004"/>
  <testcase name="testMessageVersions" classname="org.apache.kafka.common.message.MessageTest" time="0.009"/>
  <testcase name="testDefaultValues" classname="org.apache.kafka.common.message.MessageTest" time="0.049"/>
  <testcase name="testRequestSchemas" classname="org.apache.kafka.common.message.MessageTest" time="0.012"/>
  <testcase name="testCompareWithUnknownTaggedFields" classname="org.apache.kafka.common.message.MessageTest" time="0.001"/>
  <testcase name="testProduceResponseVersions" classname="org.apache.kafka.common.message.MessageTest" time="0.012"/>
  <testcase name="testLeaveGroupResponseVersions" classname="org.apache.kafka.common.message.MessageTest" time="0.005"/>
  <testcase name="testDescribeGroupsRequestVersions" classname="org.apache.kafka.common.message.MessageTest" time="0.004"/>
  <testcase name="testTxnOffsetCommitRequestVersions" classname="org.apache.kafka.common.message.MessageTest" time="0.012"/>
  <testcase name="testDescribeGroupsResponseVersions" classname="org.apache.kafka.common.message.MessageTest" time="0.011"/>
  <testcase name="testMetadataVersions" classname="org.apache.kafka.common.message.MessageTest" time="0.007"/>
  <testcase name="testTxnOffsetCommitResponseVersions" classname="org.apache.kafka.common.message.MessageTest" time="0.008"/>
  <testcase name="testSyncGroupDefaultGroupInstanceId" classname="org.apache.kafka.common.message.MessageTest" time="0.007"/>
  <testcase name="testListOffsetsRequestVersions" classname="org.apache.kafka.common.message.MessageTest" time="0.007"/>
  <testcase name="testGroupInstanceIdIgnorableInDescribeGroupsResponse" classname="org.apache.kafka.common.message.MessageTest" time="0.002"/>
  <testcase name="testHeartbeatVersions" classname="org.apache.kafka.common.message.MessageTest" time="0.003"/>
  <testcase name="testOffsetCommitResponseVersions" classname="org.apache.kafka.common.message.MessageTest" time="0.016"/>
  <testcase name="testAddOffsetsToTxnVersions" classname="org.apache.kafka.common.message.MessageTest" time="0.003"/>
  <testcase name="testDescribeAclsRequest" classname="org.apache.kafka.common.message.MessageTest" time="0.002"/>
  <testcase name="testLeaderAndIsrVersions" classname="org.apache.kafka.common.message.MessageTest" time="0.007"/>
  <testcase name="testOffsetCommitRequestVersions" classname="org.apache.kafka.common.message.MessageTest" time="0.016"/>
  <testcase name="testSimpleMessage" classname="org.apache.kafka.common.message.MessageTest" time="0.02"/>
  <testcase name="testUnknownTaggedFields" classname="org.apache.kafka.common.message.MessageTest" time="0.001"/>
  <testcase name="testCreateTopicsVersions" classname="org.apache.kafka.common.message.MessageTest" time="0.005"/>
  <testcase name="testNonIgnorableFieldWithDefaultNull" classname="org.apache.kafka.common.message.MessageTest" time="0.001"/>
  <testcase name="testWriteNullForNonNullableFieldRaisesException" classname="org.apache.kafka.common.message.MessageTest" time="0.001"/>
  <testcase name="testOffsetFetchVersions" classname="org.apache.kafka.common.message.MessageTest" time="0.03"/>
  <testcase name="testListOffsetsResponseVersions" classname="org.apache.kafka.common.message.MessageTest" time="0.01"/>
  <testcase name="testOffsetForLeaderEpochVersions" classname="org.apache.kafka.common.message.MessageTest" time="0.01"/>
  <system-out><![CDATA[]]></system-out>
  <system-err><![CDATA[]]></system-err>
</testsuite>
