<?xml version="1.0" encoding="UTF-8"?>
<testsuite name="org.apache.kafka.common.record.LazyDownConversionRecordsTest" tests="1" skipped="0" failures="0" errors="0" timestamp="2022-09-03T10:38:23" hostname="LAPTOP-FH01OFOM" time="0.016">
  <properties/>
  <testcase name="testConversionOfCommitMarker" classname="org.apache.kafka.common.record.LazyDownConversionRecordsTest" time="0.016"/>
  <system-out><![CDATA[]]></system-out>
  <system-err><![CDATA[]]></system-err>
</testsuite>
