<?xml version="1.0" encoding="UTF-8"?>
<testsuite name="org.apache.kafka.common.protocol.MessageUtilTest" tests="4" skipped="0" failures="0" errors="0" timestamp="2022-09-03T10:37:54" hostname="LAPTOP-FH01OFOM" time="0.009">
  <properties/>
  <testcase name="testCompareRawTaggedFields" classname="org.apache.kafka.common.protocol.MessageUtilTest" time="0.002"/>
  <testcase name="testDeepToString" classname="org.apache.kafka.common.protocol.MessageUtilTest" time="0.003"/>
  <testcase name="testByteBufferToArray" classname="org.apache.kafka.common.protocol.MessageUtilTest" time="0.002"/>
  <testcase name="testDuplicate" classname="org.apache.kafka.common.protocol.MessageUtilTest" time="0.002"/>
  <system-out><![CDATA[]]></system-out>
  <system-err><![CDATA[]]></system-err>
</testsuite>
