<?xml version="1.0" encoding="UTF-8"?>
<testsuite name="org.apache.kafka.common.security.kerberos.KerberosNameTest" tests="4" skipped="0" failures="0" errors="0" timestamp="2020-10-29T02:32:51" hostname="chukun-mac" time="0.01">
  <properties/>
  <testcase name="testToLowerCase" classname="org.apache.kafka.common.security.kerberos.KerberosNameTest" time="0.009"/>
  <testcase name="testParse" classname="org.apache.kafka.common.security.kerberos.KerberosNameTest" time="0.001"/>
  <testcase name="testToUpperCase" classname="org.apache.kafka.common.security.kerberos.KerberosNameTest" time="0.0"/>
  <testcase name="testInvalidRules" classname="org.apache.kafka.common.security.kerberos.KerberosNameTest" time="0.0"/>
  <system-out><![CDATA[]]></system-out>
  <system-err><![CDATA[]]></system-err>
</testsuite>
