<?xml version="1.0" encoding="UTF-8"?>
<testsuite name="org.apache.kafka.clients.CommonClientConfigsTest" tests="1" skipped="0" failures="0" errors="0" timestamp="2022-09-03T10:37:47" hostname="LAPTOP-FH01OFOM" time="0.1">
  <properties/>
  <testcase name="testExponentialBackoffDefaults" classname="org.apache.kafka.clients.CommonClientConfigsTest" time="0.1"/>
  <system-out><![CDATA[]]></system-out>
  <system-err><![CDATA[]]></system-err>
</testsuite>
