<?xml version="1.0" encoding="UTF-8"?>
<testsuite name="org.apache.kafka.clients.producer.internals.BufferPoolTest" tests="13" skipped="0" failures="0" errors="0" timestamp="2022-09-03T10:38:40" hostname="LAPTOP-FH01OFOM" time="3.592">
  <properties/>
  <testcase name="testStressfulSituation" classname="org.apache.kafka.clients.producer.internals.BufferPoolTest" time="0.547"/>
  <testcase name="testCloseAllocations" classname="org.apache.kafka.clients.producer.internals.BufferPoolTest" time="0.006"/>
  <testcase name="testCleanupMemoryAvailabilityWaiterOnInterruption" classname="org.apache.kafka.clients.producer.internals.BufferPoolTest" time="1.52"/>
  <testcase name="testBlockTimeout" classname="org.apache.kafka.clients.producer.internals.BufferPoolTest" time="0.014"/>
  <testcase name="testLargeAvailableMemory" classname="org.apache.kafka.clients.producer.internals.BufferPoolTest" time="0.0"/>
  <testcase name="testCleanupMemoryAvailabilityOnMetricsException" classname="org.apache.kafka.clients.producer.internals.BufferPoolTest" time="1.403"/>
  <testcase name="testCantAllocateMoreMemoryThanWeHave" classname="org.apache.kafka.clients.producer.internals.BufferPoolTest" time="0.0"/>
  <testcase name="testCleanupMemoryAvailabilityWaiterOnBlockTimeout" classname="org.apache.kafka.clients.producer.internals.BufferPoolTest" time="0.023"/>
  <testcase name="testSimple" classname="org.apache.kafka.clients.producer.internals.BufferPoolTest" time="0.0"/>
  <testcase name="testDelayedAllocation" classname="org.apache.kafka.clients.producer.internals.BufferPoolTest" time="0.003"/>
  <testcase name="testCloseNotifyWaiters" classname="org.apache.kafka.clients.producer.internals.BufferPoolTest" time="0.052"/>
  <testcase name="outOfMemoryOnAllocation" classname="org.apache.kafka.clients.producer.internals.BufferPoolTest" time="0.0"/>
  <testcase name="testBufferExhaustedExceptionIsThrown" classname="org.apache.kafka.clients.producer.internals.BufferPoolTest" time="0.024"/>
  <system-out><![CDATA[]]></system-out>
  <system-err><![CDATA[]]></system-err>
</testsuite>
