<?xml version="1.0" encoding="UTF-8"?>
<testsuite name="org.apache.kafka.common.protocol.types.RawTaggedFieldWriterTest" tests="4" skipped="0" failures="0" errors="0" timestamp="2020-10-29T02:31:48" hostname="chukun-mac" time="0.005">
  <properties/>
  <testcase name="testOutOfOrderTags" classname="org.apache.kafka.common.protocol.types.RawTaggedFieldWriterTest" time="0.002"/>
  <testcase name="testWritingZeroRawTaggedFields" classname="org.apache.kafka.common.protocol.types.RawTaggedFieldWriterTest" time="0.001"/>
  <testcase name="testInvalidNextDefinedTag" classname="org.apache.kafka.common.protocol.types.RawTaggedFieldWriterTest" time="0.001"/>
  <testcase name="testWritingSeveralRawTaggedFields" classname="org.apache.kafka.common.protocol.types.RawTaggedFieldWriterTest" time="0.001"/>
  <system-out><![CDATA[]]></system-out>
  <system-err><![CDATA[]]></system-err>
</testsuite>
