<?xml version="1.0" encoding="UTF-8"?>
<testsuite name="org.apache.kafka.common.utils.CircularIteratorTest" tests="3" skipped="0" failures="0" errors="0" timestamp="2022-09-03T10:37:57" hostname="LAPTOP-FH01OFOM" time="0.002">
  <properties/>
  <testcase name="testCycleCollection" classname="org.apache.kafka.common.utils.CircularIteratorTest" time="0.001"/>
  <testcase name="testEmptyCollection" classname="org.apache.kafka.common.utils.CircularIteratorTest" time="0.0"/>
  <testcase name="testNullCollection" classname="org.apache.kafka.common.utils.CircularIteratorTest" time="0.001"/>
  <system-out><![CDATA[]]></system-out>
  <system-err><![CDATA[]]></system-err>
</testsuite>
