<?xml version="1.0" encoding="UTF-8"?>
<testsuite name="org.apache.kafka.common.security.oauthbearer.OAuthBearerValidatorCallbackTest" tests="2" skipped="0" failures="0" errors="0" timestamp="2020-10-29T02:31:56" hostname="chukun-mac" time="0.002">
  <properties/>
  <testcase name="testError" classname="org.apache.kafka.common.security.oauthbearer.OAuthBearerValidatorCallbackTest" time="0.002"/>
  <testcase name="testToken" classname="org.apache.kafka.common.security.oauthbearer.OAuthBearerValidatorCallbackTest" time="0.0"/>
  <system-out><![CDATA[]]></system-out>
  <system-err><![CDATA[]]></system-err>
</testsuite>
