<?xml version="1.0" encoding="UTF-8"?>
<testsuite name="org.apache.kafka.clients.producer.internals.ProducerInterceptorsTest" tests="3" skipped="0" failures="0" errors="0" timestamp="2020-10-29T02:32:20" hostname="chukun-mac" time="0.006">
  <properties/>
  <testcase name="testOnAcknowledgementWithErrorChain" classname="org.apache.kafka.clients.producer.internals.ProducerInterceptorsTest" time="0.002"/>
  <testcase name="testOnAcknowledgementChain" classname="org.apache.kafka.clients.producer.internals.ProducerInterceptorsTest" time="0.002"/>
  <testcase name="testOnSendChain" classname="org.apache.kafka.clients.producer.internals.ProducerInterceptorsTest" time="0.001"/>
  <system-out><![CDATA[]]></system-out>
  <system-err><![CDATA[]]></system-err>
</testsuite>
