<?xml version="1.0" encoding="UTF-8"?>
<testsuite name="org.apache.kafka.common.record.BufferSupplierTest" tests="1" skipped="0" failures="0" errors="0" timestamp="2022-09-03T10:37:54" hostname="LAPTOP-FH01OFOM" time="0.001">
  <properties/>
  <testcase name="testGrowableBuffer" classname="org.apache.kafka.common.record.BufferSupplierTest" time="0.001"/>
  <system-out><![CDATA[]]></system-out>
  <system-err><![CDATA[]]></system-err>
</testsuite>
