<?xml version="1.0" encoding="UTF-8"?>
<testsuite name="org.apache.kafka.common.utils.SanitizerTest" tests="2" skipped="0" failures="0" errors="0" timestamp="2022-09-03T10:40:17" hostname="LAPTOP-FH01OFOM" time="0.542">
  <properties/>
  <testcase name="testSanitize" classname="org.apache.kafka.common.utils.SanitizerTest" time="0.002"/>
  <testcase name="testJmxSanitize" classname="org.apache.kafka.common.utils.SanitizerTest" time="0.54"/>
  <system-out><![CDATA[]]></system-out>
  <system-err><![CDATA[]]></system-err>
</testsuite>
