<?xml version="1.0" encoding="UTF-8"?>
<testsuite name="org.apache.kafka.common.protocol.MessageUtilTest" tests="4" skipped="0" failures="0" errors="0" timestamp="2020-10-29T02:32:19" hostname="chukun-mac" time="0.003">
  <properties/>
  <testcase name="testCompareRawTaggedFields" classname="org.apache.kafka.common.protocol.MessageUtilTest" time="0.001"/>
  <testcase name="testDeepToString" classname="org.apache.kafka.common.protocol.MessageUtilTest" time="0.001"/>
  <testcase name="testByteBufferToArray" classname="org.apache.kafka.common.protocol.MessageUtilTest" time="0.001"/>
  <testcase name="testDuplicate" classname="org.apache.kafka.common.protocol.MessageUtilTest" time="0.0"/>
  <system-out><![CDATA[]]></system-out>
  <system-err><![CDATA[]]></system-err>
</testsuite>
