<?xml version="1.0" encoding="UTF-8"?>
<testsuite name="org.apache.kafka.common.security.oauthbearer.internals.unsecured.OAuthBearerUnsecuredJwsTest" tests="4" skipped="0" failures="0" errors="0" timestamp="2022-09-03T10:38:23" hostname="LAPTOP-FH01OFOM" time="0.299">
  <properties/>
  <testcase name="blankPrincipalName" classname="org.apache.kafka.common.security.oauthbearer.internals.unsecured.OAuthBearerUnsecuredJwsTest" time="0.297"/>
  <testcase name="validCompactSerialization" classname="org.apache.kafka.common.security.oauthbearer.internals.unsecured.OAuthBearerUnsecuredJwsTest" time="0.0"/>
  <testcase name="missingPrincipal" classname="org.apache.kafka.common.security.oauthbearer.internals.unsecured.OAuthBearerUnsecuredJwsTest" time="0.001"/>
  <testcase name="validClaims" classname="org.apache.kafka.common.security.oauthbearer.internals.unsecured.OAuthBearerUnsecuredJwsTest" time="0.0"/>
  <system-out><![CDATA[]]></system-out>
  <system-err><![CDATA[]]></system-err>
</testsuite>
