<?xml version="1.0" encoding="UTF-8"?>
<testsuite name="org.apache.kafka.common.utils.MockTimeTest" tests="4" skipped="0" failures="0" errors="0" timestamp="2020-10-29T02:31:48" hostname="chukun-mac" time="0.01">
  <properties/>
  <testcase name="testAutoTickMs" classname="org.apache.kafka.common.utils.MockTimeTest" time="0.001"/>
  <testcase name="testAdvanceClock" classname="org.apache.kafka.common.utils.MockTimeTest" time="0.001"/>
  <testcase name="testWaitObjectTimeout" classname="org.apache.kafka.common.utils.MockTimeTest" time="0.005"/>
  <testcase name="testWaitObjectConditionSatisfied" classname="org.apache.kafka.common.utils.MockTimeTest" time="0.003"/>
  <system-out><![CDATA[]]></system-out>
  <system-err><![CDATA[]]></system-err>
</testsuite>
