<?xml version="1.0" encoding="UTF-8"?>
<testsuite name="org.apache.kafka.common.utils.BytesTest" tests="3" skipped="0" failures="0" errors="0" timestamp="2022-09-03T10:38:31" hostname="LAPTOP-FH01OFOM" time="0.003">
  <properties/>
  <testcase name="testIncrementWithSubmap" classname="org.apache.kafka.common.utils.BytesTest" time="0.001"/>
  <testcase name="testIncrement" classname="org.apache.kafka.common.utils.BytesTest" time="0.002"/>
  <testcase name="testIncrementUpperBoundary" classname="org.apache.kafka.common.utils.BytesTest" time="0.0"/>
  <system-out><![CDATA[]]></system-out>
  <system-err><![CDATA[]]></system-err>
</testsuite>
