<?xml version="1.0" encoding="UTF-8"?>
<testsuite name="org.apache.kafka.common.security.authenticator.LoginManagerTest" tests="2" skipped="0" failures="0" errors="0" timestamp="2020-10-29T02:32:32" hostname="chukun-mac" time="0.021">
  <properties/>
  <testcase name="testClientLoginManager" classname="org.apache.kafka.common.security.authenticator.LoginManagerTest" time="0.016"/>
  <testcase name="testServerLoginManager" classname="org.apache.kafka.common.security.authenticator.LoginManagerTest" time="0.002"/>
  <system-out><![CDATA[]]></system-out>
  <system-err><![CDATA[]]></system-err>
</testsuite>
