<?xml version="1.0" encoding="UTF-8"?>
<testsuite name="org.apache.kafka.common.security.oauthbearer.OAuthBearerTokenCallbackTest" tests="2" skipped="0" failures="0" errors="0" timestamp="2020-10-29T02:31:43" hostname="chukun-mac" time="0.004">
  <properties/>
  <testcase name="testError" classname="org.apache.kafka.common.security.oauthbearer.OAuthBearerTokenCallbackTest" time="0.003"/>
  <testcase name="testToken" classname="org.apache.kafka.common.security.oauthbearer.OAuthBearerTokenCallbackTest" time="0.001"/>
  <system-out><![CDATA[]]></system-out>
  <system-err><![CDATA[]]></system-err>
</testsuite>
