<?xml version="1.0" encoding="UTF-8"?>
<testsuite name="org.apache.kafka.common.replica.ReplicaSelectorTest" tests="1" skipped="0" failures="0" errors="0" timestamp="2022-09-03T10:41:16" hostname="LAPTOP-FH01OFOM" time="0.008">
  <properties/>
  <testcase name="testSameRackSelector" classname="org.apache.kafka.common.replica.ReplicaSelectorTest" time="0.008"/>
  <system-out><![CDATA[]]></system-out>
  <system-err><![CDATA[]]></system-err>
</testsuite>
