<?xml version="1.0" encoding="UTF-8"?>
<testsuite name="org.apache.kafka.common.requests.WriteTxnMarkersResponseTest" tests="1" skipped="0" failures="0" errors="0" timestamp="2020-10-29T02:32:19" hostname="chukun-mac" time="0.001">
  <properties/>
  <testcase name="testConstructorWithStruct" classname="org.apache.kafka.common.requests.WriteTxnMarkersResponseTest" time="0.001"/>
  <system-out><![CDATA[]]></system-out>
  <system-err><![CDATA[]]></system-err>
</testsuite>
