<?xml version="1.0" encoding="UTF-8"?>
<testsuite name="org.apache.kafka.common.requests.ControlledShutdownRequestTest" tests="2" skipped="0" failures="0" errors="0" timestamp="2020-10-29T02:31:48" hostname="chukun-mac" time="0.033">
  <properties/>
  <testcase name="testUnsupportedVersion" classname="org.apache.kafka.common.requests.ControlledShutdownRequestTest" time="0.028"/>
  <testcase name="testGetErrorResponse" classname="org.apache.kafka.common.requests.ControlledShutdownRequestTest" time="0.005"/>
  <system-out><![CDATA[]]></system-out>
  <system-err><![CDATA[]]></system-err>
</testsuite>
