<?xml version="1.0" encoding="UTF-8"?>
<testsuite name="org.apache.kafka.common.requests.MetadataRequestTest" tests="3" skipped="0" failures="0" errors="0" timestamp="2022-09-03T10:38:33" hostname="LAPTOP-FH01OFOM" time="0.0">
  <properties/>
  <testcase name="testEmptyMeansAllTopicsV0" classname="org.apache.kafka.common.requests.MetadataRequestTest" time="0.0"/>
  <testcase name="testEmptyMeansEmptyForVersionsAboveV0" classname="org.apache.kafka.common.requests.MetadataRequestTest" time="0.0"/>
  <testcase name="testMetadataRequestVersion" classname="org.apache.kafka.common.requests.MetadataRequestTest" time="0.0"/>
  <system-out><![CDATA[]]></system-out>
  <system-err><![CDATA[]]></system-err>
</testsuite>
