<?xml version="1.0" encoding="UTF-8"?>
<testsuite name="org.apache.kafka.common.security.scram.internals.ScramCredentialUtilsTest" tests="6" skipped="0" failures="0" errors="0" timestamp="2020-10-29T02:32:52" hostname="chukun-mac" time="0.72">
  <properties/>
  <testcase name="missingFields" classname="org.apache.kafka.common.security.scram.internals.ScramCredentialUtilsTest" time="0.399"/>
  <testcase name="stringConversion" classname="org.apache.kafka.common.security.scram.internals.ScramCredentialUtilsTest" time="0.005"/>
  <testcase name="generateCredential" classname="org.apache.kafka.common.security.scram.internals.ScramCredentialUtilsTest" time="0.083"/>
  <testcase name="extraneousFields" classname="org.apache.kafka.common.security.scram.internals.ScramCredentialUtilsTest" time="0.011"/>
  <testcase name="scramCredentialCache" classname="org.apache.kafka.common.security.scram.internals.ScramCredentialUtilsTest" time="0.219"/>
  <testcase name="invalidCredential" classname="org.apache.kafka.common.security.scram.internals.ScramCredentialUtilsTest" time="0.001"/>
  <system-out><![CDATA[]]></system-out>
  <system-err><![CDATA[]]></system-err>
</testsuite>
