<?xml version="1.0" encoding="UTF-8"?>
<testsuite name="org.apache.kafka.common.requests.DeleteGroupsResponseTest" tests="3" skipped="0" failures="0" errors="0" timestamp="2020-10-29T02:32:19" hostname="chukun-mac" time="0.001">
  <properties/>
  <testcase name="testGetErrorWithInvalidGroupId" classname="org.apache.kafka.common.requests.DeleteGroupsResponseTest" time="0.001"/>
  <testcase name="testGetThrottleTimeMs" classname="org.apache.kafka.common.requests.DeleteGroupsResponseTest" time="0.0"/>
  <testcase name="testGetErrorWithExistingGroupIds" classname="org.apache.kafka.common.requests.DeleteGroupsResponseTest" time="0.0"/>
  <system-out><![CDATA[]]></system-out>
  <system-err><![CDATA[]]></system-err>
</testsuite>
