<?xml version="1.0" encoding="UTF-8"?>
<testsuite name="org.apache.kafka.common.record.BufferSupplierTest" tests="1" skipped="0" failures="0" errors="0" timestamp="2020-10-29T02:31:36" hostname="chukun-mac" time="0.0">
  <properties/>
  <testcase name="testGrowableBuffer" classname="org.apache.kafka.common.record.BufferSupplierTest" time="0.0"/>
  <system-out><![CDATA[]]></system-out>
  <system-err><![CDATA[]]></system-err>
</testsuite>
