<?xml version="1.0" encoding="UTF-8"?>
<testsuite name="org.apache.kafka.clients.admin.DescribeUserScramCredentialsResultTest" tests="3" skipped="0" failures="0" errors="0" timestamp="2022-09-03T10:40:34" hostname="LAPTOP-FH01OFOM" time="0.051">
  <properties/>
  <testcase name="testTopLevelError" classname="org.apache.kafka.clients.admin.DescribeUserScramCredentialsResultTest" time="0.003"/>
  <testcase name="testUserLevelErrors" classname="org.apache.kafka.clients.admin.DescribeUserScramCredentialsResultTest" time="0.048"/>
  <testcase name="testSuccessfulDescription" classname="org.apache.kafka.clients.admin.DescribeUserScramCredentialsResultTest" time="0.0"/>
  <system-out><![CDATA[]]></system-out>
  <system-err><![CDATA[]]></system-err>
</testsuite>
