<?xml version="1.0" encoding="UTF-8"?>
<testsuite name="org.apache.kafka.common.requests.ProduceRequestTest" tests="13" skipped="0" failures="0" errors="0" timestamp="2020-10-29T02:34:18" hostname="chukun-mac" time="0.026">
  <properties/>
  <testcase name="testMixedTransactionalData" classname="org.apache.kafka.common.requests.ProduceRequestTest" time="0.011"/>
  <testcase name="testMixedIdempotentData" classname="org.apache.kafka.common.requests.ProduceRequestTest" time="0.003"/>
  <testcase name="shouldNotBeFlaggedAsIdempotentWhenRecordsNotIdempotent" classname="org.apache.kafka.common.requests.ProduceRequestTest" time="0.0"/>
  <testcase name="testV6AndBelowCannotUseZStdCompression" classname="org.apache.kafka.common.requests.ProduceRequestTest" time="0.002"/>
  <testcase name="shouldBeFlaggedAsTransactionalWhenTransactionalRecords" classname="org.apache.kafka.common.requests.ProduceRequestTest" time="0.0"/>
  <testcase name="shouldNotBeFlaggedAsTransactionalWhenNoRecords" classname="org.apache.kafka.common.requests.ProduceRequestTest" time="0.0"/>
  <testcase name="testV3AndAboveCannotHaveNoRecordBatches" classname="org.apache.kafka.common.requests.ProduceRequestTest" time="0.001"/>
  <testcase name="testBuildWithCurrentMessageFormat" classname="org.apache.kafka.common.requests.ProduceRequestTest" time="0.0"/>
  <testcase name="testBuildWithOldMessageFormat" classname="org.apache.kafka.common.requests.ProduceRequestTest" time="0.007"/>
  <testcase name="testV3AndAboveShouldContainOnlyOneRecordBatch" classname="org.apache.kafka.common.requests.ProduceRequestTest" time="0.0"/>
  <testcase name="testV3AndAboveCannotUseMagicV0" classname="org.apache.kafka.common.requests.ProduceRequestTest" time="0.0"/>
  <testcase name="testV3AndAboveCannotUseMagicV1" classname="org.apache.kafka.common.requests.ProduceRequestTest" time="0.0"/>
  <testcase name="shouldBeFlaggedAsIdempotentWhenIdempotentRecords" classname="org.apache.kafka.common.requests.ProduceRequestTest" time="0.0"/>
  <system-out><![CDATA[]]></system-out>
  <system-err><![CDATA[]]></system-err>
</testsuite>
