<?xml version="1.0" encoding="UTF-8"?>
<testsuite name="org.apache.kafka.clients.ApiVersionsTest" tests="1" skipped="0" failures="0" errors="0" timestamp="2020-10-29T02:31:27" hostname="chukun-mac" time="0.005">
  <properties/>
  <testcase name="testMaxUsableProduceMagic" classname="org.apache.kafka.clients.ApiVersionsTest" time="0.005"/>
  <system-out><![CDATA[]]></system-out>
  <system-err><![CDATA[]]></system-err>
</testsuite>
