<?xml version="1.0" encoding="UTF-8"?>
<testsuite name="org.apache.kafka.common.utils.ExitTest" tests="4" skipped="0" failures="0" errors="0" timestamp="2022-09-03T10:38:31" hostname="LAPTOP-FH01OFOM" time="0.004">
  <properties/>
  <testcase name="shouldAddShutdownHookImmediately" classname="org.apache.kafka.common.utils.ExitTest" time="0.002"/>
  <testcase name="shouldHaltImmediately" classname="org.apache.kafka.common.utils.ExitTest" time="0.001"/>
  <testcase name="shouldExitImmediately" classname="org.apache.kafka.common.utils.ExitTest" time="0.0"/>
  <testcase name="shouldNotInvokeShutdownHookImmediately" classname="org.apache.kafka.common.utils.ExitTest" time="0.001"/>
  <system-out><![CDATA[]]></system-out>
  <system-err><![CDATA[]]></system-err>
</testsuite>
