<?xml version="1.0" encoding="UTF-8"?>
<testsuite name="org.apache.kafka.common.requests.TxnOffsetCommitRequestTest" tests="5" skipped="0" failures="0" errors="0" timestamp="2020-10-29T02:31:48" hostname="chukun-mac" time="0.015">
  <properties/>
  <testcase name="testDisableGroupMetadataAutoDowngrade" classname="org.apache.kafka.common.requests.TxnOffsetCommitRequestTest" time="0.004"/>
  <testcase name="testEnableGroupMetadataAutoDowngrade" classname="org.apache.kafka.common.requests.TxnOffsetCommitRequestTest" time="0.001"/>
  <testcase name="testConstructor" classname="org.apache.kafka.common.requests.TxnOffsetCommitRequestTest" time="0.007"/>
  <testcase name="testGetErrorResponseTopics" classname="org.apache.kafka.common.requests.TxnOffsetCommitRequestTest" time="0.001"/>
  <testcase name="testVersionSupportForGroupInstanceId" classname="org.apache.kafka.common.requests.TxnOffsetCommitRequestTest" time="0.002"/>
  <system-out><![CDATA[]]></system-out>
  <system-err><![CDATA[]]></system-err>
</testsuite>
