<?xml version="1.0" encoding="UTF-8"?>
<testsuite name="org.apache.kafka.common.security.authenticator.SaslServerAuthenticatorTest" tests="4" skipped="0" failures="0" errors="0" timestamp="2022-09-03T10:41:16" hostname="LAPTOP-FH01OFOM" time="0.158">
  <properties/>
  <testcase name="testUnexpectedRequestType" classname="org.apache.kafka.common.security.authenticator.SaslServerAuthenticatorTest" time="0.025"/>
  <testcase name="testOversizeRequest" classname="org.apache.kafka.common.security.authenticator.SaslServerAuthenticatorTest" time="0.001"/>
  <testcase name="testOldestApiVersionsRequest" classname="org.apache.kafka.common.security.authenticator.SaslServerAuthenticatorTest" time="0.131"/>
  <testcase name="testLatestApiVersionsRequest" classname="org.apache.kafka.common.security.authenticator.SaslServerAuthenticatorTest" time="0.001"/>
  <system-out><![CDATA[]]></system-out>
  <system-err><![CDATA[]]></system-err>
</testsuite>
