<?xml version="1.0" encoding="UTF-8"?>
<testsuite name="org.apache.kafka.common.acl.AclOperationTest" tests="4" skipped="0" failures="0" errors="0" timestamp="2020-10-29T02:36:12" hostname="chukun-mac" time="0.001">
  <properties/>
  <testcase name="testCode" classname="org.apache.kafka.common.acl.AclOperationTest" time="0.0"/>
  <testcase name="testName" classname="org.apache.kafka.common.acl.AclOperationTest" time="0.0"/>
  <testcase name="testExhaustive" classname="org.apache.kafka.common.acl.AclOperationTest" time="0.0"/>
  <testcase name="testIsUnknown" classname="org.apache.kafka.common.acl.AclOperationTest" time="0.0"/>
  <system-out><![CDATA[]]></system-out>
  <system-err><![CDATA[]]></system-err>
</testsuite>
