<?xml version="1.0" encoding="UTF-8"?>
<testsuite name="org.apache.kafka.common.UUIDTest" tests="4" skipped="0" failures="0" errors="0" timestamp="2020-10-29T02:31:45" hostname="chukun-mac" time="0.003">
  <properties/>
  <testcase name="testRandomUUID" classname="org.apache.kafka.common.UUIDTest" time="0.002"/>
  <testcase name="testStringConversion" classname="org.apache.kafka.common.UUIDTest" time="0.0"/>
  <testcase name="testUUIDEquality" classname="org.apache.kafka.common.UUIDTest" time="0.0"/>
  <testcase name="testSignificantBits" classname="org.apache.kafka.common.UUIDTest" time="0.001"/>
  <system-out><![CDATA[]]></system-out>
  <system-err><![CDATA[]]></system-err>
</testsuite>
