<?xml version="1.0" encoding="UTF-8"?>
<testsuite name="org.apache.kafka.clients.producer.internals.StickyPartitionCacheTest" tests="2" skipped="0" failures="0" errors="0" timestamp="2022-09-03T10:38:43" hostname="LAPTOP-FH01OFOM" time="0.005">
  <properties/>
  <testcase name="unavailablePartitionsTest" classname="org.apache.kafka.clients.producer.internals.StickyPartitionCacheTest" time="0.004"/>
  <testcase name="testStickyPartitionCache" classname="org.apache.kafka.clients.producer.internals.StickyPartitionCacheTest" time="0.001"/>
  <system-out><![CDATA[]]></system-out>
  <system-err><![CDATA[]]></system-err>
</testsuite>
