<?xml version="1.0" encoding="UTF-8"?>
<testsuite name="org.apache.kafka.common.utils.Crc32CTest" tests="2" skipped="0" failures="0" errors="0" timestamp="2022-09-03T10:41:16" hostname="LAPTOP-FH01OFOM" time="0.001">
  <properties/>
  <testcase name="testValue" classname="org.apache.kafka.common.utils.Crc32CTest" time="0.0"/>
  <testcase name="testUpdate" classname="org.apache.kafka.common.utils.Crc32CTest" time="0.001"/>
  <system-out><![CDATA[]]></system-out>
  <system-err><![CDATA[]]></system-err>
</testsuite>
