<?xml version="1.0" encoding="UTF-8"?>
<testsuite name="org.apache.kafka.common.security.authenticator.ClientAuthenticationFailureTest" tests="4" skipped="0" failures="0" errors="0" timestamp="2022-09-03T10:38:45" hostname="LAPTOP-FH01OFOM" time="0.691">
  <properties/>
  <testcase name="testProducerWithInvalidCredentials" classname="org.apache.kafka.common.security.authenticator.ClientAuthenticationFailureTest" time="0.231"/>
  <testcase name="testTransactionalProducerWithInvalidCredentials" classname="org.apache.kafka.common.security.authenticator.ClientAuthenticationFailureTest" time="0.145"/>
  <testcase name="testConsumerWithInvalidCredentials" classname="org.apache.kafka.common.security.authenticator.ClientAuthenticationFailureTest" time="0.158"/>
  <testcase name="testAdminClientWithInvalidCredentials" classname="org.apache.kafka.common.security.authenticator.ClientAuthenticationFailureTest" time="0.157"/>
  <system-out><![CDATA[[2022-09-03 18:38:45,945] ERROR [Producer clientId=producer-1] Connection to node -1 (localhost/127.0.0.1:50371) failed authentication due to: Authentication failed: Invalid username or password (org.apache.kafka.clients.NetworkClient:768)
[2022-09-03 18:38:46,100] ERROR [Producer clientId=producer-txclient-1, transactionalId=txclient-1] Connection to node -1 (localhost/127.0.0.1:50390) failed authentication due to: Authentication failed: Invalid username or password (org.apache.kafka.clients.NetworkClient:768)
[2022-09-03 18:38:46,258] ERROR [Consumer clientId=consumer--1, groupId=] Connection to node -1 (localhost/127.0.0.1:50406) failed authentication due to: Authentication failed: Invalid username or password (org.apache.kafka.clients.NetworkClient:768)
[2022-09-03 18:38:46,415] ERROR [AdminClient clientId=adminclient-1] Connection to node -1 (localhost/127.0.0.1:50414) failed authentication due to: Authentication failed: Invalid username or password (org.apache.kafka.clients.NetworkClient:768)
]]></system-out>
  <system-err><![CDATA[]]></system-err>
</testsuite>
