<?xml version="1.0" encoding="UTF-8"?>
<testsuite name="org.apache.kafka.clients.consumer.internals.ConsumerProtocolTest" tests="11" skipped="0" failures="0" errors="0" timestamp="2020-10-29T02:31:27" hostname="chukun-mac" time="0.022">
  <properties/>
  <testcase name="deserializeFutureSubscriptionVersion" classname="org.apache.kafka.clients.consumer.internals.ConsumerProtocolTest" time="0.011"/>
  <testcase name="serializeDeserializeNullSubscriptionUserData" classname="org.apache.kafka.clients.consumer.internals.ConsumerProtocolTest" time="0.002"/>
  <testcase name="serializeDeserializeMetadata" classname="org.apache.kafka.clients.consumer.internals.ConsumerProtocolTest" time="0.0"/>
  <testcase name="deserializeNullAssignmentUserData" classname="org.apache.kafka.clients.consumer.internals.ConsumerProtocolTest" time="0.004"/>
  <testcase name="deserializeNewSubscriptionWithOldVersion" classname="org.apache.kafka.clients.consumer.internals.ConsumerProtocolTest" time="0.0"/>
  <testcase name="serializeDeserializeSubscriptionAllVersions" classname="org.apache.kafka.clients.consumer.internals.ConsumerProtocolTest" time="0.001"/>
  <testcase name="serializeDeserializeAssignment" classname="org.apache.kafka.clients.consumer.internals.ConsumerProtocolTest" time="0.0"/>
  <testcase name="serializeDeserializeMetadataAndGroupInstanceId" classname="org.apache.kafka.clients.consumer.internals.ConsumerProtocolTest" time="0.0"/>
  <testcase name="deserializeFutureAssignmentVersion" classname="org.apache.kafka.clients.consumer.internals.ConsumerProtocolTest" time="0.0"/>
  <testcase name="serializeDeserializeAssignmentAllVersions" classname="org.apache.kafka.clients.consumer.internals.ConsumerProtocolTest" time="0.0"/>
  <testcase name="deserializeOldSubscriptionVersion" classname="org.apache.kafka.clients.consumer.internals.ConsumerProtocolTest" time="0.001"/>
  <system-out><![CDATA[]]></system-out>
  <system-err><![CDATA[]]></system-err>
</testsuite>
