<?xml version="1.0" encoding="UTF-8"?>
<testsuite name="org.apache.kafka.clients.producer.internals.FutureRecordMetadataTest" tests="2" skipped="0" failures="0" errors="0" timestamp="2020-10-29T02:31:27" hostname="chukun-mac" time="1.589">
  <properties/>
  <testcase name="testFutureGetWithSeconds" classname="org.apache.kafka.clients.producer.internals.FutureRecordMetadataTest" time="1.578"/>
  <testcase name="testFutureGetWithMilliSeconds" classname="org.apache.kafka.clients.producer.internals.FutureRecordMetadataTest" time="0.011"/>
  <system-out><![CDATA[]]></system-out>
  <system-err><![CDATA[]]></system-err>
</testsuite>
