<?xml version="1.0" encoding="UTF-8"?>
<testsuite name="org.apache.kafka.common.utils.ExitTest" tests="4" skipped="0" failures="0" errors="0" timestamp="2020-10-29T02:34:18" hostname="chukun-mac" time="0.008">
  <properties/>
  <testcase name="shouldAddShutdownHookImmediately" classname="org.apache.kafka.common.utils.ExitTest" time="0.005"/>
  <testcase name="shouldHaltImmediately" classname="org.apache.kafka.common.utils.ExitTest" time="0.002"/>
  <testcase name="shouldExitImmediately" classname="org.apache.kafka.common.utils.ExitTest" time="0.0"/>
  <testcase name="shouldNotInvokeShutdownHookImmediately" classname="org.apache.kafka.common.utils.ExitTest" time="0.001"/>
  <system-out><![CDATA[]]></system-out>
  <system-err><![CDATA[]]></system-err>
</testsuite>
