<?xml version="1.0" encoding="UTF-8"?>
<testsuite name="org.apache.kafka.clients.producer.RoundRobinPartitionerTest" tests="3" skipped="0" failures="0" errors="0" timestamp="2022-09-03T10:38:43" hostname="LAPTOP-FH01OFOM" time="0.002">
  <properties/>
  <testcase name="testRoundRobinWithNullKeyBytes" classname="org.apache.kafka.clients.producer.RoundRobinPartitionerTest" time="0.001"/>
  <testcase name="testRoundRobinWithKeyBytes" classname="org.apache.kafka.clients.producer.RoundRobinPartitionerTest" time="0.0"/>
  <testcase name="testRoundRobinWithUnavailablePartitions" classname="org.apache.kafka.clients.producer.RoundRobinPartitionerTest" time="0.001"/>
  <system-out><![CDATA[]]></system-out>
  <system-err><![CDATA[]]></system-err>
</testsuite>
