<?xml version="1.0" encoding="UTF-8"?>
<testsuite name="org.apache.kafka.common.utils.ThreadUtilsTest" tests="4" skipped="0" failures="0" errors="0" timestamp="2022-09-03T10:38:34" hostname="LAPTOP-FH01OFOM" time="0.002">
  <properties/>
  <testcase name="testThreadNameWithNumberNoDemon" classname="org.apache.kafka.common.utils.ThreadUtilsTest" time="0.002"/>
  <testcase name="testThreadNameWithoutNumberDemon" classname="org.apache.kafka.common.utils.ThreadUtilsTest" time="0.0"/>
  <testcase name="testThreadNameWithNumberDemon" classname="org.apache.kafka.common.utils.ThreadUtilsTest" time="0.0"/>
  <testcase name="testThreadNameWithoutNumberNoDemon" classname="org.apache.kafka.common.utils.ThreadUtilsTest" time="0.0"/>
  <system-out><![CDATA[]]></system-out>
  <system-err><![CDATA[]]></system-err>
</testsuite>
