<?xml version="1.0" encoding="UTF-8"?>
<testsuite name="org.apache.kafka.clients.FetchSessionHandlerTest" tests="6" skipped="0" failures="0" errors="0" timestamp="2022-09-03T10:40:34" hostname="LAPTOP-FH01OFOM" time="0.012">
  <properties/>
  <testcase name="testSessionless" classname="org.apache.kafka.clients.FetchSessionHandlerTest" time="0.008"/>
  <testcase name="testVerifyFullFetchResponsePartitions" classname="org.apache.kafka.clients.FetchSessionHandlerTest" time="0.001"/>
  <testcase name="testIncrementals" classname="org.apache.kafka.clients.FetchSessionHandlerTest" time="0.001"/>
  <testcase name="testIncrementalPartitionRemoval" classname="org.apache.kafka.clients.FetchSessionHandlerTest" time="0.0"/>
  <testcase name="testFindMissing" classname="org.apache.kafka.clients.FetchSessionHandlerTest" time="0.001"/>
  <testcase name="testDoubleBuild" classname="org.apache.kafka.clients.FetchSessionHandlerTest" time="0.001"/>
  <system-out><![CDATA[]]></system-out>
  <system-err><![CDATA[]]></system-err>
</testsuite>
