<?xml version="1.0" encoding="UTF-8"?>
<testsuite name="org.apache.kafka.common.record.ControlRecordUtilsTest" tests="2" skipped="0" failures="0" errors="0" timestamp="2020-10-29T02:32:15" hostname="chukun-mac" time="0.005">
  <properties/>
  <testcase name="testDeserializeByteData" classname="org.apache.kafka.common.record.ControlRecordUtilsTest" time="0.004"/>
  <testcase name="testInvalidControlRecordType" classname="org.apache.kafka.common.record.ControlRecordUtilsTest" time="0.001"/>
  <system-out><![CDATA[]]></system-out>
  <system-err><![CDATA[]]></system-err>
</testsuite>
