<?xml version="1.0" encoding="UTF-8"?>
<testsuite name="org.apache.kafka.common.utils.AbstractIteratorTest" tests="2" skipped="0" failures="0" errors="0" timestamp="2022-09-03T10:38:46" hostname="LAPTOP-FH01OFOM" time="0.0">
  <properties/>
  <testcase name="testEmptyIterator" classname="org.apache.kafka.common.utils.AbstractIteratorTest" time="0.0"/>
  <testcase name="testIterator" classname="org.apache.kafka.common.utils.AbstractIteratorTest" time="0.0"/>
  <system-out><![CDATA[]]></system-out>
  <system-err><![CDATA[]]></system-err>
</testsuite>
