<?xml version="1.0" encoding="UTF-8"?>
<testsuite name="org.apache.kafka.common.security.oauthbearer.internals.OAuthBearerSaslServerTest" tests="8" skipped="0" failures="0" errors="0" timestamp="2022-09-03T10:41:16" hostname="LAPTOP-FH01OFOM" time="0.187">
  <properties/>
  <testcase name="negotiatedProperty" classname="org.apache.kafka.common.security.oauthbearer.internals.OAuthBearerSaslServerTest" time="0.182"/>
  <testcase name="noAuthorizationIdSpecified" classname="org.apache.kafka.common.security.oauthbearer.internals.OAuthBearerSaslServerTest" time="0.0"/>
  <testcase name="savesCustomExtensionAsNegotiatedProperty" classname="org.apache.kafka.common.security.oauthbearer.internals.OAuthBearerSaslServerTest" time="0.001"/>
  <testcase name="authorizatonIdEqualsAuthenticationId" classname="org.apache.kafka.common.security.oauthbearer.internals.OAuthBearerSaslServerTest" time="0.0"/>
  <testcase name="authorizatonIdNotEqualsAuthenticationId" classname="org.apache.kafka.common.security.oauthbearer.internals.OAuthBearerSaslServerTest" time="0.001"/>
  <testcase name="unrecognizedExtensionsAreNotSaved" classname="org.apache.kafka.common.security.oauthbearer.internals.OAuthBearerSaslServerTest" time="0.001"/>
  <testcase name="illegalToken" classname="org.apache.kafka.common.security.oauthbearer.internals.OAuthBearerSaslServerTest" time="0.001"/>
  <testcase name="throwsAuthenticationExceptionOnInvalidExtensions" classname="org.apache.kafka.common.security.oauthbearer.internals.OAuthBearerSaslServerTest" time="0.001"/>
  <system-out><![CDATA[]]></system-out>
  <system-err><![CDATA[]]></system-err>
</testsuite>
