<?xml version="1.0" encoding="UTF-8"?>
<testsuite name="org.apache.kafka.common.record.DefaultRecordTest" tests="19" skipped="0" failures="0" errors="0" timestamp="2020-10-29T02:31:56" hostname="chukun-mac" time="0.011">
  <properties/>
  <testcase name="testInvalidHeaderKey" classname="org.apache.kafka.common.record.DefaultRecordTest" time="0.001"/>
  <testcase name="testBasicSerde" classname="org.apache.kafka.common.record.DefaultRecordTest" time="0.0"/>
  <testcase name="testBasicSerdeInvalidHeaderCountTooLow" classname="org.apache.kafka.common.record.DefaultRecordTest" time="0.001"/>
  <testcase name="testInvalidHeaderValue" classname="org.apache.kafka.common.record.DefaultRecordTest" time="0.0"/>
  <testcase name="testInvalidVarlong" classname="org.apache.kafka.common.record.DefaultRecordTest" time="0.0"/>
  <testcase name="testNullHeaderKey" classname="org.apache.kafka.common.record.DefaultRecordTest" time="0.0"/>
  <testcase name="testInvalidNumHeadersPartial" classname="org.apache.kafka.common.record.DefaultRecordTest" time="0.002"/>
  <testcase name="testInvalidKeySizePartial" classname="org.apache.kafka.common.record.DefaultRecordTest" time="0.0"/>
  <testcase name="testBasicSerdeInvalidHeaderCountTooHigh" classname="org.apache.kafka.common.record.DefaultRecordTest" time="0.0"/>
  <testcase name="testInvalidHeaderKeyPartial" classname="org.apache.kafka.common.record.DefaultRecordTest" time="0.001"/>
  <testcase name="testInvalidHeaderValuePartial" classname="org.apache.kafka.common.record.DefaultRecordTest" time="0.001"/>
  <testcase name="testInvalidValueSizePartial" classname="org.apache.kafka.common.record.DefaultRecordTest" time="0.0"/>
  <testcase name="testUnderflowReadingVarlong" classname="org.apache.kafka.common.record.DefaultRecordTest" time="0.001"/>
  <testcase name="testUnderflowReadingTimestamp" classname="org.apache.kafka.common.record.DefaultRecordTest" time="0.001"/>
  <testcase name="testInvalidValueSize" classname="org.apache.kafka.common.record.DefaultRecordTest" time="0.0"/>
  <testcase name="testInvalidNumHeaders" classname="org.apache.kafka.common.record.DefaultRecordTest" time="0.001"/>
  <testcase name="testInvalidKeySize" classname="org.apache.kafka.common.record.DefaultRecordTest" time="0.001"/>
  <testcase name="testSerdeNoSequence" classname="org.apache.kafka.common.record.DefaultRecordTest" time="0.0"/>
  <testcase name="testNullHeaderKeyPartial" classname="org.apache.kafka.common.record.DefaultRecordTest" time="0.0"/>
  <system-out><![CDATA[]]></system-out>
  <system-err><![CDATA[]]></system-err>
</testsuite>
