<?xml version="1.0" encoding="UTF-8"?>
<testsuite name="org.apache.kafka.common.feature.FinalizedVersionRangeTest" tests="4" skipped="0" failures="0" errors="0" timestamp="2022-09-03T10:38:18" hostname="LAPTOP-FH01OFOM" time="0.004">
  <properties/>
  <testcase name="testToString" classname="org.apache.kafka.common.feature.FinalizedVersionRangeTest" time="0.003"/>
  <testcase name="testIsCompatibleWith" classname="org.apache.kafka.common.feature.FinalizedVersionRangeTest" time="0.0"/>
  <testcase name="testFromToMap" classname="org.apache.kafka.common.feature.FinalizedVersionRangeTest" time="0.0"/>
  <testcase name="testMinMax" classname="org.apache.kafka.common.feature.FinalizedVersionRangeTest" time="0.001"/>
  <system-out><![CDATA[]]></system-out>
  <system-err><![CDATA[]]></system-err>
</testsuite>
