<?xml version="1.0" encoding="UTF-8"?>
<testsuite name="org.apache.kafka.common.network.NetworkReceiveTest" tests="1" skipped="0" failures="0" errors="0" timestamp="2020-10-29T02:34:16" hostname="chukun-mac" time="0.015">
  <properties/>
  <testcase name="testBytesRead" classname="org.apache.kafka.common.network.NetworkReceiveTest" time="0.015"/>
  <system-out><![CDATA[]]></system-out>
  <system-err><![CDATA[]]></system-err>
</testsuite>
