<?xml version="1.0" encoding="UTF-8"?>
<testsuite name="org.apache.kafka.common.replica.ReplicaSelectorTest" tests="1" skipped="0" failures="0" errors="0" timestamp="2020-10-29T02:32:19" hostname="chukun-mac" time="0.044">
  <properties/>
  <testcase name="testSameRackSelector" classname="org.apache.kafka.common.replica.ReplicaSelectorTest" time="0.044"/>
  <system-out><![CDATA[]]></system-out>
  <system-err><![CDATA[]]></system-err>
</testsuite>
