<?xml version="1.0" encoding="UTF-8"?>
<testsuite name="org.apache.kafka.common.acl.AclBindingTest" tests="8" skipped="0" failures="0" errors="0" timestamp="2022-09-03T10:40:51" hostname="LAPTOP-FH01OFOM" time="0.007">
  <properties/>
  <testcase name="shouldThrowOnMatchPatternType" classname="org.apache.kafka.common.acl.AclBindingTest" time="0.006"/>
  <testcase name="shouldThrowOnAnyPatternType" classname="org.apache.kafka.common.acl.AclBindingTest" time="0.0"/>
  <testcase name="testUnknowns" classname="org.apache.kafka.common.acl.AclBindingTest" time="0.0"/>
  <testcase name="testMatching" classname="org.apache.kafka.common.acl.AclBindingTest" time="0.001"/>
  <testcase name="shouldThrowOnAnyResourceType" classname="org.apache.kafka.common.acl.AclBindingTest" time="0.0"/>
  <testcase name="shouldNotThrowOnUnknownResourceType" classname="org.apache.kafka.common.acl.AclBindingTest" time="0.0"/>
  <testcase name="testMatchesAtMostOne" classname="org.apache.kafka.common.acl.AclBindingTest" time="0.0"/>
  <testcase name="shouldNotThrowOnUnknownPatternType" classname="org.apache.kafka.common.acl.AclBindingTest" time="0.0"/>
  <system-out><![CDATA[]]></system-out>
  <system-err><![CDATA[]]></system-err>
</testsuite>
