<?xml version="1.0" encoding="UTF-8"?>
<testsuite name="org.apache.kafka.common.utils.SystemTimeTest" tests="2" skipped="0" failures="0" errors="0" timestamp="2020-10-29T02:36:12" hostname="chukun-mac" time="0.112">
  <properties/>
  <testcase name="testWaitObjectTimeout" classname="org.apache.kafka.common.utils.SystemTimeTest" time="0.109"/>
  <testcase name="testWaitObjectConditionSatisfied" classname="org.apache.kafka.common.utils.SystemTimeTest" time="0.003"/>
  <system-out><![CDATA[]]></system-out>
  <system-err><![CDATA[]]></system-err>
</testsuite>
