<?xml version="1.0" encoding="UTF-8"?>
<testsuite name="org.apache.kafka.clients.admin.KafkaAdminClientTest" tests="122" skipped="0" failures="0" errors="0" timestamp="2022-09-03T10:38:08" hostname="LAPTOP-FH01OFOM" time="8.152">
  <properties/>
  <testcase name="testUpdateFeaturesInvalidRequestError" classname="org.apache.kafka.clients.admin.KafkaAdminClientTest" time="0.472"/>
  <testcase name="testDescribeReplicaLogDirs" classname="org.apache.kafka.clients.admin.KafkaAdminClientTest" time="0.011"/>
  <testcase name="testCreateTopicsDontRetryThrottlingExceptionWhenDisabled" classname="org.apache.kafka.clients.admin.KafkaAdminClientTest" time="0.013"/>
  <testcase name="testGetOrCreateListValue" classname="org.apache.kafka.clients.admin.KafkaAdminClientTest" time="0.001"/>
  <testcase name="testOffsetCommitNumRetries" classname="org.apache.kafka.clients.admin.KafkaAdminClientTest" time="0.014"/>
  <testcase name="testListOffsets" classname="org.apache.kafka.clients.admin.KafkaAdminClientTest" time="0.021"/>
  <testcase name="testIncrementalAlterConfigs" classname="org.apache.kafka.clients.admin.KafkaAdminClientTest" time="0.036"/>
  <testcase name="testDescribeConsumerGroupNumRetries" classname="org.apache.kafka.clients.admin.KafkaAdminClientTest" time="0.007"/>
  <testcase name="testCreateTopics" classname="org.apache.kafka.clients.admin.KafkaAdminClientTest" time="0.003"/>
  <testcase name="testListConsumerGroupOffsets" classname="org.apache.kafka.clients.admin.KafkaAdminClientTest" time="0.441"/>
  <testcase name="testDescribeNonConsumerGroups" classname="org.apache.kafka.clients.admin.KafkaAdminClientTest" time="0.002"/>
  <testcase name="testDescribeReplicaLogDirsUnexpected" classname="org.apache.kafka.clients.admin.KafkaAdminClientTest" time="0.003"/>
  <testcase name="testAlterReplicaLogDirsUnrequested" classname="org.apache.kafka.clients.admin.KafkaAdminClientTest" time="0.008"/>
  <testcase name="testDescribeConfigsPartialResponse" classname="org.apache.kafka.clients.admin.KafkaAdminClientTest" time="0.007"/>
  <testcase name="testAlterUserScramCredentialsUnknownMechanism" classname="org.apache.kafka.clients.admin.KafkaAdminClientTest" time="0.078"/>
  <testcase name="testDescribeBrokerConfigs" classname="org.apache.kafka.clients.admin.KafkaAdminClientTest" time="0.004"/>
  <testcase name="testDeleteRecords" classname="org.apache.kafka.clients.admin.KafkaAdminClientTest" time="0.01"/>
  <testcase name="testConnectionFailureOnMetadataUpdate" classname="org.apache.kafka.clients.admin.KafkaAdminClientTest" time="0.108"/>
  <testcase name="testDefaultApiTimeout" classname="org.apache.kafka.clients.admin.KafkaAdminClientTest" time="0.124"/>
  <testcase name="testGetSubLevelError" classname="org.apache.kafka.clients.admin.KafkaAdminClientTest" time="0.002"/>
  <testcase name="testCreateTopicsRetryThrottlingExceptionWhenEnabledUntilRequestTimeOut" classname="org.apache.kafka.clients.admin.KafkaAdminClientTest" time="0.12"/>
  <testcase name="testDeleteConsumerGroupOffsets" classname="org.apache.kafka.clients.admin.KafkaAdminClientTest" time="0.016"/>
  <testcase name="testInvalidTopicNames" classname="org.apache.kafka.clients.admin.KafkaAdminClientTest" time="0.012"/>
  <testcase name="testAlterConsumerGroupOffsetsRetriableErrors" classname="org.apache.kafka.clients.admin.KafkaAdminClientTest" time="0.306"/>
  <testcase name="testCreatePartitionsDontRetryThrottlingExceptionWhenDisabled" classname="org.apache.kafka.clients.admin.KafkaAdminClientTest" time="0.005"/>
  <testcase name="testDescribeAcls" classname="org.apache.kafka.clients.admin.KafkaAdminClientTest" time="0.006"/>
  <testcase name="testAlterConsumerGroupOffsetsFindCoordinatorRetriableErrors" classname="org.apache.kafka.clients.admin.KafkaAdminClientTest" time="0.203"/>
  <testcase name="testDescribeBrokerAndLogConfigs" classname="org.apache.kafka.clients.admin.KafkaAdminClientTest" time="0.002"/>
  <testcase name="testDeleteConsumerGroupOffsetsFindCoordinatorNonRetriableErrors" classname="org.apache.kafka.clients.admin.KafkaAdminClientTest" time="0.003"/>
  <testcase name="testRequestTimeoutExceedingDefaultApiTimeout" classname="org.apache.kafka.clients.admin.KafkaAdminClientTest" time="0.002"/>
  <testcase name="testCreateTopicsPartialResponse" classname="org.apache.kafka.clients.admin.KafkaAdminClientTest" time="0.003"/>
  <testcase name="testListOffsetsMetadataNonRetriableErrors" classname="org.apache.kafka.clients.admin.KafkaAdminClientTest" time="0.003"/>
  <testcase name="testCreateTopicsHandleNotControllerException" classname="org.apache.kafka.clients.admin.KafkaAdminClientTest" time="0.106"/>
  <testcase name="testEqualsOfClientQuotaFilterComponent" classname="org.apache.kafka.clients.admin.KafkaAdminClientTest" time="0.004"/>
  <testcase name="testAlterReplicaLogDirsPartialFailure" classname="org.apache.kafka.clients.admin.KafkaAdminClientTest" time="0.116"/>
  <testcase name="testPrettyPrintException" classname="org.apache.kafka.clients.admin.KafkaAdminClientTest" time="0.001"/>
  <testcase name="testDescribeMultipleConsumerGroups" classname="org.apache.kafka.clients.admin.KafkaAdminClientTest" time="0.012"/>
  <testcase name="testAlterPartitionReassignments" classname="org.apache.kafka.clients.admin.KafkaAdminClientTest" time="0.111"/>
  <testcase name="testDescribeConsumerGroupsWithAuthorizedOperationsOmitted" classname="org.apache.kafka.clients.admin.KafkaAdminClientTest" time="0.01"/>
  <testcase name="testDescribeLogDirsPartialFailure" classname="org.apache.kafka.clients.admin.KafkaAdminClientTest" time="0.006"/>
  <testcase name="testCreatePartitionsRetryThrottlingExceptionWhenEnabledUntilRequestTimeOut" classname="org.apache.kafka.clients.admin.KafkaAdminClientTest" time="0.003"/>
  <testcase name="testAlterUserScramCredentials" classname="org.apache.kafka.clients.admin.KafkaAdminClientTest" time="0.117"/>
  <testcase name="testDescribeFeaturesSuccess" classname="org.apache.kafka.clients.admin.KafkaAdminClientTest" time="0.011"/>
  <testcase name="testTimeoutWithoutMetadata" classname="org.apache.kafka.clients.admin.KafkaAdminClientTest" time="1.01"/>
  <testcase name="testDescribeLogDirsOfflineDirDeprecated" classname="org.apache.kafka.clients.admin.KafkaAdminClientTest" time="0.007"/>
  <testcase name="testDeleteConsumerGroupOffsetsFindCoordinatorRetriableErrors" classname="org.apache.kafka.clients.admin.KafkaAdminClientTest" time="0.229"/>
  <testcase name="testDeleteTopicsDontRetryThrottlingExceptionWhenDisabled" classname="org.apache.kafka.clients.admin.KafkaAdminClientTest" time="0.086"/>
  <testcase name="testListConsumerGroupOffsetsNumRetries" classname="org.apache.kafka.clients.admin.KafkaAdminClientTest" time="0.017"/>
  <testcase name="testDeleteRecordsTopicAuthorizationError" classname="org.apache.kafka.clients.admin.KafkaAdminClientTest" time="0.003"/>
  <testcase name="testAlterClientQuotas" classname="org.apache.kafka.clients.admin.KafkaAdminClientTest" time="0.006"/>
  <testcase name="testListConsumerGroupsWithStates" classname="org.apache.kafka.clients.admin.KafkaAdminClientTest" time="0.014"/>
  <testcase name="testDescribeConfigsUnrequested" classname="org.apache.kafka.clients.admin.KafkaAdminClientTest" time="0.083"/>
  <testcase name="testListOffsetsRetriableErrors" classname="org.apache.kafka.clients.admin.KafkaAdminClientTest" time="0.136"/>
  <testcase name="testUpdateFeaturesDuringSuccess" classname="org.apache.kafka.clients.admin.KafkaAdminClientTest" time="0.067"/>
  <testcase name="testListOffsetsMetadataRetriableErrors" classname="org.apache.kafka.clients.admin.KafkaAdminClientTest" time="0.29"/>
  <testcase name="testListConsumerGroupsMetadataFailure" classname="org.apache.kafka.clients.admin.KafkaAdminClientTest" time="0.017"/>
  <testcase name="testDescribeUserScramCredentials" classname="org.apache.kafka.clients.admin.KafkaAdminClientTest" time="0.03"/>
  <testcase name="testDescribeFeaturesHandleNotControllerException" classname="org.apache.kafka.clients.admin.KafkaAdminClientTest" time="0.12"/>
  <testcase name="testUpdateFeaturesUpdateFailedError" classname="org.apache.kafka.clients.admin.KafkaAdminClientTest" time="0.003"/>
  <testcase name="testRemoveMembersFromGroupNumRetries" classname="org.apache.kafka.clients.admin.KafkaAdminClientTest" time="0.005"/>
  <testcase name="testDescribeLogDirs" classname="org.apache.kafka.clients.admin.KafkaAdminClientTest" time="0.002"/>
  <testcase name="testDeleteConsumerGroupsNumRetries" classname="org.apache.kafka.clients.admin.KafkaAdminClientTest" time="0.004"/>
  <testcase name="testAlterReplicaLogDirsSuccess" classname="org.apache.kafka.clients.admin.KafkaAdminClientTest" time="0.002"/>
  <testcase name="testAlterReplicaLogDirsPartialResponse" classname="org.apache.kafka.clients.admin.KafkaAdminClientTest" time="0.003"/>
  <testcase name="testCloseAdminClientInCallback" classname="org.apache.kafka.clients.admin.KafkaAdminClientTest" time="0.003"/>
  <testcase name="testCreateTopicsRetryThrottlingExceptionWhenEnabled" classname="org.apache.kafka.clients.admin.KafkaAdminClientTest" time="0.002"/>
  <testcase name="testDefaultApiTimeoutOverride" classname="org.apache.kafka.clients.admin.KafkaAdminClientTest" time="0.325"/>
  <testcase name="testHasCoordinatorMoved" classname="org.apache.kafka.clients.admin.KafkaAdminClientTest" time="0.001"/>
  <testcase name="testDescribeLogDirsOfflineDir" classname="org.apache.kafka.clients.admin.KafkaAdminClientTest" time="0.004"/>
  <testcase name="testListPartitionReassignments" classname="org.apache.kafka.clients.admin.KafkaAdminClientTest" time="0.103"/>
  <testcase name="testListOffsetsWithLeaderChange" classname="org.apache.kafka.clients.admin.KafkaAdminClientTest" time="0.003"/>
  <testcase name="testRemoveMembersFromGroupRetryBackoff" classname="org.apache.kafka.clients.admin.KafkaAdminClientTest" time="0.007"/>
  <testcase name="testDescribeConsumerGroups" classname="org.apache.kafka.clients.admin.KafkaAdminClientTest" time="0.501"/>
  <testcase name="testDeleteTopics" classname="org.apache.kafka.clients.admin.KafkaAdminClientTest" time="0.002"/>
  <testcase name="testUpdateFeaturesShouldFailRequestInClientWhenDowngradeFlagIsNotSetDuringDeletion" classname="org.apache.kafka.clients.admin.KafkaAdminClientTest" time="0.001"/>
  <testcase name="testListOffsetsWithMultiplePartitionsLeaderChange" classname="org.apache.kafka.clients.admin.KafkaAdminClientTest" time="0.002"/>
  <testcase name="testDeleteConsumerGroupOffsetsNumRetries" classname="org.apache.kafka.clients.admin.KafkaAdminClientTest" time="0.002"/>
  <testcase name="testListConsumerGroupOffsetsRetryBackoff" classname="org.apache.kafka.clients.admin.KafkaAdminClientTest" time="0.106"/>
  <testcase name="testAlterConsumerGroupOffsetsNonRetriableErrors" classname="org.apache.kafka.clients.admin.KafkaAdminClientTest" time="0.002"/>
  <testcase name="testUpdateFeaturesShouldFailRequestForEmptyUpdates" classname="org.apache.kafka.clients.admin.KafkaAdminClientTest" time="0.002"/>
  <testcase name="testDeleteConsumerGroupOffsetsRetryBackoff" classname="org.apache.kafka.clients.admin.KafkaAdminClientTest" time="0.002"/>
  <testcase name="testUpdateFeaturesPartialSuccess" classname="org.apache.kafka.clients.admin.KafkaAdminClientTest" time="0.002"/>
  <testcase name="testDescribeCluster" classname="org.apache.kafka.clients.admin.KafkaAdminClientTest" time="0.002"/>
  <testcase name="testAlterConsumerGroupOffsetsFindCoordinatorNonRetriableErrors" classname="org.apache.kafka.clients.admin.KafkaAdminClientTest" time="0.001"/>
  <testcase name="testCreateAcls" classname="org.apache.kafka.clients.admin.KafkaAdminClientTest" time="0.003"/>
  <testcase name="testCloseAdminClient" classname="org.apache.kafka.clients.admin.KafkaAdminClientTest" time="0.002"/>
  <testcase name="testDefaultApiTimeoutAndRequestTimeoutConflicts" classname="org.apache.kafka.clients.admin.KafkaAdminClientTest" time="0.02"/>
  <testcase name="testPropagatedMetadataFetchException" classname="org.apache.kafka.clients.admin.KafkaAdminClientTest" time="0.001"/>
  <testcase name="testCreatePartitions" classname="org.apache.kafka.clients.admin.KafkaAdminClientTest" time="0.002"/>
  <testcase name="testAdminClientApisAuthenticationFailure" classname="org.apache.kafka.clients.admin.KafkaAdminClientTest" time="0.007"/>
  <testcase name="testListConsumerGroups" classname="org.apache.kafka.clients.admin.KafkaAdminClientTest" time="0.301"/>
  <testcase name="testDeleteConsumerGroups" classname="org.apache.kafka.clients.admin.KafkaAdminClientTest" time="0.501"/>
  <testcase name="testDescribeLogDirsDeprecated" classname="org.apache.kafka.clients.admin.KafkaAdminClientTest" time="0.001"/>
  <testcase name="testCreatePartitionsRetryThrottlingExceptionWhenEnabled" classname="org.apache.kafka.clients.admin.KafkaAdminClientTest" time="0.001"/>
  <testcase name="testMetadataRetries" classname="org.apache.kafka.clients.admin.KafkaAdminClientTest" time="0.104"/>
  <testcase name="testCreateTopicsRetryBackoff" classname="org.apache.kafka.clients.admin.KafkaAdminClientTest" time="0.002"/>
  <testcase name="testDescribeConsumerGroupRetryBackoff" classname="org.apache.kafka.clients.admin.KafkaAdminClientTest" time="0.001"/>
  <testcase name="testDeleteAcls" classname="org.apache.kafka.clients.admin.KafkaAdminClientTest" time="0.003"/>
  <testcase name="testAlterConsumerGroupOffsets" classname="org.apache.kafka.clients.admin.KafkaAdminClientTest" time="0.001"/>
  <testcase name="testElectLeaders" classname="org.apache.kafka.clients.admin.KafkaAdminClientTest" time="0.205"/>
  <testcase name="testDeleteRecordsMultipleSends" classname="org.apache.kafka.clients.admin.KafkaAdminClientTest" time="0.002"/>
  <testcase name="testUpdateFeaturesShouldFailRequestForInvalidFeatureName" classname="org.apache.kafka.clients.admin.KafkaAdminClientTest" time="0.001"/>
  <testcase name="testDeleteConsumerGroupsRetryBackoff" classname="org.apache.kafka.clients.admin.KafkaAdminClientTest" time="0.105"/>
  <testcase name="testAlterReplicaLogDirsLogDirNotFound" classname="org.apache.kafka.clients.admin.KafkaAdminClientTest" time="0.001"/>
  <testcase name="testDescribeClientQuotas" classname="org.apache.kafka.clients.admin.KafkaAdminClientTest" time="0.002"/>
  <testcase name="testDeleteTopicsRetryThrottlingExceptionWhenEnabled" classname="org.apache.kafka.clients.admin.KafkaAdminClientTest" time="0.001"/>
  <testcase name="testDeleteConsumerGroupOffsetsRetriableErrors" classname="org.apache.kafka.clients.admin.KafkaAdminClientTest" time="0.302"/>
  <testcase name="testShouldRefreshCoordinator" classname="org.apache.kafka.clients.admin.KafkaAdminClientTest" time="0.0"/>
  <testcase name="testListOffsetsNonRetriableErrors" classname="org.apache.kafka.clients.admin.KafkaAdminClientTest" time="0.001"/>
  <testcase name="testListConsumerGroupsWithStatesOlderBrokerVersion" classname="org.apache.kafka.clients.admin.KafkaAdminClientTest" time="0.001"/>
  <testcase name="testGenerateClientId" classname="org.apache.kafka.clients.admin.KafkaAdminClientTest" time="0.001"/>
  <testcase name="testUpdateFeaturesTopLevelError" classname="org.apache.kafka.clients.admin.KafkaAdminClientTest" time="0.001"/>
  <testcase name="testSuccessfulRetryAfterRequestTimeout" classname="org.apache.kafka.clients.admin.KafkaAdminClientTest" time="0.003"/>
  <testcase name="testUpdateFeaturesHandleNotControllerException" classname="org.apache.kafka.clients.admin.KafkaAdminClientTest" time="0.101"/>
  <testcase name="testOffsetCommitRetryBackoff" classname="org.apache.kafka.clients.admin.KafkaAdminClientTest" time="0.002"/>
  <testcase name="testDeleteTopicsRetryThrottlingExceptionWhenEnabledUntilRequestTimeOut" classname="org.apache.kafka.clients.admin.KafkaAdminClientTest" time="0.001"/>
  <testcase name="testDeleteTopicsPartialResponse" classname="org.apache.kafka.clients.admin.KafkaAdminClientTest" time="0.001"/>
  <testcase name="testRemoveMembersFromGroup" classname="org.apache.kafka.clients.admin.KafkaAdminClientTest" time="0.503"/>
  <testcase name="testListOffsetsPartialResponse" classname="org.apache.kafka.clients.admin.KafkaAdminClientTest" time="0.001"/>
  <testcase name="testCalcTimeoutMsRemainingAsInt" classname="org.apache.kafka.clients.admin.KafkaAdminClientTest" time="0.0"/>
  <testcase name="testUnreachableBootstrapServer" classname="org.apache.kafka.clients.admin.KafkaAdminClientTest" time="0.201"/>
  <testcase name="testDeleteConsumerGroupOffsetsNonRetriableErrors" classname="org.apache.kafka.clients.admin.KafkaAdminClientTest" time="0.001"/>
  <system-out><![CDATA[]]></system-out>
  <system-err><![CDATA[]]></system-err>
</testsuite>
