<?xml version="1.0" encoding="UTF-8"?>
<testsuite name="org.apache.kafka.common.requests.OffsetCommitResponseTest" tests="2" skipped="0" failures="0" errors="0" timestamp="2022-09-03T10:37:59" hostname="LAPTOP-FH01OFOM" time="0.008">
  <properties/>
  <testcase name="testConstructorWithErrorResponse" classname="org.apache.kafka.common.requests.OffsetCommitResponseTest" time="0.007"/>
  <testcase name="testConstructorWithStruct" classname="org.apache.kafka.common.requests.OffsetCommitResponseTest" time="0.001"/>
  <system-out><![CDATA[]]></system-out>
  <system-err><![CDATA[]]></system-err>
</testsuite>
