<?xml version="1.0" encoding="UTF-8"?>
<testsuite name="org.apache.kafka.clients.admin.DeleteConsumerGroupOffsetsResultTest" tests="5" skipped="0" failures="0" errors="0" timestamp="2020-10-29T02:31:30" hostname="chukun-mac" time="0.184">
  <properties/>
  <testcase name="testPartitionMissingInResponseErrorConstructor" classname="org.apache.kafka.clients.admin.DeleteConsumerGroupOffsetsResultTest" time="0.178"/>
  <testcase name="testPartitionLevelErrorConstructor" classname="org.apache.kafka.clients.admin.DeleteConsumerGroupOffsetsResultTest" time="0.001"/>
  <testcase name="testTopLevelErrorConstructor" classname="org.apache.kafka.clients.admin.DeleteConsumerGroupOffsetsResultTest" time="0.0"/>
  <testcase name="testNoErrorConstructor" classname="org.apache.kafka.clients.admin.DeleteConsumerGroupOffsetsResultTest" time="0.001"/>
  <testcase name="testPartitionMissingInRequestErrorConstructor" classname="org.apache.kafka.clients.admin.DeleteConsumerGroupOffsetsResultTest" time="0.001"/>
  <system-out><![CDATA[]]></system-out>
  <system-err><![CDATA[]]></system-err>
</testsuite>
