<?xml version="1.0" encoding="UTF-8"?>
<testsuite name="org.apache.kafka.common.utils.ChecksumsTest" tests="4" skipped="0" failures="0" errors="0" timestamp="2020-10-29T02:36:12" hostname="chukun-mac" time="0.0">
  <properties/>
  <testcase name="testUpdateInt" classname="org.apache.kafka.common.utils.ChecksumsTest" time="0.0"/>
  <testcase name="testUpdateLong" classname="org.apache.kafka.common.utils.ChecksumsTest" time="0.0"/>
  <testcase name="testUpdateByteBufferWithOffsetPosition" classname="org.apache.kafka.common.utils.ChecksumsTest" time="0.0"/>
  <testcase name="testUpdateByteBuffer" classname="org.apache.kafka.common.utils.ChecksumsTest" time="0.0"/>
  <system-out><![CDATA[]]></system-out>
  <system-err><![CDATA[]]></system-err>
</testsuite>
