<?xml version="1.0" encoding="UTF-8"?>
<testsuite name="org.apache.kafka.common.metrics.stats.HistogramTest" tests="4" skipped="0" failures="0" errors="0" timestamp="2022-09-03T10:40:51" hostname="LAPTOP-FH01OFOM" time="0.001">
  <properties/>
  <testcase name="testHistogram" classname="org.apache.kafka.common.metrics.stats.HistogramTest" time="0.0"/>
  <testcase name="testConstantBinScheme" classname="org.apache.kafka.common.metrics.stats.HistogramTest" time="0.001"/>
  <testcase name="testLinearBinScheme" classname="org.apache.kafka.common.metrics.stats.HistogramTest" time="0.0"/>
  <testcase name="testConstantBinSchemeWithPositiveRange" classname="org.apache.kafka.common.metrics.stats.HistogramTest" time="0.0"/>
  <system-out><![CDATA[]]></system-out>
  <system-err><![CDATA[]]></system-err>
</testsuite>
