<?xml version="1.0" encoding="UTF-8"?>
<testsuite name="org.apache.kafka.common.record.ByteBufferLogInputStreamTest" tests="4" skipped="0" failures="0" errors="0" timestamp="2020-10-29T02:32:51" hostname="chukun-mac" time="0.002">
  <properties/>
  <testcase name="iteratorRaisesOnTooSmallRecords" classname="org.apache.kafka.common.record.ByteBufferLogInputStreamTest" time="0.001"/>
  <testcase name="iteratorRaisesOnInvalidMagic" classname="org.apache.kafka.common.record.ByteBufferLogInputStreamTest" time="0.0"/>
  <testcase name="iteratorRaisesOnTooLargeRecords" classname="org.apache.kafka.common.record.ByteBufferLogInputStreamTest" time="0.0"/>
  <testcase name="iteratorIgnoresIncompleteEntries" classname="org.apache.kafka.common.record.ByteBufferLogInputStreamTest" time="0.0"/>
  <system-out><![CDATA[]]></system-out>
  <system-err><![CDATA[]]></system-err>
</testsuite>
