<?xml version="1.0" encoding="UTF-8"?>
<testsuite name="org.apache.kafka.clients.consumer.internals.HeartbeatTest" tests="7" skipped="0" failures="0" errors="0" timestamp="2022-09-03T10:37:52" hostname="LAPTOP-FH01OFOM" time="0.001">
  <properties/>
  <testcase name="testResetSession" classname="org.apache.kafka.clients.consumer.internals.HeartbeatTest" time="0.0"/>
  <testcase name="testResetTimeouts" classname="org.apache.kafka.clients.consumer.internals.HeartbeatTest" time="0.001"/>
  <testcase name="testShouldHeartbeat" classname="org.apache.kafka.clients.consumer.internals.HeartbeatTest" time="0.0"/>
  <testcase name="testTimeToNextHeartbeat" classname="org.apache.kafka.clients.consumer.internals.HeartbeatTest" time="0.0"/>
  <testcase name="testSessionTimeoutExpired" classname="org.apache.kafka.clients.consumer.internals.HeartbeatTest" time="0.0"/>
  <testcase name="testShouldNotHeartbeat" classname="org.apache.kafka.clients.consumer.internals.HeartbeatTest" time="0.0"/>
  <testcase name="testPollTimeout" classname="org.apache.kafka.clients.consumer.internals.HeartbeatTest" time="0.0"/>
  <system-out><![CDATA[]]></system-out>
  <system-err><![CDATA[]]></system-err>
</testsuite>
