<?xml version="1.0" encoding="UTF-8"?>
<testsuite name="org.apache.kafka.common.record.MultiRecordsSendTest" tests="1" skipped="0" failures="0" errors="0" timestamp="2022-09-03T10:38:45" hostname="LAPTOP-FH01OFOM" time="0.002">
  <properties/>
  <testcase name="testSendsFreedAfterWriting" classname="org.apache.kafka.common.record.MultiRecordsSendTest" time="0.002"/>
  <system-out><![CDATA[]]></system-out>
  <system-err><![CDATA[]]></system-err>
</testsuite>
