<?xml version="1.0" encoding="UTF-8"?>
<testsuite name="org.apache.kafka.common.security.oauthbearer.internals.unsecured.OAuthBearerScopeUtilsTest" tests="2" skipped="0" failures="0" errors="0" timestamp="2020-10-29T02:31:43" hostname="chukun-mac" time="0.003">
  <properties/>
  <testcase name="validScope" classname="org.apache.kafka.common.security.oauthbearer.internals.unsecured.OAuthBearerScopeUtilsTest" time="0.002"/>
  <testcase name="invalidScope" classname="org.apache.kafka.common.security.oauthbearer.internals.unsecured.OAuthBearerScopeUtilsTest" time="0.0"/>
  <system-out><![CDATA[]]></system-out>
  <system-err><![CDATA[]]></system-err>
</testsuite>
