<?xml version="1.0" encoding="UTF-8"?>
<testsuite name="org.apache.kafka.common.config.provider.DirectoryConfigProviderTest" tests="8" skipped="0" failures="0" errors="0" timestamp="2022-09-03T10:40:15" hostname="LAPTOP-FH01OFOM" time="0.063">
  <properties/>
  <testcase name="testNoTraversal" classname="org.apache.kafka.common.config.provider.DirectoryConfigProviderTest" time="0.013"/>
  <testcase name="testEmptyPathWithKey" classname="org.apache.kafka.common.config.provider.DirectoryConfigProviderTest" time="0.006"/>
  <testcase name="testNullPath" classname="org.apache.kafka.common.config.provider.DirectoryConfigProviderTest" time="0.007"/>
  <testcase name="testEmptyPath" classname="org.apache.kafka.common.config.provider.DirectoryConfigProviderTest" time="0.007"/>
  <testcase name="testNullPathWithKey" classname="org.apache.kafka.common.config.provider.DirectoryConfigProviderTest" time="0.008"/>
  <testcase name="testNoSubdirs" classname="org.apache.kafka.common.config.provider.DirectoryConfigProviderTest" time="0.008"/>
  <testcase name="testGetSetOfKeysAtPath" classname="org.apache.kafka.common.config.provider.DirectoryConfigProviderTest" time="0.007"/>
  <testcase name="testGetAllKeysAtPath" classname="org.apache.kafka.common.config.provider.DirectoryConfigProviderTest" time="0.007"/>
  <system-out><![CDATA[]]></system-out>
  <system-err><![CDATA[]]></system-err>
</testsuite>
