<?xml version="1.0" encoding="UTF-8"?>
<testsuite name="org.apache.kafka.common.acl.ResourcePatternTest" tests="4" skipped="0" failures="0" errors="0" timestamp="2020-10-29T02:32:19" hostname="chukun-mac" time="0.001">
  <properties/>
  <testcase name="shouldThrowIfResourceNameIsNull" classname="org.apache.kafka.common.acl.ResourcePatternTest" time="0.0"/>
  <testcase name="shouldThrowIfPatternTypeIsAny" classname="org.apache.kafka.common.acl.ResourcePatternTest" time="0.0"/>
  <testcase name="shouldThrowIfResourceTypeIsAny" classname="org.apache.kafka.common.acl.ResourcePatternTest" time="0.0"/>
  <testcase name="shouldThrowIfPatternTypeIsMatch" classname="org.apache.kafka.common.acl.ResourcePatternTest" time="0.0"/>
  <system-out><![CDATA[]]></system-out>
  <system-err><![CDATA[]]></system-err>
</testsuite>
