<?xml version="1.0" encoding="UTF-8"?>
<testsuite name="org.apache.kafka.clients.admin.RemoveMembersFromConsumerGroupOptionsTest" tests="1" skipped="0" failures="0" errors="0" timestamp="2020-10-29T02:32:20" hostname="chukun-mac" time="0.004">
  <properties/>
  <testcase name="testConstructor" classname="org.apache.kafka.clients.admin.RemoveMembersFromConsumerGroupOptionsTest" time="0.004"/>
  <system-out><![CDATA[]]></system-out>
  <system-err><![CDATA[]]></system-err>
</testsuite>
