<?xml version="1.0" encoding="UTF-8"?>
<testsuite name="org.apache.kafka.common.requests.AddPartitionsToTxnRequestTest" tests="1" skipped="0" failures="0" errors="0" timestamp="2022-09-03T10:37:59" hostname="LAPTOP-FH01OFOM" time="0.003">
  <properties/>
  <testcase name="testConstructor" classname="org.apache.kafka.common.requests.AddPartitionsToTxnRequestTest" time="0.003"/>
  <system-out><![CDATA[]]></system-out>
  <system-err><![CDATA[]]></system-err>
</testsuite>
