<?xml version="1.0" encoding="UTF-8"?>
<testsuite name="org.apache.kafka.common.requests.OffsetCommitResponseTest" tests="2" skipped="0" failures="0" errors="0" timestamp="2020-10-29T02:34:18" hostname="chukun-mac" time="0.005">
  <properties/>
  <testcase name="testConstructorWithErrorResponse" classname="org.apache.kafka.common.requests.OffsetCommitResponseTest" time="0.004"/>
  <testcase name="testConstructorWithStruct" classname="org.apache.kafka.common.requests.OffsetCommitResponseTest" time="0.001"/>
  <system-out><![CDATA[]]></system-out>
  <system-err><![CDATA[]]></system-err>
</testsuite>
