<?xml version="1.0" encoding="UTF-8"?>
<testsuite name="org.apache.kafka.common.requests.StopReplicaResponseTest" tests="4" skipped="0" failures="0" errors="0" timestamp="2020-10-29T02:31:48" hostname="chukun-mac" time="0.023">
  <properties/>
  <testcase name="testToString" classname="org.apache.kafka.common.requests.StopReplicaResponseTest" time="0.001"/>
  <testcase name="testErrorCountsWithTopLevelError" classname="org.apache.kafka.common.requests.StopReplicaResponseTest" time="0.001"/>
  <testcase name="testErrorCountsNoTopLevelError" classname="org.apache.kafka.common.requests.StopReplicaResponseTest" time="0.001"/>
  <testcase name="testErrorCountsFromGetErrorResponse" classname="org.apache.kafka.common.requests.StopReplicaResponseTest" time="0.019"/>
  <system-out><![CDATA[]]></system-out>
  <system-err><![CDATA[]]></system-err>
</testsuite>
