<?xml version="1.0" encoding="UTF-8"?>
<testsuite name="org.apache.kafka.clients.ApiVersionsTest" tests="1" skipped="0" failures="0" errors="0" timestamp="2022-09-03T10:38:39" hostname="LAPTOP-FH01OFOM" time="0.201">
  <properties/>
  <testcase name="testMaxUsableProduceMagic" classname="org.apache.kafka.clients.ApiVersionsTest" time="0.201"/>
  <system-out><![CDATA[]]></system-out>
  <system-err><![CDATA[]]></system-err>
</testsuite>
