<?xml version="1.0" encoding="UTF-8"?>
<testsuite name="org.apache.kafka.common.requests.CreateAclsRequestTest" tests="4" skipped="0" failures="0" errors="0" timestamp="2022-09-03T10:38:33" hostname="LAPTOP-FH01OFOM" time="0.006">
  <properties/>
  <testcase name="shouldThrowOnV0IfNotLiteral" classname="org.apache.kafka.common.requests.CreateAclsRequestTest" time="0.005"/>
  <testcase name="shouldRoundTripV0" classname="org.apache.kafka.common.requests.CreateAclsRequestTest" time="0.001"/>
  <testcase name="shouldRoundTripV1" classname="org.apache.kafka.common.requests.CreateAclsRequestTest" time="0.0"/>
  <testcase name="shouldThrowOnIfUnknown" classname="org.apache.kafka.common.requests.CreateAclsRequestTest" time="0.0"/>
  <system-out><![CDATA[]]></system-out>
  <system-err><![CDATA[]]></system-err>
</testsuite>
