<?xml version="1.0" encoding="UTF-8"?>
<testsuite name="org.apache.kafka.common.security.oauthbearer.OAuthBearerSaslClienCallbackHandlerTest" tests="2" skipped="0" failures="0" errors="0" timestamp="2020-10-29T02:32:52" hostname="chukun-mac" time="0.017">
  <properties/>
  <testcase name="testWithZeroTokens" classname="org.apache.kafka.common.security.oauthbearer.OAuthBearerSaslClienCallbackHandlerTest" time="0.003"/>
  <testcase name="testWithPotentiallyMultipleTokens" classname="org.apache.kafka.common.security.oauthbearer.OAuthBearerSaslClienCallbackHandlerTest" time="0.014"/>
  <system-out><![CDATA[]]></system-out>
  <system-err><![CDATA[]]></system-err>
</testsuite>
