<?xml version="1.0" encoding="UTF-8"?>
<testsuite name="org.apache.kafka.clients.consumer.internals.ConsumerProtocolTest" tests="11" skipped="0" failures="0" errors="0" timestamp="2022-09-03T10:40:13" hostname="LAPTOP-FH01OFOM" time="0.007">
  <properties/>
  <testcase name="deserializeFutureSubscriptionVersion" classname="org.apache.kafka.clients.consumer.internals.ConsumerProtocolTest" time="0.002"/>
  <testcase name="serializeDeserializeNullSubscriptionUserData" classname="org.apache.kafka.clients.consumer.internals.ConsumerProtocolTest" time="0.001"/>
  <testcase name="serializeDeserializeMetadata" classname="org.apache.kafka.clients.consumer.internals.ConsumerProtocolTest" time="0.001"/>
  <testcase name="deserializeNullAssignmentUserData" classname="org.apache.kafka.clients.consumer.internals.ConsumerProtocolTest" time="0.002"/>
  <testcase name="deserializeNewSubscriptionWithOldVersion" classname="org.apache.kafka.clients.consumer.internals.ConsumerProtocolTest" time="0.0"/>
  <testcase name="serializeDeserializeSubscriptionAllVersions" classname="org.apache.kafka.clients.consumer.internals.ConsumerProtocolTest" time="0.0"/>
  <testcase name="serializeDeserializeAssignment" classname="org.apache.kafka.clients.consumer.internals.ConsumerProtocolTest" time="0.0"/>
  <testcase name="serializeDeserializeMetadataAndGroupInstanceId" classname="org.apache.kafka.clients.consumer.internals.ConsumerProtocolTest" time="0.0"/>
  <testcase name="deserializeFutureAssignmentVersion" classname="org.apache.kafka.clients.consumer.internals.ConsumerProtocolTest" time="0.0"/>
  <testcase name="serializeDeserializeAssignmentAllVersions" classname="org.apache.kafka.clients.consumer.internals.ConsumerProtocolTest" time="0.0"/>
  <testcase name="deserializeOldSubscriptionVersion" classname="org.apache.kafka.clients.consumer.internals.ConsumerProtocolTest" time="0.0"/>
  <system-out><![CDATA[]]></system-out>
  <system-err><![CDATA[]]></system-err>
</testsuite>
