<?xml version="1.0" encoding="UTF-8"?>
<testsuite name="org.apache.kafka.clients.MetadataCacheTest" tests="1" skipped="0" failures="0" errors="0" timestamp="2022-09-03T10:38:22" hostname="LAPTOP-FH01OFOM" time="0.001">
  <properties/>
  <testcase name="testMissingLeaderEndpoint" classname="org.apache.kafka.clients.MetadataCacheTest" time="0.001"/>
  <system-out><![CDATA[]]></system-out>
  <system-err><![CDATA[]]></system-err>
</testsuite>
