<?xml version="1.0" encoding="UTF-8"?>
<testsuite name="org.apache.kafka.common.record.MultiRecordsSendTest" tests="1" skipped="0" failures="0" errors="0" timestamp="2020-10-29T02:32:51" hostname="chukun-mac" time="0.007">
  <properties/>
  <testcase name="testSendsFreedAfterWriting" classname="org.apache.kafka.common.record.MultiRecordsSendTest" time="0.007"/>
  <system-out><![CDATA[]]></system-out>
  <system-err><![CDATA[]]></system-err>
</testsuite>
