<?xml version="1.0" encoding="UTF-8"?>
<testsuite name="org.apache.kafka.common.record.EndTransactionMarkerTest" tests="6" skipped="0" failures="0" errors="0" timestamp="2020-10-29T02:32:11" hostname="chukun-mac" time="0.003">
  <properties/>
  <testcase name="testNotEnoughBytes" classname="org.apache.kafka.common.record.EndTransactionMarkerTest" time="0.001"/>
  <testcase name="testSerde" classname="org.apache.kafka.common.record.EndTransactionMarkerTest" time="0.001"/>
  <testcase name="testIllegalNegativeVersion" classname="org.apache.kafka.common.record.EndTransactionMarkerTest" time="0.0"/>
  <testcase name="testCannotDeserializeUnknownControlType" classname="org.apache.kafka.common.record.EndTransactionMarkerTest" time="0.0"/>
  <testcase name="testUnknownControlTypeNotAllowed" classname="org.apache.kafka.common.record.EndTransactionMarkerTest" time="0.0"/>
  <testcase name="testDeserializeNewerVersion" classname="org.apache.kafka.common.record.EndTransactionMarkerTest" time="0.0"/>
  <system-out><![CDATA[]]></system-out>
  <system-err><![CDATA[]]></system-err>
</testsuite>
