<?xml version="1.0" encoding="UTF-8"?>
<testsuite name="org.apache.kafka.common.requests.RequestHeaderTest" tests="4" skipped="0" failures="0" errors="0" timestamp="2022-09-03T10:41:16" hostname="LAPTOP-FH01OFOM" time="0.001">
  <properties/>
  <testcase name="testRequestHeaderWithInitialPrincipalAndClientId" classname="org.apache.kafka.common.requests.RequestHeaderTest" time="0.001"/>
  <testcase name="testSerdeControlledShutdownV0" classname="org.apache.kafka.common.requests.RequestHeaderTest" time="0.0"/>
  <testcase name="testRequestHeaderV1" classname="org.apache.kafka.common.requests.RequestHeaderTest" time="0.0"/>
  <testcase name="testRequestHeaderV2" classname="org.apache.kafka.common.requests.RequestHeaderTest" time="0.0"/>
  <system-out><![CDATA[]]></system-out>
  <system-err><![CDATA[]]></system-err>
</testsuite>
