<?xml version="1.0" encoding="UTF-8"?>
<testsuite name="org.apache.kafka.common.metrics.stats.FrequenciesTest" tests="5" skipped="0" failures="0" errors="0" timestamp="2022-09-03T10:38:18" hostname="LAPTOP-FH01OFOM" time="0.014">
  <properties/>
  <testcase name="testFrequencyCenterValueAboveMax" classname="org.apache.kafka.common.metrics.stats.FrequenciesTest" time="0.007"/>
  <testcase name="testFrequencyCenterValueBelowMin" classname="org.apache.kafka.common.metrics.stats.FrequenciesTest" time="0.003"/>
  <testcase name="testUseWithMetrics" classname="org.apache.kafka.common.metrics.stats.FrequenciesTest" time="0.003"/>
  <testcase name="testMoreFrequencyParametersThanBuckets" classname="org.apache.kafka.common.metrics.stats.FrequenciesTest" time="0.0"/>
  <testcase name="testBooleanFrequencies" classname="org.apache.kafka.common.metrics.stats.FrequenciesTest" time="0.001"/>
  <system-out><![CDATA[]]></system-out>
  <system-err><![CDATA[]]></system-err>
</testsuite>
