<?xml version="1.0" encoding="UTF-8"?>
<testsuite name="org.apache.kafka.common.config.provider.FileConfigProviderTest" tests="6" skipped="0" failures="0" errors="0" timestamp="2022-09-03T10:38:10" hostname="LAPTOP-FH01OFOM" time="0.003">
  <properties/>
  <testcase name="testEmptyPathWithKey" classname="org.apache.kafka.common.config.provider.FileConfigProviderTest" time="0.001"/>
  <testcase name="testNullPath" classname="org.apache.kafka.common.config.provider.FileConfigProviderTest" time="0.0"/>
  <testcase name="testEmptyPath" classname="org.apache.kafka.common.config.provider.FileConfigProviderTest" time="0.0"/>
  <testcase name="testNullPathWithKey" classname="org.apache.kafka.common.config.provider.FileConfigProviderTest" time="0.0"/>
  <testcase name="testGetOneKeyAtPath" classname="org.apache.kafka.common.config.provider.FileConfigProviderTest" time="0.0"/>
  <testcase name="testGetAllKeysAtPath" classname="org.apache.kafka.common.config.provider.FileConfigProviderTest" time="0.0"/>
  <system-out><![CDATA[]]></system-out>
  <system-err><![CDATA[]]></system-err>
</testsuite>
