<?xml version="1.0" encoding="UTF-8"?>
<testsuite name="org.apache.kafka.common.metrics.KafkaMetricsContextTest" tests="5" skipped="0" failures="0" errors="0" timestamp="2020-10-29T02:32:48" hostname="chukun-mac" time="0.004">
  <properties/>
  <testcase name="testCreationWithValidNamespaceAndNoLabels" classname="org.apache.kafka.common.metrics.KafkaMetricsContextTest" time="0.0"/>
  <testcase name="testCreationWithValidNamespaceAndLabels" classname="org.apache.kafka.common.metrics.KafkaMetricsContextTest" time="0.0"/>
  <testcase name="testCreationWithNullNamespaceAndLabels" classname="org.apache.kafka.common.metrics.KafkaMetricsContextTest" time="0.001"/>
  <testcase name="testKafkaMetricsContextLabelsAreImmutable" classname="org.apache.kafka.common.metrics.KafkaMetricsContextTest" time="0.001"/>
  <testcase name="testCreationWithValidNamespaceAndNullLabelValues" classname="org.apache.kafka.common.metrics.KafkaMetricsContextTest" time="0.001"/>
  <system-out><![CDATA[]]></system-out>
  <system-err><![CDATA[]]></system-err>
</testsuite>
