<?xml version="1.0" encoding="UTF-8"?>
<testsuite name="org.apache.kafka.common.requests.OffsetFetchResponseTest" tests="5" skipped="0" failures="0" errors="0" timestamp="2022-09-03T10:40:17" hostname="LAPTOP-FH01OFOM" time="0.002">
  <properties/>
  <testcase name="testShouldThrottle" classname="org.apache.kafka.common.requests.OffsetFetchResponseTest" time="0.0"/>
  <testcase name="testNullableMetadata" classname="org.apache.kafka.common.requests.OffsetFetchResponseTest" time="0.0"/>
  <testcase name="testStructBuild" classname="org.apache.kafka.common.requests.OffsetFetchResponseTest" time="0.001"/>
  <testcase name="testUseDefaultLeaderEpoch" classname="org.apache.kafka.common.requests.OffsetFetchResponseTest" time="0.0"/>
  <testcase name="testConstructor" classname="org.apache.kafka.common.requests.OffsetFetchResponseTest" time="0.001"/>
  <system-out><![CDATA[]]></system-out>
  <system-err><![CDATA[]]></system-err>
</testsuite>
