<?xml version="1.0" encoding="UTF-8"?>
<testsuite name="org.apache.kafka.clients.consumer.ConsumerRecordsTest" tests="1" skipped="0" failures="0" errors="0" timestamp="2022-09-03T10:38:16" hostname="LAPTOP-FH01OFOM" time="0.004">
  <properties/>
  <testcase name="iterator" classname="org.apache.kafka.clients.consumer.ConsumerRecordsTest" time="0.004"/>
  <system-out><![CDATA[]]></system-out>
  <system-err><![CDATA[]]></system-err>
</testsuite>
