<?xml version="1.0" encoding="UTF-8"?>
<testsuite name="org.apache.kafka.clients.admin.KafkaAdminClientTest" tests="122" skipped="0" failures="0" errors="0" timestamp="2020-10-29T02:31:30" hostname="chukun-mac" time="10.09">
  <properties/>
  <testcase name="testUpdateFeaturesInvalidRequestError" classname="org.apache.kafka.clients.admin.KafkaAdminClientTest" time="0.201"/>
  <testcase name="testDescribeReplicaLogDirs" classname="org.apache.kafka.clients.admin.KafkaAdminClientTest" time="0.014"/>
  <testcase name="testCreateTopicsDontRetryThrottlingExceptionWhenDisabled" classname="org.apache.kafka.clients.admin.KafkaAdminClientTest" time="0.016"/>
  <testcase name="testGetOrCreateListValue" classname="org.apache.kafka.clients.admin.KafkaAdminClientTest" time="0.003"/>
  <testcase name="testOffsetCommitNumRetries" classname="org.apache.kafka.clients.admin.KafkaAdminClientTest" time="0.013"/>
  <testcase name="testListOffsets" classname="org.apache.kafka.clients.admin.KafkaAdminClientTest" time="0.021"/>
  <testcase name="testIncrementalAlterConfigs" classname="org.apache.kafka.clients.admin.KafkaAdminClientTest" time="0.012"/>
  <testcase name="testDescribeConsumerGroupNumRetries" classname="org.apache.kafka.clients.admin.KafkaAdminClientTest" time="0.01"/>
  <testcase name="testCreateTopics" classname="org.apache.kafka.clients.admin.KafkaAdminClientTest" time="0.003"/>
  <testcase name="testListConsumerGroupOffsets" classname="org.apache.kafka.clients.admin.KafkaAdminClientTest" time="0.52"/>
  <testcase name="testDescribeNonConsumerGroups" classname="org.apache.kafka.clients.admin.KafkaAdminClientTest" time="0.002"/>
  <testcase name="testDescribeReplicaLogDirsUnexpected" classname="org.apache.kafka.clients.admin.KafkaAdminClientTest" time="0.004"/>
  <testcase name="testAlterReplicaLogDirsUnrequested" classname="org.apache.kafka.clients.admin.KafkaAdminClientTest" time="0.024"/>
  <testcase name="testDescribeConfigsPartialResponse" classname="org.apache.kafka.clients.admin.KafkaAdminClientTest" time="0.009"/>
  <testcase name="testAlterUserScramCredentialsUnknownMechanism" classname="org.apache.kafka.clients.admin.KafkaAdminClientTest" time="1.344"/>
  <testcase name="testDescribeBrokerConfigs" classname="org.apache.kafka.clients.admin.KafkaAdminClientTest" time="0.003"/>
  <testcase name="testDeleteRecords" classname="org.apache.kafka.clients.admin.KafkaAdminClientTest" time="0.01"/>
  <testcase name="testConnectionFailureOnMetadataUpdate" classname="org.apache.kafka.clients.admin.KafkaAdminClientTest" time="0.133"/>
  <testcase name="testDefaultApiTimeout" classname="org.apache.kafka.clients.admin.KafkaAdminClientTest" time="0.178"/>
  <testcase name="testGetSubLevelError" classname="org.apache.kafka.clients.admin.KafkaAdminClientTest" time="0.012"/>
  <testcase name="testCreateTopicsRetryThrottlingExceptionWhenEnabledUntilRequestTimeOut" classname="org.apache.kafka.clients.admin.KafkaAdminClientTest" time="0.004"/>
  <testcase name="testDeleteConsumerGroupOffsets" classname="org.apache.kafka.clients.admin.KafkaAdminClientTest" time="0.01"/>
  <testcase name="testInvalidTopicNames" classname="org.apache.kafka.clients.admin.KafkaAdminClientTest" time="0.004"/>
  <testcase name="testAlterConsumerGroupOffsetsRetriableErrors" classname="org.apache.kafka.clients.admin.KafkaAdminClientTest" time="0.356"/>
  <testcase name="testCreatePartitionsDontRetryThrottlingExceptionWhenDisabled" classname="org.apache.kafka.clients.admin.KafkaAdminClientTest" time="0.006"/>
  <testcase name="testDescribeAcls" classname="org.apache.kafka.clients.admin.KafkaAdminClientTest" time="0.006"/>
  <testcase name="testAlterConsumerGroupOffsetsFindCoordinatorRetriableErrors" classname="org.apache.kafka.clients.admin.KafkaAdminClientTest" time="0.204"/>
  <testcase name="testDescribeBrokerAndLogConfigs" classname="org.apache.kafka.clients.admin.KafkaAdminClientTest" time="0.002"/>
  <testcase name="testDeleteConsumerGroupOffsetsFindCoordinatorNonRetriableErrors" classname="org.apache.kafka.clients.admin.KafkaAdminClientTest" time="0.002"/>
  <testcase name="testRequestTimeoutExceedingDefaultApiTimeout" classname="org.apache.kafka.clients.admin.KafkaAdminClientTest" time="0.003"/>
  <testcase name="testCreateTopicsPartialResponse" classname="org.apache.kafka.clients.admin.KafkaAdminClientTest" time="0.002"/>
  <testcase name="testListOffsetsMetadataNonRetriableErrors" classname="org.apache.kafka.clients.admin.KafkaAdminClientTest" time="0.002"/>
  <testcase name="testCreateTopicsHandleNotControllerException" classname="org.apache.kafka.clients.admin.KafkaAdminClientTest" time="0.118"/>
  <testcase name="testEqualsOfClientQuotaFilterComponent" classname="org.apache.kafka.clients.admin.KafkaAdminClientTest" time="0.002"/>
  <testcase name="testAlterReplicaLogDirsPartialFailure" classname="org.apache.kafka.clients.admin.KafkaAdminClientTest" time="0.003"/>
  <testcase name="testPrettyPrintException" classname="org.apache.kafka.clients.admin.KafkaAdminClientTest" time="0.001"/>
  <testcase name="testDescribeMultipleConsumerGroups" classname="org.apache.kafka.clients.admin.KafkaAdminClientTest" time="0.009"/>
  <testcase name="testAlterPartitionReassignments" classname="org.apache.kafka.clients.admin.KafkaAdminClientTest" time="0.143"/>
  <testcase name="testDescribeConsumerGroupsWithAuthorizedOperationsOmitted" classname="org.apache.kafka.clients.admin.KafkaAdminClientTest" time="0.007"/>
  <testcase name="testDescribeLogDirsPartialFailure" classname="org.apache.kafka.clients.admin.KafkaAdminClientTest" time="0.004"/>
  <testcase name="testCreatePartitionsRetryThrottlingExceptionWhenEnabledUntilRequestTimeOut" classname="org.apache.kafka.clients.admin.KafkaAdminClientTest" time="0.002"/>
  <testcase name="testAlterUserScramCredentials" classname="org.apache.kafka.clients.admin.KafkaAdminClientTest" time="0.518"/>
  <testcase name="testDescribeFeaturesSuccess" classname="org.apache.kafka.clients.admin.KafkaAdminClientTest" time="0.035"/>
  <testcase name="testTimeoutWithoutMetadata" classname="org.apache.kafka.clients.admin.KafkaAdminClientTest" time="1.054"/>
  <testcase name="testDescribeLogDirsOfflineDirDeprecated" classname="org.apache.kafka.clients.admin.KafkaAdminClientTest" time="0.013"/>
  <testcase name="testDeleteConsumerGroupOffsetsFindCoordinatorRetriableErrors" classname="org.apache.kafka.clients.admin.KafkaAdminClientTest" time="0.212"/>
  <testcase name="testDeleteTopicsDontRetryThrottlingExceptionWhenDisabled" classname="org.apache.kafka.clients.admin.KafkaAdminClientTest" time="0.006"/>
  <testcase name="testListConsumerGroupOffsetsNumRetries" classname="org.apache.kafka.clients.admin.KafkaAdminClientTest" time="0.003"/>
  <testcase name="testDeleteRecordsTopicAuthorizationError" classname="org.apache.kafka.clients.admin.KafkaAdminClientTest" time="0.002"/>
  <testcase name="testAlterClientQuotas" classname="org.apache.kafka.clients.admin.KafkaAdminClientTest" time="0.006"/>
  <testcase name="testListConsumerGroupsWithStates" classname="org.apache.kafka.clients.admin.KafkaAdminClientTest" time="0.019"/>
  <testcase name="testDescribeConfigsUnrequested" classname="org.apache.kafka.clients.admin.KafkaAdminClientTest" time="0.002"/>
  <testcase name="testListOffsetsRetriableErrors" classname="org.apache.kafka.clients.admin.KafkaAdminClientTest" time="0.003"/>
  <testcase name="testUpdateFeaturesDuringSuccess" classname="org.apache.kafka.clients.admin.KafkaAdminClientTest" time="0.002"/>
  <testcase name="testListOffsetsMetadataRetriableErrors" classname="org.apache.kafka.clients.admin.KafkaAdminClientTest" time="0.318"/>
  <testcase name="testListConsumerGroupsMetadataFailure" classname="org.apache.kafka.clients.admin.KafkaAdminClientTest" time="0.001"/>
  <testcase name="testDescribeUserScramCredentials" classname="org.apache.kafka.clients.admin.KafkaAdminClientTest" time="0.01"/>
  <testcase name="testDescribeFeaturesHandleNotControllerException" classname="org.apache.kafka.clients.admin.KafkaAdminClientTest" time="0.101"/>
  <testcase name="testUpdateFeaturesUpdateFailedError" classname="org.apache.kafka.clients.admin.KafkaAdminClientTest" time="0.002"/>
  <testcase name="testRemoveMembersFromGroupNumRetries" classname="org.apache.kafka.clients.admin.KafkaAdminClientTest" time="0.005"/>
  <testcase name="testDescribeLogDirs" classname="org.apache.kafka.clients.admin.KafkaAdminClientTest" time="0.002"/>
  <testcase name="testDeleteConsumerGroupsNumRetries" classname="org.apache.kafka.clients.admin.KafkaAdminClientTest" time="0.004"/>
  <testcase name="testAlterReplicaLogDirsSuccess" classname="org.apache.kafka.clients.admin.KafkaAdminClientTest" time="0.001"/>
  <testcase name="testAlterReplicaLogDirsPartialResponse" classname="org.apache.kafka.clients.admin.KafkaAdminClientTest" time="0.002"/>
  <testcase name="testCloseAdminClientInCallback" classname="org.apache.kafka.clients.admin.KafkaAdminClientTest" time="0.002"/>
  <testcase name="testCreateTopicsRetryThrottlingExceptionWhenEnabled" classname="org.apache.kafka.clients.admin.KafkaAdminClientTest" time="0.003"/>
  <testcase name="testDefaultApiTimeoutOverride" classname="org.apache.kafka.clients.admin.KafkaAdminClientTest" time="0.477"/>
  <testcase name="testHasCoordinatorMoved" classname="org.apache.kafka.clients.admin.KafkaAdminClientTest" time="0.0"/>
  <testcase name="testDescribeLogDirsOfflineDir" classname="org.apache.kafka.clients.admin.KafkaAdminClientTest" time="0.002"/>
  <testcase name="testListPartitionReassignments" classname="org.apache.kafka.clients.admin.KafkaAdminClientTest" time="0.15"/>
  <testcase name="testListOffsetsWithLeaderChange" classname="org.apache.kafka.clients.admin.KafkaAdminClientTest" time="0.002"/>
  <testcase name="testRemoveMembersFromGroupRetryBackoff" classname="org.apache.kafka.clients.admin.KafkaAdminClientTest" time="0.115"/>
  <testcase name="testDescribeConsumerGroups" classname="org.apache.kafka.clients.admin.KafkaAdminClientTest" time="0.67"/>
  <testcase name="testDeleteTopics" classname="org.apache.kafka.clients.admin.KafkaAdminClientTest" time="0.002"/>
  <testcase name="testUpdateFeaturesShouldFailRequestInClientWhenDowngradeFlagIsNotSetDuringDeletion" classname="org.apache.kafka.clients.admin.KafkaAdminClientTest" time="0.001"/>
  <testcase name="testListOffsetsWithMultiplePartitionsLeaderChange" classname="org.apache.kafka.clients.admin.KafkaAdminClientTest" time="0.003"/>
  <testcase name="testDeleteConsumerGroupOffsetsNumRetries" classname="org.apache.kafka.clients.admin.KafkaAdminClientTest" time="0.002"/>
  <testcase name="testListConsumerGroupOffsetsRetryBackoff" classname="org.apache.kafka.clients.admin.KafkaAdminClientTest" time="0.002"/>
  <testcase name="testAlterConsumerGroupOffsetsNonRetriableErrors" classname="org.apache.kafka.clients.admin.KafkaAdminClientTest" time="0.002"/>
  <testcase name="testUpdateFeaturesShouldFailRequestForEmptyUpdates" classname="org.apache.kafka.clients.admin.KafkaAdminClientTest" time="0.002"/>
  <testcase name="testDeleteConsumerGroupOffsetsRetryBackoff" classname="org.apache.kafka.clients.admin.KafkaAdminClientTest" time="0.153"/>
  <testcase name="testUpdateFeaturesPartialSuccess" classname="org.apache.kafka.clients.admin.KafkaAdminClientTest" time="0.001"/>
  <testcase name="testDescribeCluster" classname="org.apache.kafka.clients.admin.KafkaAdminClientTest" time="0.003"/>
  <testcase name="testAlterConsumerGroupOffsetsFindCoordinatorNonRetriableErrors" classname="org.apache.kafka.clients.admin.KafkaAdminClientTest" time="0.001"/>
  <testcase name="testCreateAcls" classname="org.apache.kafka.clients.admin.KafkaAdminClientTest" time="0.004"/>
  <testcase name="testCloseAdminClient" classname="org.apache.kafka.clients.admin.KafkaAdminClientTest" time="0.001"/>
  <testcase name="testDefaultApiTimeoutAndRequestTimeoutConflicts" classname="org.apache.kafka.clients.admin.KafkaAdminClientTest" time="0.057"/>
  <testcase name="testPropagatedMetadataFetchException" classname="org.apache.kafka.clients.admin.KafkaAdminClientTest" time="0.001"/>
  <testcase name="testCreatePartitions" classname="org.apache.kafka.clients.admin.KafkaAdminClientTest" time="0.002"/>
  <testcase name="testAdminClientApisAuthenticationFailure" classname="org.apache.kafka.clients.admin.KafkaAdminClientTest" time="0.01"/>
  <testcase name="testListConsumerGroups" classname="org.apache.kafka.clients.admin.KafkaAdminClientTest" time="0.363"/>
  <testcase name="testDeleteConsumerGroups" classname="org.apache.kafka.clients.admin.KafkaAdminClientTest" time="0.538"/>
  <testcase name="testDescribeLogDirsDeprecated" classname="org.apache.kafka.clients.admin.KafkaAdminClientTest" time="0.002"/>
  <testcase name="testCreatePartitionsRetryThrottlingExceptionWhenEnabled" classname="org.apache.kafka.clients.admin.KafkaAdminClientTest" time="0.002"/>
  <testcase name="testMetadataRetries" classname="org.apache.kafka.clients.admin.KafkaAdminClientTest" time="0.156"/>
  <testcase name="testCreateTopicsRetryBackoff" classname="org.apache.kafka.clients.admin.KafkaAdminClientTest" time="0.002"/>
  <testcase name="testDescribeConsumerGroupRetryBackoff" classname="org.apache.kafka.clients.admin.KafkaAdminClientTest" time="0.002"/>
  <testcase name="testDeleteAcls" classname="org.apache.kafka.clients.admin.KafkaAdminClientTest" time="0.005"/>
  <testcase name="testAlterConsumerGroupOffsets" classname="org.apache.kafka.clients.admin.KafkaAdminClientTest" time="0.002"/>
  <testcase name="testElectLeaders" classname="org.apache.kafka.clients.admin.KafkaAdminClientTest" time="0.211"/>
  <testcase name="testDeleteRecordsMultipleSends" classname="org.apache.kafka.clients.admin.KafkaAdminClientTest" time="0.004"/>
  <testcase name="testUpdateFeaturesShouldFailRequestForInvalidFeatureName" classname="org.apache.kafka.clients.admin.KafkaAdminClientTest" time="0.001"/>
  <testcase name="testDeleteConsumerGroupsRetryBackoff" classname="org.apache.kafka.clients.admin.KafkaAdminClientTest" time="0.003"/>
  <testcase name="testAlterReplicaLogDirsLogDirNotFound" classname="org.apache.kafka.clients.admin.KafkaAdminClientTest" time="0.001"/>
  <testcase name="testDescribeClientQuotas" classname="org.apache.kafka.clients.admin.KafkaAdminClientTest" time="0.002"/>
  <testcase name="testDeleteTopicsRetryThrottlingExceptionWhenEnabled" classname="org.apache.kafka.clients.admin.KafkaAdminClientTest" time="0.001"/>
  <testcase name="testDeleteConsumerGroupOffsetsRetriableErrors" classname="org.apache.kafka.clients.admin.KafkaAdminClientTest" time="0.311"/>
  <testcase name="testShouldRefreshCoordinator" classname="org.apache.kafka.clients.admin.KafkaAdminClientTest" time="0.0"/>
  <testcase name="testListOffsetsNonRetriableErrors" classname="org.apache.kafka.clients.admin.KafkaAdminClientTest" time="0.002"/>
  <testcase name="testListConsumerGroupsWithStatesOlderBrokerVersion" classname="org.apache.kafka.clients.admin.KafkaAdminClientTest" time="0.002"/>
  <testcase name="testGenerateClientId" classname="org.apache.kafka.clients.admin.KafkaAdminClientTest" time="0.001"/>
  <testcase name="testUpdateFeaturesTopLevelError" classname="org.apache.kafka.clients.admin.KafkaAdminClientTest" time="0.001"/>
  <testcase name="testSuccessfulRetryAfterRequestTimeout" classname="org.apache.kafka.clients.admin.KafkaAdminClientTest" time="0.003"/>
  <testcase name="testUpdateFeaturesHandleNotControllerException" classname="org.apache.kafka.clients.admin.KafkaAdminClientTest" time="0.137"/>
  <testcase name="testOffsetCommitRetryBackoff" classname="org.apache.kafka.clients.admin.KafkaAdminClientTest" time="0.103"/>
  <testcase name="testDeleteTopicsRetryThrottlingExceptionWhenEnabledUntilRequestTimeOut" classname="org.apache.kafka.clients.admin.KafkaAdminClientTest" time="0.002"/>
  <testcase name="testDeleteTopicsPartialResponse" classname="org.apache.kafka.clients.admin.KafkaAdminClientTest" time="0.001"/>
  <testcase name="testRemoveMembersFromGroup" classname="org.apache.kafka.clients.admin.KafkaAdminClientTest" time="0.57"/>
  <testcase name="testListOffsetsPartialResponse" classname="org.apache.kafka.clients.admin.KafkaAdminClientTest" time="0.002"/>
  <testcase name="testCalcTimeoutMsRemainingAsInt" classname="org.apache.kafka.clients.admin.KafkaAdminClientTest" time="0.001"/>
  <testcase name="testUnreachableBootstrapServer" classname="org.apache.kafka.clients.admin.KafkaAdminClientTest" time="0.242"/>
  <testcase name="testDeleteConsumerGroupOffsetsNonRetriableErrors" classname="org.apache.kafka.clients.admin.KafkaAdminClientTest" time="0.002"/>
  <system-out><![CDATA[]]></system-out>
  <system-err><![CDATA[]]></system-err>
</testsuite>
