<?xml version="1.0" encoding="UTF-8"?>
<testsuite name="org.apache.kafka.common.utils.Crc32CTest" tests="2" skipped="0" failures="0" errors="0" timestamp="2020-10-29T02:36:12" hostname="chukun-mac" time="0.0">
  <properties/>
  <testcase name="testValue" classname="org.apache.kafka.common.utils.Crc32CTest" time="0.0"/>
  <testcase name="testUpdate" classname="org.apache.kafka.common.utils.Crc32CTest" time="0.0"/>
  <system-out><![CDATA[]]></system-out>
  <system-err><![CDATA[]]></system-err>
</testsuite>
