<?xml version="1.0" encoding="UTF-8"?>
<testsuite name="org.apache.kafka.clients.MetadataCacheTest" tests="1" skipped="0" failures="0" errors="0" timestamp="2020-10-29T02:32:20" hostname="chukun-mac" time="0.003">
  <properties/>
  <testcase name="testMissingLeaderEndpoint" classname="org.apache.kafka.clients.MetadataCacheTest" time="0.003"/>
  <system-out><![CDATA[]]></system-out>
  <system-err><![CDATA[]]></system-err>
</testsuite>
