<?xml version="1.0" encoding="UTF-8"?>
<testsuite name="org.apache.kafka.common.memory.GarbageCollectedMemoryPoolTest" tests="13" skipped="0" failures="0" errors="0" timestamp="2022-09-03T10:38:10" hostname="LAPTOP-FH01OFOM" time="0.313">
  <properties/>
  <testcase name="testReleaseForeignBuffer" classname="org.apache.kafka.common.memory.GarbageCollectedMemoryPoolTest" time="0.004"/>
  <testcase name="testBuffersGarbageCollected" classname="org.apache.kafka.common.memory.GarbageCollectedMemoryPoolTest" time="0.305"/>
  <testcase name="testAllocationBound" classname="org.apache.kafka.common.memory.GarbageCollectedMemoryPoolTest" time="0.0"/>
  <testcase name="testReleaseNull" classname="org.apache.kafka.common.memory.GarbageCollectedMemoryPoolTest" time="0.001"/>
  <testcase name="testAllocationZero" classname="org.apache.kafka.common.memory.GarbageCollectedMemoryPoolTest" time="0.001"/>
  <testcase name="testDoubleFree" classname="org.apache.kafka.common.memory.GarbageCollectedMemoryPoolTest" time="0.0"/>
  <testcase name="testNegativeMaxAllocation" classname="org.apache.kafka.common.memory.GarbageCollectedMemoryPoolTest" time="0.0"/>
  <testcase name="testAllocationOverMaxAllocation" classname="org.apache.kafka.common.memory.GarbageCollectedMemoryPoolTest" time="0.001"/>
  <testcase name="testMaxAllocationLargerThanSize" classname="org.apache.kafka.common.memory.GarbageCollectedMemoryPoolTest" time="0.0"/>
  <testcase name="testZeroMaxAllocation" classname="org.apache.kafka.common.memory.GarbageCollectedMemoryPoolTest" time="0.0"/>
  <testcase name="testZeroSize" classname="org.apache.kafka.common.memory.GarbageCollectedMemoryPoolTest" time="0.0"/>
  <testcase name="testNegativeSize" classname="org.apache.kafka.common.memory.GarbageCollectedMemoryPoolTest" time="0.0"/>
  <testcase name="testAllocationNegative" classname="org.apache.kafka.common.memory.GarbageCollectedMemoryPoolTest" time="0.0"/>
  <system-out><![CDATA[[2022-09-03 18:38:11,159] ERROR Reclaimed buffer of size 95446630 and identity 1437654578 that was not properly release()ed. This is a bug. (org.apache.kafka.common.memory.GarbageCollectedMemoryPool:106)
[2022-09-03 18:38:11,159] ERROR Reclaimed buffer of size 95446630 and identity 1003348378 that was not properly release()ed. This is a bug. (org.apache.kafka.common.memory.GarbageCollectedMemoryPool:106)
[2022-09-03 18:38:11,159] ERROR Reclaimed buffer of size 95446630 and identity 847357187 that was not properly release()ed. This is a bug. (org.apache.kafka.common.memory.GarbageCollectedMemoryPool:106)
[2022-09-03 18:38:11,160] ERROR Reclaimed buffer of size 95446630 and identity 2019689216 that was not properly release()ed. This is a bug. (org.apache.kafka.common.memory.GarbageCollectedMemoryPool:106)
[2022-09-03 18:38:11,160] ERROR Reclaimed buffer of size 95446630 and identity 1325317466 that was not properly release()ed. This is a bug. (org.apache.kafka.common.memory.GarbageCollectedMemoryPool:106)
[2022-09-03 18:38:11,160] ERROR Reclaimed buffer of size 95446630 and identity 1450960862 that was not properly release()ed. This is a bug. (org.apache.kafka.common.memory.GarbageCollectedMemoryPool:106)
[2022-09-03 18:38:11,160] ERROR Reclaimed buffer of size 95446630 and identity 99215391 that was not properly release()ed. This is a bug. (org.apache.kafka.common.memory.GarbageCollectedMemoryPool:106)
[2022-09-03 18:38:11,160] ERROR Reclaimed buffer of size 95446630 and identity 1053202160 that was not properly release()ed. This is a bug. (org.apache.kafka.common.memory.GarbageCollectedMemoryPool:106)
[2022-09-03 18:38:11,160] ERROR Reclaimed buffer of size 95446630 and identity 1326279029 that was not properly release()ed. This is a bug. (org.apache.kafka.common.memory.GarbageCollectedMemoryPool:106)
[2022-09-03 18:38:11,160] ERROR Reclaimed buffer of size 95446630 and identity 1914272421 that was not properly release()ed. This is a bug. (org.apache.kafka.common.memory.GarbageCollectedMemoryPool:106)
[2022-09-03 18:38:11,166] ERROR Reclaimed buffer of size 95446630 and identity 702221352 that was not properly release()ed. This is a bug. (org.apache.kafka.common.memory.GarbageCollectedMemoryPool:106)
[2022-09-03 18:38:11,218] ERROR Reclaimed buffer of size 95446630 and identity 1438390459 that was not properly release()ed. This is a bug. (org.apache.kafka.common.memory.GarbageCollectedMemoryPool:106)
[2022-09-03 18:38:11,219] ERROR Reclaimed buffer of size 95446630 and identity 2047503245 that was not properly release()ed. This is a bug. (org.apache.kafka.common.memory.GarbageCollectedMemoryPool:106)
[2022-09-03 18:38:11,219] ERROR Reclaimed buffer of size 95446630 and identity 37251092 that was not properly release()ed. This is a bug. (org.apache.kafka.common.memory.GarbageCollectedMemoryPool:106)
[2022-09-03 18:38:11,220] ERROR Reclaimed buffer of size 95446630 and identity 1789526352 that was not properly release()ed. This is a bug. (org.apache.kafka.common.memory.GarbageCollectedMemoryPool:106)
[2022-09-03 18:38:11,221] ERROR Reclaimed buffer of size 95446630 and identity 27914919 that was not properly release()ed. This is a bug. (org.apache.kafka.common.memory.GarbageCollectedMemoryPool:106)
[2022-09-03 18:38:11,221] ERROR Reclaimed buffer of size 95446630 and identity 1083195982 that was not properly release()ed. This is a bug. (org.apache.kafka.common.memory.GarbageCollectedMemoryPool:106)
[2022-09-03 18:38:11,270] ERROR Reclaimed buffer of size 95446630 and identity 1330044343 that was not properly release()ed. This is a bug. (org.apache.kafka.common.memory.GarbageCollectedMemoryPool:106)
[2022-09-03 18:38:11,270] ERROR Reclaimed buffer of size 95446630 and identity 332991515 that was not properly release()ed. This is a bug. (org.apache.kafka.common.memory.GarbageCollectedMemoryPool:106)
[2022-09-03 18:38:11,270] ERROR Reclaimed buffer of size 95446630 and identity 1779163016 that was not properly release()ed. This is a bug. (org.apache.kafka.common.memory.GarbageCollectedMemoryPool:106)
[2022-09-03 18:38:11,270] ERROR Reclaimed buffer of size 95446630 and identity 1423751729 that was not properly release()ed. This is a bug. (org.apache.kafka.common.memory.GarbageCollectedMemoryPool:106)
[2022-09-03 18:38:11,270] ERROR Reclaimed buffer of size 95446630 and identity 20193842 that was not properly release()ed. This is a bug. (org.apache.kafka.common.memory.GarbageCollectedMemoryPool:106)
[2022-09-03 18:38:11,271] ERROR Reclaimed buffer of size 95446630 and identity 861702624 that was not properly release()ed. This is a bug. (org.apache.kafka.common.memory.GarbageCollectedMemoryPool:106)
[2022-09-03 18:38:11,271] ERROR Reclaimed buffer of size 95446630 and identity 1131713128 that was not properly release()ed. This is a bug. (org.apache.kafka.common.memory.GarbageCollectedMemoryPool:106)
]]></system-out>
  <system-err><![CDATA[]]></system-err>
</testsuite>
