<?xml version="1.0" encoding="UTF-8"?>
<testsuite name="org.apache.kafka.clients.consumer.internals.ConsumerMetadataTest" tests="5" skipped="0" failures="0" errors="0" timestamp="2020-10-29T02:32:42" hostname="chukun-mac" time="0.016">
  <properties/>
  <testcase name="testPatternSubscriptionNoInternalTopics" classname="org.apache.kafka.clients.consumer.internals.ConsumerMetadataTest" time="0.007"/>
  <testcase name="testTransientTopics" classname="org.apache.kafka.clients.consumer.internals.ConsumerMetadataTest" time="0.0"/>
  <testcase name="testNormalSubscription" classname="org.apache.kafka.clients.consumer.internals.ConsumerMetadataTest" time="0.002"/>
  <testcase name="testUserAssignment" classname="org.apache.kafka.clients.consumer.internals.ConsumerMetadataTest" time="0.006"/>
  <testcase name="testPatternSubscriptionIncludeInternalTopics" classname="org.apache.kafka.clients.consumer.internals.ConsumerMetadataTest" time="0.001"/>
  <system-out><![CDATA[]]></system-out>
  <system-err><![CDATA[]]></system-err>
</testsuite>
