<?xml version="1.0" encoding="UTF-8"?>
<testsuite name="org.apache.kafka.common.record.LazyDownConversionRecordsTest$ParameterizedConversionTest" tests="12" skipped="0" failures="0" errors="0" timestamp="2022-09-03T10:37:59" hostname="LAPTOP-FH01OFOM" time="0.096">
  <properties/>
  <testcase name="testConversionWithOverflow[compressionType=NONE, toMagic=0]" classname="org.apache.kafka.common.record.LazyDownConversionRecordsTest$ParameterizedConversionTest" time="0.018"/>
  <testcase name="testConversion[compressionType=NONE, toMagic=0]" classname="org.apache.kafka.common.record.LazyDownConversionRecordsTest$ParameterizedConversionTest" time="0.007"/>
  <testcase name="testConversionWithOverflow[compressionType=GZIP, toMagic=0]" classname="org.apache.kafka.common.record.LazyDownConversionRecordsTest$ParameterizedConversionTest" time="0.007"/>
  <testcase name="testConversion[compressionType=GZIP, toMagic=0]" classname="org.apache.kafka.common.record.LazyDownConversionRecordsTest$ParameterizedConversionTest" time="0.007"/>
  <testcase name="testConversionWithOverflow[compressionType=NONE, toMagic=1]" classname="org.apache.kafka.common.record.LazyDownConversionRecordsTest$ParameterizedConversionTest" time="0.007"/>
  <testcase name="testConversion[compressionType=NONE, toMagic=1]" classname="org.apache.kafka.common.record.LazyDownConversionRecordsTest$ParameterizedConversionTest" time="0.007"/>
  <testcase name="testConversionWithOverflow[compressionType=GZIP, toMagic=1]" classname="org.apache.kafka.common.record.LazyDownConversionRecordsTest$ParameterizedConversionTest" time="0.007"/>
  <testcase name="testConversion[compressionType=GZIP, toMagic=1]" classname="org.apache.kafka.common.record.LazyDownConversionRecordsTest$ParameterizedConversionTest" time="0.008"/>
  <testcase name="testConversionWithOverflow[compressionType=NONE, toMagic=2]" classname="org.apache.kafka.common.record.LazyDownConversionRecordsTest$ParameterizedConversionTest" time="0.007"/>
  <testcase name="testConversion[compressionType=NONE, toMagic=2]" classname="org.apache.kafka.common.record.LazyDownConversionRecordsTest$ParameterizedConversionTest" time="0.005"/>
  <testcase name="testConversionWithOverflow[compressionType=GZIP, toMagic=2]" classname="org.apache.kafka.common.record.LazyDownConversionRecordsTest$ParameterizedConversionTest" time="0.007"/>
  <testcase name="testConversion[compressionType=GZIP, toMagic=2]" classname="org.apache.kafka.common.record.LazyDownConversionRecordsTest$ParameterizedConversionTest" time="0.007"/>
  <system-out><![CDATA[]]></system-out>
  <system-err><![CDATA[]]></system-err>
</testsuite>
