<?xml version="1.0" encoding="UTF-8"?>
<testsuite name="org.apache.kafka.common.requests.RequestHeaderTest" tests="4" skipped="0" failures="0" errors="0" timestamp="2020-10-29T02:36:12" hostname="chukun-mac" time="0.001">
  <properties/>
  <testcase name="testRequestHeaderWithInitialPrincipalAndClientId" classname="org.apache.kafka.common.requests.RequestHeaderTest" time="0.001"/>
  <testcase name="testSerdeControlledShutdownV0" classname="org.apache.kafka.common.requests.RequestHeaderTest" time="0.0"/>
  <testcase name="testRequestHeaderV1" classname="org.apache.kafka.common.requests.RequestHeaderTest" time="0.0"/>
  <testcase name="testRequestHeaderV2" classname="org.apache.kafka.common.requests.RequestHeaderTest" time="0.0"/>
  <system-out><![CDATA[]]></system-out>
  <system-err><![CDATA[]]></system-err>
</testsuite>
