<?xml version="1.0" encoding="UTF-8"?>
<testsuite name="org.apache.kafka.clients.consumer.internals.OffsetForLeaderEpochClientTest" tests="5" skipped="0" failures="0" errors="0" timestamp="2022-09-03T10:38:40" hostname="LAPTOP-FH01OFOM" time="0.08">
  <properties/>
  <testcase name="testOkResponse" classname="org.apache.kafka.clients.consumer.internals.OffsetForLeaderEpochClientTest" time="0.075"/>
  <testcase name="testEmptyResponse" classname="org.apache.kafka.clients.consumer.internals.OffsetForLeaderEpochClientTest" time="0.001"/>
  <testcase name="testUnauthorizedTopic" classname="org.apache.kafka.clients.consumer.internals.OffsetForLeaderEpochClientTest" time="0.001"/>
  <testcase name="testUnexpectedEmptyResponse" classname="org.apache.kafka.clients.consumer.internals.OffsetForLeaderEpochClientTest" time="0.002"/>
  <testcase name="testRetriableError" classname="org.apache.kafka.clients.consumer.internals.OffsetForLeaderEpochClientTest" time="0.0"/>
  <system-out><![CDATA[]]></system-out>
  <system-err><![CDATA[]]></system-err>
</testsuite>
