<?xml version="1.0" encoding="UTF-8"?>
<testsuite name="org.apache.kafka.clients.consumer.MockConsumerTest" tests="5" skipped="0" failures="0" errors="0" timestamp="2022-09-03T10:40:13" hostname="LAPTOP-FH01OFOM" time="0.018">
  <properties/>
  <testcase name="testSimpleMock" classname="org.apache.kafka.clients.consumer.MockConsumerTest" time="0.014"/>
  <testcase name="testConsumerRecordsIsEmptyWhenReturningNoRecords" classname="org.apache.kafka.clients.consumer.MockConsumerTest" time="0.003"/>
  <testcase name="shouldNotClearRecordsForPausedPartitions" classname="org.apache.kafka.clients.consumer.MockConsumerTest" time="0.0"/>
  <testcase name="endOffsetsShouldBeIdempotent" classname="org.apache.kafka.clients.consumer.MockConsumerTest" time="0.001"/>
  <testcase name="testSimpleMockDeprecated" classname="org.apache.kafka.clients.consumer.MockConsumerTest" time="0.0"/>
  <system-out><![CDATA[]]></system-out>
  <system-err><![CDATA[]]></system-err>
</testsuite>
