<?xml version="1.0" encoding="UTF-8"?>
<testsuite name="org.apache.kafka.common.security.oauthbearer.internals.unsecured.OAuthBearerValidationUtilsTest" tests="5" skipped="0" failures="0" errors="0" timestamp="2020-10-29T02:32:51" hostname="chukun-mac" time="0.396">
  <properties/>
  <testcase name="validateClaimForExistenceAndType" classname="org.apache.kafka.common.security.oauthbearer.internals.unsecured.OAuthBearerValidationUtilsTest" time="0.366"/>
  <testcase name="validateExpirationTimeAndIssuedAtConsistency" classname="org.apache.kafka.common.security.oauthbearer.internals.unsecured.OAuthBearerValidationUtilsTest" time="0.006"/>
  <testcase name="validateScope" classname="org.apache.kafka.common.security.oauthbearer.internals.unsecured.OAuthBearerValidationUtilsTest" time="0.012"/>
  <testcase name="validateIssuedAt" classname="org.apache.kafka.common.security.oauthbearer.internals.unsecured.OAuthBearerValidationUtilsTest" time="0.006"/>
  <testcase name="validateExpirationTime" classname="org.apache.kafka.common.security.oauthbearer.internals.unsecured.OAuthBearerValidationUtilsTest" time="0.006"/>
  <system-out><![CDATA[]]></system-out>
  <system-err><![CDATA[]]></system-err>
</testsuite>
