<?xml version="1.0" encoding="UTF-8"?>
<testsuite name="org.apache.kafka.common.record.LazyDownConversionRecordsTest$ParameterizedConversionTest" tests="12" skipped="0" failures="0" errors="0" timestamp="2020-10-29T02:32:15" hostname="chukun-mac" time="0.074">
  <properties/>
  <testcase name="testConversionWithOverflow[compressionType=NONE, toMagic=0]" classname="org.apache.kafka.common.record.LazyDownConversionRecordsTest$ParameterizedConversionTest" time="0.027"/>
  <testcase name="testConversion[compressionType=NONE, toMagic=0]" classname="org.apache.kafka.common.record.LazyDownConversionRecordsTest$ParameterizedConversionTest" time="0.008"/>
  <testcase name="testConversionWithOverflow[compressionType=GZIP, toMagic=0]" classname="org.apache.kafka.common.record.LazyDownConversionRecordsTest$ParameterizedConversionTest" time="0.01"/>
  <testcase name="testConversion[compressionType=GZIP, toMagic=0]" classname="org.apache.kafka.common.record.LazyDownConversionRecordsTest$ParameterizedConversionTest" time="0.004"/>
  <testcase name="testConversionWithOverflow[compressionType=NONE, toMagic=1]" classname="org.apache.kafka.common.record.LazyDownConversionRecordsTest$ParameterizedConversionTest" time="0.003"/>
  <testcase name="testConversion[compressionType=NONE, toMagic=1]" classname="org.apache.kafka.common.record.LazyDownConversionRecordsTest$ParameterizedConversionTest" time="0.002"/>
  <testcase name="testConversionWithOverflow[compressionType=GZIP, toMagic=1]" classname="org.apache.kafka.common.record.LazyDownConversionRecordsTest$ParameterizedConversionTest" time="0.003"/>
  <testcase name="testConversion[compressionType=GZIP, toMagic=1]" classname="org.apache.kafka.common.record.LazyDownConversionRecordsTest$ParameterizedConversionTest" time="0.004"/>
  <testcase name="testConversionWithOverflow[compressionType=NONE, toMagic=2]" classname="org.apache.kafka.common.record.LazyDownConversionRecordsTest$ParameterizedConversionTest" time="0.002"/>
  <testcase name="testConversion[compressionType=NONE, toMagic=2]" classname="org.apache.kafka.common.record.LazyDownConversionRecordsTest$ParameterizedConversionTest" time="0.003"/>
  <testcase name="testConversionWithOverflow[compressionType=GZIP, toMagic=2]" classname="org.apache.kafka.common.record.LazyDownConversionRecordsTest$ParameterizedConversionTest" time="0.003"/>
  <testcase name="testConversion[compressionType=GZIP, toMagic=2]" classname="org.apache.kafka.common.record.LazyDownConversionRecordsTest$ParameterizedConversionTest" time="0.002"/>
  <system-out><![CDATA[]]></system-out>
  <system-err><![CDATA[]]></system-err>
</testsuite>
