<?xml version="1.0" encoding="UTF-8"?>
<testsuite name="org.apache.kafka.common.network.SslSelectorTest" tests="38" skipped="0" failures="0" errors="0" timestamp="2022-09-03T10:40:51" hostname="LAPTOP-FH01OFOM" time="24.449">
  <properties/>
  <testcase name="testBytesBufferedChannelAfterMute" classname="org.apache.kafka.common.network.SslSelectorTest" time="0.435"/>
  <testcase name="testBytesBufferedChannelWithNoIncomingBytes" classname="org.apache.kafka.common.network.SslSelectorTest" time="0.565"/>
  <testcase name="testRenegotiationFails" classname="org.apache.kafka.common.network.SslSelectorTest" time="0.225"/>
  <testcase name="testDisconnectWithIntermediateBufferedBytes" classname="org.apache.kafka.common.network.SslSelectorTest" time="0.515"/>
  <testcase name="testConnectionWithCustomKeyManager" classname="org.apache.kafka.common.network.SslSelectorTest" time="0.951"/>
  <testcase name="testGracefulClose" classname="org.apache.kafka.common.network.SslSelectorTest" time="0.227"/>
  <testcase name="testSendLargeRequest" classname="org.apache.kafka.common.network.SslSelectorTest" time="0.178"/>
  <testcase name="testLargeMessageSequence" classname="org.apache.kafka.common.network.SslSelectorTest" time="1.025"/>
  <testcase name="testLowestPriorityChannel" classname="org.apache.kafka.common.network.SslSelectorTest" time="0.261"/>
  <testcase name="testConnectDisconnectDuringInSinglePoll" classname="org.apache.kafka.common.network.SslSelectorTest" time="0.166"/>
  <testcase name="testConnectException" classname="org.apache.kafka.common.network.SslSelectorTest" time="0.12"/>
  <testcase name="registerFailure" classname="org.apache.kafka.common.network.SslSelectorTest" time="0.197"/>
  <testcase name="testMute" classname="org.apache.kafka.common.network.SslSelectorTest" time="0.072"/>
  <testcase name="testCloseAllChannels" classname="org.apache.kafka.common.network.SslSelectorTest" time="0.224"/>
  <testcase name="testExpireConnectionWithPendingReceives" classname="org.apache.kafka.common.network.SslSelectorTest" time="0.102"/>
  <testcase name="testCantSendWithInProgress" classname="org.apache.kafka.common.network.SslSelectorTest" time="0.348"/>
  <testcase name="testOutboundConnectionsCountInConnectionCreationMetric" classname="org.apache.kafka.common.network.SslSelectorTest" time="1.197"/>
  <testcase name="testImmediatelyConnectedCleaned" classname="org.apache.kafka.common.network.SslSelectorTest" time="0.168"/>
  <testcase name="testExistingConnectionId" classname="org.apache.kafka.common.network.SslSelectorTest" time="0.349"/>
  <testcase name="testCantSendWithoutConnecting" classname="org.apache.kafka.common.network.SslSelectorTest" time="0.058"/>
  <testcase name="testCloseOldestConnection" classname="org.apache.kafka.common.network.SslSelectorTest" time="0.227"/>
  <testcase name="testServerDisconnect" classname="org.apache.kafka.common.network.SslSelectorTest" time="0.489"/>
  <testcase name="testMetricsCleanupOnSelectorClose" classname="org.apache.kafka.common.network.SslSelectorTest" time="0.569"/>
  <testcase name="testPartialSendAndReceiveReflectedInMetrics" classname="org.apache.kafka.common.network.SslSelectorTest" time="0.643"/>
  <testcase name="testWriteCompletesSendWithNoBytesWritten" classname="org.apache.kafka.common.network.SslSelectorTest" time="0.144"/>
  <testcase name="testIdleExpiryWithoutReadyKeys" classname="org.apache.kafka.common.network.SslSelectorTest" time="0.513"/>
  <testcase name="testConnectionsByClientMetric" classname="org.apache.kafka.common.network.SslSelectorTest" time="0.221"/>
  <testcase name="testInboundConnectionsCountInConnectionCreationMetric" classname="org.apache.kafka.common.network.SslSelectorTest" time="0.331"/>
  <testcase name="testNoRouteToHost" classname="org.apache.kafka.common.network.SslSelectorTest" time="11.456"/>
  <testcase name="testClearCompletedSendsAndReceives" classname="org.apache.kafka.common.network.SslSelectorTest" time="0.176"/>
  <testcase name="testPartialReceiveGracefulClose" classname="org.apache.kafka.common.network.SslSelectorTest" time="0.234"/>
  <testcase name="testNormalOperation" classname="org.apache.kafka.common.network.SslSelectorTest" time="0.655"/>
  <testcase name="testMuteOnOOM" classname="org.apache.kafka.common.network.SslSelectorTest" time="0.517"/>
  <testcase name="testCloseOldestConnectionWithMultiplePendingReceives" classname="org.apache.kafka.common.network.SslSelectorTest" time="0.331"/>
  <testcase name="testExpireClosedConnectionWithPendingReceives" classname="org.apache.kafka.common.network.SslSelectorTest" time="0.169"/>
  <testcase name="testConnectionRefused" classname="org.apache.kafka.common.network.SslSelectorTest" time="0.106"/>
  <testcase name="testChannelCloseWhileProcessingReceives" classname="org.apache.kafka.common.network.SslSelectorTest" time="0.143"/>
  <testcase name="testEmptyRequest" classname="org.apache.kafka.common.network.SslSelectorTest" time="0.14"/>
  <system-out><![CDATA[[2022-09-03 18:40:52,813] ERROR [SslTransportLayer channelId=0 key=sun.nio.ch.SelectionKeyImpl@6e7368e] Renegotiation requested, but it is not supported, channelId 0, appReadBuffer pos 0, netReadBuffer pos 0, netWriteBuffer pos 69 handshakeStatus NEED_TASK (org.apache.kafka.common.network.SslTransportLayer:585)
[2022-09-03 18:40:52,813] ERROR [SslTransportLayer channelId=0 key=sun.nio.ch.SelectionKeyImpl@6e7368e] Renegotiation requested, but it is not supported, channelId 0, appReadBuffer pos 0, netReadBuffer pos 690, netWriteBuffer pos 69 handshakeStatus NEED_TASK (org.apache.kafka.common.network.SslTransportLayer:585)
[2022-09-03 18:40:56,747] ERROR Failed to close release connections with type org.apache.kafka.common.network.Selector$$Lambda$25/230423981 (org.apache.kafka.common.utils.Utils:981)
java.lang.RuntimeException: you should fail
	at org.apache.kafka.common.network.SelectorTest$2$1.close(SelectorTest.java:419)
	at org.apache.kafka.common.network.Selector.doClose(Selector.java:951)
	at org.apache.kafka.common.network.Selector.close(Selector.java:935)
	at org.apache.kafka.common.network.Selector.close(Selector.java:881)
	at org.apache.kafka.common.network.Selector.lambda$null$0(Selector.java:368)
	at org.apache.kafka.common.utils.Utils.closeQuietly(Utils.java:978)
	at org.apache.kafka.common.utils.Utils.closeAllQuietly(Utils.java:993)
	at org.apache.kafka.common.network.Selector.close(Selector.java:367)
	at org.junit.Assert.assertThrows(Assert.java:1001)
	at org.junit.Assert.assertThrows(Assert.java:981)
	at org.apache.kafka.common.network.SelectorTest.testCloseAllChannels(SelectorTest.java:429)
	at sun.reflect.NativeMethodAccessorImpl.invoke0(Native Method)
	at sun.reflect.NativeMethodAccessorImpl.invoke(NativeMethodAccessorImpl.java:62)
	at sun.reflect.DelegatingMethodAccessorImpl.invoke(DelegatingMethodAccessorImpl.java:43)
	at java.lang.reflect.Method.invoke(Method.java:498)
	at org.junit.runners.model.FrameworkMethod$1.runReflectiveCall(FrameworkMethod.java:59)
	at org.junit.internal.runners.model.ReflectiveCallable.run(ReflectiveCallable.java:12)
	at org.junit.runners.model.FrameworkMethod.invokeExplosively(FrameworkMethod.java:56)
	at org.junit.internal.runners.statements.InvokeMethod.evaluate(InvokeMethod.java:17)
	at org.junit.internal.runners.statements.RunBefores.evaluate(RunBefores.java:26)
	at org.junit.internal.runners.statements.RunAfters.evaluate(RunAfters.java:27)
	at org.junit.internal.runners.statements.FailOnTimeout$CallableStatement.call(FailOnTimeout.java:288)
	at org.junit.internal.runners.statements.FailOnTimeout$CallableStatement.call(FailOnTimeout.java:282)
	at java.util.concurrent.FutureTask.run(FutureTask.java:266)
	at java.lang.Thread.run(Thread.java:748)
[2022-09-03 18:40:57,199] ERROR Unexpected exception during send, closing connection 0 and rethrowing exception {} (org.apache.kafka.common.network.Selector:402)
java.lang.IllegalStateException: Attempt to begin a send operation with prior send operation still in progress, connection id is 0
	at org.apache.kafka.common.network.KafkaChannel.setSend(KafkaChannel.java:376)
	at org.apache.kafka.common.network.Selector.send(Selector.java:394)
	at org.apache.kafka.common.network.SelectorTest.testCantSendWithInProgress(SelectorTest.java:167)
	at sun.reflect.NativeMethodAccessorImpl.invoke0(Native Method)
	at sun.reflect.NativeMethodAccessorImpl.invoke(NativeMethodAccessorImpl.java:62)
	at sun.reflect.DelegatingMethodAccessorImpl.invoke(DelegatingMethodAccessorImpl.java:43)
	at java.lang.reflect.Method.invoke(Method.java:498)
	at org.junit.runners.model.FrameworkMethod$1.runReflectiveCall(FrameworkMethod.java:59)
	at org.junit.internal.runners.model.ReflectiveCallable.run(ReflectiveCallable.java:12)
	at org.junit.runners.model.FrameworkMethod.invokeExplosively(FrameworkMethod.java:56)
	at org.junit.internal.runners.statements.InvokeMethod.evaluate(InvokeMethod.java:17)
	at org.junit.internal.runners.statements.RunBefores.evaluate(RunBefores.java:26)
	at org.junit.internal.runners.statements.RunAfters.evaluate(RunAfters.java:27)
	at org.junit.internal.runners.statements.FailOnTimeout$CallableStatement.call(FailOnTimeout.java:288)
	at org.junit.internal.runners.statements.FailOnTimeout$CallableStatement.call(FailOnTimeout.java:282)
	at java.util.concurrent.FutureTask.run(FutureTask.java:266)
	at java.lang.Thread.run(Thread.java:748)
[2022-09-03 18:41:00,257] ERROR Failed to close release connections with type org.apache.kafka.common.network.Selector$$Lambda$25/230423981 (org.apache.kafka.common.utils.Utils:981)
java.lang.RuntimeException
	at org.apache.kafka.common.network.SelectorTest$5.close(SelectorTest.java:942)
	at org.apache.kafka.common.network.Selector.lambda$null$0(Selector.java:368)
	at org.apache.kafka.common.utils.Utils.closeQuietly(Utils.java:978)
	at org.apache.kafka.common.utils.Utils.closeAllQuietly(Utils.java:993)
	at org.apache.kafka.common.network.Selector.close(Selector.java:367)
	at org.junit.Assert.assertThrows(Assert.java:1001)
	at org.junit.Assert.assertThrows(Assert.java:981)
	at org.apache.kafka.common.network.SelectorTest.testMetricsCleanupOnSelectorClose(SelectorTest.java:950)
	at sun.reflect.NativeMethodAccessorImpl.invoke0(Native Method)
	at sun.reflect.NativeMethodAccessorImpl.invoke(NativeMethodAccessorImpl.java:62)
	at sun.reflect.DelegatingMethodAccessorImpl.invoke(DelegatingMethodAccessorImpl.java:43)
	at java.lang.reflect.Method.invoke(Method.java:498)
	at org.junit.runners.model.FrameworkMethod$1.runReflectiveCall(FrameworkMethod.java:59)
	at org.junit.internal.runners.model.ReflectiveCallable.run(ReflectiveCallable.java:12)
	at org.junit.runners.model.FrameworkMethod.invokeExplosively(FrameworkMethod.java:56)
	at org.junit.internal.runners.statements.InvokeMethod.evaluate(InvokeMethod.java:17)
	at org.junit.internal.runners.statements.RunBefores.evaluate(RunBefores.java:26)
	at org.junit.internal.runners.statements.RunAfters.evaluate(RunAfters.java:27)
	at org.junit.internal.runners.statements.FailOnTimeout$CallableStatement.call(FailOnTimeout.java:288)
	at org.junit.internal.runners.statements.FailOnTimeout$CallableStatement.call(FailOnTimeout.java:282)
	at java.util.concurrent.FutureTask.run(FutureTask.java:266)
	at java.lang.Thread.run(Thread.java:748)
]]></system-out>
  <system-err><![CDATA[]]></system-err>
</testsuite>
