<?xml version="1.0" encoding="UTF-8"?>
<testsuite name="org.apache.kafka.common.message.RecordsSerdeTest" tests="3" skipped="0" failures="0" errors="0" timestamp="2020-10-29T02:31:47" hostname="chukun-mac" time="0.007">
  <properties/>
  <testcase name="testSerdeRecords" classname="org.apache.kafka.common.message.RecordsSerdeTest" time="0.006"/>
  <testcase name="testSerdeEmptyRecords" classname="org.apache.kafka.common.message.RecordsSerdeTest" time="0.001"/>
  <testcase name="testSerdeNullRecords" classname="org.apache.kafka.common.message.RecordsSerdeTest" time="0.0"/>
  <system-out><![CDATA[]]></system-out>
  <system-err><![CDATA[]]></system-err>
</testsuite>
