<?xml version="1.0" encoding="UTF-8"?>
<testsuite name="org.apache.kafka.clients.consumer.ConsumerRecordTest" tests="2" skipped="0" failures="0" errors="0" timestamp="2020-10-29T02:32:42" hostname="chukun-mac" time="0.001">
  <properties/>
  <testcase name="testNullChecksumInConstructor" classname="org.apache.kafka.clients.consumer.ConsumerRecordTest" time="0.001"/>
  <testcase name="testOldConstructor" classname="org.apache.kafka.clients.consumer.ConsumerRecordTest" time="0.0"/>
  <system-out><![CDATA[]]></system-out>
  <system-err><![CDATA[]]></system-err>
</testsuite>
