<?xml version="1.0" encoding="UTF-8"?>
<testsuite name="org.apache.kafka.common.utils.MockTimeTest" tests="4" skipped="0" failures="0" errors="0" timestamp="2022-09-03T10:38:31" hostname="LAPTOP-FH01OFOM" time="0.006">
  <properties/>
  <testcase name="testAutoTickMs" classname="org.apache.kafka.common.utils.MockTimeTest" time="0.001"/>
  <testcase name="testAdvanceClock" classname="org.apache.kafka.common.utils.MockTimeTest" time="0.001"/>
  <testcase name="testWaitObjectTimeout" classname="org.apache.kafka.common.utils.MockTimeTest" time="0.002"/>
  <testcase name="testWaitObjectConditionSatisfied" classname="org.apache.kafka.common.utils.MockTimeTest" time="0.002"/>
  <system-out><![CDATA[]]></system-out>
  <system-err><![CDATA[]]></system-err>
</testsuite>
