<?xml version="1.0" encoding="UTF-8"?>
<testsuite name="org.apache.kafka.common.security.oauthbearer.internals.unsecured.OAuthBearerValidationUtilsTest" tests="5" skipped="0" failures="0" errors="0" timestamp="2022-09-03T10:37:56" hostname="LAPTOP-FH01OFOM" time="0.427">
  <properties/>
  <testcase name="validateClaimForExistenceAndType" classname="org.apache.kafka.common.security.oauthbearer.internals.unsecured.OAuthBearerValidationUtilsTest" time="0.411"/>
  <testcase name="validateExpirationTimeAndIssuedAtConsistency" classname="org.apache.kafka.common.security.oauthbearer.internals.unsecured.OAuthBearerValidationUtilsTest" time="0.003"/>
  <testcase name="validateScope" classname="org.apache.kafka.common.security.oauthbearer.internals.unsecured.OAuthBearerValidationUtilsTest" time="0.008"/>
  <testcase name="validateIssuedAt" classname="org.apache.kafka.common.security.oauthbearer.internals.unsecured.OAuthBearerValidationUtilsTest" time="0.004"/>
  <testcase name="validateExpirationTime" classname="org.apache.kafka.common.security.oauthbearer.internals.unsecured.OAuthBearerValidationUtilsTest" time="0.001"/>
  <system-out><![CDATA[]]></system-out>
  <system-err><![CDATA[]]></system-err>
</testsuite>
