<?xml version="1.0" encoding="UTF-8"?>
<testsuite name="org.apache.kafka.common.network.SslVersionsTransportLayerTest" tests="1" skipped="0" failures="0" errors="0" timestamp="2020-10-29T02:32:10" hostname="chukun-mac" time="1.769">
  <properties/>
  <testcase name="testTlsDefaults[tlsServerProtocol=[TLSv1.2],tlsClientProtocol=[TLSv1.2]]" classname="org.apache.kafka.common.network.SslVersionsTransportLayerTest" time="1.769"/>
  <system-out><![CDATA[]]></system-out>
  <system-err><![CDATA[]]></system-err>
</testsuite>
