<?xml version="1.0" encoding="UTF-8"?>
<testsuite name="org.apache.kafka.common.metrics.stats.MeterTest" tests="1" skipped="0" failures="0" errors="0" timestamp="2022-09-03T10:37:58" hostname="LAPTOP-FH01OFOM" time="0.009">
  <properties/>
  <testcase name="testMeter" classname="org.apache.kafka.common.metrics.stats.MeterTest" time="0.009"/>
  <system-out><![CDATA[]]></system-out>
  <system-err><![CDATA[]]></system-err>
</testsuite>
