<?xml version="1.0" encoding="UTF-8"?>
<testsuite name="org.apache.kafka.common.security.oauthbearer.OAuthBearerExtensionsValidatorCallbackTest" tests="4" skipped="0" failures="0" errors="0" timestamp="2022-09-03T10:38:46" hostname="LAPTOP-FH01OFOM" time="0.003">
  <properties/>
  <testcase name="testCannotValidateExtensionWhichWasNotGiven" classname="org.apache.kafka.common.security.oauthbearer.OAuthBearerExtensionsValidatorCallbackTest" time="0.001"/>
  <testcase name="testUnvalidatedExtensionsAreIgnored" classname="org.apache.kafka.common.security.oauthbearer.OAuthBearerExtensionsValidatorCallbackTest" time="0.001"/>
  <testcase name="testValidatedExtensionsAreReturned" classname="org.apache.kafka.common.security.oauthbearer.OAuthBearerExtensionsValidatorCallbackTest" time="0.0"/>
  <testcase name="testInvalidExtensionsAndErrorMessagesAreReturned" classname="org.apache.kafka.common.security.oauthbearer.OAuthBearerExtensionsValidatorCallbackTest" time="0.0"/>
  <system-out><![CDATA[]]></system-out>
  <system-err><![CDATA[]]></system-err>
</testsuite>
