<?xml version="1.0" encoding="UTF-8"?>
<testsuite name="org.apache.kafka.common.requests.RequestResponseTest" tests="28" skipped="0" failures="0" errors="0" timestamp="2020-10-29T02:36:12" hostname="chukun-mac" time="0.245">
  <properties/>
  <testcase name="testValidApiVersionsRequest" classname="org.apache.kafka.common.requests.RequestResponseTest" time="0.0"/>
  <testcase name="cannotUseFindCoordinatorV0ToFindTransactionCoordinator" classname="org.apache.kafka.common.requests.RequestResponseTest" time="0.001"/>
  <testcase name="testJoinGroupRequestVersion0RebalanceTimeout" classname="org.apache.kafka.common.requests.RequestResponseTest" time="0.001"/>
  <testcase name="testFetchRequestIsolationLevel" classname="org.apache.kafka.common.requests.RequestResponseTest" time="0.002"/>
  <testcase name="testApiVersionResponseStructParsingFallback" classname="org.apache.kafka.common.requests.RequestResponseTest" time="0.0"/>
  <testcase name="testCreateTopicRequestV3FailsIfNoPartitionsOrReplicas" classname="org.apache.kafka.common.requests.RequestResponseTest" time="0.005"/>
  <testcase name="testOffsetFetchRequestBuilderToString" classname="org.apache.kafka.common.requests.RequestResponseTest" time="0.002"/>
  <testcase name="testResponseHeader" classname="org.apache.kafka.common.requests.RequestResponseTest" time="0.0"/>
  <testcase name="testSerialization" classname="org.apache.kafka.common.requests.RequestResponseTest" time="0.207"/>
  <testcase name="verifyFetchResponseFullWrites" classname="org.apache.kafka.common.requests.RequestResponseTest" time="0.013"/>
  <testcase name="fetchResponseVersionTest" classname="org.apache.kafka.common.requests.RequestResponseTest" time="0.0"/>
  <testcase name="testFetchResponseV4" classname="org.apache.kafka.common.requests.RequestResponseTest" time="0.001"/>
  <testcase name="testInvalidApiVersionsRequest" classname="org.apache.kafka.common.requests.RequestResponseTest" time="0.0"/>
  <testcase name="testFetchRequestMaxBytesOldVersions" classname="org.apache.kafka.common.requests.RequestResponseTest" time="0.0"/>
  <testcase name="testFetchRequestCompat" classname="org.apache.kafka.common.requests.RequestResponseTest" time="0.001"/>
  <testcase name="testListGroupRequestV3FailsWithStates" classname="org.apache.kafka.common.requests.RequestResponseTest" time="0.003"/>
  <testcase name="testDeletableTopicResultErrorMessageIsNullByDefault" classname="org.apache.kafka.common.requests.RequestResponseTest" time="0.0"/>
  <testcase name="produceRequestToStringTest" classname="org.apache.kafka.common.requests.RequestResponseTest" time="0.0"/>
  <testcase name="testCreateTopicRequestV0FailsIfValidateOnly" classname="org.apache.kafka.common.requests.RequestResponseTest" time="0.001"/>
  <testcase name="testControlledShutdownResponse" classname="org.apache.kafka.common.requests.RequestResponseTest" time="0.001"/>
  <testcase name="testApiVersionResponseStructParsing" classname="org.apache.kafka.common.requests.RequestResponseTest" time="0.0"/>
  <testcase name="testApiVersionResponseWithNotUnsupportedError" classname="org.apache.kafka.common.requests.RequestResponseTest" time="0.0"/>
  <testcase name="testFetchRequestWithMetadata" classname="org.apache.kafka.common.requests.RequestResponseTest" time="0.001"/>
  <testcase name="testInitProducerIdRequestVersions" classname="org.apache.kafka.common.requests.RequestResponseTest" time="0.0"/>
  <testcase name="testApiVersionsRequestBeforeV3Validation" classname="org.apache.kafka.common.requests.RequestResponseTest" time="0.0"/>
  <testcase name="testApiVersionResponseStructParsingFallbackException" classname="org.apache.kafka.common.requests.RequestResponseTest" time="0.0"/>
  <testcase name="testApiVersionResponseWithUnsupportedError" classname="org.apache.kafka.common.requests.RequestResponseTest" time="0.0"/>
  <testcase name="produceRequestGetErrorResponseTest" classname="org.apache.kafka.common.requests.RequestResponseTest" time="0.0"/>
  <system-out><![CDATA[]]></system-out>
  <system-err><![CDATA[]]></system-err>
</testsuite>
