<?xml version="1.0" encoding="UTF-8"?>
<testsuite name="org.apache.kafka.clients.MetadataTest" tests="22" skipped="0" failures="0" errors="0" timestamp="2022-09-03T10:40:13" hostname="LAPTOP-FH01OFOM" time="0.039">
  <properties/>
  <testcase name="testTimeToNextUpdateRetryBackoff" classname="org.apache.kafka.clients.MetadataTest" time="0.003"/>
  <testcase name="testClusterCopy" classname="org.apache.kafka.clients.MetadataTest" time="0.009"/>
  <testcase name="testMetadataTopicErrors" classname="org.apache.kafka.clients.MetadataTest" time="0.003"/>
  <testcase name="testPartialMetadataUpdate" classname="org.apache.kafka.clients.MetadataTest" time="0.003"/>
  <testcase name="testInvalidTopicError" classname="org.apache.kafka.clients.MetadataTest" time="0.001"/>
  <testcase name="testOutOfBandEpochUpdate" classname="org.apache.kafka.clients.MetadataTest" time="0.002"/>
  <testcase name="testUpdateLastEpoch" classname="org.apache.kafka.clients.MetadataTest" time="0.002"/>
  <testcase name="testUpdateMetadataAllowedImmediatelyAfterBootstrap" classname="org.apache.kafka.clients.MetadataTest" time="0.0"/>
  <testcase name="testFailedUpdate" classname="org.apache.kafka.clients.MetadataTest" time="0.0"/>
  <testcase name="testRequestUpdate" classname="org.apache.kafka.clients.MetadataTest" time="0.001"/>
  <testcase name="testTopicAuthorizationError" classname="org.apache.kafka.clients.MetadataTest" time="0.001"/>
  <testcase name="testClusterListenerGetsNotifiedOfUpdate" classname="org.apache.kafka.clients.MetadataTest" time="0.001"/>
  <testcase name="testStaleMetadata" classname="org.apache.kafka.clients.MetadataTest" time="0.001"/>
  <testcase name="testMetadataMerge" classname="org.apache.kafka.clients.MetadataTest" time="0.004"/>
  <testcase name="testLeaderMetadataInconsistentWithBrokerMetadata" classname="org.apache.kafka.clients.MetadataTest" time="0.001"/>
  <testcase name="testMetadataUpdateAfterClose" classname="org.apache.kafka.clients.MetadataTest" time="0.0"/>
  <testcase name="testRejectOldMetadata" classname="org.apache.kafka.clients.MetadataTest" time="0.002"/>
  <testcase name="testIgnoreLeaderEpochInOlderMetadataResponse" classname="org.apache.kafka.clients.MetadataTest" time="0.002"/>
  <testcase name="testRequestVersion" classname="org.apache.kafka.clients.MetadataTest" time="0.001"/>
  <testcase name="testTimeToNextUpdate" classname="org.apache.kafka.clients.MetadataTest" time="0.001"/>
  <testcase name="testNoEpoch" classname="org.apache.kafka.clients.MetadataTest" time="0.0"/>
  <testcase name="testNodeIfOffline" classname="org.apache.kafka.clients.MetadataTest" time="0.001"/>
  <system-out><![CDATA[[2022-09-03 18:40:13,488] ERROR Metadata response reported invalid topics [topic3] (org.apache.kafka.clients.Metadata:294)
[2022-09-03 18:40:13,488] ERROR Topic authorization failed for topics [topic4] (org.apache.kafka.clients.Metadata:301)
[2022-09-03 18:40:13,490] ERROR Metadata response reported invalid topics [invalidTopic] (org.apache.kafka.clients.Metadata:294)
[2022-09-03 18:40:13,490] ERROR Topic authorization failed for topics [sensitiveTopic2, sensitiveTopic1] (org.apache.kafka.clients.Metadata:301)
[2022-09-03 18:40:13,491] ERROR Metadata response reported invalid topics [invalidTopic] (org.apache.kafka.clients.Metadata:294)
[2022-09-03 18:40:13,491] ERROR Topic authorization failed for topics [sensitiveTopic2, sensitiveTopic1] (org.apache.kafka.clients.Metadata:301)
[2022-09-03 18:40:13,492] ERROR Metadata response reported invalid topics [invalidTopic] (org.apache.kafka.clients.Metadata:294)
[2022-09-03 18:40:13,492] ERROR Topic authorization failed for topics [sensitiveTopic2, sensitiveTopic1] (org.apache.kafka.clients.Metadata:301)
[2022-09-03 18:40:13,492] ERROR Metadata response reported invalid topics [invalidTopic] (org.apache.kafka.clients.Metadata:294)
[2022-09-03 18:40:13,492] ERROR Topic authorization failed for topics [sensitiveTopic2, sensitiveTopic1] (org.apache.kafka.clients.Metadata:301)
[2022-09-03 18:40:13,496] ERROR Metadata response reported invalid topics [topic dfsa] (org.apache.kafka.clients.Metadata:294)
[2022-09-03 18:40:13,496] ERROR Metadata response reported invalid topics [topic dfsa] (org.apache.kafka.clients.Metadata:294)
[2022-09-03 18:40:13,502] ERROR Topic authorization failed for topics [foo] (org.apache.kafka.clients.Metadata:301)
[2022-09-03 18:40:13,502] ERROR Topic authorization failed for topics [foo] (org.apache.kafka.clients.Metadata:301)
[2022-09-03 18:40:13,505] ERROR Metadata response reported invalid topics [oldInvalidTopic, keepInvalidTopic] (org.apache.kafka.clients.Metadata:294)
[2022-09-03 18:40:13,506] ERROR Topic authorization failed for topics [oldUnauthorizedTopic, keepUnauthorizedTopic] (org.apache.kafka.clients.Metadata:301)
[2022-09-03 18:40:13,507] ERROR Metadata response reported invalid topics [newInvalidTopic, keepInvalidTopic] (org.apache.kafka.clients.Metadata:294)
[2022-09-03 18:40:13,508] ERROR Topic authorization failed for topics [newUnauthorizedTopic, keepUnauthorizedTopic] (org.apache.kafka.clients.Metadata:301)
]]></system-out>
  <system-err><![CDATA[]]></system-err>
</testsuite>
