<?xml version="1.0" encoding="UTF-8"?>
<testsuite name="org.apache.kafka.common.requests.OffsetCommitRequestTest" tests="3" skipped="0" failures="0" errors="0" timestamp="2022-09-03T10:41:16" hostname="LAPTOP-FH01OFOM" time="0.005">
  <properties/>
  <testcase name="testGetErrorResponseTopics" classname="org.apache.kafka.common.requests.OffsetCommitRequestTest" time="0.001"/>
  <testcase name="testVersionSupportForGroupInstanceId" classname="org.apache.kafka.common.requests.OffsetCommitRequestTest" time="0.0"/>
  <testcase name="testConstructor" classname="org.apache.kafka.common.requests.OffsetCommitRequestTest" time="0.004"/>
  <system-out><![CDATA[]]></system-out>
  <system-err><![CDATA[]]></system-err>
</testsuite>
