<?xml version="1.0" encoding="UTF-8"?>
<testsuite name="org.apache.kafka.common.security.ssl.SslPrincipalMapperTest" tests="5" skipped="0" failures="0" errors="0" timestamp="2022-09-03T10:40:17" hostname="LAPTOP-FH01OFOM" time="0.005">
  <properties/>
  <testcase name="testRulesSplitting" classname="org.apache.kafka.common.security.ssl.SslPrincipalMapperTest" time="0.003"/>
  <testcase name="testValidRules" classname="org.apache.kafka.common.security.ssl.SslPrincipalMapperTest" time="0.0"/>
  <testcase name="testCommaWithWhitespace" classname="org.apache.kafka.common.security.ssl.SslPrincipalMapperTest" time="0.001"/>
  <testcase name="testSslPrincipalMapper" classname="org.apache.kafka.common.security.ssl.SslPrincipalMapperTest" time="0.0"/>
  <testcase name="testInvalidRules" classname="org.apache.kafka.common.security.ssl.SslPrincipalMapperTest" time="0.001"/>
  <system-out><![CDATA[]]></system-out>
  <system-err><![CDATA[]]></system-err>
</testsuite>
