<?xml version="1.0" encoding="UTF-8"?>
<testsuite name="org.apache.kafka.common.TopicPartitionTest" tests="2" skipped="0" failures="0" errors="0" timestamp="2020-10-29T02:32:19" hostname="chukun-mac" time="0.007">
  <properties/>
  <testcase name="testSerializationRoundtrip" classname="org.apache.kafka.common.TopicPartitionTest" time="0.005"/>
  <testcase name="testTopiPartitionSerializationCompatibility" classname="org.apache.kafka.common.TopicPartitionTest" time="0.002"/>
  <system-out><![CDATA[]]></system-out>
  <system-err><![CDATA[]]></system-err>
</testsuite>
