<?xml version="1.0" encoding="UTF-8"?>
<testsuite name="org.apache.kafka.common.security.oauthbearer.internals.expiring.ExpiringCredentialRefreshingLoginTest" tests="6" skipped="0" failures="0" errors="0" timestamp="2020-10-29T02:32:32" hostname="chukun-mac" time="0.129">
  <properties/>
  <testcase name="testRefreshWithExpirationSmallerThanConfiguredBuffers" classname="org.apache.kafka.common.security.oauthbearer.internals.expiring.ExpiringCredentialRefreshingLoginTest" time="0.069"/>
  <testcase name="testRefreshWithMinPeriodIntrusion" classname="org.apache.kafka.common.security.oauthbearer.internals.expiring.ExpiringCredentialRefreshingLoginTest" time="0.004"/>
  <testcase name="testRefreshWithPreExpirationBufferIntrusion" classname="org.apache.kafka.common.security.oauthbearer.internals.expiring.ExpiringCredentialRefreshingLoginTest" time="0.007"/>
  <testcase name="testLoginExceptionCausesCorrectLogout" classname="org.apache.kafka.common.security.oauthbearer.internals.expiring.ExpiringCredentialRefreshingLoginTest" time="0.012"/>
  <testcase name="testRefresh" classname="org.apache.kafka.common.security.oauthbearer.internals.expiring.ExpiringCredentialRefreshingLoginTest" time="0.032"/>
  <testcase name="testRefreshWithExpirationSmallerThanConfiguredBuffersAndOlderCreateTime" classname="org.apache.kafka.common.security.oauthbearer.internals.expiring.ExpiringCredentialRefreshingLoginTest" time="0.004"/>
  <system-out><![CDATA[]]></system-out>
  <system-err><![CDATA[]]></system-err>
</testsuite>
