<?xml version="1.0" encoding="UTF-8"?>
<testsuite name="org.apache.kafka.common.acl.ResourcePatternTest" tests="4" skipped="0" failures="0" errors="0" timestamp="2022-09-03T10:38:10" hostname="LAPTOP-FH01OFOM" time="0.004">
  <properties/>
  <testcase name="shouldThrowIfResourceNameIsNull" classname="org.apache.kafka.common.acl.ResourcePatternTest" time="0.003"/>
  <testcase name="shouldThrowIfPatternTypeIsAny" classname="org.apache.kafka.common.acl.ResourcePatternTest" time="0.0"/>
  <testcase name="shouldThrowIfResourceTypeIsAny" classname="org.apache.kafka.common.acl.ResourcePatternTest" time="0.0"/>
  <testcase name="shouldThrowIfPatternTypeIsMatch" classname="org.apache.kafka.common.acl.ResourcePatternTest" time="0.0"/>
  <system-out><![CDATA[]]></system-out>
  <system-err><![CDATA[]]></system-err>
</testsuite>
