<?xml version="1.0" encoding="UTF-8"?>
<testsuite name="org.apache.kafka.clients.consumer.internals.FetcherTest" tests="128" skipped="0" failures="0" errors="0" timestamp="2022-09-03T10:38:03" hostname="LAPTOP-FH01OFOM" time="2.25">
  <properties/>
  <testcase name="testUpdateFetchPositionResetToLatestOffset" classname="org.apache.kafka.clients.consumer.internals.FetcherTest" time="0.378"/>
  <testcase name="testGetOffsetsFencedLeaderEpoch" classname="org.apache.kafka.clients.consumer.internals.FetcherTest" time="0.002"/>
  <testcase name="testMultipleAbortMarkers" classname="org.apache.kafka.clients.consumer.internals.FetcherTest" time="0.021"/>
  <testcase name="testEndOffsets" classname="org.apache.kafka.clients.consumer.internals.FetcherTest" time="0.006"/>
  <testcase name="testOffsetValidationSkippedForOldResponse" classname="org.apache.kafka.clients.consumer.internals.FetcherTest" time="0.007"/>
  <testcase name="testUpdateFetchPositionOfPausedPartitionsWithAValidPosition" classname="org.apache.kafka.clients.consumer.internals.FetcherTest" time="0.001"/>
  <testcase name="testFetchUnknownTopicOrPartition" classname="org.apache.kafka.clients.consumer.internals.FetcherTest" time="0.002"/>
  <testcase name="testGetOffsetByTimeWithPartitionsRetryCouldTriggerMetadataUpdate" classname="org.apache.kafka.clients.consumer.internals.FetcherTest" time="0.011"/>
  <testcase name="testResetOffsetsMetadataRefresh" classname="org.apache.kafka.clients.consumer.internals.FetcherTest" time="0.002"/>
  <testcase name="testClearBufferedDataForTopicPartitions" classname="org.apache.kafka.clients.consumer.internals.FetcherTest" time="0.002"/>
  <testcase name="testFetchOffsetErrors" classname="org.apache.kafka.clients.consumer.internals.FetcherTest" time="0.003"/>
  <testcase name="testReturnAbortedTransactionsinUncommittedMode" classname="org.apache.kafka.clients.consumer.internals.FetcherTest" time="0.002"/>
  <testcase name="testConsumerPositionUpdatedWhenSkippingAbortedTransactions" classname="org.apache.kafka.clients.consumer.internals.FetcherTest" time="0.003"/>
  <testcase name="testCompletedFetchRemoval" classname="org.apache.kafka.clients.consumer.internals.FetcherTest" time="0.003"/>
  <testcase name="testGetOffsetsUnknownLeaderEpoch" classname="org.apache.kafka.clients.consumer.internals.FetcherTest" time="0.001"/>
  <testcase name="testUpdatePositionWithLastRecordMissingFromBatch" classname="org.apache.kafka.clients.consumer.internals.FetcherTest" time="0.005"/>
  <testcase name="testUpdatePositionOnEmptyBatch" classname="org.apache.kafka.clients.consumer.internals.FetcherTest" time="0.002"/>
  <testcase name="testListOffsetUpdateEpoch" classname="org.apache.kafka.clients.consumer.internals.FetcherTest" time="0.002"/>
  <testcase name="testFetchOffsetOutOfRange" classname="org.apache.kafka.clients.consumer.internals.FetcherTest" time="0.002"/>
  <testcase name="testFetchDiscardedAfterPausedPartitionResumedAndSeekedToNewOffset" classname="org.apache.kafka.clients.consumer.internals.FetcherTest" time="0.001"/>
  <testcase name="testFetcherConcurrency" classname="org.apache.kafka.clients.consumer.internals.FetcherTest" time="0.572"/>
  <testcase name="testOffsetValidationResetOffsetForUndefinedOffsetWithUndefinedResetPolicy" classname="org.apache.kafka.clients.consumer.internals.FetcherTest" time="0.012"/>
  <testcase name="testFetchedRecordsRaisesOnSerializationErrors" classname="org.apache.kafka.clients.consumer.internals.FetcherTest" time="0.003"/>
  <testcase name="testListOffsetNoUpdateMissingEpoch" classname="org.apache.kafka.clients.consumer.internals.FetcherTest" time="0.002"/>
  <testcase name="testUpdateFetchPositionNoOpWithPositionSet" classname="org.apache.kafka.clients.consumer.internals.FetcherTest" time="0.001"/>
  <testcase name="testSkipValidationForOlderApiVersion" classname="org.apache.kafka.clients.consumer.internals.FetcherTest" time="0.002"/>
  <testcase name="testAssignmentChangeWithInFlightReset" classname="org.apache.kafka.clients.consumer.internals.FetcherTest" time="0.001"/>
  <testcase name="testQuotaMetrics" classname="org.apache.kafka.clients.consumer.internals.FetcherTest" time="0.032"/>
  <testcase name="testSeekWithInFlightReset" classname="org.apache.kafka.clients.consumer.internals.FetcherTest" time="0.002"/>
  <testcase name="testFetchMaxPollRecords" classname="org.apache.kafka.clients.consumer.internals.FetcherTest" time="0.001"/>
  <testcase name="testPreferredReadReplicaOffsetError" classname="org.apache.kafka.clients.consumer.internals.FetcherTest" time="0.005"/>
  <testcase name="testParseInvalidRecordBatch" classname="org.apache.kafka.clients.consumer.internals.FetcherTest" time="0.002"/>
  <testcase name="testFetcherSessionEpochUpdate" classname="org.apache.kafka.clients.consumer.internals.FetcherTest" time="0.123"/>
  <testcase name="testSeekBeforeException" classname="org.apache.kafka.clients.consumer.internals.FetcherTest" time="0.001"/>
  <testcase name="testUpdateFetchPositionDisconnect" classname="org.apache.kafka.clients.consumer.internals.FetcherTest" time="0.001"/>
  <testcase name="testConsumingViaIncrementalFetchRequests" classname="org.apache.kafka.clients.consumer.internals.FetcherTest" time="0.001"/>
  <testcase name="testFetchOnCompletedFetchesForPausedAndResumedPartitions" classname="org.apache.kafka.clients.consumer.internals.FetcherTest" time="0.002"/>
  <testcase name="testGetTopicMetadataOfflinePartitions" classname="org.apache.kafka.clients.consumer.internals.FetcherTest" time="0.003"/>
  <testcase name="testFetchResponseMetricsPartialResponse" classname="org.apache.kafka.clients.consumer.internals.FetcherTest" time="0.006"/>
  <testcase name="testGetTopicMetadataInvalidTopic" classname="org.apache.kafka.clients.consumer.internals.FetcherTest" time="0.002"/>
  <testcase name="testUpdateFetchPositionResetToDefaultOffset" classname="org.apache.kafka.clients.consumer.internals.FetcherTest" time="0.001"/>
  <testcase name="testOffsetValidationResetOffsetForUndefinedEpochWithUndefinedResetPolicy" classname="org.apache.kafka.clients.consumer.internals.FetcherTest" time="0.001"/>
  <testcase name="testSkippingAbortedTransactions" classname="org.apache.kafka.clients.consumer.internals.FetcherTest" time="0.001"/>
  <testcase name="testBeginningOffsetsMultipleTopicPartitions" classname="org.apache.kafka.clients.consumer.internals.FetcherTest" time="0.002"/>
  <testcase name="testEpochSetInFetchRequest" classname="org.apache.kafka.clients.consumer.internals.FetcherTest" time="0.002"/>
  <testcase name="testEndOffsetsMultipleTopicPartitions" classname="org.apache.kafka.clients.consumer.internals.FetcherTest" time="0.001"/>
  <testcase name="testFetchError" classname="org.apache.kafka.clients.consumer.internals.FetcherTest" time="0.001"/>
  <testcase name="testFetchNonContinuousRecords" classname="org.apache.kafka.clients.consumer.internals.FetcherTest" time="0.0"/>
  <testcase name="testFetchRequestInternalError" classname="org.apache.kafka.clients.consumer.internals.FetcherTest" time="0.0"/>
  <testcase name="testReadCommittedWithCompactedTopic" classname="org.apache.kafka.clients.consumer.internals.FetcherTest" time="0.003"/>
  <testcase name="testListOffsetSendsReadUncommitted" classname="org.apache.kafka.clients.consumer.internals.FetcherTest" time="0.002"/>
  <testcase name="testGetOffsetsForTimesWhenSomeTopicPartitionLeadersNotKnownInitially" classname="org.apache.kafka.clients.consumer.internals.FetcherTest" time="0.001"/>
  <testcase name="testFetchNormal" classname="org.apache.kafka.clients.consumer.internals.FetcherTest" time="0.001"/>
  <testcase name="testGetAllTopicsTimeout" classname="org.apache.kafka.clients.consumer.internals.FetcherTest" time="0.001"/>
  <testcase name="testReadCommittedAbortMarkerWithNoData" classname="org.apache.kafka.clients.consumer.internals.FetcherTest" time="0.003"/>
  <testcase name="testUnauthorizedTopic" classname="org.apache.kafka.clients.consumer.internals.FetcherTest" time="0.001"/>
  <testcase name="testGetAllTopicsUnauthorized" classname="org.apache.kafka.clients.consumer.internals.FetcherTest" time="0.001"/>
  <testcase name="testBeginningOffsetsDuplicateTopicPartition" classname="org.apache.kafka.clients.consumer.internals.FetcherTest" time="0.001"/>
  <testcase name="testEndOffsetsDuplicateTopicPartition" classname="org.apache.kafka.clients.consumer.internals.FetcherTest" time="0.001"/>
  <testcase name="testFetchOnCompletedFetchesForSomePausedPartitions" classname="org.apache.kafka.clients.consumer.internals.FetcherTest" time="0.001"/>
  <testcase name="testFetchPositionAfterException" classname="org.apache.kafka.clients.consumer.internals.FetcherTest" time="0.001"/>
  <testcase name="testOffsetValidationFencing" classname="org.apache.kafka.clients.consumer.internals.FetcherTest" time="0.002"/>
  <testcase name="testEndOffsetsEmpty" classname="org.apache.kafka.clients.consumer.internals.FetcherTest" time="0.001"/>
  <testcase name="testGetOffsetsIncludesLeaderEpoch" classname="org.apache.kafka.clients.consumer.internals.FetcherTest" time="0.002"/>
  <testcase name="testOffsetValidationAwaitsNodeApiVersion" classname="org.apache.kafka.clients.consumer.internals.FetcherTest" time="0.002"/>
  <testcase name="testFetchFencedLeaderEpoch" classname="org.apache.kafka.clients.consumer.internals.FetcherTest" time="0.001"/>
  <testcase name="testFetchNotLeaderOrFollower" classname="org.apache.kafka.clients.consumer.internals.FetcherTest" time="0.001"/>
  <testcase name="testFetchedRecordsAfterSeek" classname="org.apache.kafka.clients.consumer.internals.FetcherTest" time="0.0"/>
  <testcase name="testFetchOffsetOutOfRangeException" classname="org.apache.kafka.clients.consumer.internals.FetcherTest" time="0.002"/>
  <testcase name="testOffsetValidationRequestGrouping" classname="org.apache.kafka.clients.consumer.internals.FetcherTest" time="0.005"/>
  <testcase name="testFetchDuringCooperativeRebalance" classname="org.apache.kafka.clients.consumer.internals.FetcherTest" time="0.003"/>
  <testcase name="testFetchResponseMetricsWithOnePartitionAtTheWrongOffset" classname="org.apache.kafka.clients.consumer.internals.FetcherTest" time="0.001"/>
  <testcase name="testBatchedListOffsetsMetadataErrors" classname="org.apache.kafka.clients.consumer.internals.FetcherTest" time="0.001"/>
  <testcase name="testFetchOnPausedPartition" classname="org.apache.kafka.clients.consumer.internals.FetcherTest" time="0.002"/>
  <testcase name="testParseCorruptedRecord" classname="org.apache.kafka.clients.consumer.internals.FetcherTest" time="0.008"/>
  <testcase name="testHeaders" classname="org.apache.kafka.clients.consumer.internals.FetcherTest" time="0.003"/>
  <testcase name="testGetOffsetsForTimes" classname="org.apache.kafka.clients.consumer.internals.FetcherTest" time="0.007"/>
  <testcase name="testLeaderEpochInConsumerRecord" classname="org.apache.kafka.clients.consumer.internals.FetcherTest" time="0.001"/>
  <testcase name="testInvalidDefaultRecordBatch" classname="org.apache.kafka.clients.consumer.internals.FetcherTest" time="0.001"/>
  <testcase name="testFetchResponseMetrics" classname="org.apache.kafka.clients.consumer.internals.FetcherTest" time="0.002"/>
  <testcase name="testFetchDuringEagerRebalance" classname="org.apache.kafka.clients.consumer.internals.FetcherTest" time="0.003"/>
  <testcase name="testGetAllTopics" classname="org.apache.kafka.clients.consumer.internals.FetcherTest" time="0.001"/>
  <testcase name="testFetchResponseMetricsWithOnePartitionError" classname="org.apache.kafka.clients.consumer.internals.FetcherTest" time="0.001"/>
  <testcase name="testUpdateFetchPositionResetToEarliestOffset" classname="org.apache.kafka.clients.consumer.internals.FetcherTest" time="0.002"/>
  <testcase name="testMissingLeaderEpochInRecords" classname="org.apache.kafka.clients.consumer.internals.FetcherTest" time="0.001"/>
  <testcase name="testUpdateFetchPositionOfPausedPartitionsWithoutAValidPosition" classname="org.apache.kafka.clients.consumer.internals.FetcherTest" time="0.001"/>
  <testcase name="testStaleOutOfRangeError" classname="org.apache.kafka.clients.consumer.internals.FetcherTest" time="0.001"/>
  <testcase name="testChangeResetWithInFlightReset" classname="org.apache.kafka.clients.consumer.internals.FetcherTest" time="0.001"/>
  <testcase name="testReadCommittedWithCommittedAndAbortedTransactions" classname="org.apache.kafka.clients.consumer.internals.FetcherTest" time="0.001"/>
  <testcase name="testInFlightFetchOnPausedPartition" classname="org.apache.kafka.clients.consumer.internals.FetcherTest" time="0.001"/>
  <testcase name="testResetOffsetsSkipsBlackedOutConnections" classname="org.apache.kafka.clients.consumer.internals.FetcherTest" time="0.001"/>
  <testcase name="testEarlierOffsetResetArrivesLate" classname="org.apache.kafka.clients.consumer.internals.FetcherTest" time="0.786"/>
  <testcase name="testRestOffsetsAuthorizationFailure" classname="org.apache.kafka.clients.consumer.internals.FetcherTest" time="0.001"/>
  <testcase name="testFetcherMetricsTemplates" classname="org.apache.kafka.clients.consumer.internals.FetcherTest" time="0.005"/>
  <testcase name="testReturnCommittedTransactions" classname="org.apache.kafka.clients.consumer.internals.FetcherTest" time="0.002"/>
  <testcase name="testGetOffsetsForTimesTimeout" classname="org.apache.kafka.clients.consumer.internals.FetcherTest" time="0.001"/>
  <testcase name="testGetOffsetsForTimesWithUnknownOffsetV0" classname="org.apache.kafka.clients.consumer.internals.FetcherTest" time="0.001"/>
  <testcase name="testReadCommittedLagMetric" classname="org.apache.kafka.clients.consumer.internals.FetcherTest" time="0.002"/>
  <testcase name="testBeginningOffsets" classname="org.apache.kafka.clients.consumer.internals.FetcherTest" time="0.003"/>
  <testcase name="testOffsetValidationSkippedForOldBroker" classname="org.apache.kafka.clients.consumer.internals.FetcherTest" time="0.003"/>
  <testcase name="testFetchDisconnected" classname="org.apache.kafka.clients.consumer.internals.FetcherTest" time="0.006"/>
  <testcase name="testGetAllTopicsDisconnect" classname="org.apache.kafka.clients.consumer.internals.FetcherTest" time="0.001"/>
  <testcase name="testOffsetValidationResetOffsetForUndefinedOffsetWithDefinedResetPolicy" classname="org.apache.kafka.clients.consumer.internals.FetcherTest" time="0.002"/>
  <testcase name="testFetchSkipsBlackedOutNodes" classname="org.apache.kafka.clients.consumer.internals.FetcherTest" time="0.001"/>
  <testcase name="testOffsetValidationResetOffsetForUndefinedEpochWithDefinedResetPolicy" classname="org.apache.kafka.clients.consumer.internals.FetcherTest" time="0.001"/>
  <testcase name="testOffsetValidationHandlesSeekWithInflightOffsetForLeaderRequest" classname="org.apache.kafka.clients.consumer.internals.FetcherTest" time="0.016"/>
  <testcase name="testListOffsetSendsReadCommitted" classname="org.apache.kafka.clients.consumer.internals.FetcherTest" time="0.002"/>
  <testcase name="testPartialFetchWithPausedPartitions" classname="org.apache.kafka.clients.consumer.internals.FetcherTest" time="0.001"/>
  <testcase name="testFetchAfterPartitionWithFetchedRecordsIsUnassigned" classname="org.apache.kafka.clients.consumer.internals.FetcherTest" time="0.002"/>
  <testcase name="testGetTopicMetadataLeaderNotAvailable" classname="org.apache.kafka.clients.consumer.internals.FetcherTest" time="0.001"/>
  <testcase name="testFetchRequestWhenRecordTooLarge" classname="org.apache.kafka.clients.consumer.internals.FetcherTest" time="0.001"/>
  <testcase name="testFetchUnknownLeaderEpoch" classname="org.apache.kafka.clients.consumer.internals.FetcherTest" time="0.003"/>
  <testcase name="testEmptyControlBatch" classname="org.apache.kafka.clients.consumer.internals.FetcherTest" time="0.006"/>
  <testcase name="testOffsetValidationTriggerLogTruncationForBadOffsetWithUndefinedResetPolicy" classname="org.apache.kafka.clients.consumer.internals.FetcherTest" time="0.002"/>
  <testcase name="testGetOffsetsForTimesWhenSomeTopicPartitionLeadersDisconnectException" classname="org.apache.kafka.clients.consumer.internals.FetcherTest" time="0.003"/>
  <testcase name="testIdempotentResetWithInFlightReset" classname="org.apache.kafka.clients.consumer.internals.FetcherTest" time="0.032"/>
  <testcase name="testGetTopicMetadataUnknownTopic" classname="org.apache.kafka.clients.consumer.internals.FetcherTest" time="0.008"/>
  <testcase name="testPreferredReadReplica" classname="org.apache.kafka.clients.consumer.internals.FetcherTest" time="0.002"/>
  <testcase name="testCorruptMessageError" classname="org.apache.kafka.clients.consumer.internals.FetcherTest" time="0.001"/>
  <testcase name="testFetchCompletedBeforeHandlerAdded" classname="org.apache.kafka.clients.consumer.internals.FetcherTest" time="0.002"/>
  <testcase name="testBeginningOffsetsEmpty" classname="org.apache.kafka.clients.consumer.internals.FetcherTest" time="0.0"/>
  <testcase name="testSubscriptionPositionUpdatedWithEpoch" classname="org.apache.kafka.clients.consumer.internals.FetcherTest" time="0.002"/>
  <testcase name="testFetchOnCompletedFetchesForAllPausedPartitions" classname="org.apache.kafka.clients.consumer.internals.FetcherTest" time="0.001"/>
  <testcase name="testUpdateFetchPositionOfPausedPartitionsRequiringOffsetReset" classname="org.apache.kafka.clients.consumer.internals.FetcherTest" time="0.001"/>
  <testcase name="testTruncationDetected" classname="org.apache.kafka.clients.consumer.internals.FetcherTest" time="0.003"/>
  <testcase name="testFetcherIgnoresControlRecords" classname="org.apache.kafka.clients.consumer.internals.FetcherTest" time="0.005"/>
  <testcase name="testFetcherMetrics" classname="org.apache.kafka.clients.consumer.internals.FetcherTest" time="0.003"/>
  <testcase name="testFetcherLeadMetric" classname="org.apache.kafka.clients.consumer.internals.FetcherTest" time="0.004"/>
  <system-out><![CDATA[]]></system-out>
  <system-err><![CDATA[]]></system-err>
</testsuite>
