<?xml version="1.0" encoding="UTF-8"?>
<testsuite name="org.apache.kafka.common.requests.LeaderAndIsrRequestTest" tests="4" skipped="0" failures="0" errors="0" timestamp="2020-10-29T02:34:18" hostname="chukun-mac" time="0.022">
  <properties/>
  <testcase name="testUnsupportedVersion" classname="org.apache.kafka.common.requests.LeaderAndIsrRequestTest" time="0.008"/>
  <testcase name="testTopicPartitionGroupingSizeReduction" classname="org.apache.kafka.common.requests.LeaderAndIsrRequestTest" time="0.004"/>
  <testcase name="testGetErrorResponse" classname="org.apache.kafka.common.requests.LeaderAndIsrRequestTest" time="0.002"/>
  <testcase name="testVersionLogic" classname="org.apache.kafka.common.requests.LeaderAndIsrRequestTest" time="0.007"/>
  <system-out><![CDATA[]]></system-out>
  <system-err><![CDATA[]]></system-err>
</testsuite>
