<?xml version="1.0" encoding="UTF-8"?>
<testsuite name="org.apache.kafka.common.utils.TimerTest" tests="7" skipped="0" failures="0" errors="0" timestamp="2022-09-03T10:41:16" hostname="LAPTOP-FH01OFOM" time="0.0">
  <properties/>
  <testcase name="testTimerUpdateAndReset" classname="org.apache.kafka.common.utils.TimerTest" time="0.0"/>
  <testcase name="testTimerResetDeadlineUsesCurrentTime" classname="org.apache.kafka.common.utils.TimerTest" time="0.0"/>
  <testcase name="testTimerUpdate" classname="org.apache.kafka.common.utils.TimerTest" time="0.0"/>
  <testcase name="testTimerSleep" classname="org.apache.kafka.common.utils.TimerTest" time="0.0"/>
  <testcase name="testTimerResetUsesCurrentTime" classname="org.apache.kafka.common.utils.TimerTest" time="0.0"/>
  <testcase name="testTimeoutOverflow" classname="org.apache.kafka.common.utils.TimerTest" time="0.0"/>
  <testcase name="testNonMonotonicUpdate" classname="org.apache.kafka.common.utils.TimerTest" time="0.0"/>
  <system-out><![CDATA[]]></system-out>
  <system-err><![CDATA[]]></system-err>
</testsuite>
