<?xml version="1.0" encoding="UTF-8"?>
<testsuite name="org.apache.kafka.common.record.LazyDownConversionRecordsTest" tests="1" skipped="0" failures="0" errors="0" timestamp="2020-10-29T02:31:33" hostname="chukun-mac" time="0.105">
  <properties/>
  <testcase name="testConversionOfCommitMarker" classname="org.apache.kafka.common.record.LazyDownConversionRecordsTest" time="0.105"/>
  <system-out><![CDATA[]]></system-out>
  <system-err><![CDATA[]]></system-err>
</testsuite>
