<?xml version="1.0" encoding="UTF-8"?>
<testsuite name="org.apache.kafka.common.ClusterTest" tests="2" skipped="0" failures="0" errors="0" timestamp="2022-09-03T10:38:43" hostname="LAPTOP-FH01OFOM" time="0.002">
  <properties/>
  <testcase name="testReturnUnmodifiableCollections" classname="org.apache.kafka.common.ClusterTest" time="0.002"/>
  <testcase name="testBootstrap" classname="org.apache.kafka.common.ClusterTest" time="0.0"/>
  <system-out><![CDATA[]]></system-out>
  <system-err><![CDATA[]]></system-err>
</testsuite>
