<?xml version="1.0" encoding="UTF-8"?>
<testsuite name="org.apache.kafka.common.security.authenticator.SaslAuthenticatorFailureDelayTest" tests="4" skipped="0" failures="0" errors="0" timestamp="2020-10-29T02:31:58" hostname="chukun-mac" time="6.38">
  <properties/>
  <testcase name="testInvalidPasswordSaslPlain[failedAuthenticationDelayMs=0]" classname="org.apache.kafka.common.security.authenticator.SaslAuthenticatorFailureDelayTest" time="3.5"/>
  <testcase name="testClientConnectionClose[failedAuthenticationDelayMs=0]" classname="org.apache.kafka.common.security.authenticator.SaslAuthenticatorFailureDelayTest" time="0.626"/>
  <testcase name="testInvalidPasswordSaslPlain[failedAuthenticationDelayMs=200]" classname="org.apache.kafka.common.security.authenticator.SaslAuthenticatorFailureDelayTest" time="1.111"/>
  <testcase name="testClientConnectionClose[failedAuthenticationDelayMs=200]" classname="org.apache.kafka.common.security.authenticator.SaslAuthenticatorFailureDelayTest" time="1.143"/>
  <system-out><![CDATA[]]></system-out>
  <system-err><![CDATA[]]></system-err>
</testsuite>
