<?xml version="1.0" encoding="UTF-8"?>
<testsuite name="org.apache.kafka.common.record.FileRecordsTest" tests="21" skipped="0" failures="0" errors="0" timestamp="2022-09-03T10:38:33" hostname="LAPTOP-FH01OFOM" time="0.297">
  <properties/>
  <testcase name="testTruncate" classname="org.apache.kafka.common.record.FileRecordsTest" time="0.008"/>
  <testcase name="testIterationOverPartialAndTruncation" classname="org.apache.kafka.common.record.FileRecordsTest" time="0.004"/>
  <testcase name="testRead" classname="org.apache.kafka.common.record.FileRecordsTest" time="0.003"/>
  <testcase name="testDownconversionAfterMessageFormatDowngrade" classname="org.apache.kafka.common.record.FileRecordsTest" time="0.025"/>
  <testcase name="testAppendProtectsFromOverflow" classname="org.apache.kafka.common.record.FileRecordsTest" time="0.105"/>
  <testcase name="testTruncateNotCalledIfSizeIsBiggerThanTargetSize" classname="org.apache.kafka.common.record.FileRecordsTest" time="0.004"/>
  <testcase name="testOutOfRangeSlice" classname="org.apache.kafka.common.record.FileRecordsTest" time="0.003"/>
  <testcase name="testFileSize" classname="org.apache.kafka.common.record.FileRecordsTest" time="0.003"/>
  <testcase name="testIteratorWithLimits" classname="org.apache.kafka.common.record.FileRecordsTest" time="0.003"/>
  <testcase name="testTruncateNotCalledIfSizeIsSameAsTargetSize" classname="org.apache.kafka.common.record.FileRecordsTest" time="0.005"/>
  <testcase name="testPreallocateTrue" classname="org.apache.kafka.common.record.FileRecordsTest" time="0.003"/>
  <testcase name="testOpenOversizeFile" classname="org.apache.kafka.common.record.FileRecordsTest" time="0.002"/>
  <testcase name="testTruncateIfSizeIsDifferentToTargetSize" classname="org.apache.kafka.common.record.FileRecordsTest" time="0.004"/>
  <testcase name="testFormatConversionWithPartialMessage" classname="org.apache.kafka.common.record.FileRecordsTest" time="0.002"/>
  <testcase name="testIterationDoesntChangePosition" classname="org.apache.kafka.common.record.FileRecordsTest" time="0.002"/>
  <testcase name="testPreallocateFalse" classname="org.apache.kafka.common.record.FileRecordsTest" time="0.003"/>
  <testcase name="testPreallocateClearShutdown" classname="org.apache.kafka.common.record.FileRecordsTest" time="0.005"/>
  <testcase name="testConversion" classname="org.apache.kafka.common.record.FileRecordsTest" time="0.057"/>
  <testcase name="testSliceSizeLimitWithConcurrentWrite" classname="org.apache.kafka.common.record.FileRecordsTest" time="0.049"/>
  <testcase name="testSearchForTimestamp" classname="org.apache.kafka.common.record.FileRecordsTest" time="0.005"/>
  <testcase name="testSearch" classname="org.apache.kafka.common.record.FileRecordsTest" time="0.002"/>
  <system-out><![CDATA[]]></system-out>
  <system-err><![CDATA[]]></system-err>
</testsuite>
