<?xml version="1.0" encoding="UTF-8"?>
<testsuite name="org.apache.kafka.common.KafkaFutureTest" tests="6" skipped="0" failures="0" errors="0" timestamp="2020-10-29T02:34:16" hostname="chukun-mac" time="0.015">
  <properties/>
  <testcase name="testCompletingFutures" classname="org.apache.kafka.common.KafkaFutureTest" time="0.007"/>
  <testcase name="testThenApply" classname="org.apache.kafka.common.KafkaFutureTest" time="0.002"/>
  <testcase name="testCompleteFutures" classname="org.apache.kafka.common.KafkaFutureTest" time="0.0"/>
  <testcase name="testAllOfFuturesHandlesZeroFutures" classname="org.apache.kafka.common.KafkaFutureTest" time="0.001"/>
  <testcase name="testFutureTimeoutWithZeroWait" classname="org.apache.kafka.common.KafkaFutureTest" time="0.001"/>
  <testcase name="testAllOfFutures" classname="org.apache.kafka.common.KafkaFutureTest" time="0.004"/>
  <system-out><![CDATA[]]></system-out>
  <system-err><![CDATA[]]></system-err>
</testsuite>
