<?xml version="1.0" encoding="UTF-8"?>
<testsuite name="org.apache.kafka.common.utils.MappedIteratorTest" tests="2" skipped="0" failures="0" errors="0" timestamp="2022-09-03T10:38:01" hostname="LAPTOP-FH01OFOM" time="0.002">
  <properties/>
  <testcase name="testEmptyList" classname="org.apache.kafka.common.utils.MappedIteratorTest" time="0.001"/>
  <testcase name="testStringToInteger" classname="org.apache.kafka.common.utils.MappedIteratorTest" time="0.001"/>
  <system-out><![CDATA[]]></system-out>
  <system-err><![CDATA[]]></system-err>
</testsuite>
