<?xml version="1.0" encoding="UTF-8"?>
<testsuite name="org.apache.kafka.clients.admin.ConfigTest" tests="6" skipped="0" failures="0" errors="0" timestamp="2022-09-03T10:38:39" hostname="LAPTOP-FH01OFOM" time="0.009">
  <properties/>
  <testcase name="shouldGetAllEntries" classname="org.apache.kafka.clients.admin.ConfigTest" time="0.005"/>
  <testcase name="shouldImplementHashCodeProperly" classname="org.apache.kafka.clients.admin.ConfigTest" time="0.0"/>
  <testcase name="shouldImplementToStringProperly" classname="org.apache.kafka.clients.admin.ConfigTest" time="0.001"/>
  <testcase name="shouldReturnNullOnGetUnknownEntry" classname="org.apache.kafka.clients.admin.ConfigTest" time="0.001"/>
  <testcase name="shouldImplementEqualsProperly" classname="org.apache.kafka.clients.admin.ConfigTest" time="0.0"/>
  <testcase name="shouldGetEntry" classname="org.apache.kafka.clients.admin.ConfigTest" time="0.001"/>
  <system-out><![CDATA[]]></system-out>
  <system-err><![CDATA[]]></system-err>
</testsuite>
