<?xml version="1.0" encoding="UTF-8"?>
<testsuite name="org.apache.kafka.clients.CommonClientConfigsTest" tests="1" skipped="0" failures="0" errors="0" timestamp="2020-10-29T02:31:30" hostname="chukun-mac" time="0.018">
  <properties/>
  <testcase name="testExponentialBackoffDefaults" classname="org.apache.kafka.clients.CommonClientConfigsTest" time="0.018"/>
  <system-out><![CDATA[]]></system-out>
  <system-err><![CDATA[]]></system-err>
</testsuite>
