<?xml version="1.0" encoding="UTF-8"?>
<testsuite name="org.apache.kafka.common.record.ControlRecordTypeTest" tests="2" skipped="0" failures="0" errors="0" timestamp="2022-09-03T10:37:59" hostname="LAPTOP-FH01OFOM" time="0.001">
  <properties/>
  <testcase name="testParseUnknownType" classname="org.apache.kafka.common.record.ControlRecordTypeTest" time="0.001"/>
  <testcase name="testParseUnknownVersion" classname="org.apache.kafka.common.record.ControlRecordTypeTest" time="0.0"/>
  <system-out><![CDATA[]]></system-out>
  <system-err><![CDATA[]]></system-err>
</testsuite>
