<?xml version="1.0" encoding="UTF-8"?>
<testsuite name="org.apache.kafka.common.protocol.types.RawTaggedFieldWriterTest" tests="4" skipped="0" failures="0" errors="0" timestamp="2022-09-03T10:37:59" hostname="LAPTOP-FH01OFOM" time="0.011">
  <properties/>
  <testcase name="testOutOfOrderTags" classname="org.apache.kafka.common.protocol.types.RawTaggedFieldWriterTest" time="0.007"/>
  <testcase name="testWritingZeroRawTaggedFields" classname="org.apache.kafka.common.protocol.types.RawTaggedFieldWriterTest" time="0.001"/>
  <testcase name="testInvalidNextDefinedTag" classname="org.apache.kafka.common.protocol.types.RawTaggedFieldWriterTest" time="0.0"/>
  <testcase name="testWritingSeveralRawTaggedFields" classname="org.apache.kafka.common.protocol.types.RawTaggedFieldWriterTest" time="0.002"/>
  <system-out><![CDATA[]]></system-out>
  <system-err><![CDATA[]]></system-err>
</testsuite>
