<?xml version="1.0" encoding="UTF-8"?>
<testsuite name="org.apache.kafka.clients.consumer.internals.ConsumerInterceptorsTest" tests="2" skipped="0" failures="0" errors="0" timestamp="2022-09-03T10:40:34" hostname="LAPTOP-FH01OFOM" time="0.003">
  <properties/>
  <testcase name="testOnCommitChain" classname="org.apache.kafka.clients.consumer.internals.ConsumerInterceptorsTest" time="0.002"/>
  <testcase name="testOnConsumeChain" classname="org.apache.kafka.clients.consumer.internals.ConsumerInterceptorsTest" time="0.001"/>
  <system-out><![CDATA[]]></system-out>
  <system-err><![CDATA[]]></system-err>
</testsuite>
