<?xml version="1.0" encoding="UTF-8"?>
<testsuite name="org.apache.kafka.common.requests.ListOffsetRequestTest" tests="4" skipped="0" failures="0" errors="0" timestamp="2022-09-03T10:38:45" hostname="LAPTOP-FH01OFOM" time="0.003">
  <properties/>
  <testcase name="testDuplicatePartitions" classname="org.apache.kafka.common.requests.ListOffsetRequestTest" time="0.001"/>
  <testcase name="testGetErrorResponseV0" classname="org.apache.kafka.common.requests.ListOffsetRequestTest" time="0.0"/>
  <testcase name="testToListOffsetTopics" classname="org.apache.kafka.common.requests.ListOffsetRequestTest" time="0.001"/>
  <testcase name="testGetErrorResponse" classname="org.apache.kafka.common.requests.ListOffsetRequestTest" time="0.001"/>
  <system-out><![CDATA[]]></system-out>
  <system-err><![CDATA[]]></system-err>
</testsuite>
