<?xml version="1.0" encoding="UTF-8"?>
<testsuite name="org.apache.kafka.clients.producer.internals.ProducerMetadataTest" tests="8" skipped="0" failures="0" errors="0" timestamp="2022-09-03T10:40:13" hostname="LAPTOP-FH01OFOM" time="2.021">
  <properties/>
  <testcase name="testRequestUpdateForTopic" classname="org.apache.kafka.clients.producer.internals.ProducerMetadataTest" time="0.001"/>
  <testcase name="testMetadataAwaitAfterClose" classname="org.apache.kafka.clients.producer.internals.ProducerMetadataTest" time="0.003"/>
  <testcase name="testTopicExpiry" classname="org.apache.kafka.clients.producer.internals.ProducerMetadataTest" time="0.001"/>
  <testcase name="testMetadataUpdateWaitTime" classname="org.apache.kafka.clients.producer.internals.ProducerMetadataTest" time="2.013"/>
  <testcase name="testMetadataWaitAbortedOnFatalException" classname="org.apache.kafka.clients.producer.internals.ProducerMetadataTest" time="0.0"/>
  <testcase name="testMetadata" classname="org.apache.kafka.clients.producer.internals.ProducerMetadataTest" time="0.002"/>
  <testcase name="testMetadataPartialUpdate" classname="org.apache.kafka.clients.producer.internals.ProducerMetadataTest" time="0.001"/>
  <testcase name="testTimeToNextUpdateOverwriteBackoff" classname="org.apache.kafka.clients.producer.internals.ProducerMetadataTest" time="0.0"/>
  <system-out><![CDATA[]]></system-out>
  <system-err><![CDATA[]]></system-err>
</testsuite>
