<?xml version="1.0" encoding="UTF-8"?>
<testsuite name="org.apache.kafka.common.metrics.TokenBucketTest" tests="2" skipped="0" failures="0" errors="0" timestamp="2022-09-03T10:38:22" hostname="LAPTOP-FH01OFOM" time="0.002">
  <properties/>
  <testcase name="testUnrecord" classname="org.apache.kafka.common.metrics.TokenBucketTest" time="0.002"/>
  <testcase name="testRecord" classname="org.apache.kafka.common.metrics.TokenBucketTest" time="0.0"/>
  <system-out><![CDATA[]]></system-out>
  <system-err><![CDATA[]]></system-err>
</testsuite>
