<?xml version="1.0" encoding="UTF-8"?>
<testsuite name="org.apache.kafka.clients.producer.KafkaProducerTest" tests="45" skipped="0" failures="0" errors="0" timestamp="2020-10-29T02:32:05" hostname="chukun-mac" time="13.965">
  <properties/>
  <testcase name="testInvalidGenerationIdAndMemberIdCombinedInSendOffsets" classname="org.apache.kafka.clients.producer.KafkaProducerTest" time="1.616"/>
  <testcase name="testCloseIsForcedOnPendingAddOffsetRequest" classname="org.apache.kafka.clients.producer.KafkaProducerTest" time="1.027"/>
  <testcase name="closeShouldBeIdempotent" classname="org.apache.kafka.clients.producer.KafkaProducerTest" time="0.067"/>
  <testcase name="testCloseIsForcedOnPendingInitProducerId" classname="org.apache.kafka.clients.producer.KafkaProducerTest" time="1.126"/>
  <testcase name="testPartitionerClose" classname="org.apache.kafka.clients.producer.KafkaProducerTest" time="0.026"/>
  <testcase name="testMetricConfigRecordingLevel" classname="org.apache.kafka.clients.producer.KafkaProducerTest" time="0.022"/>
  <testcase name="testCloseIsForcedOnPendingFindCoordinator" classname="org.apache.kafka.clients.producer.KafkaProducerTest" time="1.135"/>
  <testcase name="testHeadersWithExtendedClasses" classname="org.apache.kafka.clients.producer.KafkaProducerTest" time="1.599"/>
  <testcase name="testCloseWhenWaitingForMetadataUpdate" classname="org.apache.kafka.clients.producer.KafkaProducerTest" time="0.021"/>
  <testcase name="testTopicExpiryInMetadata" classname="org.apache.kafka.clients.producer.KafkaProducerTest" time="0.317"/>
  <testcase name="testMetadataWithPartitionOutOfRange" classname="org.apache.kafka.clients.producer.KafkaProducerTest" time="0.277"/>
  <testcase name="testTopicRefreshInMetadata" classname="org.apache.kafka.clients.producer.KafkaProducerTest" time="0.27"/>
  <testcase name="testNullGroupMetadataInSendOffsets" classname="org.apache.kafka.clients.producer.KafkaProducerTest" time="0.009"/>
  <testcase name="serializerShouldSeeGeneratedClientId" classname="org.apache.kafka.clients.producer.KafkaProducerTest" time="0.008"/>
  <testcase name="testNoSerializerProvided" classname="org.apache.kafka.clients.producer.KafkaProducerTest" time="0.001"/>
  <testcase name="testSendTxnOffsetsWithGroupMetadata" classname="org.apache.kafka.clients.producer.KafkaProducerTest" time="0.017"/>
  <testcase name="testInitTransactionTimeout" classname="org.apache.kafka.clients.producer.KafkaProducerTest" time="0.531"/>
  <testcase name="testInvalidSocketSendBufferSize" classname="org.apache.kafka.clients.producer.KafkaProducerTest" time="0.001"/>
  <testcase name="shouldCloseProperlyAndThrowIfInterrupted" classname="org.apache.kafka.clients.producer.KafkaProducerTest" time="0.318"/>
  <testcase name="testTransactionalMethodThrowsWhenSenderClosed" classname="org.apache.kafka.clients.producer.KafkaProducerTest" time="0.004"/>
  <testcase name="testOsDefaultSocketBufferSizes" classname="org.apache.kafka.clients.producer.KafkaProducerTest" time="0.006"/>
  <testcase name="testInterceptorConstructClose" classname="org.apache.kafka.clients.producer.KafkaProducerTest" time="0.007"/>
  <testcase name="testPartitionsForWithNullTopic" classname="org.apache.kafka.clients.producer.KafkaProducerTest" time="0.006"/>
  <testcase name="testInterceptorPartitionSetOnTooLargeRecord" classname="org.apache.kafka.clients.producer.KafkaProducerTest" time="0.035"/>
  <testcase name="testMetricsReporterAutoGeneratedClientId" classname="org.apache.kafka.clients.producer.KafkaProducerTest" time="0.007"/>
  <testcase name="testMetadataFetch" classname="org.apache.kafka.clients.producer.KafkaProducerTest" time="0.015"/>
  <testcase name="testOnlyCanExecuteCloseAfterInitTransactionsTimeout" classname="org.apache.kafka.clients.producer.KafkaProducerTest" time="0.01"/>
  <testcase name="testFlushCompleteSendOfInflightBatches" classname="org.apache.kafka.clients.producer.KafkaProducerTest" time="0.292"/>
  <testcase name="testConstructorWithSerializers" classname="org.apache.kafka.clients.producer.KafkaProducerTest" time="0.005"/>
  <testcase name="testMetadataExpiry" classname="org.apache.kafka.clients.producer.KafkaProducerTest" time="0.009"/>
  <testcase name="testHeaders" classname="org.apache.kafka.clients.producer.KafkaProducerTest" time="0.025"/>
  <testcase name="testInvalidSocketReceiveBufferSize" classname="org.apache.kafka.clients.producer.KafkaProducerTest" time="0.0"/>
  <testcase name="testAbortTransaction" classname="org.apache.kafka.clients.producer.KafkaProducerTest" time="0.006"/>
  <testcase name="testConstructorWithNotStringKey" classname="org.apache.kafka.clients.producer.KafkaProducerTest" time="0.0"/>
  <testcase name="testSerializerClose" classname="org.apache.kafka.clients.producer.KafkaProducerTest" time="0.009"/>
  <testcase name="testInitTransactionWhileThrottled" classname="org.apache.kafka.clients.producer.KafkaProducerTest" time="0.006"/>
  <testcase name="testMetadataTimeoutWithPartitionOutOfRange" classname="org.apache.kafka.clients.producer.KafkaProducerTest" time="0.01"/>
  <testcase name="testMetadataTimeoutWithMissingTopic" classname="org.apache.kafka.clients.producer.KafkaProducerTest" time="0.006"/>
  <testcase name="testOverwriteAcksAndRetriesForIdempotentProducers" classname="org.apache.kafka.clients.producer.KafkaProducerTest" time="0.001"/>
  <testcase name="testSendTxnOffsetsWithGroupMetadataDowngrade" classname="org.apache.kafka.clients.producer.KafkaProducerTest" time="0.011"/>
  <testcase name="testProducerJmxPrefix" classname="org.apache.kafka.clients.producer.KafkaProducerTest" time="0.005"/>
  <testcase name="testConstructorFailureCloseResource" classname="org.apache.kafka.clients.producer.KafkaProducerTest" time="5.013"/>
  <testcase name="closeWithNegativeTimestampShouldThrow" classname="org.apache.kafka.clients.producer.KafkaProducerTest" time="0.046"/>
  <testcase name="testSendTxnOffsetsWithGroupId" classname="org.apache.kafka.clients.producer.KafkaProducerTest" time="0.015"/>
  <testcase name="testSendToInvalidTopic" classname="org.apache.kafka.clients.producer.KafkaProducerTest" time="0.017"/>
  <system-out><![CDATA[[2020-10-29 10:32:11,994] ERROR [Producer clientId=producer-6] Uncaught error in kafka producer I/O thread:  (org.apache.kafka.clients.producer.internals.Sender:242)
java.lang.IllegalStateException: No previous metadata update to use
	at org.apache.kafka.clients.MockClient$DefaultMockMetadataUpdater.updateWithCurrentMetadata(MockClient.java:631)
	at org.apache.kafka.clients.MockClient.poll(MockClient.java:284)
	at org.apache.kafka.clients.producer.internals.Sender.runOnce(Sender.java:325)
	at org.apache.kafka.clients.producer.internals.Sender.run(Sender.java:240)
	at java.lang.Thread.run(Thread.java:748)
[2020-10-29 10:32:12,141] ERROR [Producer clientId=producer-7] Uncaught error in kafka producer I/O thread:  (org.apache.kafka.clients.producer.internals.Sender:242)
java.lang.IllegalStateException: No previous metadata update to use
	at org.apache.kafka.clients.MockClient$DefaultMockMetadataUpdater.updateWithCurrentMetadata(MockClient.java:631)
	at org.apache.kafka.clients.MockClient.poll(MockClient.java:284)
	at org.apache.kafka.clients.producer.internals.Sender.runOnce(Sender.java:325)
	at org.apache.kafka.clients.producer.internals.Sender.run(Sender.java:240)
	at java.lang.Thread.run(Thread.java:748)
[2020-10-29 10:32:12,145] ERROR [Producer clientId=producer-7] Uncaught error in kafka producer I/O thread:  (org.apache.kafka.clients.producer.internals.Sender:242)
java.lang.IllegalStateException: No previous metadata update to use
	at org.apache.kafka.clients.MockClient$DefaultMockMetadataUpdater.updateWithCurrentMetadata(MockClient.java:631)
	at org.apache.kafka.clients.MockClient.poll(MockClient.java:284)
	at org.apache.kafka.clients.producer.internals.Sender.runOnce(Sender.java:325)
	at org.apache.kafka.clients.producer.internals.Sender.run(Sender.java:240)
	at java.lang.Thread.run(Thread.java:748)
[2020-10-29 10:32:12,145] ERROR [Producer clientId=producer-7] Uncaught error in kafka producer I/O thread:  (org.apache.kafka.clients.producer.internals.Sender:242)
java.lang.IllegalStateException: No previous metadata update to use
	at org.apache.kafka.clients.MockClient$DefaultMockMetadataUpdater.updateWithCurrentMetadata(MockClient.java:631)
	at org.apache.kafka.clients.MockClient.poll(MockClient.java:284)
	at org.apache.kafka.clients.producer.internals.Sender.runOnce(Sender.java:325)
	at org.apache.kafka.clients.producer.internals.Sender.run(Sender.java:240)
	at java.lang.Thread.run(Thread.java:748)
[2020-10-29 10:32:12,146] ERROR [Producer clientId=producer-7] Uncaught error in kafka producer I/O thread:  (org.apache.kafka.clients.producer.internals.Sender:242)
java.lang.IllegalStateException: No previous metadata update to use
	at org.apache.kafka.clients.MockClient$DefaultMockMetadataUpdater.updateWithCurrentMetadata(MockClient.java:631)
	at org.apache.kafka.clients.MockClient.poll(MockClient.java:284)
	at org.apache.kafka.clients.producer.internals.Sender.runOnce(Sender.java:325)
	at org.apache.kafka.clients.producer.internals.Sender.run(Sender.java:240)
	at java.lang.Thread.run(Thread.java:748)
[2020-10-29 10:32:12,146] ERROR [Producer clientId=producer-7] Uncaught error in kafka producer I/O thread:  (org.apache.kafka.clients.producer.internals.Sender:242)
java.lang.IllegalStateException: No previous metadata update to use
	at org.apache.kafka.clients.MockClient$DefaultMockMetadataUpdater.updateWithCurrentMetadata(MockClient.java:631)
	at org.apache.kafka.clients.MockClient.poll(MockClient.java:284)
	at org.apache.kafka.clients.producer.internals.Sender.runOnce(Sender.java:325)
	at org.apache.kafka.clients.producer.internals.Sender.run(Sender.java:240)
	at java.lang.Thread.run(Thread.java:748)
[2020-10-29 10:32:12,147] ERROR [Producer clientId=producer-7] Uncaught error in kafka producer I/O thread:  (org.apache.kafka.clients.producer.internals.Sender:242)
java.lang.IllegalStateException: No previous metadata update to use
	at org.apache.kafka.clients.MockClient$DefaultMockMetadataUpdater.updateWithCurrentMetadata(MockClient.java:631)
	at org.apache.kafka.clients.MockClient.poll(MockClient.java:284)
	at org.apache.kafka.clients.producer.internals.Sender.runOnce(Sender.java:325)
	at org.apache.kafka.clients.producer.internals.Sender.run(Sender.java:240)
	at java.lang.Thread.run(Thread.java:748)
[2020-10-29 10:32:12,148] ERROR [Producer clientId=producer-7] Uncaught error in kafka producer I/O thread:  (org.apache.kafka.clients.producer.internals.Sender:242)
java.lang.IllegalStateException: No previous metadata update to use
	at org.apache.kafka.clients.MockClient$DefaultMockMetadataUpdater.updateWithCurrentMetadata(MockClient.java:631)
	at org.apache.kafka.clients.MockClient.poll(MockClient.java:284)
	at org.apache.kafka.clients.producer.internals.Sender.runOnce(Sender.java:325)
	at org.apache.kafka.clients.producer.internals.Sender.run(Sender.java:240)
	at java.lang.Thread.run(Thread.java:748)
[2020-10-29 10:32:12,149] ERROR [Producer clientId=producer-7] Uncaught error in kafka producer I/O thread:  (org.apache.kafka.clients.producer.internals.Sender:242)
java.lang.IllegalStateException: No previous metadata update to use
	at org.apache.kafka.clients.MockClient$DefaultMockMetadataUpdater.updateWithCurrentMetadata(MockClient.java:631)
	at org.apache.kafka.clients.MockClient.poll(MockClient.java:284)
	at org.apache.kafka.clients.producer.internals.Sender.runOnce(Sender.java:325)
	at org.apache.kafka.clients.producer.internals.Sender.run(Sender.java:240)
	at java.lang.Thread.run(Thread.java:748)
[2020-10-29 10:32:12,150] ERROR [Producer clientId=producer-7] Uncaught error in kafka producer I/O thread:  (org.apache.kafka.clients.producer.internals.Sender:242)
java.lang.IllegalStateException: No previous metadata update to use
	at org.apache.kafka.clients.MockClient$DefaultMockMetadataUpdater.updateWithCurrentMetadata(MockClient.java:631)
	at org.apache.kafka.clients.MockClient.poll(MockClient.java:284)
	at org.apache.kafka.clients.producer.internals.Sender.runOnce(Sender.java:325)
	at org.apache.kafka.clients.producer.internals.Sender.run(Sender.java:240)
	at java.lang.Thread.run(Thread.java:748)
[2020-10-29 10:32:12,151] ERROR [Producer clientId=producer-7] Uncaught error in kafka producer I/O thread:  (org.apache.kafka.clients.producer.internals.Sender:242)
java.lang.IllegalStateException: No previous metadata update to use
	at org.apache.kafka.clients.MockClient$DefaultMockMetadataUpdater.updateWithCurrentMetadata(MockClient.java:631)
	at org.apache.kafka.clients.MockClient.poll(MockClient.java:284)
	at org.apache.kafka.clients.producer.internals.Sender.runOnce(Sender.java:325)
	at org.apache.kafka.clients.producer.internals.Sender.run(Sender.java:240)
	at java.lang.Thread.run(Thread.java:748)
[2020-10-29 10:32:12,152] ERROR [Producer clientId=producer-7] Uncaught error in kafka producer I/O thread:  (org.apache.kafka.clients.producer.internals.Sender:242)
java.lang.IllegalStateException: No previous metadata update to use
	at org.apache.kafka.clients.MockClient$DefaultMockMetadataUpdater.updateWithCurrentMetadata(MockClient.java:631)
	at org.apache.kafka.clients.MockClient.poll(MockClient.java:284)
	at org.apache.kafka.clients.producer.internals.Sender.runOnce(Sender.java:325)
	at org.apache.kafka.clients.producer.internals.Sender.run(Sender.java:240)
	at java.lang.Thread.run(Thread.java:748)
[2020-10-29 10:32:12,153] ERROR [Producer clientId=producer-7] Uncaught error in kafka producer I/O thread:  (org.apache.kafka.clients.producer.internals.Sender:242)
java.lang.IllegalStateException: No previous metadata update to use
	at org.apache.kafka.clients.MockClient$DefaultMockMetadataUpdater.updateWithCurrentMetadata(MockClient.java:631)
	at org.apache.kafka.clients.MockClient.poll(MockClient.java:284)
	at org.apache.kafka.clients.producer.internals.Sender.runOnce(Sender.java:325)
	at org.apache.kafka.clients.producer.internals.Sender.run(Sender.java:240)
	at java.lang.Thread.run(Thread.java:748)
[2020-10-29 10:32:12,154] ERROR [Producer clientId=producer-7] Uncaught error in kafka producer I/O thread:  (org.apache.kafka.clients.producer.internals.Sender:242)
java.lang.IllegalStateException: No previous metadata update to use
	at org.apache.kafka.clients.MockClient$DefaultMockMetadataUpdater.updateWithCurrentMetadata(MockClient.java:631)
	at org.apache.kafka.clients.MockClient.poll(MockClient.java:284)
	at org.apache.kafka.clients.producer.internals.Sender.runOnce(Sender.java:325)
	at org.apache.kafka.clients.producer.internals.Sender.run(Sender.java:240)
	at java.lang.Thread.run(Thread.java:748)
[2020-10-29 10:32:12,155] ERROR [Producer clientId=producer-7] Uncaught error in kafka producer I/O thread:  (org.apache.kafka.clients.producer.internals.Sender:242)
java.lang.IllegalStateException: No previous metadata update to use
	at org.apache.kafka.clients.MockClient$DefaultMockMetadataUpdater.updateWithCurrentMetadata(MockClient.java:631)
	at org.apache.kafka.clients.MockClient.poll(MockClient.java:284)
	at org.apache.kafka.clients.producer.internals.Sender.runOnce(Sender.java:325)
	at org.apache.kafka.clients.producer.internals.Sender.run(Sender.java:240)
	at java.lang.Thread.run(Thread.java:748)
[2020-10-29 10:32:12,156] ERROR [Producer clientId=producer-7] Uncaught error in kafka producer I/O thread:  (org.apache.kafka.clients.producer.internals.Sender:242)
java.lang.IllegalStateException: No previous metadata update to use
	at org.apache.kafka.clients.MockClient$DefaultMockMetadataUpdater.updateWithCurrentMetadata(MockClient.java:631)
	at org.apache.kafka.clients.MockClient.poll(MockClient.java:284)
	at org.apache.kafka.clients.producer.internals.Sender.runOnce(Sender.java:325)
	at org.apache.kafka.clients.producer.internals.Sender.run(Sender.java:240)
	at java.lang.Thread.run(Thread.java:748)
[2020-10-29 10:32:12,157] ERROR [Producer clientId=producer-7] Uncaught error in kafka producer I/O thread:  (org.apache.kafka.clients.producer.internals.Sender:242)
java.lang.IllegalStateException: No previous metadata update to use
	at org.apache.kafka.clients.MockClient$DefaultMockMetadataUpdater.updateWithCurrentMetadata(MockClient.java:631)
	at org.apache.kafka.clients.MockClient.poll(MockClient.java:284)
	at org.apache.kafka.clients.producer.internals.Sender.runOnce(Sender.java:325)
	at org.apache.kafka.clients.producer.internals.Sender.run(Sender.java:240)
	at java.lang.Thread.run(Thread.java:748)
[2020-10-29 10:32:12,158] ERROR [Producer clientId=producer-7] Uncaught error in kafka producer I/O thread:  (org.apache.kafka.clients.producer.internals.Sender:242)
java.lang.IllegalStateException: No previous metadata update to use
	at org.apache.kafka.clients.MockClient$DefaultMockMetadataUpdater.updateWithCurrentMetadata(MockClient.java:631)
	at org.apache.kafka.clients.MockClient.poll(MockClient.java:284)
	at org.apache.kafka.clients.producer.internals.Sender.runOnce(Sender.java:325)
	at org.apache.kafka.clients.producer.internals.Sender.run(Sender.java:240)
	at java.lang.Thread.run(Thread.java:748)
[2020-10-29 10:32:12,159] ERROR [Producer clientId=producer-7] Uncaught error in kafka producer I/O thread:  (org.apache.kafka.clients.producer.internals.Sender:242)
java.lang.IllegalStateException: No previous metadata update to use
	at org.apache.kafka.clients.MockClient$DefaultMockMetadataUpdater.updateWithCurrentMetadata(MockClient.java:631)
	at org.apache.kafka.clients.MockClient.poll(MockClient.java:284)
	at org.apache.kafka.clients.producer.internals.Sender.runOnce(Sender.java:325)
	at org.apache.kafka.clients.producer.internals.Sender.run(Sender.java:240)
	at java.lang.Thread.run(Thread.java:748)
[2020-10-29 10:32:12,159] ERROR [Producer clientId=producer-7] Uncaught error in kafka producer I/O thread:  (org.apache.kafka.clients.producer.internals.Sender:242)
java.lang.IllegalStateException: No previous metadata update to use
	at org.apache.kafka.clients.MockClient$DefaultMockMetadataUpdater.updateWithCurrentMetadata(MockClient.java:631)
	at org.apache.kafka.clients.MockClient.poll(MockClient.java:284)
	at org.apache.kafka.clients.producer.internals.Sender.runOnce(Sender.java:325)
	at org.apache.kafka.clients.producer.internals.Sender.run(Sender.java:240)
	at java.lang.Thread.run(Thread.java:748)
[2020-10-29 10:32:12,161] ERROR [Producer clientId=producer-7] Uncaught error in kafka producer I/O thread:  (org.apache.kafka.clients.producer.internals.Sender:242)
java.lang.IllegalStateException: No previous metadata update to use
	at org.apache.kafka.clients.MockClient$DefaultMockMetadataUpdater.updateWithCurrentMetadata(MockClient.java:631)
	at org.apache.kafka.clients.MockClient.poll(MockClient.java:284)
	at org.apache.kafka.clients.producer.internals.Sender.runOnce(Sender.java:325)
	at org.apache.kafka.clients.producer.internals.Sender.run(Sender.java:240)
	at java.lang.Thread.run(Thread.java:748)
[2020-10-29 10:32:12,161] ERROR [Producer clientId=producer-7] Uncaught error in kafka producer I/O thread:  (org.apache.kafka.clients.producer.internals.Sender:242)
java.lang.IllegalStateException: No previous metadata update to use
	at org.apache.kafka.clients.MockClient$DefaultMockMetadataUpdater.updateWithCurrentMetadata(MockClient.java:631)
	at org.apache.kafka.clients.MockClient.poll(MockClient.java:284)
	at org.apache.kafka.clients.producer.internals.Sender.runOnce(Sender.java:325)
	at org.apache.kafka.clients.producer.internals.Sender.run(Sender.java:240)
	at java.lang.Thread.run(Thread.java:748)
[2020-10-29 10:32:12,162] ERROR [Producer clientId=producer-7] Uncaught error in kafka producer I/O thread:  (org.apache.kafka.clients.producer.internals.Sender:242)
java.lang.IllegalStateException: No previous metadata update to use
	at org.apache.kafka.clients.MockClient$DefaultMockMetadataUpdater.updateWithCurrentMetadata(MockClient.java:631)
	at org.apache.kafka.clients.MockClient.poll(MockClient.java:284)
	at org.apache.kafka.clients.producer.internals.Sender.runOnce(Sender.java:325)
	at org.apache.kafka.clients.producer.internals.Sender.run(Sender.java:240)
	at java.lang.Thread.run(Thread.java:748)
[2020-10-29 10:32:12,162] ERROR [Producer clientId=producer-7] Uncaught error in kafka producer I/O thread:  (org.apache.kafka.clients.producer.internals.Sender:242)
java.lang.IllegalStateException: No previous metadata update to use
	at org.apache.kafka.clients.MockClient$DefaultMockMetadataUpdater.updateWithCurrentMetadata(MockClient.java:631)
	at org.apache.kafka.clients.MockClient.poll(MockClient.java:284)
	at org.apache.kafka.clients.producer.internals.Sender.runOnce(Sender.java:325)
	at org.apache.kafka.clients.producer.internals.Sender.run(Sender.java:240)
	at java.lang.Thread.run(Thread.java:748)
[2020-10-29 10:32:12,163] ERROR [Producer clientId=producer-7] Uncaught error in kafka producer I/O thread:  (org.apache.kafka.clients.producer.internals.Sender:242)
java.lang.IllegalStateException: No previous metadata update to use
	at org.apache.kafka.clients.MockClient$DefaultMockMetadataUpdater.updateWithCurrentMetadata(MockClient.java:631)
	at org.apache.kafka.clients.MockClient.poll(MockClient.java:284)
	at org.apache.kafka.clients.producer.internals.Sender.runOnce(Sender.java:325)
	at org.apache.kafka.clients.producer.internals.Sender.run(Sender.java:240)
	at java.lang.Thread.run(Thread.java:748)
[2020-10-29 10:32:12,163] ERROR [Producer clientId=producer-7] Uncaught error in kafka producer I/O thread:  (org.apache.kafka.clients.producer.internals.Sender:242)
java.lang.IllegalStateException: No previous metadata update to use
	at org.apache.kafka.clients.MockClient$DefaultMockMetadataUpdater.updateWithCurrentMetadata(MockClient.java:631)
	at org.apache.kafka.clients.MockClient.poll(MockClient.java:284)
	at org.apache.kafka.clients.producer.internals.Sender.runOnce(Sender.java:325)
	at org.apache.kafka.clients.producer.internals.Sender.run(Sender.java:240)
	at java.lang.Thread.run(Thread.java:748)
[2020-10-29 10:32:12,165] ERROR [Producer clientId=producer-7] Uncaught error in kafka producer I/O thread:  (org.apache.kafka.clients.producer.internals.Sender:242)
java.lang.IllegalStateException: No previous metadata update to use
	at org.apache.kafka.clients.MockClient$DefaultMockMetadataUpdater.updateWithCurrentMetadata(MockClient.java:631)
	at org.apache.kafka.clients.MockClient.poll(MockClient.java:284)
	at org.apache.kafka.clients.producer.internals.Sender.runOnce(Sender.java:325)
	at org.apache.kafka.clients.producer.internals.Sender.run(Sender.java:240)
	at java.lang.Thread.run(Thread.java:748)
[2020-10-29 10:32:12,165] ERROR [Producer clientId=producer-7] Uncaught error in kafka producer I/O thread:  (org.apache.kafka.clients.producer.internals.Sender:242)
java.lang.IllegalStateException: No previous metadata update to use
	at org.apache.kafka.clients.MockClient$DefaultMockMetadataUpdater.updateWithCurrentMetadata(MockClient.java:631)
	at org.apache.kafka.clients.MockClient.poll(MockClient.java:284)
	at org.apache.kafka.clients.producer.internals.Sender.runOnce(Sender.java:325)
	at org.apache.kafka.clients.producer.internals.Sender.run(Sender.java:240)
	at java.lang.Thread.run(Thread.java:748)
[2020-10-29 10:32:12,168] ERROR [Producer clientId=producer-7] Uncaught error in kafka producer I/O thread:  (org.apache.kafka.clients.producer.internals.Sender:242)
java.lang.IllegalStateException: No previous metadata update to use
	at org.apache.kafka.clients.MockClient$DefaultMockMetadataUpdater.updateWithCurrentMetadata(MockClient.java:631)
	at org.apache.kafka.clients.MockClient.poll(MockClient.java:284)
	at org.apache.kafka.clients.producer.internals.Sender.runOnce(Sender.java:325)
	at org.apache.kafka.clients.producer.internals.Sender.run(Sender.java:240)
	at java.lang.Thread.run(Thread.java:748)
[2020-10-29 10:32:12,169] ERROR [Producer clientId=producer-7] Uncaught error in kafka producer I/O thread:  (org.apache.kafka.clients.producer.internals.Sender:242)
java.lang.IllegalStateException: No previous metadata update to use
	at org.apache.kafka.clients.MockClient$DefaultMockMetadataUpdater.updateWithCurrentMetadata(MockClient.java:631)
	at org.apache.kafka.clients.MockClient.poll(MockClient.java:284)
	at org.apache.kafka.clients.producer.internals.Sender.runOnce(Sender.java:325)
	at org.apache.kafka.clients.producer.internals.Sender.run(Sender.java:240)
	at java.lang.Thread.run(Thread.java:748)
[2020-10-29 10:32:12,170] ERROR [Producer clientId=producer-7] Uncaught error in kafka producer I/O thread:  (org.apache.kafka.clients.producer.internals.Sender:242)
java.lang.IllegalStateException: No previous metadata update to use
	at org.apache.kafka.clients.MockClient$DefaultMockMetadataUpdater.updateWithCurrentMetadata(MockClient.java:631)
	at org.apache.kafka.clients.MockClient.poll(MockClient.java:284)
	at org.apache.kafka.clients.producer.internals.Sender.runOnce(Sender.java:325)
	at org.apache.kafka.clients.producer.internals.Sender.run(Sender.java:240)
	at java.lang.Thread.run(Thread.java:748)
[2020-10-29 10:32:12,171] ERROR [Producer clientId=producer-7] Uncaught error in kafka producer I/O thread:  (org.apache.kafka.clients.producer.internals.Sender:242)
java.lang.IllegalStateException: No previous metadata update to use
	at org.apache.kafka.clients.MockClient$DefaultMockMetadataUpdater.updateWithCurrentMetadata(MockClient.java:631)
	at org.apache.kafka.clients.MockClient.poll(MockClient.java:284)
	at org.apache.kafka.clients.producer.internals.Sender.runOnce(Sender.java:325)
	at org.apache.kafka.clients.producer.internals.Sender.run(Sender.java:240)
	at java.lang.Thread.run(Thread.java:748)
[2020-10-29 10:32:12,171] ERROR [Producer clientId=producer-7] Uncaught error in kafka producer I/O thread:  (org.apache.kafka.clients.producer.internals.Sender:242)
java.lang.IllegalStateException: No previous metadata update to use
	at org.apache.kafka.clients.MockClient$DefaultMockMetadataUpdater.updateWithCurrentMetadata(MockClient.java:631)
	at org.apache.kafka.clients.MockClient.poll(MockClient.java:284)
	at org.apache.kafka.clients.producer.internals.Sender.runOnce(Sender.java:325)
	at org.apache.kafka.clients.producer.internals.Sender.run(Sender.java:240)
	at java.lang.Thread.run(Thread.java:748)
[2020-10-29 10:32:12,172] ERROR [Producer clientId=producer-7] Uncaught error in kafka producer I/O thread:  (org.apache.kafka.clients.producer.internals.Sender:242)
java.lang.IllegalStateException: No previous metadata update to use
	at org.apache.kafka.clients.MockClient$DefaultMockMetadataUpdater.updateWithCurrentMetadata(MockClient.java:631)
	at org.apache.kafka.clients.MockClient.poll(MockClient.java:284)
	at org.apache.kafka.clients.producer.internals.Sender.runOnce(Sender.java:325)
	at org.apache.kafka.clients.producer.internals.Sender.run(Sender.java:240)
	at java.lang.Thread.run(Thread.java:748)
[2020-10-29 10:32:12,172] ERROR [Producer clientId=producer-7] Uncaught error in kafka producer I/O thread:  (org.apache.kafka.clients.producer.internals.Sender:242)
java.lang.IllegalStateException: No previous metadata update to use
	at org.apache.kafka.clients.MockClient$DefaultMockMetadataUpdater.updateWithCurrentMetadata(MockClient.java:631)
	at org.apache.kafka.clients.MockClient.poll(MockClient.java:284)
	at org.apache.kafka.clients.producer.internals.Sender.runOnce(Sender.java:325)
	at org.apache.kafka.clients.producer.internals.Sender.run(Sender.java:240)
	at java.lang.Thread.run(Thread.java:748)
[2020-10-29 10:32:12,173] ERROR [Producer clientId=producer-7] Uncaught error in kafka producer I/O thread:  (org.apache.kafka.clients.producer.internals.Sender:242)
java.lang.IllegalStateException: No previous metadata update to use
	at org.apache.kafka.clients.MockClient$DefaultMockMetadataUpdater.updateWithCurrentMetadata(MockClient.java:631)
	at org.apache.kafka.clients.MockClient.poll(MockClient.java:284)
	at org.apache.kafka.clients.producer.internals.Sender.runOnce(Sender.java:325)
	at org.apache.kafka.clients.producer.internals.Sender.run(Sender.java:240)
	at java.lang.Thread.run(Thread.java:748)
[2020-10-29 10:32:12,173] ERROR [Producer clientId=producer-7] Uncaught error in kafka producer I/O thread:  (org.apache.kafka.clients.producer.internals.Sender:242)
java.lang.IllegalStateException: No previous metadata update to use
	at org.apache.kafka.clients.MockClient$DefaultMockMetadataUpdater.updateWithCurrentMetadata(MockClient.java:631)
	at org.apache.kafka.clients.MockClient.poll(MockClient.java:284)
	at org.apache.kafka.clients.producer.internals.Sender.runOnce(Sender.java:325)
	at org.apache.kafka.clients.producer.internals.Sender.run(Sender.java:240)
	at java.lang.Thread.run(Thread.java:748)
[2020-10-29 10:32:12,174] ERROR [Producer clientId=producer-7] Uncaught error in kafka producer I/O thread:  (org.apache.kafka.clients.producer.internals.Sender:242)
java.lang.IllegalStateException: No previous metadata update to use
	at org.apache.kafka.clients.MockClient$DefaultMockMetadataUpdater.updateWithCurrentMetadata(MockClient.java:631)
	at org.apache.kafka.clients.MockClient.poll(MockClient.java:284)
	at org.apache.kafka.clients.producer.internals.Sender.runOnce(Sender.java:325)
	at org.apache.kafka.clients.producer.internals.Sender.run(Sender.java:240)
	at java.lang.Thread.run(Thread.java:748)
[2020-10-29 10:32:12,174] ERROR [Producer clientId=producer-7] Uncaught error in kafka producer I/O thread:  (org.apache.kafka.clients.producer.internals.Sender:242)
java.lang.IllegalStateException: No previous metadata update to use
	at org.apache.kafka.clients.MockClient$DefaultMockMetadataUpdater.updateWithCurrentMetadata(MockClient.java:631)
	at org.apache.kafka.clients.MockClient.poll(MockClient.java:284)
	at org.apache.kafka.clients.producer.internals.Sender.runOnce(Sender.java:325)
	at org.apache.kafka.clients.producer.internals.Sender.run(Sender.java:240)
	at java.lang.Thread.run(Thread.java:748)
[2020-10-29 10:32:12,175] ERROR [Producer clientId=producer-7] Uncaught error in kafka producer I/O thread:  (org.apache.kafka.clients.producer.internals.Sender:242)
java.lang.IllegalStateException: No previous metadata update to use
	at org.apache.kafka.clients.MockClient$DefaultMockMetadataUpdater.updateWithCurrentMetadata(MockClient.java:631)
	at org.apache.kafka.clients.MockClient.poll(MockClient.java:284)
	at org.apache.kafka.clients.producer.internals.Sender.runOnce(Sender.java:325)
	at org.apache.kafka.clients.producer.internals.Sender.run(Sender.java:240)
	at java.lang.Thread.run(Thread.java:748)
[2020-10-29 10:32:12,177] ERROR [Producer clientId=producer-7] Uncaught error in kafka producer I/O thread:  (org.apache.kafka.clients.producer.internals.Sender:242)
java.lang.IllegalStateException: No previous metadata update to use
	at org.apache.kafka.clients.MockClient$DefaultMockMetadataUpdater.updateWithCurrentMetadata(MockClient.java:631)
	at org.apache.kafka.clients.MockClient.poll(MockClient.java:284)
	at org.apache.kafka.clients.producer.internals.Sender.runOnce(Sender.java:325)
	at org.apache.kafka.clients.producer.internals.Sender.run(Sender.java:240)
	at java.lang.Thread.run(Thread.java:748)
[2020-10-29 10:32:12,177] ERROR [Producer clientId=producer-7] Uncaught error in kafka producer I/O thread:  (org.apache.kafka.clients.producer.internals.Sender:242)
java.lang.IllegalStateException: No previous metadata update to use
	at org.apache.kafka.clients.MockClient$DefaultMockMetadataUpdater.updateWithCurrentMetadata(MockClient.java:631)
	at org.apache.kafka.clients.MockClient.poll(MockClient.java:284)
	at org.apache.kafka.clients.producer.internals.Sender.runOnce(Sender.java:325)
	at org.apache.kafka.clients.producer.internals.Sender.run(Sender.java:240)
	at java.lang.Thread.run(Thread.java:748)
[2020-10-29 10:32:12,178] ERROR [Producer clientId=producer-7] Uncaught error in kafka producer I/O thread:  (org.apache.kafka.clients.producer.internals.Sender:242)
java.lang.IllegalStateException: No previous metadata update to use
	at org.apache.kafka.clients.MockClient$DefaultMockMetadataUpdater.updateWithCurrentMetadata(MockClient.java:631)
	at org.apache.kafka.clients.MockClient.poll(MockClient.java:284)
	at org.apache.kafka.clients.producer.internals.Sender.runOnce(Sender.java:325)
	at org.apache.kafka.clients.producer.internals.Sender.run(Sender.java:240)
	at java.lang.Thread.run(Thread.java:748)
[2020-10-29 10:32:12,178] ERROR [Producer clientId=producer-7] Uncaught error in kafka producer I/O thread:  (org.apache.kafka.clients.producer.internals.Sender:242)
java.lang.IllegalStateException: No previous metadata update to use
	at org.apache.kafka.clients.MockClient$DefaultMockMetadataUpdater.updateWithCurrentMetadata(MockClient.java:631)
	at org.apache.kafka.clients.MockClient.poll(MockClient.java:284)
	at org.apache.kafka.clients.producer.internals.Sender.runOnce(Sender.java:325)
	at org.apache.kafka.clients.producer.internals.Sender.run(Sender.java:240)
	at java.lang.Thread.run(Thread.java:748)
[2020-10-29 10:32:12,179] ERROR [Producer clientId=producer-7] Uncaught error in kafka producer I/O thread:  (org.apache.kafka.clients.producer.internals.Sender:242)
java.lang.IllegalStateException: No previous metadata update to use
	at org.apache.kafka.clients.MockClient$DefaultMockMetadataUpdater.updateWithCurrentMetadata(MockClient.java:631)
	at org.apache.kafka.clients.MockClient.poll(MockClient.java:284)
	at org.apache.kafka.clients.producer.internals.Sender.runOnce(Sender.java:325)
	at org.apache.kafka.clients.producer.internals.Sender.run(Sender.java:240)
	at java.lang.Thread.run(Thread.java:748)
[2020-10-29 10:32:12,179] ERROR [Producer clientId=producer-7] Uncaught error in kafka producer I/O thread:  (org.apache.kafka.clients.producer.internals.Sender:242)
java.lang.IllegalStateException: No previous metadata update to use
	at org.apache.kafka.clients.MockClient$DefaultMockMetadataUpdater.updateWithCurrentMetadata(MockClient.java:631)
	at org.apache.kafka.clients.MockClient.poll(MockClient.java:284)
	at org.apache.kafka.clients.producer.internals.Sender.runOnce(Sender.java:325)
	at org.apache.kafka.clients.producer.internals.Sender.run(Sender.java:240)
	at java.lang.Thread.run(Thread.java:748)
[2020-10-29 10:32:12,180] ERROR [Producer clientId=producer-7] Uncaught error in kafka producer I/O thread:  (org.apache.kafka.clients.producer.internals.Sender:242)
java.lang.IllegalStateException: No previous metadata update to use
	at org.apache.kafka.clients.MockClient$DefaultMockMetadataUpdater.updateWithCurrentMetadata(MockClient.java:631)
	at org.apache.kafka.clients.MockClient.poll(MockClient.java:284)
	at org.apache.kafka.clients.producer.internals.Sender.runOnce(Sender.java:325)
	at org.apache.kafka.clients.producer.internals.Sender.run(Sender.java:240)
	at java.lang.Thread.run(Thread.java:748)
[2020-10-29 10:32:12,180] ERROR [Producer clientId=producer-7] Uncaught error in kafka producer I/O thread:  (org.apache.kafka.clients.producer.internals.Sender:242)
java.lang.IllegalStateException: No previous metadata update to use
	at org.apache.kafka.clients.MockClient$DefaultMockMetadataUpdater.updateWithCurrentMetadata(MockClient.java:631)
	at org.apache.kafka.clients.MockClient.poll(MockClient.java:284)
	at org.apache.kafka.clients.producer.internals.Sender.runOnce(Sender.java:325)
	at org.apache.kafka.clients.producer.internals.Sender.run(Sender.java:240)
	at java.lang.Thread.run(Thread.java:748)
[2020-10-29 10:32:12,181] ERROR [Producer clientId=producer-7] Uncaught error in kafka producer I/O thread:  (org.apache.kafka.clients.producer.internals.Sender:242)
java.lang.IllegalStateException: No previous metadata update to use
	at org.apache.kafka.clients.MockClient$DefaultMockMetadataUpdater.updateWithCurrentMetadata(MockClient.java:631)
	at org.apache.kafka.clients.MockClient.poll(MockClient.java:284)
	at org.apache.kafka.clients.producer.internals.Sender.runOnce(Sender.java:325)
	at org.apache.kafka.clients.producer.internals.Sender.run(Sender.java:240)
	at java.lang.Thread.run(Thread.java:748)
[2020-10-29 10:32:12,182] ERROR [Producer clientId=producer-7] Uncaught error in kafka producer I/O thread:  (org.apache.kafka.clients.producer.internals.Sender:242)
java.lang.IllegalStateException: No previous metadata update to use
	at org.apache.kafka.clients.MockClient$DefaultMockMetadataUpdater.updateWithCurrentMetadata(MockClient.java:631)
	at org.apache.kafka.clients.MockClient.poll(MockClient.java:284)
	at org.apache.kafka.clients.producer.internals.Sender.runOnce(Sender.java:325)
	at org.apache.kafka.clients.producer.internals.Sender.run(Sender.java:240)
	at java.lang.Thread.run(Thread.java:748)
[2020-10-29 10:32:12,182] ERROR [Producer clientId=producer-7] Uncaught error in kafka producer I/O thread:  (org.apache.kafka.clients.producer.internals.Sender:242)
java.lang.IllegalStateException: No previous metadata update to use
	at org.apache.kafka.clients.MockClient$DefaultMockMetadataUpdater.updateWithCurrentMetadata(MockClient.java:631)
	at org.apache.kafka.clients.MockClient.poll(MockClient.java:284)
	at org.apache.kafka.clients.producer.internals.Sender.runOnce(Sender.java:325)
	at org.apache.kafka.clients.producer.internals.Sender.run(Sender.java:240)
	at java.lang.Thread.run(Thread.java:748)
[2020-10-29 10:32:12,185] ERROR [Producer clientId=producer-7] Uncaught error in kafka producer I/O thread:  (org.apache.kafka.clients.producer.internals.Sender:242)
java.lang.IllegalStateException: No previous metadata update to use
	at org.apache.kafka.clients.MockClient$DefaultMockMetadataUpdater.updateWithCurrentMetadata(MockClient.java:631)
	at org.apache.kafka.clients.MockClient.poll(MockClient.java:284)
	at org.apache.kafka.clients.producer.internals.Sender.runOnce(Sender.java:325)
	at org.apache.kafka.clients.producer.internals.Sender.run(Sender.java:240)
	at java.lang.Thread.run(Thread.java:748)
[2020-10-29 10:32:12,185] ERROR [Producer clientId=producer-7] Uncaught error in kafka producer I/O thread:  (org.apache.kafka.clients.producer.internals.Sender:242)
java.lang.IllegalStateException: No previous metadata update to use
	at org.apache.kafka.clients.MockClient$DefaultMockMetadataUpdater.updateWithCurrentMetadata(MockClient.java:631)
	at org.apache.kafka.clients.MockClient.poll(MockClient.java:284)
	at org.apache.kafka.clients.producer.internals.Sender.runOnce(Sender.java:325)
	at org.apache.kafka.clients.producer.internals.Sender.run(Sender.java:240)
	at java.lang.Thread.run(Thread.java:748)
[2020-10-29 10:32:12,186] ERROR [Producer clientId=producer-7] Uncaught error in kafka producer I/O thread:  (org.apache.kafka.clients.producer.internals.Sender:242)
java.lang.IllegalStateException: No previous metadata update to use
	at org.apache.kafka.clients.MockClient$DefaultMockMetadataUpdater.updateWithCurrentMetadata(MockClient.java:631)
	at org.apache.kafka.clients.MockClient.poll(MockClient.java:284)
	at org.apache.kafka.clients.producer.internals.Sender.runOnce(Sender.java:325)
	at org.apache.kafka.clients.producer.internals.Sender.run(Sender.java:240)
	at java.lang.Thread.run(Thread.java:748)
[2020-10-29 10:32:12,186] ERROR [Producer clientId=producer-7] Uncaught error in kafka producer I/O thread:  (org.apache.kafka.clients.producer.internals.Sender:242)
java.lang.IllegalStateException: No previous metadata update to use
	at org.apache.kafka.clients.MockClient$DefaultMockMetadataUpdater.updateWithCurrentMetadata(MockClient.java:631)
	at org.apache.kafka.clients.MockClient.poll(MockClient.java:284)
	at org.apache.kafka.clients.producer.internals.Sender.runOnce(Sender.java:325)
	at org.apache.kafka.clients.producer.internals.Sender.run(Sender.java:240)
	at java.lang.Thread.run(Thread.java:748)
[2020-10-29 10:32:12,187] ERROR [Producer clientId=producer-7] Uncaught error in kafka producer I/O thread:  (org.apache.kafka.clients.producer.internals.Sender:242)
java.lang.IllegalStateException: No previous metadata update to use
	at org.apache.kafka.clients.MockClient$DefaultMockMetadataUpdater.updateWithCurrentMetadata(MockClient.java:631)
	at org.apache.kafka.clients.MockClient.poll(MockClient.java:284)
	at org.apache.kafka.clients.producer.internals.Sender.runOnce(Sender.java:325)
	at org.apache.kafka.clients.producer.internals.Sender.run(Sender.java:240)
	at java.lang.Thread.run(Thread.java:748)
[2020-10-29 10:32:12,187] ERROR [Producer clientId=producer-7] Uncaught error in kafka producer I/O thread:  (org.apache.kafka.clients.producer.internals.Sender:242)
java.lang.IllegalStateException: No previous metadata update to use
	at org.apache.kafka.clients.MockClient$DefaultMockMetadataUpdater.updateWithCurrentMetadata(MockClient.java:631)
	at org.apache.kafka.clients.MockClient.poll(MockClient.java:284)
	at org.apache.kafka.clients.producer.internals.Sender.runOnce(Sender.java:325)
	at org.apache.kafka.clients.producer.internals.Sender.run(Sender.java:240)
	at java.lang.Thread.run(Thread.java:748)
[2020-10-29 10:32:12,187] ERROR [Producer clientId=producer-7] Uncaught error in kafka producer I/O thread:  (org.apache.kafka.clients.producer.internals.Sender:242)
java.lang.IllegalStateException: No previous metadata update to use
	at org.apache.kafka.clients.MockClient$DefaultMockMetadataUpdater.updateWithCurrentMetadata(MockClient.java:631)
	at org.apache.kafka.clients.MockClient.poll(MockClient.java:284)
	at org.apache.kafka.clients.producer.internals.Sender.runOnce(Sender.java:325)
	at org.apache.kafka.clients.producer.internals.Sender.run(Sender.java:240)
	at java.lang.Thread.run(Thread.java:748)
[2020-10-29 10:32:12,188] ERROR [Producer clientId=producer-7] Uncaught error in kafka producer I/O thread:  (org.apache.kafka.clients.producer.internals.Sender:242)
java.lang.IllegalStateException: No previous metadata update to use
	at org.apache.kafka.clients.MockClient$DefaultMockMetadataUpdater.updateWithCurrentMetadata(MockClient.java:631)
	at org.apache.kafka.clients.MockClient.poll(MockClient.java:284)
	at org.apache.kafka.clients.producer.internals.Sender.runOnce(Sender.java:325)
	at org.apache.kafka.clients.producer.internals.Sender.run(Sender.java:240)
	at java.lang.Thread.run(Thread.java:748)
[2020-10-29 10:32:12,188] ERROR [Producer clientId=producer-7] Uncaught error in kafka producer I/O thread:  (org.apache.kafka.clients.producer.internals.Sender:242)
java.lang.IllegalStateException: No previous metadata update to use
	at org.apache.kafka.clients.MockClient$DefaultMockMetadataUpdater.updateWithCurrentMetadata(MockClient.java:631)
	at org.apache.kafka.clients.MockClient.poll(MockClient.java:284)
	at org.apache.kafka.clients.producer.internals.Sender.runOnce(Sender.java:325)
	at org.apache.kafka.clients.producer.internals.Sender.run(Sender.java:240)
	at java.lang.Thread.run(Thread.java:748)
[2020-10-29 10:32:12,189] ERROR [Producer clientId=producer-7] Uncaught error in kafka producer I/O thread:  (org.apache.kafka.clients.producer.internals.Sender:242)
java.lang.IllegalStateException: No previous metadata update to use
	at org.apache.kafka.clients.MockClient$DefaultMockMetadataUpdater.updateWithCurrentMetadata(MockClient.java:631)
	at org.apache.kafka.clients.MockClient.poll(MockClient.java:284)
	at org.apache.kafka.clients.producer.internals.Sender.runOnce(Sender.java:325)
	at org.apache.kafka.clients.producer.internals.Sender.run(Sender.java:240)
	at java.lang.Thread.run(Thread.java:748)
[2020-10-29 10:32:12,189] ERROR [Producer clientId=producer-7] Uncaught error in kafka producer I/O thread:  (org.apache.kafka.clients.producer.internals.Sender:242)
java.lang.IllegalStateException: No previous metadata update to use
	at org.apache.kafka.clients.MockClient$DefaultMockMetadataUpdater.updateWithCurrentMetadata(MockClient.java:631)
	at org.apache.kafka.clients.MockClient.poll(MockClient.java:284)
	at org.apache.kafka.clients.producer.internals.Sender.runOnce(Sender.java:325)
	at org.apache.kafka.clients.producer.internals.Sender.run(Sender.java:240)
	at java.lang.Thread.run(Thread.java:748)
[2020-10-29 10:32:12,189] ERROR [Producer clientId=producer-7] Uncaught error in kafka producer I/O thread:  (org.apache.kafka.clients.producer.internals.Sender:242)
java.lang.IllegalStateException: No previous metadata update to use
	at org.apache.kafka.clients.MockClient$DefaultMockMetadataUpdater.updateWithCurrentMetadata(MockClient.java:631)
	at org.apache.kafka.clients.MockClient.poll(MockClient.java:284)
	at org.apache.kafka.clients.producer.internals.Sender.runOnce(Sender.java:325)
	at org.apache.kafka.clients.producer.internals.Sender.run(Sender.java:240)
	at java.lang.Thread.run(Thread.java:748)
[2020-10-29 10:32:12,189] ERROR [Producer clientId=producer-7] Uncaught error in kafka producer I/O thread:  (org.apache.kafka.clients.producer.internals.Sender:242)
java.lang.IllegalStateException: No previous metadata update to use
	at org.apache.kafka.clients.MockClient$DefaultMockMetadataUpdater.updateWithCurrentMetadata(MockClient.java:631)
	at org.apache.kafka.clients.MockClient.poll(MockClient.java:284)
	at org.apache.kafka.clients.producer.internals.Sender.runOnce(Sender.java:325)
	at org.apache.kafka.clients.producer.internals.Sender.run(Sender.java:240)
	at java.lang.Thread.run(Thread.java:748)
[2020-10-29 10:32:12,190] ERROR [Producer clientId=producer-7] Uncaught error in kafka producer I/O thread:  (org.apache.kafka.clients.producer.internals.Sender:242)
java.lang.IllegalStateException: No previous metadata update to use
	at org.apache.kafka.clients.MockClient$DefaultMockMetadataUpdater.updateWithCurrentMetadata(MockClient.java:631)
	at org.apache.kafka.clients.MockClient.poll(MockClient.java:284)
	at org.apache.kafka.clients.producer.internals.Sender.runOnce(Sender.java:325)
	at org.apache.kafka.clients.producer.internals.Sender.run(Sender.java:240)
	at java.lang.Thread.run(Thread.java:748)
[2020-10-29 10:32:12,190] ERROR [Producer clientId=producer-7] Uncaught error in kafka producer I/O thread:  (org.apache.kafka.clients.producer.internals.Sender:242)
java.lang.IllegalStateException: No previous metadata update to use
	at org.apache.kafka.clients.MockClient$DefaultMockMetadataUpdater.updateWithCurrentMetadata(MockClient.java:631)
	at org.apache.kafka.clients.MockClient.poll(MockClient.java:284)
	at org.apache.kafka.clients.producer.internals.Sender.runOnce(Sender.java:325)
	at org.apache.kafka.clients.producer.internals.Sender.run(Sender.java:240)
	at java.lang.Thread.run(Thread.java:748)
[2020-10-29 10:32:12,190] ERROR [Producer clientId=producer-7] Uncaught error in kafka producer I/O thread:  (org.apache.kafka.clients.producer.internals.Sender:242)
java.lang.IllegalStateException: No previous metadata update to use
	at org.apache.kafka.clients.MockClient$DefaultMockMetadataUpdater.updateWithCurrentMetadata(MockClient.java:631)
	at org.apache.kafka.clients.MockClient.poll(MockClient.java:284)
	at org.apache.kafka.clients.producer.internals.Sender.runOnce(Sender.java:325)
	at org.apache.kafka.clients.producer.internals.Sender.run(Sender.java:240)
	at java.lang.Thread.run(Thread.java:748)
[2020-10-29 10:32:12,190] ERROR [Producer clientId=producer-7] Uncaught error in kafka producer I/O thread:  (org.apache.kafka.clients.producer.internals.Sender:242)
java.lang.IllegalStateException: No previous metadata update to use
	at org.apache.kafka.clients.MockClient$DefaultMockMetadataUpdater.updateWithCurrentMetadata(MockClient.java:631)
	at org.apache.kafka.clients.MockClient.poll(MockClient.java:284)
	at org.apache.kafka.clients.producer.internals.Sender.runOnce(Sender.java:325)
	at org.apache.kafka.clients.producer.internals.Sender.run(Sender.java:240)
	at java.lang.Thread.run(Thread.java:748)
[2020-10-29 10:32:12,190] ERROR [Producer clientId=producer-7] Uncaught error in kafka producer I/O thread:  (org.apache.kafka.clients.producer.internals.Sender:242)
java.lang.IllegalStateException: No previous metadata update to use
	at org.apache.kafka.clients.MockClient$DefaultMockMetadataUpdater.updateWithCurrentMetadata(MockClient.java:631)
	at org.apache.kafka.clients.MockClient.poll(MockClient.java:284)
	at org.apache.kafka.clients.producer.internals.Sender.runOnce(Sender.java:325)
	at org.apache.kafka.clients.producer.internals.Sender.run(Sender.java:240)
	at java.lang.Thread.run(Thread.java:748)
[2020-10-29 10:32:12,191] ERROR [Producer clientId=producer-7] Uncaught error in kafka producer I/O thread:  (org.apache.kafka.clients.producer.internals.Sender:242)
java.lang.IllegalStateException: No previous metadata update to use
	at org.apache.kafka.clients.MockClient$DefaultMockMetadataUpdater.updateWithCurrentMetadata(MockClient.java:631)
	at org.apache.kafka.clients.MockClient.poll(MockClient.java:284)
	at org.apache.kafka.clients.producer.internals.Sender.runOnce(Sender.java:325)
	at org.apache.kafka.clients.producer.internals.Sender.run(Sender.java:240)
	at java.lang.Thread.run(Thread.java:748)
[2020-10-29 10:32:12,191] ERROR [Producer clientId=producer-7] Uncaught error in kafka producer I/O thread:  (org.apache.kafka.clients.producer.internals.Sender:242)
java.lang.IllegalStateException: No previous metadata update to use
	at org.apache.kafka.clients.MockClient$DefaultMockMetadataUpdater.updateWithCurrentMetadata(MockClient.java:631)
	at org.apache.kafka.clients.MockClient.poll(MockClient.java:284)
	at org.apache.kafka.clients.producer.internals.Sender.runOnce(Sender.java:325)
	at org.apache.kafka.clients.producer.internals.Sender.run(Sender.java:240)
	at java.lang.Thread.run(Thread.java:748)
[2020-10-29 10:32:12,191] ERROR [Producer clientId=producer-7] Uncaught error in kafka producer I/O thread:  (org.apache.kafka.clients.producer.internals.Sender:242)
java.lang.IllegalStateException: No previous metadata update to use
	at org.apache.kafka.clients.MockClient$DefaultMockMetadataUpdater.updateWithCurrentMetadata(MockClient.java:631)
	at org.apache.kafka.clients.MockClient.poll(MockClient.java:284)
	at org.apache.kafka.clients.producer.internals.Sender.runOnce(Sender.java:325)
	at org.apache.kafka.clients.producer.internals.Sender.run(Sender.java:240)
	at java.lang.Thread.run(Thread.java:748)
[2020-10-29 10:32:12,191] ERROR [Producer clientId=producer-7] Uncaught error in kafka producer I/O thread:  (org.apache.kafka.clients.producer.internals.Sender:242)
java.lang.IllegalStateException: No previous metadata update to use
	at org.apache.kafka.clients.MockClient$DefaultMockMetadataUpdater.updateWithCurrentMetadata(MockClient.java:631)
	at org.apache.kafka.clients.MockClient.poll(MockClient.java:284)
	at org.apache.kafka.clients.producer.internals.Sender.runOnce(Sender.java:325)
	at org.apache.kafka.clients.producer.internals.Sender.run(Sender.java:240)
	at java.lang.Thread.run(Thread.java:748)
[2020-10-29 10:32:12,192] ERROR [Producer clientId=producer-7] Uncaught error in kafka producer I/O thread:  (org.apache.kafka.clients.producer.internals.Sender:242)
java.lang.IllegalStateException: No previous metadata update to use
	at org.apache.kafka.clients.MockClient$DefaultMockMetadataUpdater.updateWithCurrentMetadata(MockClient.java:631)
	at org.apache.kafka.clients.MockClient.poll(MockClient.java:284)
	at org.apache.kafka.clients.producer.internals.Sender.runOnce(Sender.java:325)
	at org.apache.kafka.clients.producer.internals.Sender.run(Sender.java:240)
	at java.lang.Thread.run(Thread.java:748)
[2020-10-29 10:32:12,192] ERROR [Producer clientId=producer-7] Uncaught error in kafka producer I/O thread:  (org.apache.kafka.clients.producer.internals.Sender:242)
java.lang.IllegalStateException: No previous metadata update to use
	at org.apache.kafka.clients.MockClient$DefaultMockMetadataUpdater.updateWithCurrentMetadata(MockClient.java:631)
	at org.apache.kafka.clients.MockClient.poll(MockClient.java:284)
	at org.apache.kafka.clients.producer.internals.Sender.runOnce(Sender.java:325)
	at org.apache.kafka.clients.producer.internals.Sender.run(Sender.java:240)
	at java.lang.Thread.run(Thread.java:748)
[2020-10-29 10:32:12,193] ERROR [Producer clientId=producer-7] Uncaught error in kafka producer I/O thread:  (org.apache.kafka.clients.producer.internals.Sender:242)
java.lang.IllegalStateException: No previous metadata update to use
	at org.apache.kafka.clients.MockClient$DefaultMockMetadataUpdater.updateWithCurrentMetadata(MockClient.java:631)
	at org.apache.kafka.clients.MockClient.poll(MockClient.java:284)
	at org.apache.kafka.clients.producer.internals.Sender.runOnce(Sender.java:325)
	at org.apache.kafka.clients.producer.internals.Sender.run(Sender.java:240)
	at java.lang.Thread.run(Thread.java:748)
[2020-10-29 10:32:12,193] ERROR [Producer clientId=producer-7] Uncaught error in kafka producer I/O thread:  (org.apache.kafka.clients.producer.internals.Sender:242)
java.lang.IllegalStateException: No previous metadata update to use
	at org.apache.kafka.clients.MockClient$DefaultMockMetadataUpdater.updateWithCurrentMetadata(MockClient.java:631)
	at org.apache.kafka.clients.MockClient.poll(MockClient.java:284)
	at org.apache.kafka.clients.producer.internals.Sender.runOnce(Sender.java:325)
	at org.apache.kafka.clients.producer.internals.Sender.run(Sender.java:240)
	at java.lang.Thread.run(Thread.java:748)
[2020-10-29 10:32:12,194] ERROR [Producer clientId=producer-7] Uncaught error in kafka producer I/O thread:  (org.apache.kafka.clients.producer.internals.Sender:242)
java.lang.IllegalStateException: No previous metadata update to use
	at org.apache.kafka.clients.MockClient$DefaultMockMetadataUpdater.updateWithCurrentMetadata(MockClient.java:631)
	at org.apache.kafka.clients.MockClient.poll(MockClient.java:284)
	at org.apache.kafka.clients.producer.internals.Sender.runOnce(Sender.java:325)
	at org.apache.kafka.clients.producer.internals.Sender.run(Sender.java:240)
	at java.lang.Thread.run(Thread.java:748)
[2020-10-29 10:32:12,194] ERROR [Producer clientId=producer-7] Uncaught error in kafka producer I/O thread:  (org.apache.kafka.clients.producer.internals.Sender:242)
java.lang.IllegalStateException: No previous metadata update to use
	at org.apache.kafka.clients.MockClient$DefaultMockMetadataUpdater.updateWithCurrentMetadata(MockClient.java:631)
	at org.apache.kafka.clients.MockClient.poll(MockClient.java:284)
	at org.apache.kafka.clients.producer.internals.Sender.runOnce(Sender.java:325)
	at org.apache.kafka.clients.producer.internals.Sender.run(Sender.java:240)
	at java.lang.Thread.run(Thread.java:748)
[2020-10-29 10:32:12,194] ERROR [Producer clientId=producer-7] Uncaught error in kafka producer I/O thread:  (org.apache.kafka.clients.producer.internals.Sender:242)
java.lang.IllegalStateException: No previous metadata update to use
	at org.apache.kafka.clients.MockClient$DefaultMockMetadataUpdater.updateWithCurrentMetadata(MockClient.java:631)
	at org.apache.kafka.clients.MockClient.poll(MockClient.java:284)
	at org.apache.kafka.clients.producer.internals.Sender.runOnce(Sender.java:325)
	at org.apache.kafka.clients.producer.internals.Sender.run(Sender.java:240)
	at java.lang.Thread.run(Thread.java:748)
[2020-10-29 10:32:12,195] ERROR [Producer clientId=producer-7] Uncaught error in kafka producer I/O thread:  (org.apache.kafka.clients.producer.internals.Sender:242)
java.lang.IllegalStateException: No previous metadata update to use
	at org.apache.kafka.clients.MockClient$DefaultMockMetadataUpdater.updateWithCurrentMetadata(MockClient.java:631)
	at org.apache.kafka.clients.MockClient.poll(MockClient.java:284)
	at org.apache.kafka.clients.producer.internals.Sender.runOnce(Sender.java:325)
	at org.apache.kafka.clients.producer.internals.Sender.run(Sender.java:240)
	at java.lang.Thread.run(Thread.java:748)
[2020-10-29 10:32:12,195] ERROR [Producer clientId=producer-7] Uncaught error in kafka producer I/O thread:  (org.apache.kafka.clients.producer.internals.Sender:242)
java.lang.IllegalStateException: No previous metadata update to use
	at org.apache.kafka.clients.MockClient$DefaultMockMetadataUpdater.updateWithCurrentMetadata(MockClient.java:631)
	at org.apache.kafka.clients.MockClient.poll(MockClient.java:284)
	at org.apache.kafka.clients.producer.internals.Sender.runOnce(Sender.java:325)
	at org.apache.kafka.clients.producer.internals.Sender.run(Sender.java:240)
	at java.lang.Thread.run(Thread.java:748)
[2020-10-29 10:32:12,195] ERROR [Producer clientId=producer-7] Uncaught error in kafka producer I/O thread:  (org.apache.kafka.clients.producer.internals.Sender:242)
java.lang.IllegalStateException: No previous metadata update to use
	at org.apache.kafka.clients.MockClient$DefaultMockMetadataUpdater.updateWithCurrentMetadata(MockClient.java:631)
	at org.apache.kafka.clients.MockClient.poll(MockClient.java:284)
	at org.apache.kafka.clients.producer.internals.Sender.runOnce(Sender.java:325)
	at org.apache.kafka.clients.producer.internals.Sender.run(Sender.java:240)
	at java.lang.Thread.run(Thread.java:748)
[2020-10-29 10:32:12,196] ERROR [Producer clientId=producer-7] Uncaught error in kafka producer I/O thread:  (org.apache.kafka.clients.producer.internals.Sender:242)
java.lang.IllegalStateException: No previous metadata update to use
	at org.apache.kafka.clients.MockClient$DefaultMockMetadataUpdater.updateWithCurrentMetadata(MockClient.java:631)
	at org.apache.kafka.clients.MockClient.poll(MockClient.java:284)
	at org.apache.kafka.clients.producer.internals.Sender.runOnce(Sender.java:325)
	at org.apache.kafka.clients.producer.internals.Sender.run(Sender.java:240)
	at java.lang.Thread.run(Thread.java:748)
[2020-10-29 10:32:12,196] ERROR [Producer clientId=producer-7] Uncaught error in kafka producer I/O thread:  (org.apache.kafka.clients.producer.internals.Sender:242)
java.lang.IllegalStateException: No previous metadata update to use
	at org.apache.kafka.clients.MockClient$DefaultMockMetadataUpdater.updateWithCurrentMetadata(MockClient.java:631)
	at org.apache.kafka.clients.MockClient.poll(MockClient.java:284)
	at org.apache.kafka.clients.producer.internals.Sender.runOnce(Sender.java:325)
	at org.apache.kafka.clients.producer.internals.Sender.run(Sender.java:240)
	at java.lang.Thread.run(Thread.java:748)
[2020-10-29 10:32:12,196] ERROR [Producer clientId=producer-7] Uncaught error in kafka producer I/O thread:  (org.apache.kafka.clients.producer.internals.Sender:242)
java.lang.IllegalStateException: No previous metadata update to use
	at org.apache.kafka.clients.MockClient$DefaultMockMetadataUpdater.updateWithCurrentMetadata(MockClient.java:631)
	at org.apache.kafka.clients.MockClient.poll(MockClient.java:284)
	at org.apache.kafka.clients.producer.internals.Sender.runOnce(Sender.java:325)
	at org.apache.kafka.clients.producer.internals.Sender.run(Sender.java:240)
	at java.lang.Thread.run(Thread.java:748)
[2020-10-29 10:32:12,197] ERROR [Producer clientId=producer-7] Uncaught error in kafka producer I/O thread:  (org.apache.kafka.clients.producer.internals.Sender:242)
java.lang.IllegalStateException: No previous metadata update to use
	at org.apache.kafka.clients.MockClient$DefaultMockMetadataUpdater.updateWithCurrentMetadata(MockClient.java:631)
	at org.apache.kafka.clients.MockClient.poll(MockClient.java:284)
	at org.apache.kafka.clients.producer.internals.Sender.runOnce(Sender.java:325)
	at org.apache.kafka.clients.producer.internals.Sender.run(Sender.java:240)
	at java.lang.Thread.run(Thread.java:748)
[2020-10-29 10:32:12,197] ERROR [Producer clientId=producer-7] Uncaught error in kafka producer I/O thread:  (org.apache.kafka.clients.producer.internals.Sender:242)
java.lang.IllegalStateException: No previous metadata update to use
	at org.apache.kafka.clients.MockClient$DefaultMockMetadataUpdater.updateWithCurrentMetadata(MockClient.java:631)
	at org.apache.kafka.clients.MockClient.poll(MockClient.java:284)
	at org.apache.kafka.clients.producer.internals.Sender.runOnce(Sender.java:325)
	at org.apache.kafka.clients.producer.internals.Sender.run(Sender.java:240)
	at java.lang.Thread.run(Thread.java:748)
[2020-10-29 10:32:12,198] ERROR [Producer clientId=producer-7] Uncaught error in kafka producer I/O thread:  (org.apache.kafka.clients.producer.internals.Sender:242)
java.lang.IllegalStateException: No previous metadata update to use
	at org.apache.kafka.clients.MockClient$DefaultMockMetadataUpdater.updateWithCurrentMetadata(MockClient.java:631)
	at org.apache.kafka.clients.MockClient.poll(MockClient.java:284)
	at org.apache.kafka.clients.producer.internals.Sender.runOnce(Sender.java:325)
	at org.apache.kafka.clients.producer.internals.Sender.run(Sender.java:240)
	at java.lang.Thread.run(Thread.java:748)
[2020-10-29 10:32:12,198] ERROR [Producer clientId=producer-7] Uncaught error in kafka producer I/O thread:  (org.apache.kafka.clients.producer.internals.Sender:242)
java.lang.IllegalStateException: No previous metadata update to use
	at org.apache.kafka.clients.MockClient$DefaultMockMetadataUpdater.updateWithCurrentMetadata(MockClient.java:631)
	at org.apache.kafka.clients.MockClient.poll(MockClient.java:284)
	at org.apache.kafka.clients.producer.internals.Sender.runOnce(Sender.java:325)
	at org.apache.kafka.clients.producer.internals.Sender.run(Sender.java:240)
	at java.lang.Thread.run(Thread.java:748)
[2020-10-29 10:32:12,198] ERROR [Producer clientId=producer-7] Uncaught error in kafka producer I/O thread:  (org.apache.kafka.clients.producer.internals.Sender:242)
java.lang.IllegalStateException: No previous metadata update to use
	at org.apache.kafka.clients.MockClient$DefaultMockMetadataUpdater.updateWithCurrentMetadata(MockClient.java:631)
	at org.apache.kafka.clients.MockClient.poll(MockClient.java:284)
	at org.apache.kafka.clients.producer.internals.Sender.runOnce(Sender.java:325)
	at org.apache.kafka.clients.producer.internals.Sender.run(Sender.java:240)
	at java.lang.Thread.run(Thread.java:748)
[2020-10-29 10:32:12,198] ERROR [Producer clientId=producer-7] Uncaught error in kafka producer I/O thread:  (org.apache.kafka.clients.producer.internals.Sender:242)
java.lang.IllegalStateException: No previous metadata update to use
	at org.apache.kafka.clients.MockClient$DefaultMockMetadataUpdater.updateWithCurrentMetadata(MockClient.java:631)
	at org.apache.kafka.clients.MockClient.poll(MockClient.java:284)
	at org.apache.kafka.clients.producer.internals.Sender.runOnce(Sender.java:325)
	at org.apache.kafka.clients.producer.internals.Sender.run(Sender.java:240)
	at java.lang.Thread.run(Thread.java:748)
[2020-10-29 10:32:12,199] ERROR [Producer clientId=producer-7] Uncaught error in kafka producer I/O thread:  (org.apache.kafka.clients.producer.internals.Sender:242)
java.lang.IllegalStateException: No previous metadata update to use
	at org.apache.kafka.clients.MockClient$DefaultMockMetadataUpdater.updateWithCurrentMetadata(MockClient.java:631)
	at org.apache.kafka.clients.MockClient.poll(MockClient.java:284)
	at org.apache.kafka.clients.producer.internals.Sender.runOnce(Sender.java:325)
	at org.apache.kafka.clients.producer.internals.Sender.run(Sender.java:240)
	at java.lang.Thread.run(Thread.java:748)
[2020-10-29 10:32:12,199] ERROR [Producer clientId=producer-7] Uncaught error in kafka producer I/O thread:  (org.apache.kafka.clients.producer.internals.Sender:242)
java.lang.IllegalStateException: No previous metadata update to use
	at org.apache.kafka.clients.MockClient$DefaultMockMetadataUpdater.updateWithCurrentMetadata(MockClient.java:631)
	at org.apache.kafka.clients.MockClient.poll(MockClient.java:284)
	at org.apache.kafka.clients.producer.internals.Sender.runOnce(Sender.java:325)
	at org.apache.kafka.clients.producer.internals.Sender.run(Sender.java:240)
	at java.lang.Thread.run(Thread.java:748)
[2020-10-29 10:32:12,199] ERROR [Producer clientId=producer-7] Uncaught error in kafka producer I/O thread:  (org.apache.kafka.clients.producer.internals.Sender:242)
java.lang.IllegalStateException: No previous metadata update to use
	at org.apache.kafka.clients.MockClient$DefaultMockMetadataUpdater.updateWithCurrentMetadata(MockClient.java:631)
	at org.apache.kafka.clients.MockClient.poll(MockClient.java:284)
	at org.apache.kafka.clients.producer.internals.Sender.runOnce(Sender.java:325)
	at org.apache.kafka.clients.producer.internals.Sender.run(Sender.java:240)
	at java.lang.Thread.run(Thread.java:748)
[2020-10-29 10:32:12,200] ERROR [Producer clientId=producer-7] Uncaught error in kafka producer I/O thread:  (org.apache.kafka.clients.producer.internals.Sender:242)
java.lang.IllegalStateException: No previous metadata update to use
	at org.apache.kafka.clients.MockClient$DefaultMockMetadataUpdater.updateWithCurrentMetadata(MockClient.java:631)
	at org.apache.kafka.clients.MockClient.poll(MockClient.java:284)
	at org.apache.kafka.clients.producer.internals.Sender.runOnce(Sender.java:325)
	at org.apache.kafka.clients.producer.internals.Sender.run(Sender.java:240)
	at java.lang.Thread.run(Thread.java:748)
[2020-10-29 10:32:12,200] ERROR [Producer clientId=producer-7] Uncaught error in kafka producer I/O thread:  (org.apache.kafka.clients.producer.internals.Sender:242)
java.lang.IllegalStateException: No previous metadata update to use
	at org.apache.kafka.clients.MockClient$DefaultMockMetadataUpdater.updateWithCurrentMetadata(MockClient.java:631)
	at org.apache.kafka.clients.MockClient.poll(MockClient.java:284)
	at org.apache.kafka.clients.producer.internals.Sender.runOnce(Sender.java:325)
	at org.apache.kafka.clients.producer.internals.Sender.run(Sender.java:240)
	at java.lang.Thread.run(Thread.java:748)
[2020-10-29 10:32:12,201] ERROR [Producer clientId=producer-7] Uncaught error in kafka producer I/O thread:  (org.apache.kafka.clients.producer.internals.Sender:242)
java.lang.IllegalStateException: No previous metadata update to use
	at org.apache.kafka.clients.MockClient$DefaultMockMetadataUpdater.updateWithCurrentMetadata(MockClient.java:631)
	at org.apache.kafka.clients.MockClient.poll(MockClient.java:284)
	at org.apache.kafka.clients.producer.internals.Sender.runOnce(Sender.java:325)
	at org.apache.kafka.clients.producer.internals.Sender.run(Sender.java:240)
	at java.lang.Thread.run(Thread.java:748)
[2020-10-29 10:32:12,201] ERROR [Producer clientId=producer-7] Uncaught error in kafka producer I/O thread:  (org.apache.kafka.clients.producer.internals.Sender:242)
java.lang.IllegalStateException: No previous metadata update to use
	at org.apache.kafka.clients.MockClient$DefaultMockMetadataUpdater.updateWithCurrentMetadata(MockClient.java:631)
	at org.apache.kafka.clients.MockClient.poll(MockClient.java:284)
	at org.apache.kafka.clients.producer.internals.Sender.runOnce(Sender.java:325)
	at org.apache.kafka.clients.producer.internals.Sender.run(Sender.java:240)
	at java.lang.Thread.run(Thread.java:748)
[2020-10-29 10:32:12,201] ERROR [Producer clientId=producer-7] Uncaught error in kafka producer I/O thread:  (org.apache.kafka.clients.producer.internals.Sender:242)
java.lang.IllegalStateException: No previous metadata update to use
	at org.apache.kafka.clients.MockClient$DefaultMockMetadataUpdater.updateWithCurrentMetadata(MockClient.java:631)
	at org.apache.kafka.clients.MockClient.poll(MockClient.java:284)
	at org.apache.kafka.clients.producer.internals.Sender.runOnce(Sender.java:325)
	at org.apache.kafka.clients.producer.internals.Sender.run(Sender.java:240)
	at java.lang.Thread.run(Thread.java:748)
[2020-10-29 10:32:12,202] ERROR [Producer clientId=producer-7] Uncaught error in kafka producer I/O thread:  (org.apache.kafka.clients.producer.internals.Sender:242)
java.lang.IllegalStateException: No previous metadata update to use
	at org.apache.kafka.clients.MockClient$DefaultMockMetadataUpdater.updateWithCurrentMetadata(MockClient.java:631)
	at org.apache.kafka.clients.MockClient.poll(MockClient.java:284)
	at org.apache.kafka.clients.producer.internals.Sender.runOnce(Sender.java:325)
	at org.apache.kafka.clients.producer.internals.Sender.run(Sender.java:240)
	at java.lang.Thread.run(Thread.java:748)
[2020-10-29 10:32:12,203] ERROR [Producer clientId=producer-7] Uncaught error in kafka producer I/O thread:  (org.apache.kafka.clients.producer.internals.Sender:242)
java.lang.IllegalStateException: No previous metadata update to use
	at org.apache.kafka.clients.MockClient$DefaultMockMetadataUpdater.updateWithCurrentMetadata(MockClient.java:631)
	at org.apache.kafka.clients.MockClient.poll(MockClient.java:284)
	at org.apache.kafka.clients.producer.internals.Sender.runOnce(Sender.java:325)
	at org.apache.kafka.clients.producer.internals.Sender.run(Sender.java:240)
	at java.lang.Thread.run(Thread.java:748)
[2020-10-29 10:32:12,203] ERROR [Producer clientId=producer-7] Uncaught error in kafka producer I/O thread:  (org.apache.kafka.clients.producer.internals.Sender:242)
java.lang.IllegalStateException: No previous metadata update to use
	at org.apache.kafka.clients.MockClient$DefaultMockMetadataUpdater.updateWithCurrentMetadata(MockClient.java:631)
	at org.apache.kafka.clients.MockClient.poll(MockClient.java:284)
	at org.apache.kafka.clients.producer.internals.Sender.runOnce(Sender.java:325)
	at org.apache.kafka.clients.producer.internals.Sender.run(Sender.java:240)
	at java.lang.Thread.run(Thread.java:748)
[2020-10-29 10:32:12,204] ERROR [Producer clientId=producer-7] Uncaught error in kafka producer I/O thread:  (org.apache.kafka.clients.producer.internals.Sender:242)
java.lang.IllegalStateException: No previous metadata update to use
	at org.apache.kafka.clients.MockClient$DefaultMockMetadataUpdater.updateWithCurrentMetadata(MockClient.java:631)
	at org.apache.kafka.clients.MockClient.poll(MockClient.java:284)
	at org.apache.kafka.clients.producer.internals.Sender.runOnce(Sender.java:325)
	at org.apache.kafka.clients.producer.internals.Sender.run(Sender.java:240)
	at java.lang.Thread.run(Thread.java:748)
[2020-10-29 10:32:12,204] ERROR [Producer clientId=producer-7] Uncaught error in kafka producer I/O thread:  (org.apache.kafka.clients.producer.internals.Sender:242)
java.lang.IllegalStateException: No previous metadata update to use
	at org.apache.kafka.clients.MockClient$DefaultMockMetadataUpdater.updateWithCurrentMetadata(MockClient.java:631)
	at org.apache.kafka.clients.MockClient.poll(MockClient.java:284)
	at org.apache.kafka.clients.producer.internals.Sender.runOnce(Sender.java:325)
	at org.apache.kafka.clients.producer.internals.Sender.run(Sender.java:240)
	at java.lang.Thread.run(Thread.java:748)
[2020-10-29 10:32:12,204] ERROR [Producer clientId=producer-7] Uncaught error in kafka producer I/O thread:  (org.apache.kafka.clients.producer.internals.Sender:242)
java.lang.IllegalStateException: No previous metadata update to use
	at org.apache.kafka.clients.MockClient$DefaultMockMetadataUpdater.updateWithCurrentMetadata(MockClient.java:631)
	at org.apache.kafka.clients.MockClient.poll(MockClient.java:284)
	at org.apache.kafka.clients.producer.internals.Sender.runOnce(Sender.java:325)
	at org.apache.kafka.clients.producer.internals.Sender.run(Sender.java:240)
	at java.lang.Thread.run(Thread.java:748)
[2020-10-29 10:32:12,205] ERROR [Producer clientId=producer-7] Uncaught error in kafka producer I/O thread:  (org.apache.kafka.clients.producer.internals.Sender:242)
java.lang.IllegalStateException: No previous metadata update to use
	at org.apache.kafka.clients.MockClient$DefaultMockMetadataUpdater.updateWithCurrentMetadata(MockClient.java:631)
	at org.apache.kafka.clients.MockClient.poll(MockClient.java:284)
	at org.apache.kafka.clients.producer.internals.Sender.runOnce(Sender.java:325)
	at org.apache.kafka.clients.producer.internals.Sender.run(Sender.java:240)
	at java.lang.Thread.run(Thread.java:748)
[2020-10-29 10:32:12,205] ERROR [Producer clientId=producer-7] Uncaught error in kafka producer I/O thread:  (org.apache.kafka.clients.producer.internals.Sender:242)
java.lang.IllegalStateException: No previous metadata update to use
	at org.apache.kafka.clients.MockClient$DefaultMockMetadataUpdater.updateWithCurrentMetadata(MockClient.java:631)
	at org.apache.kafka.clients.MockClient.poll(MockClient.java:284)
	at org.apache.kafka.clients.producer.internals.Sender.runOnce(Sender.java:325)
	at org.apache.kafka.clients.producer.internals.Sender.run(Sender.java:240)
	at java.lang.Thread.run(Thread.java:748)
[2020-10-29 10:32:12,206] ERROR [Producer clientId=producer-7] Uncaught error in kafka producer I/O thread:  (org.apache.kafka.clients.producer.internals.Sender:242)
java.lang.IllegalStateException: No previous metadata update to use
	at org.apache.kafka.clients.MockClient$DefaultMockMetadataUpdater.updateWithCurrentMetadata(MockClient.java:631)
	at org.apache.kafka.clients.MockClient.poll(MockClient.java:284)
	at org.apache.kafka.clients.producer.internals.Sender.runOnce(Sender.java:325)
	at org.apache.kafka.clients.producer.internals.Sender.run(Sender.java:240)
	at java.lang.Thread.run(Thread.java:748)
[2020-10-29 10:32:12,206] ERROR [Producer clientId=producer-7] Uncaught error in kafka producer I/O thread:  (org.apache.kafka.clients.producer.internals.Sender:242)
java.lang.IllegalStateException: No previous metadata update to use
	at org.apache.kafka.clients.MockClient$DefaultMockMetadataUpdater.updateWithCurrentMetadata(MockClient.java:631)
	at org.apache.kafka.clients.MockClient.poll(MockClient.java:284)
	at org.apache.kafka.clients.producer.internals.Sender.runOnce(Sender.java:325)
	at org.apache.kafka.clients.producer.internals.Sender.run(Sender.java:240)
	at java.lang.Thread.run(Thread.java:748)
[2020-10-29 10:32:12,207] ERROR [Producer clientId=producer-7] Uncaught error in kafka producer I/O thread:  (org.apache.kafka.clients.producer.internals.Sender:242)
java.lang.IllegalStateException: No previous metadata update to use
	at org.apache.kafka.clients.MockClient$DefaultMockMetadataUpdater.updateWithCurrentMetadata(MockClient.java:631)
	at org.apache.kafka.clients.MockClient.poll(MockClient.java:284)
	at org.apache.kafka.clients.producer.internals.Sender.runOnce(Sender.java:325)
	at org.apache.kafka.clients.producer.internals.Sender.run(Sender.java:240)
	at java.lang.Thread.run(Thread.java:748)
[2020-10-29 10:32:12,207] ERROR [Producer clientId=producer-7] Uncaught error in kafka producer I/O thread:  (org.apache.kafka.clients.producer.internals.Sender:242)
java.lang.IllegalStateException: No previous metadata update to use
	at org.apache.kafka.clients.MockClient$DefaultMockMetadataUpdater.updateWithCurrentMetadata(MockClient.java:631)
	at org.apache.kafka.clients.MockClient.poll(MockClient.java:284)
	at org.apache.kafka.clients.producer.internals.Sender.runOnce(Sender.java:325)
	at org.apache.kafka.clients.producer.internals.Sender.run(Sender.java:240)
	at java.lang.Thread.run(Thread.java:748)
[2020-10-29 10:32:12,207] ERROR [Producer clientId=producer-7] Uncaught error in kafka producer I/O thread:  (org.apache.kafka.clients.producer.internals.Sender:242)
java.lang.IllegalStateException: No previous metadata update to use
	at org.apache.kafka.clients.MockClient$DefaultMockMetadataUpdater.updateWithCurrentMetadata(MockClient.java:631)
	at org.apache.kafka.clients.MockClient.poll(MockClient.java:284)
	at org.apache.kafka.clients.producer.internals.Sender.runOnce(Sender.java:325)
	at org.apache.kafka.clients.producer.internals.Sender.run(Sender.java:240)
	at java.lang.Thread.run(Thread.java:748)
[2020-10-29 10:32:12,208] ERROR [Producer clientId=producer-7] Uncaught error in kafka producer I/O thread:  (org.apache.kafka.clients.producer.internals.Sender:242)
java.lang.IllegalStateException: No previous metadata update to use
	at org.apache.kafka.clients.MockClient$DefaultMockMetadataUpdater.updateWithCurrentMetadata(MockClient.java:631)
	at org.apache.kafka.clients.MockClient.poll(MockClient.java:284)
	at org.apache.kafka.clients.producer.internals.Sender.runOnce(Sender.java:325)
	at org.apache.kafka.clients.producer.internals.Sender.run(Sender.java:240)
	at java.lang.Thread.run(Thread.java:748)
[2020-10-29 10:32:12,208] ERROR [Producer clientId=producer-7] Uncaught error in kafka producer I/O thread:  (org.apache.kafka.clients.producer.internals.Sender:242)
java.lang.IllegalStateException: No previous metadata update to use
	at org.apache.kafka.clients.MockClient$DefaultMockMetadataUpdater.updateWithCurrentMetadata(MockClient.java:631)
	at org.apache.kafka.clients.MockClient.poll(MockClient.java:284)
	at org.apache.kafka.clients.producer.internals.Sender.runOnce(Sender.java:325)
	at org.apache.kafka.clients.producer.internals.Sender.run(Sender.java:240)
	at java.lang.Thread.run(Thread.java:748)
[2020-10-29 10:32:12,208] ERROR [Producer clientId=producer-7] Uncaught error in kafka producer I/O thread:  (org.apache.kafka.clients.producer.internals.Sender:242)
java.lang.IllegalStateException: No previous metadata update to use
	at org.apache.kafka.clients.MockClient$DefaultMockMetadataUpdater.updateWithCurrentMetadata(MockClient.java:631)
	at org.apache.kafka.clients.MockClient.poll(MockClient.java:284)
	at org.apache.kafka.clients.producer.internals.Sender.runOnce(Sender.java:325)
	at org.apache.kafka.clients.producer.internals.Sender.run(Sender.java:240)
	at java.lang.Thread.run(Thread.java:748)
[2020-10-29 10:32:12,208] ERROR [Producer clientId=producer-7] Uncaught error in kafka producer I/O thread:  (org.apache.kafka.clients.producer.internals.Sender:242)
java.lang.IllegalStateException: No previous metadata update to use
	at org.apache.kafka.clients.MockClient$DefaultMockMetadataUpdater.updateWithCurrentMetadata(MockClient.java:631)
	at org.apache.kafka.clients.MockClient.poll(MockClient.java:284)
	at org.apache.kafka.clients.producer.internals.Sender.runOnce(Sender.java:325)
	at org.apache.kafka.clients.producer.internals.Sender.run(Sender.java:240)
	at java.lang.Thread.run(Thread.java:748)
[2020-10-29 10:32:12,613] ERROR [Producer clientId=producer-9] Uncaught error in kafka producer I/O thread:  (org.apache.kafka.clients.producer.internals.Sender:242)
java.lang.IllegalStateException: No previous metadata update to use
	at org.apache.kafka.clients.MockClient$DefaultMockMetadataUpdater.updateWithCurrentMetadata(MockClient.java:631)
	at org.apache.kafka.clients.MockClient.poll(MockClient.java:284)
	at org.apache.kafka.clients.producer.internals.Sender.runOnce(Sender.java:325)
	at org.apache.kafka.clients.producer.internals.Sender.run(Sender.java:240)
	at java.lang.Thread.run(Thread.java:748)
[2020-10-29 10:32:12,613] ERROR [Producer clientId=producer-9] Uncaught error in kafka producer I/O thread:  (org.apache.kafka.clients.producer.internals.Sender:242)
java.lang.IllegalStateException: No previous metadata update to use
	at org.apache.kafka.clients.MockClient$DefaultMockMetadataUpdater.updateWithCurrentMetadata(MockClient.java:631)
	at org.apache.kafka.clients.MockClient.poll(MockClient.java:284)
	at org.apache.kafka.clients.producer.internals.Sender.runOnce(Sender.java:325)
	at org.apache.kafka.clients.producer.internals.Sender.run(Sender.java:240)
	at java.lang.Thread.run(Thread.java:748)
[2020-10-29 10:32:12,614] ERROR [Producer clientId=producer-9] Uncaught error in kafka producer I/O thread:  (org.apache.kafka.clients.producer.internals.Sender:242)
java.lang.IllegalStateException: No previous metadata update to use
	at org.apache.kafka.clients.MockClient$DefaultMockMetadataUpdater.updateWithCurrentMetadata(MockClient.java:631)
	at org.apache.kafka.clients.MockClient.poll(MockClient.java:284)
	at org.apache.kafka.clients.producer.internals.Sender.runOnce(Sender.java:325)
	at org.apache.kafka.clients.producer.internals.Sender.run(Sender.java:240)
	at java.lang.Thread.run(Thread.java:748)
[2020-10-29 10:32:12,614] ERROR [Producer clientId=producer-9] Uncaught error in kafka producer I/O thread:  (org.apache.kafka.clients.producer.internals.Sender:242)
java.lang.IllegalStateException: No previous metadata update to use
	at org.apache.kafka.clients.MockClient$DefaultMockMetadataUpdater.updateWithCurrentMetadata(MockClient.java:631)
	at org.apache.kafka.clients.MockClient.poll(MockClient.java:284)
	at org.apache.kafka.clients.producer.internals.Sender.runOnce(Sender.java:325)
	at org.apache.kafka.clients.producer.internals.Sender.run(Sender.java:240)
	at java.lang.Thread.run(Thread.java:748)
[2020-10-29 10:32:12,614] ERROR [Producer clientId=producer-9] Uncaught error in kafka producer I/O thread:  (org.apache.kafka.clients.producer.internals.Sender:242)
java.lang.IllegalStateException: No previous metadata update to use
	at org.apache.kafka.clients.MockClient$DefaultMockMetadataUpdater.updateWithCurrentMetadata(MockClient.java:631)
	at org.apache.kafka.clients.MockClient.poll(MockClient.java:284)
	at org.apache.kafka.clients.producer.internals.Sender.runOnce(Sender.java:325)
	at org.apache.kafka.clients.producer.internals.Sender.run(Sender.java:240)
	at java.lang.Thread.run(Thread.java:748)
[2020-10-29 10:32:12,614] ERROR [Producer clientId=producer-9] Uncaught error in kafka producer I/O thread:  (org.apache.kafka.clients.producer.internals.Sender:242)
java.lang.IllegalStateException: No previous metadata update to use
	at org.apache.kafka.clients.MockClient$DefaultMockMetadataUpdater.updateWithCurrentMetadata(MockClient.java:631)
	at org.apache.kafka.clients.MockClient.poll(MockClient.java:284)
	at org.apache.kafka.clients.producer.internals.Sender.runOnce(Sender.java:325)
	at org.apache.kafka.clients.producer.internals.Sender.run(Sender.java:240)
	at java.lang.Thread.run(Thread.java:748)
[2020-10-29 10:32:12,614] ERROR [Producer clientId=producer-9] Uncaught error in kafka producer I/O thread:  (org.apache.kafka.clients.producer.internals.Sender:242)
java.lang.IllegalStateException: No previous metadata update to use
	at org.apache.kafka.clients.MockClient$DefaultMockMetadataUpdater.updateWithCurrentMetadata(MockClient.java:631)
	at org.apache.kafka.clients.MockClient.poll(MockClient.java:284)
	at org.apache.kafka.clients.producer.internals.Sender.runOnce(Sender.java:325)
	at org.apache.kafka.clients.producer.internals.Sender.run(Sender.java:240)
	at java.lang.Thread.run(Thread.java:748)
[2020-10-29 10:32:12,615] ERROR [Producer clientId=producer-9] Uncaught error in kafka producer I/O thread:  (org.apache.kafka.clients.producer.internals.Sender:242)
java.lang.IllegalStateException: No previous metadata update to use
	at org.apache.kafka.clients.MockClient$DefaultMockMetadataUpdater.updateWithCurrentMetadata(MockClient.java:631)
	at org.apache.kafka.clients.MockClient.poll(MockClient.java:284)
	at org.apache.kafka.clients.producer.internals.Sender.runOnce(Sender.java:325)
	at org.apache.kafka.clients.producer.internals.Sender.run(Sender.java:240)
	at java.lang.Thread.run(Thread.java:748)
[2020-10-29 10:32:12,615] ERROR [Producer clientId=producer-9] Uncaught error in kafka producer I/O thread:  (org.apache.kafka.clients.producer.internals.Sender:242)
java.lang.IllegalStateException: No previous metadata update to use
	at org.apache.kafka.clients.MockClient$DefaultMockMetadataUpdater.updateWithCurrentMetadata(MockClient.java:631)
	at org.apache.kafka.clients.MockClient.poll(MockClient.java:284)
	at org.apache.kafka.clients.producer.internals.Sender.runOnce(Sender.java:325)
	at org.apache.kafka.clients.producer.internals.Sender.run(Sender.java:240)
	at java.lang.Thread.run(Thread.java:748)
[2020-10-29 10:32:12,615] ERROR [Producer clientId=producer-9] Uncaught error in kafka producer I/O thread:  (org.apache.kafka.clients.producer.internals.Sender:242)
java.lang.IllegalStateException: No previous metadata update to use
	at org.apache.kafka.clients.MockClient$DefaultMockMetadataUpdater.updateWithCurrentMetadata(MockClient.java:631)
	at org.apache.kafka.clients.MockClient.poll(MockClient.java:284)
	at org.apache.kafka.clients.producer.internals.Sender.runOnce(Sender.java:325)
	at org.apache.kafka.clients.producer.internals.Sender.run(Sender.java:240)
	at java.lang.Thread.run(Thread.java:748)
[2020-10-29 10:32:12,615] ERROR [Producer clientId=producer-9] Uncaught error in kafka producer I/O thread:  (org.apache.kafka.clients.producer.internals.Sender:242)
java.lang.IllegalStateException: No previous metadata update to use
	at org.apache.kafka.clients.MockClient$DefaultMockMetadataUpdater.updateWithCurrentMetadata(MockClient.java:631)
	at org.apache.kafka.clients.MockClient.poll(MockClient.java:284)
	at org.apache.kafka.clients.producer.internals.Sender.runOnce(Sender.java:325)
	at org.apache.kafka.clients.producer.internals.Sender.run(Sender.java:240)
	at java.lang.Thread.run(Thread.java:748)
[2020-10-29 10:32:12,615] ERROR [Producer clientId=producer-9] Uncaught error in kafka producer I/O thread:  (org.apache.kafka.clients.producer.internals.Sender:242)
java.lang.IllegalStateException: No previous metadata update to use
	at org.apache.kafka.clients.MockClient$DefaultMockMetadataUpdater.updateWithCurrentMetadata(MockClient.java:631)
	at org.apache.kafka.clients.MockClient.poll(MockClient.java:284)
	at org.apache.kafka.clients.producer.internals.Sender.runOnce(Sender.java:325)
	at org.apache.kafka.clients.producer.internals.Sender.run(Sender.java:240)
	at java.lang.Thread.run(Thread.java:748)
[2020-10-29 10:32:12,616] ERROR [Producer clientId=producer-9] Uncaught error in kafka producer I/O thread:  (org.apache.kafka.clients.producer.internals.Sender:242)
java.lang.IllegalStateException: No previous metadata update to use
	at org.apache.kafka.clients.MockClient$DefaultMockMetadataUpdater.updateWithCurrentMetadata(MockClient.java:631)
	at org.apache.kafka.clients.MockClient.poll(MockClient.java:284)
	at org.apache.kafka.clients.producer.internals.Sender.runOnce(Sender.java:325)
	at org.apache.kafka.clients.producer.internals.Sender.run(Sender.java:240)
	at java.lang.Thread.run(Thread.java:748)
[2020-10-29 10:32:12,616] ERROR [Producer clientId=producer-9] Uncaught error in kafka producer I/O thread:  (org.apache.kafka.clients.producer.internals.Sender:242)
java.lang.IllegalStateException: No previous metadata update to use
	at org.apache.kafka.clients.MockClient$DefaultMockMetadataUpdater.updateWithCurrentMetadata(MockClient.java:631)
	at org.apache.kafka.clients.MockClient.poll(MockClient.java:284)
	at org.apache.kafka.clients.producer.internals.Sender.runOnce(Sender.java:325)
	at org.apache.kafka.clients.producer.internals.Sender.run(Sender.java:240)
	at java.lang.Thread.run(Thread.java:748)
[2020-10-29 10:32:12,616] ERROR [Producer clientId=producer-9] Uncaught error in kafka producer I/O thread:  (org.apache.kafka.clients.producer.internals.Sender:242)
java.lang.IllegalStateException: No previous metadata update to use
	at org.apache.kafka.clients.MockClient$DefaultMockMetadataUpdater.updateWithCurrentMetadata(MockClient.java:631)
	at org.apache.kafka.clients.MockClient.poll(MockClient.java:284)
	at org.apache.kafka.clients.producer.internals.Sender.runOnce(Sender.java:325)
	at org.apache.kafka.clients.producer.internals.Sender.run(Sender.java:240)
	at java.lang.Thread.run(Thread.java:748)
[2020-10-29 10:32:12,616] ERROR [Producer clientId=producer-9] Uncaught error in kafka producer I/O thread:  (org.apache.kafka.clients.producer.internals.Sender:242)
java.lang.IllegalStateException: No previous metadata update to use
	at org.apache.kafka.clients.MockClient$DefaultMockMetadataUpdater.updateWithCurrentMetadata(MockClient.java:631)
	at org.apache.kafka.clients.MockClient.poll(MockClient.java:284)
	at org.apache.kafka.clients.producer.internals.Sender.runOnce(Sender.java:325)
	at org.apache.kafka.clients.producer.internals.Sender.run(Sender.java:240)
	at java.lang.Thread.run(Thread.java:748)
[2020-10-29 10:32:12,616] ERROR [Producer clientId=producer-9] Uncaught error in kafka producer I/O thread:  (org.apache.kafka.clients.producer.internals.Sender:242)
java.lang.IllegalStateException: No previous metadata update to use
	at org.apache.kafka.clients.MockClient$DefaultMockMetadataUpdater.updateWithCurrentMetadata(MockClient.java:631)
	at org.apache.kafka.clients.MockClient.poll(MockClient.java:284)
	at org.apache.kafka.clients.producer.internals.Sender.runOnce(Sender.java:325)
	at org.apache.kafka.clients.producer.internals.Sender.run(Sender.java:240)
	at java.lang.Thread.run(Thread.java:748)
[2020-10-29 10:32:12,616] ERROR [Producer clientId=producer-9] Uncaught error in kafka producer I/O thread:  (org.apache.kafka.clients.producer.internals.Sender:242)
java.lang.IllegalStateException: No previous metadata update to use
	at org.apache.kafka.clients.MockClient$DefaultMockMetadataUpdater.updateWithCurrentMetadata(MockClient.java:631)
	at org.apache.kafka.clients.MockClient.poll(MockClient.java:284)
	at org.apache.kafka.clients.producer.internals.Sender.runOnce(Sender.java:325)
	at org.apache.kafka.clients.producer.internals.Sender.run(Sender.java:240)
	at java.lang.Thread.run(Thread.java:748)
[2020-10-29 10:32:12,617] ERROR [Producer clientId=producer-9] Uncaught error in kafka producer I/O thread:  (org.apache.kafka.clients.producer.internals.Sender:242)
java.lang.IllegalStateException: No previous metadata update to use
	at org.apache.kafka.clients.MockClient$DefaultMockMetadataUpdater.updateWithCurrentMetadata(MockClient.java:631)
	at org.apache.kafka.clients.MockClient.poll(MockClient.java:284)
	at org.apache.kafka.clients.producer.internals.Sender.runOnce(Sender.java:325)
	at org.apache.kafka.clients.producer.internals.Sender.run(Sender.java:240)
	at java.lang.Thread.run(Thread.java:748)
[2020-10-29 10:32:12,617] ERROR [Producer clientId=producer-9] Uncaught error in kafka producer I/O thread:  (org.apache.kafka.clients.producer.internals.Sender:242)
java.lang.IllegalStateException: No previous metadata update to use
	at org.apache.kafka.clients.MockClient$DefaultMockMetadataUpdater.updateWithCurrentMetadata(MockClient.java:631)
	at org.apache.kafka.clients.MockClient.poll(MockClient.java:284)
	at org.apache.kafka.clients.producer.internals.Sender.runOnce(Sender.java:325)
	at org.apache.kafka.clients.producer.internals.Sender.run(Sender.java:240)
	at java.lang.Thread.run(Thread.java:748)
[2020-10-29 10:32:12,617] ERROR [Producer clientId=producer-9] Uncaught error in kafka producer I/O thread:  (org.apache.kafka.clients.producer.internals.Sender:242)
java.lang.IllegalStateException: No previous metadata update to use
	at org.apache.kafka.clients.MockClient$DefaultMockMetadataUpdater.updateWithCurrentMetadata(MockClient.java:631)
	at org.apache.kafka.clients.MockClient.poll(MockClient.java:284)
	at org.apache.kafka.clients.producer.internals.Sender.runOnce(Sender.java:325)
	at org.apache.kafka.clients.producer.internals.Sender.run(Sender.java:240)
	at java.lang.Thread.run(Thread.java:748)
[2020-10-29 10:32:12,617] ERROR [Producer clientId=producer-9] Uncaught error in kafka producer I/O thread:  (org.apache.kafka.clients.producer.internals.Sender:242)
java.lang.IllegalStateException: No previous metadata update to use
	at org.apache.kafka.clients.MockClient$DefaultMockMetadataUpdater.updateWithCurrentMetadata(MockClient.java:631)
	at org.apache.kafka.clients.MockClient.poll(MockClient.java:284)
	at org.apache.kafka.clients.producer.internals.Sender.runOnce(Sender.java:325)
	at org.apache.kafka.clients.producer.internals.Sender.run(Sender.java:240)
	at java.lang.Thread.run(Thread.java:748)
[2020-10-29 10:32:12,617] ERROR [Producer clientId=producer-9] Uncaught error in kafka producer I/O thread:  (org.apache.kafka.clients.producer.internals.Sender:242)
java.lang.IllegalStateException: No previous metadata update to use
	at org.apache.kafka.clients.MockClient$DefaultMockMetadataUpdater.updateWithCurrentMetadata(MockClient.java:631)
	at org.apache.kafka.clients.MockClient.poll(MockClient.java:284)
	at org.apache.kafka.clients.producer.internals.Sender.runOnce(Sender.java:325)
	at org.apache.kafka.clients.producer.internals.Sender.run(Sender.java:240)
	at java.lang.Thread.run(Thread.java:748)
[2020-10-29 10:32:12,617] ERROR [Producer clientId=producer-9] Uncaught error in kafka producer I/O thread:  (org.apache.kafka.clients.producer.internals.Sender:242)
java.lang.IllegalStateException: No previous metadata update to use
	at org.apache.kafka.clients.MockClient$DefaultMockMetadataUpdater.updateWithCurrentMetadata(MockClient.java:631)
	at org.apache.kafka.clients.MockClient.poll(MockClient.java:284)
	at org.apache.kafka.clients.producer.internals.Sender.runOnce(Sender.java:325)
	at org.apache.kafka.clients.producer.internals.Sender.run(Sender.java:240)
	at java.lang.Thread.run(Thread.java:748)
[2020-10-29 10:32:12,618] ERROR [Producer clientId=producer-9] Uncaught error in kafka producer I/O thread:  (org.apache.kafka.clients.producer.internals.Sender:242)
java.lang.IllegalStateException: No previous metadata update to use
	at org.apache.kafka.clients.MockClient$DefaultMockMetadataUpdater.updateWithCurrentMetadata(MockClient.java:631)
	at org.apache.kafka.clients.MockClient.poll(MockClient.java:284)
	at org.apache.kafka.clients.producer.internals.Sender.runOnce(Sender.java:325)
	at org.apache.kafka.clients.producer.internals.Sender.run(Sender.java:240)
	at java.lang.Thread.run(Thread.java:748)
[2020-10-29 10:32:12,618] ERROR [Producer clientId=producer-9] Uncaught error in kafka producer I/O thread:  (org.apache.kafka.clients.producer.internals.Sender:242)
java.lang.IllegalStateException: No previous metadata update to use
	at org.apache.kafka.clients.MockClient$DefaultMockMetadataUpdater.updateWithCurrentMetadata(MockClient.java:631)
	at org.apache.kafka.clients.MockClient.poll(MockClient.java:284)
	at org.apache.kafka.clients.producer.internals.Sender.runOnce(Sender.java:325)
	at org.apache.kafka.clients.producer.internals.Sender.run(Sender.java:240)
	at java.lang.Thread.run(Thread.java:748)
[2020-10-29 10:32:12,618] ERROR [Producer clientId=producer-9] Uncaught error in kafka producer I/O thread:  (org.apache.kafka.clients.producer.internals.Sender:242)
java.lang.IllegalStateException: No previous metadata update to use
	at org.apache.kafka.clients.MockClient$DefaultMockMetadataUpdater.updateWithCurrentMetadata(MockClient.java:631)
	at org.apache.kafka.clients.MockClient.poll(MockClient.java:284)
	at org.apache.kafka.clients.producer.internals.Sender.runOnce(Sender.java:325)
	at org.apache.kafka.clients.producer.internals.Sender.run(Sender.java:240)
	at java.lang.Thread.run(Thread.java:748)
[2020-10-29 10:32:12,618] ERROR [Producer clientId=producer-9] Uncaught error in kafka producer I/O thread:  (org.apache.kafka.clients.producer.internals.Sender:242)
java.lang.IllegalStateException: No previous metadata update to use
	at org.apache.kafka.clients.MockClient$DefaultMockMetadataUpdater.updateWithCurrentMetadata(MockClient.java:631)
	at org.apache.kafka.clients.MockClient.poll(MockClient.java:284)
	at org.apache.kafka.clients.producer.internals.Sender.runOnce(Sender.java:325)
	at org.apache.kafka.clients.producer.internals.Sender.run(Sender.java:240)
	at java.lang.Thread.run(Thread.java:748)
[2020-10-29 10:32:12,618] ERROR [Producer clientId=producer-9] Uncaught error in kafka producer I/O thread:  (org.apache.kafka.clients.producer.internals.Sender:242)
java.lang.IllegalStateException: No previous metadata update to use
	at org.apache.kafka.clients.MockClient$DefaultMockMetadataUpdater.updateWithCurrentMetadata(MockClient.java:631)
	at org.apache.kafka.clients.MockClient.poll(MockClient.java:284)
	at org.apache.kafka.clients.producer.internals.Sender.runOnce(Sender.java:325)
	at org.apache.kafka.clients.producer.internals.Sender.run(Sender.java:240)
	at java.lang.Thread.run(Thread.java:748)
[2020-10-29 10:32:12,619] ERROR [Producer clientId=producer-9] Uncaught error in kafka producer I/O thread:  (org.apache.kafka.clients.producer.internals.Sender:242)
java.lang.IllegalStateException: No previous metadata update to use
	at org.apache.kafka.clients.MockClient$DefaultMockMetadataUpdater.updateWithCurrentMetadata(MockClient.java:631)
	at org.apache.kafka.clients.MockClient.poll(MockClient.java:284)
	at org.apache.kafka.clients.producer.internals.Sender.runOnce(Sender.java:325)
	at org.apache.kafka.clients.producer.internals.Sender.run(Sender.java:240)
	at java.lang.Thread.run(Thread.java:748)
[2020-10-29 10:32:12,619] ERROR [Producer clientId=producer-9] Uncaught error in kafka producer I/O thread:  (org.apache.kafka.clients.producer.internals.Sender:242)
java.lang.IllegalStateException: No previous metadata update to use
	at org.apache.kafka.clients.MockClient$DefaultMockMetadataUpdater.updateWithCurrentMetadata(MockClient.java:631)
	at org.apache.kafka.clients.MockClient.poll(MockClient.java:284)
	at org.apache.kafka.clients.producer.internals.Sender.runOnce(Sender.java:325)
	at org.apache.kafka.clients.producer.internals.Sender.run(Sender.java:240)
	at java.lang.Thread.run(Thread.java:748)
[2020-10-29 10:32:12,619] ERROR [Producer clientId=producer-9] Uncaught error in kafka producer I/O thread:  (org.apache.kafka.clients.producer.internals.Sender:242)
java.lang.IllegalStateException: No previous metadata update to use
	at org.apache.kafka.clients.MockClient$DefaultMockMetadataUpdater.updateWithCurrentMetadata(MockClient.java:631)
	at org.apache.kafka.clients.MockClient.poll(MockClient.java:284)
	at org.apache.kafka.clients.producer.internals.Sender.runOnce(Sender.java:325)
	at org.apache.kafka.clients.producer.internals.Sender.run(Sender.java:240)
	at java.lang.Thread.run(Thread.java:748)
[2020-10-29 10:32:12,619] ERROR [Producer clientId=producer-9] Uncaught error in kafka producer I/O thread:  (org.apache.kafka.clients.producer.internals.Sender:242)
java.lang.IllegalStateException: No previous metadata update to use
	at org.apache.kafka.clients.MockClient$DefaultMockMetadataUpdater.updateWithCurrentMetadata(MockClient.java:631)
	at org.apache.kafka.clients.MockClient.poll(MockClient.java:284)
	at org.apache.kafka.clients.producer.internals.Sender.runOnce(Sender.java:325)
	at org.apache.kafka.clients.producer.internals.Sender.run(Sender.java:240)
	at java.lang.Thread.run(Thread.java:748)
[2020-10-29 10:32:12,619] ERROR [Producer clientId=producer-9] Uncaught error in kafka producer I/O thread:  (org.apache.kafka.clients.producer.internals.Sender:242)
java.lang.IllegalStateException: No previous metadata update to use
	at org.apache.kafka.clients.MockClient$DefaultMockMetadataUpdater.updateWithCurrentMetadata(MockClient.java:631)
	at org.apache.kafka.clients.MockClient.poll(MockClient.java:284)
	at org.apache.kafka.clients.producer.internals.Sender.runOnce(Sender.java:325)
	at org.apache.kafka.clients.producer.internals.Sender.run(Sender.java:240)
	at java.lang.Thread.run(Thread.java:748)
[2020-10-29 10:32:12,619] ERROR [Producer clientId=producer-9] Uncaught error in kafka producer I/O thread:  (org.apache.kafka.clients.producer.internals.Sender:242)
java.lang.IllegalStateException: No previous metadata update to use
	at org.apache.kafka.clients.MockClient$DefaultMockMetadataUpdater.updateWithCurrentMetadata(MockClient.java:631)
	at org.apache.kafka.clients.MockClient.poll(MockClient.java:284)
	at org.apache.kafka.clients.producer.internals.Sender.runOnce(Sender.java:325)
	at org.apache.kafka.clients.producer.internals.Sender.run(Sender.java:240)
	at java.lang.Thread.run(Thread.java:748)
[2020-10-29 10:32:12,620] ERROR [Producer clientId=producer-9] Uncaught error in kafka producer I/O thread:  (org.apache.kafka.clients.producer.internals.Sender:242)
java.lang.IllegalStateException: No previous metadata update to use
	at org.apache.kafka.clients.MockClient$DefaultMockMetadataUpdater.updateWithCurrentMetadata(MockClient.java:631)
	at org.apache.kafka.clients.MockClient.poll(MockClient.java:284)
	at org.apache.kafka.clients.producer.internals.Sender.runOnce(Sender.java:325)
	at org.apache.kafka.clients.producer.internals.Sender.run(Sender.java:240)
	at java.lang.Thread.run(Thread.java:748)
[2020-10-29 10:32:12,620] ERROR [Producer clientId=producer-9] Uncaught error in kafka producer I/O thread:  (org.apache.kafka.clients.producer.internals.Sender:242)
java.lang.IllegalStateException: No previous metadata update to use
	at org.apache.kafka.clients.MockClient$DefaultMockMetadataUpdater.updateWithCurrentMetadata(MockClient.java:631)
	at org.apache.kafka.clients.MockClient.poll(MockClient.java:284)
	at org.apache.kafka.clients.producer.internals.Sender.runOnce(Sender.java:325)
	at org.apache.kafka.clients.producer.internals.Sender.run(Sender.java:240)
	at java.lang.Thread.run(Thread.java:748)
[2020-10-29 10:32:12,620] ERROR [Producer clientId=producer-9] Uncaught error in kafka producer I/O thread:  (org.apache.kafka.clients.producer.internals.Sender:242)
java.lang.IllegalStateException: No previous metadata update to use
	at org.apache.kafka.clients.MockClient$DefaultMockMetadataUpdater.updateWithCurrentMetadata(MockClient.java:631)
	at org.apache.kafka.clients.MockClient.poll(MockClient.java:284)
	at org.apache.kafka.clients.producer.internals.Sender.runOnce(Sender.java:325)
	at org.apache.kafka.clients.producer.internals.Sender.run(Sender.java:240)
	at java.lang.Thread.run(Thread.java:748)
[2020-10-29 10:32:12,620] ERROR [Producer clientId=producer-9] Uncaught error in kafka producer I/O thread:  (org.apache.kafka.clients.producer.internals.Sender:242)
java.lang.IllegalStateException: No previous metadata update to use
	at org.apache.kafka.clients.MockClient$DefaultMockMetadataUpdater.updateWithCurrentMetadata(MockClient.java:631)
	at org.apache.kafka.clients.MockClient.poll(MockClient.java:284)
	at org.apache.kafka.clients.producer.internals.Sender.runOnce(Sender.java:325)
	at org.apache.kafka.clients.producer.internals.Sender.run(Sender.java:240)
	at java.lang.Thread.run(Thread.java:748)
[2020-10-29 10:32:12,620] ERROR [Producer clientId=producer-9] Uncaught error in kafka producer I/O thread:  (org.apache.kafka.clients.producer.internals.Sender:242)
java.lang.IllegalStateException: No previous metadata update to use
	at org.apache.kafka.clients.MockClient$DefaultMockMetadataUpdater.updateWithCurrentMetadata(MockClient.java:631)
	at org.apache.kafka.clients.MockClient.poll(MockClient.java:284)
	at org.apache.kafka.clients.producer.internals.Sender.runOnce(Sender.java:325)
	at org.apache.kafka.clients.producer.internals.Sender.run(Sender.java:240)
	at java.lang.Thread.run(Thread.java:748)
[2020-10-29 10:32:12,620] ERROR [Producer clientId=producer-9] Uncaught error in kafka producer I/O thread:  (org.apache.kafka.clients.producer.internals.Sender:242)
java.lang.IllegalStateException: No previous metadata update to use
	at org.apache.kafka.clients.MockClient$DefaultMockMetadataUpdater.updateWithCurrentMetadata(MockClient.java:631)
	at org.apache.kafka.clients.MockClient.poll(MockClient.java:284)
	at org.apache.kafka.clients.producer.internals.Sender.runOnce(Sender.java:325)
	at org.apache.kafka.clients.producer.internals.Sender.run(Sender.java:240)
	at java.lang.Thread.run(Thread.java:748)
[2020-10-29 10:32:12,621] ERROR [Producer clientId=producer-9] Uncaught error in kafka producer I/O thread:  (org.apache.kafka.clients.producer.internals.Sender:242)
java.lang.IllegalStateException: No previous metadata update to use
	at org.apache.kafka.clients.MockClient$DefaultMockMetadataUpdater.updateWithCurrentMetadata(MockClient.java:631)
	at org.apache.kafka.clients.MockClient.poll(MockClient.java:284)
	at org.apache.kafka.clients.producer.internals.Sender.runOnce(Sender.java:325)
	at org.apache.kafka.clients.producer.internals.Sender.run(Sender.java:240)
	at java.lang.Thread.run(Thread.java:748)
[2020-10-29 10:32:12,621] ERROR [Producer clientId=producer-9] Uncaught error in kafka producer I/O thread:  (org.apache.kafka.clients.producer.internals.Sender:242)
java.lang.IllegalStateException: No previous metadata update to use
	at org.apache.kafka.clients.MockClient$DefaultMockMetadataUpdater.updateWithCurrentMetadata(MockClient.java:631)
	at org.apache.kafka.clients.MockClient.poll(MockClient.java:284)
	at org.apache.kafka.clients.producer.internals.Sender.runOnce(Sender.java:325)
	at org.apache.kafka.clients.producer.internals.Sender.run(Sender.java:240)
	at java.lang.Thread.run(Thread.java:748)
[2020-10-29 10:32:12,621] ERROR [Producer clientId=producer-9] Uncaught error in kafka producer I/O thread:  (org.apache.kafka.clients.producer.internals.Sender:242)
java.lang.IllegalStateException: No previous metadata update to use
	at org.apache.kafka.clients.MockClient$DefaultMockMetadataUpdater.updateWithCurrentMetadata(MockClient.java:631)
	at org.apache.kafka.clients.MockClient.poll(MockClient.java:284)
	at org.apache.kafka.clients.producer.internals.Sender.runOnce(Sender.java:325)
	at org.apache.kafka.clients.producer.internals.Sender.run(Sender.java:240)
	at java.lang.Thread.run(Thread.java:748)
[2020-10-29 10:32:12,621] ERROR [Producer clientId=producer-9] Uncaught error in kafka producer I/O thread:  (org.apache.kafka.clients.producer.internals.Sender:242)
java.lang.IllegalStateException: No previous metadata update to use
	at org.apache.kafka.clients.MockClient$DefaultMockMetadataUpdater.updateWithCurrentMetadata(MockClient.java:631)
	at org.apache.kafka.clients.MockClient.poll(MockClient.java:284)
	at org.apache.kafka.clients.producer.internals.Sender.runOnce(Sender.java:325)
	at org.apache.kafka.clients.producer.internals.Sender.run(Sender.java:240)
	at java.lang.Thread.run(Thread.java:748)
[2020-10-29 10:32:12,622] ERROR [Producer clientId=producer-9] Uncaught error in kafka producer I/O thread:  (org.apache.kafka.clients.producer.internals.Sender:242)
java.lang.IllegalStateException: No previous metadata update to use
	at org.apache.kafka.clients.MockClient$DefaultMockMetadataUpdater.updateWithCurrentMetadata(MockClient.java:631)
	at org.apache.kafka.clients.MockClient.poll(MockClient.java:284)
	at org.apache.kafka.clients.producer.internals.Sender.runOnce(Sender.java:325)
	at org.apache.kafka.clients.producer.internals.Sender.run(Sender.java:240)
	at java.lang.Thread.run(Thread.java:748)
[2020-10-29 10:32:12,622] ERROR [Producer clientId=producer-9] Uncaught error in kafka producer I/O thread:  (org.apache.kafka.clients.producer.internals.Sender:242)
java.lang.IllegalStateException: No previous metadata update to use
	at org.apache.kafka.clients.MockClient$DefaultMockMetadataUpdater.updateWithCurrentMetadata(MockClient.java:631)
	at org.apache.kafka.clients.MockClient.poll(MockClient.java:284)
	at org.apache.kafka.clients.producer.internals.Sender.runOnce(Sender.java:325)
	at org.apache.kafka.clients.producer.internals.Sender.run(Sender.java:240)
	at java.lang.Thread.run(Thread.java:748)
[2020-10-29 10:32:12,623] ERROR [Producer clientId=producer-9] Uncaught error in kafka producer I/O thread:  (org.apache.kafka.clients.producer.internals.Sender:242)
java.lang.IllegalStateException: No previous metadata update to use
	at org.apache.kafka.clients.MockClient$DefaultMockMetadataUpdater.updateWithCurrentMetadata(MockClient.java:631)
	at org.apache.kafka.clients.MockClient.poll(MockClient.java:284)
	at org.apache.kafka.clients.producer.internals.Sender.runOnce(Sender.java:325)
	at org.apache.kafka.clients.producer.internals.Sender.run(Sender.java:240)
	at java.lang.Thread.run(Thread.java:748)
[2020-10-29 10:32:12,623] ERROR [Producer clientId=producer-9] Uncaught error in kafka producer I/O thread:  (org.apache.kafka.clients.producer.internals.Sender:242)
java.lang.IllegalStateException: No previous metadata update to use
	at org.apache.kafka.clients.MockClient$DefaultMockMetadataUpdater.updateWithCurrentMetadata(MockClient.java:631)
	at org.apache.kafka.clients.MockClient.poll(MockClient.java:284)
	at org.apache.kafka.clients.producer.internals.Sender.runOnce(Sender.java:325)
	at org.apache.kafka.clients.producer.internals.Sender.run(Sender.java:240)
	at java.lang.Thread.run(Thread.java:748)
[2020-10-29 10:32:12,623] ERROR [Producer clientId=producer-9] Uncaught error in kafka producer I/O thread:  (org.apache.kafka.clients.producer.internals.Sender:242)
java.lang.IllegalStateException: No previous metadata update to use
	at org.apache.kafka.clients.MockClient$DefaultMockMetadataUpdater.updateWithCurrentMetadata(MockClient.java:631)
	at org.apache.kafka.clients.MockClient.poll(MockClient.java:284)
	at org.apache.kafka.clients.producer.internals.Sender.runOnce(Sender.java:325)
	at org.apache.kafka.clients.producer.internals.Sender.run(Sender.java:240)
	at java.lang.Thread.run(Thread.java:748)
[2020-10-29 10:32:12,631] ERROR [Producer clientId=producer-9] Uncaught error in kafka producer I/O thread:  (org.apache.kafka.clients.producer.internals.Sender:242)
java.lang.IllegalStateException: No previous metadata update to use
	at org.apache.kafka.clients.MockClient$DefaultMockMetadataUpdater.updateWithCurrentMetadata(MockClient.java:631)
	at org.apache.kafka.clients.MockClient.poll(MockClient.java:284)
	at org.apache.kafka.clients.producer.internals.Sender.runOnce(Sender.java:325)
	at org.apache.kafka.clients.producer.internals.Sender.run(Sender.java:240)
	at java.lang.Thread.run(Thread.java:748)
[2020-10-29 10:32:12,631] ERROR [Producer clientId=producer-9] Uncaught error in kafka producer I/O thread:  (org.apache.kafka.clients.producer.internals.Sender:242)
java.lang.IllegalStateException: No previous metadata update to use
	at org.apache.kafka.clients.MockClient$DefaultMockMetadataUpdater.updateWithCurrentMetadata(MockClient.java:631)
	at org.apache.kafka.clients.MockClient.poll(MockClient.java:284)
	at org.apache.kafka.clients.producer.internals.Sender.runOnce(Sender.java:325)
	at org.apache.kafka.clients.producer.internals.Sender.run(Sender.java:240)
	at java.lang.Thread.run(Thread.java:748)
[2020-10-29 10:32:12,631] ERROR [Producer clientId=producer-9] Uncaught error in kafka producer I/O thread:  (org.apache.kafka.clients.producer.internals.Sender:242)
java.lang.IllegalStateException: No previous metadata update to use
	at org.apache.kafka.clients.MockClient$DefaultMockMetadataUpdater.updateWithCurrentMetadata(MockClient.java:631)
	at org.apache.kafka.clients.MockClient.poll(MockClient.java:284)
	at org.apache.kafka.clients.producer.internals.Sender.runOnce(Sender.java:325)
	at org.apache.kafka.clients.producer.internals.Sender.run(Sender.java:240)
	at java.lang.Thread.run(Thread.java:748)
[2020-10-29 10:32:12,632] ERROR [Producer clientId=producer-9] Uncaught error in kafka producer I/O thread:  (org.apache.kafka.clients.producer.internals.Sender:242)
java.lang.IllegalStateException: No previous metadata update to use
	at org.apache.kafka.clients.MockClient$DefaultMockMetadataUpdater.updateWithCurrentMetadata(MockClient.java:631)
	at org.apache.kafka.clients.MockClient.poll(MockClient.java:284)
	at org.apache.kafka.clients.producer.internals.Sender.runOnce(Sender.java:325)
	at org.apache.kafka.clients.producer.internals.Sender.run(Sender.java:240)
	at java.lang.Thread.run(Thread.java:748)
[2020-10-29 10:32:12,632] ERROR [Producer clientId=producer-9] Uncaught error in kafka producer I/O thread:  (org.apache.kafka.clients.producer.internals.Sender:242)
java.lang.IllegalStateException: No previous metadata update to use
	at org.apache.kafka.clients.MockClient$DefaultMockMetadataUpdater.updateWithCurrentMetadata(MockClient.java:631)
	at org.apache.kafka.clients.MockClient.poll(MockClient.java:284)
	at org.apache.kafka.clients.producer.internals.Sender.runOnce(Sender.java:325)
	at org.apache.kafka.clients.producer.internals.Sender.run(Sender.java:240)
	at java.lang.Thread.run(Thread.java:748)
[2020-10-29 10:32:12,632] ERROR [Producer clientId=producer-9] Uncaught error in kafka producer I/O thread:  (org.apache.kafka.clients.producer.internals.Sender:242)
java.lang.IllegalStateException: No previous metadata update to use
	at org.apache.kafka.clients.MockClient$DefaultMockMetadataUpdater.updateWithCurrentMetadata(MockClient.java:631)
	at org.apache.kafka.clients.MockClient.poll(MockClient.java:284)
	at org.apache.kafka.clients.producer.internals.Sender.runOnce(Sender.java:325)
	at org.apache.kafka.clients.producer.internals.Sender.run(Sender.java:240)
	at java.lang.Thread.run(Thread.java:748)
[2020-10-29 10:32:12,632] ERROR [Producer clientId=producer-9] Uncaught error in kafka producer I/O thread:  (org.apache.kafka.clients.producer.internals.Sender:242)
java.lang.IllegalStateException: No previous metadata update to use
	at org.apache.kafka.clients.MockClient$DefaultMockMetadataUpdater.updateWithCurrentMetadata(MockClient.java:631)
	at org.apache.kafka.clients.MockClient.poll(MockClient.java:284)
	at org.apache.kafka.clients.producer.internals.Sender.runOnce(Sender.java:325)
	at org.apache.kafka.clients.producer.internals.Sender.run(Sender.java:240)
	at java.lang.Thread.run(Thread.java:748)
[2020-10-29 10:32:12,632] ERROR [Producer clientId=producer-9] Uncaught error in kafka producer I/O thread:  (org.apache.kafka.clients.producer.internals.Sender:242)
java.lang.IllegalStateException: No previous metadata update to use
	at org.apache.kafka.clients.MockClient$DefaultMockMetadataUpdater.updateWithCurrentMetadata(MockClient.java:631)
	at org.apache.kafka.clients.MockClient.poll(MockClient.java:284)
	at org.apache.kafka.clients.producer.internals.Sender.runOnce(Sender.java:325)
	at org.apache.kafka.clients.producer.internals.Sender.run(Sender.java:240)
	at java.lang.Thread.run(Thread.java:748)
[2020-10-29 10:32:12,632] ERROR [Producer clientId=producer-9] Uncaught error in kafka producer I/O thread:  (org.apache.kafka.clients.producer.internals.Sender:242)
java.lang.IllegalStateException: No previous metadata update to use
	at org.apache.kafka.clients.MockClient$DefaultMockMetadataUpdater.updateWithCurrentMetadata(MockClient.java:631)
	at org.apache.kafka.clients.MockClient.poll(MockClient.java:284)
	at org.apache.kafka.clients.producer.internals.Sender.runOnce(Sender.java:325)
	at org.apache.kafka.clients.producer.internals.Sender.run(Sender.java:240)
	at java.lang.Thread.run(Thread.java:748)
[2020-10-29 10:32:12,632] ERROR [Producer clientId=producer-9] Uncaught error in kafka producer I/O thread:  (org.apache.kafka.clients.producer.internals.Sender:242)
java.lang.IllegalStateException: No previous metadata update to use
	at org.apache.kafka.clients.MockClient$DefaultMockMetadataUpdater.updateWithCurrentMetadata(MockClient.java:631)
	at org.apache.kafka.clients.MockClient.poll(MockClient.java:284)
	at org.apache.kafka.clients.producer.internals.Sender.runOnce(Sender.java:325)
	at org.apache.kafka.clients.producer.internals.Sender.run(Sender.java:240)
	at java.lang.Thread.run(Thread.java:748)
[2020-10-29 10:32:12,633] ERROR [Producer clientId=producer-9] Uncaught error in kafka producer I/O thread:  (org.apache.kafka.clients.producer.internals.Sender:242)
java.lang.IllegalStateException: No previous metadata update to use
	at org.apache.kafka.clients.MockClient$DefaultMockMetadataUpdater.updateWithCurrentMetadata(MockClient.java:631)
	at org.apache.kafka.clients.MockClient.poll(MockClient.java:284)
	at org.apache.kafka.clients.producer.internals.Sender.runOnce(Sender.java:325)
	at org.apache.kafka.clients.producer.internals.Sender.run(Sender.java:240)
	at java.lang.Thread.run(Thread.java:748)
[2020-10-29 10:32:12,633] ERROR [Producer clientId=producer-9] Uncaught error in kafka producer I/O thread:  (org.apache.kafka.clients.producer.internals.Sender:242)
java.lang.IllegalStateException: No previous metadata update to use
	at org.apache.kafka.clients.MockClient$DefaultMockMetadataUpdater.updateWithCurrentMetadata(MockClient.java:631)
	at org.apache.kafka.clients.MockClient.poll(MockClient.java:284)
	at org.apache.kafka.clients.producer.internals.Sender.runOnce(Sender.java:325)
	at org.apache.kafka.clients.producer.internals.Sender.run(Sender.java:240)
	at java.lang.Thread.run(Thread.java:748)
[2020-10-29 10:32:12,633] ERROR [Producer clientId=producer-9] Uncaught error in kafka producer I/O thread:  (org.apache.kafka.clients.producer.internals.Sender:242)
java.lang.IllegalStateException: No previous metadata update to use
	at org.apache.kafka.clients.MockClient$DefaultMockMetadataUpdater.updateWithCurrentMetadata(MockClient.java:631)
	at org.apache.kafka.clients.MockClient.poll(MockClient.java:284)
	at org.apache.kafka.clients.producer.internals.Sender.runOnce(Sender.java:325)
	at org.apache.kafka.clients.producer.internals.Sender.run(Sender.java:240)
	at java.lang.Thread.run(Thread.java:748)
[2020-10-29 10:32:12,633] ERROR [Producer clientId=producer-9] Uncaught error in kafka producer I/O thread:  (org.apache.kafka.clients.producer.internals.Sender:242)
java.lang.IllegalStateException: No previous metadata update to use
	at org.apache.kafka.clients.MockClient$DefaultMockMetadataUpdater.updateWithCurrentMetadata(MockClient.java:631)
	at org.apache.kafka.clients.MockClient.poll(MockClient.java:284)
	at org.apache.kafka.clients.producer.internals.Sender.runOnce(Sender.java:325)
	at org.apache.kafka.clients.producer.internals.Sender.run(Sender.java:240)
	at java.lang.Thread.run(Thread.java:748)
[2020-10-29 10:32:12,633] ERROR [Producer clientId=producer-9] Uncaught error in kafka producer I/O thread:  (org.apache.kafka.clients.producer.internals.Sender:242)
java.lang.IllegalStateException: No previous metadata update to use
	at org.apache.kafka.clients.MockClient$DefaultMockMetadataUpdater.updateWithCurrentMetadata(MockClient.java:631)
	at org.apache.kafka.clients.MockClient.poll(MockClient.java:284)
	at org.apache.kafka.clients.producer.internals.Sender.runOnce(Sender.java:325)
	at org.apache.kafka.clients.producer.internals.Sender.run(Sender.java:240)
	at java.lang.Thread.run(Thread.java:748)
[2020-10-29 10:32:12,633] ERROR [Producer clientId=producer-9] Uncaught error in kafka producer I/O thread:  (org.apache.kafka.clients.producer.internals.Sender:242)
java.lang.IllegalStateException: No previous metadata update to use
	at org.apache.kafka.clients.MockClient$DefaultMockMetadataUpdater.updateWithCurrentMetadata(MockClient.java:631)
	at org.apache.kafka.clients.MockClient.poll(MockClient.java:284)
	at org.apache.kafka.clients.producer.internals.Sender.runOnce(Sender.java:325)
	at org.apache.kafka.clients.producer.internals.Sender.run(Sender.java:240)
	at java.lang.Thread.run(Thread.java:748)
[2020-10-29 10:32:12,634] ERROR [Producer clientId=producer-9] Uncaught error in kafka producer I/O thread:  (org.apache.kafka.clients.producer.internals.Sender:242)
java.lang.IllegalStateException: No previous metadata update to use
	at org.apache.kafka.clients.MockClient$DefaultMockMetadataUpdater.updateWithCurrentMetadata(MockClient.java:631)
	at org.apache.kafka.clients.MockClient.poll(MockClient.java:284)
	at org.apache.kafka.clients.producer.internals.Sender.runOnce(Sender.java:325)
	at org.apache.kafka.clients.producer.internals.Sender.run(Sender.java:240)
	at java.lang.Thread.run(Thread.java:748)
[2020-10-29 10:32:12,634] ERROR [Producer clientId=producer-9] Uncaught error in kafka producer I/O thread:  (org.apache.kafka.clients.producer.internals.Sender:242)
java.lang.IllegalStateException: No previous metadata update to use
	at org.apache.kafka.clients.MockClient$DefaultMockMetadataUpdater.updateWithCurrentMetadata(MockClient.java:631)
	at org.apache.kafka.clients.MockClient.poll(MockClient.java:284)
	at org.apache.kafka.clients.producer.internals.Sender.runOnce(Sender.java:325)
	at org.apache.kafka.clients.producer.internals.Sender.run(Sender.java:240)
	at java.lang.Thread.run(Thread.java:748)
[2020-10-29 10:32:12,634] ERROR [Producer clientId=producer-9] Uncaught error in kafka producer I/O thread:  (org.apache.kafka.clients.producer.internals.Sender:242)
java.lang.IllegalStateException: No previous metadata update to use
	at org.apache.kafka.clients.MockClient$DefaultMockMetadataUpdater.updateWithCurrentMetadata(MockClient.java:631)
	at org.apache.kafka.clients.MockClient.poll(MockClient.java:284)
	at org.apache.kafka.clients.producer.internals.Sender.runOnce(Sender.java:325)
	at org.apache.kafka.clients.producer.internals.Sender.run(Sender.java:240)
	at java.lang.Thread.run(Thread.java:748)
[2020-10-29 10:32:12,634] ERROR [Producer clientId=producer-9] Uncaught error in kafka producer I/O thread:  (org.apache.kafka.clients.producer.internals.Sender:242)
java.lang.IllegalStateException: No previous metadata update to use
	at org.apache.kafka.clients.MockClient$DefaultMockMetadataUpdater.updateWithCurrentMetadata(MockClient.java:631)
	at org.apache.kafka.clients.MockClient.poll(MockClient.java:284)
	at org.apache.kafka.clients.producer.internals.Sender.runOnce(Sender.java:325)
	at org.apache.kafka.clients.producer.internals.Sender.run(Sender.java:240)
	at java.lang.Thread.run(Thread.java:748)
[2020-10-29 10:32:12,635] ERROR [Producer clientId=producer-9] Uncaught error in kafka producer I/O thread:  (org.apache.kafka.clients.producer.internals.Sender:242)
java.lang.IllegalStateException: No previous metadata update to use
	at org.apache.kafka.clients.MockClient$DefaultMockMetadataUpdater.updateWithCurrentMetadata(MockClient.java:631)
	at org.apache.kafka.clients.MockClient.poll(MockClient.java:284)
	at org.apache.kafka.clients.producer.internals.Sender.runOnce(Sender.java:325)
	at org.apache.kafka.clients.producer.internals.Sender.run(Sender.java:240)
	at java.lang.Thread.run(Thread.java:748)
[2020-10-29 10:32:12,635] ERROR [Producer clientId=producer-9] Uncaught error in kafka producer I/O thread:  (org.apache.kafka.clients.producer.internals.Sender:242)
java.lang.IllegalStateException: No previous metadata update to use
	at org.apache.kafka.clients.MockClient$DefaultMockMetadataUpdater.updateWithCurrentMetadata(MockClient.java:631)
	at org.apache.kafka.clients.MockClient.poll(MockClient.java:284)
	at org.apache.kafka.clients.producer.internals.Sender.runOnce(Sender.java:325)
	at org.apache.kafka.clients.producer.internals.Sender.run(Sender.java:240)
	at java.lang.Thread.run(Thread.java:748)
[2020-10-29 10:32:12,635] ERROR [Producer clientId=producer-9] Uncaught error in kafka producer I/O thread:  (org.apache.kafka.clients.producer.internals.Sender:242)
java.lang.IllegalStateException: No previous metadata update to use
	at org.apache.kafka.clients.MockClient$DefaultMockMetadataUpdater.updateWithCurrentMetadata(MockClient.java:631)
	at org.apache.kafka.clients.MockClient.poll(MockClient.java:284)
	at org.apache.kafka.clients.producer.internals.Sender.runOnce(Sender.java:325)
	at org.apache.kafka.clients.producer.internals.Sender.run(Sender.java:240)
	at java.lang.Thread.run(Thread.java:748)
[2020-10-29 10:32:12,635] ERROR [Producer clientId=producer-9] Uncaught error in kafka producer I/O thread:  (org.apache.kafka.clients.producer.internals.Sender:242)
java.lang.IllegalStateException: No previous metadata update to use
	at org.apache.kafka.clients.MockClient$DefaultMockMetadataUpdater.updateWithCurrentMetadata(MockClient.java:631)
	at org.apache.kafka.clients.MockClient.poll(MockClient.java:284)
	at org.apache.kafka.clients.producer.internals.Sender.runOnce(Sender.java:325)
	at org.apache.kafka.clients.producer.internals.Sender.run(Sender.java:240)
	at java.lang.Thread.run(Thread.java:748)
[2020-10-29 10:32:12,635] ERROR [Producer clientId=producer-9] Uncaught error in kafka producer I/O thread:  (org.apache.kafka.clients.producer.internals.Sender:242)
java.lang.IllegalStateException: No previous metadata update to use
	at org.apache.kafka.clients.MockClient$DefaultMockMetadataUpdater.updateWithCurrentMetadata(MockClient.java:631)
	at org.apache.kafka.clients.MockClient.poll(MockClient.java:284)
	at org.apache.kafka.clients.producer.internals.Sender.runOnce(Sender.java:325)
	at org.apache.kafka.clients.producer.internals.Sender.run(Sender.java:240)
	at java.lang.Thread.run(Thread.java:748)
[2020-10-29 10:32:12,635] ERROR [Producer clientId=producer-9] Uncaught error in kafka producer I/O thread:  (org.apache.kafka.clients.producer.internals.Sender:242)
java.lang.IllegalStateException: No previous metadata update to use
	at org.apache.kafka.clients.MockClient$DefaultMockMetadataUpdater.updateWithCurrentMetadata(MockClient.java:631)
	at org.apache.kafka.clients.MockClient.poll(MockClient.java:284)
	at org.apache.kafka.clients.producer.internals.Sender.runOnce(Sender.java:325)
	at org.apache.kafka.clients.producer.internals.Sender.run(Sender.java:240)
	at java.lang.Thread.run(Thread.java:748)
[2020-10-29 10:32:12,636] ERROR [Producer clientId=producer-9] Uncaught error in kafka producer I/O thread:  (org.apache.kafka.clients.producer.internals.Sender:242)
java.lang.IllegalStateException: No previous metadata update to use
	at org.apache.kafka.clients.MockClient$DefaultMockMetadataUpdater.updateWithCurrentMetadata(MockClient.java:631)
	at org.apache.kafka.clients.MockClient.poll(MockClient.java:284)
	at org.apache.kafka.clients.producer.internals.Sender.runOnce(Sender.java:325)
	at org.apache.kafka.clients.producer.internals.Sender.run(Sender.java:240)
	at java.lang.Thread.run(Thread.java:748)
[2020-10-29 10:32:12,636] ERROR [Producer clientId=producer-9] Uncaught error in kafka producer I/O thread:  (org.apache.kafka.clients.producer.internals.Sender:242)
java.lang.IllegalStateException: No previous metadata update to use
	at org.apache.kafka.clients.MockClient$DefaultMockMetadataUpdater.updateWithCurrentMetadata(MockClient.java:631)
	at org.apache.kafka.clients.MockClient.poll(MockClient.java:284)
	at org.apache.kafka.clients.producer.internals.Sender.runOnce(Sender.java:325)
	at org.apache.kafka.clients.producer.internals.Sender.run(Sender.java:240)
	at java.lang.Thread.run(Thread.java:748)
[2020-10-29 10:32:12,636] ERROR [Producer clientId=producer-9] Uncaught error in kafka producer I/O thread:  (org.apache.kafka.clients.producer.internals.Sender:242)
java.lang.IllegalStateException: No previous metadata update to use
	at org.apache.kafka.clients.MockClient$DefaultMockMetadataUpdater.updateWithCurrentMetadata(MockClient.java:631)
	at org.apache.kafka.clients.MockClient.poll(MockClient.java:284)
	at org.apache.kafka.clients.producer.internals.Sender.runOnce(Sender.java:325)
	at org.apache.kafka.clients.producer.internals.Sender.run(Sender.java:240)
	at java.lang.Thread.run(Thread.java:748)
[2020-10-29 10:32:12,636] ERROR [Producer clientId=producer-9] Uncaught error in kafka producer I/O thread:  (org.apache.kafka.clients.producer.internals.Sender:242)
java.lang.IllegalStateException: No previous metadata update to use
	at org.apache.kafka.clients.MockClient$DefaultMockMetadataUpdater.updateWithCurrentMetadata(MockClient.java:631)
	at org.apache.kafka.clients.MockClient.poll(MockClient.java:284)
	at org.apache.kafka.clients.producer.internals.Sender.runOnce(Sender.java:325)
	at org.apache.kafka.clients.producer.internals.Sender.run(Sender.java:240)
	at java.lang.Thread.run(Thread.java:748)
[2020-10-29 10:32:12,636] ERROR [Producer clientId=producer-9] Uncaught error in kafka producer I/O thread:  (org.apache.kafka.clients.producer.internals.Sender:242)
java.lang.IllegalStateException: No previous metadata update to use
	at org.apache.kafka.clients.MockClient$DefaultMockMetadataUpdater.updateWithCurrentMetadata(MockClient.java:631)
	at org.apache.kafka.clients.MockClient.poll(MockClient.java:284)
	at org.apache.kafka.clients.producer.internals.Sender.runOnce(Sender.java:325)
	at org.apache.kafka.clients.producer.internals.Sender.run(Sender.java:240)
	at java.lang.Thread.run(Thread.java:748)
[2020-10-29 10:32:12,636] ERROR [Producer clientId=producer-9] Uncaught error in kafka producer I/O thread:  (org.apache.kafka.clients.producer.internals.Sender:242)
java.lang.IllegalStateException: No previous metadata update to use
	at org.apache.kafka.clients.MockClient$DefaultMockMetadataUpdater.updateWithCurrentMetadata(MockClient.java:631)
	at org.apache.kafka.clients.MockClient.poll(MockClient.java:284)
	at org.apache.kafka.clients.producer.internals.Sender.runOnce(Sender.java:325)
	at org.apache.kafka.clients.producer.internals.Sender.run(Sender.java:240)
	at java.lang.Thread.run(Thread.java:748)
[2020-10-29 10:32:12,636] ERROR [Producer clientId=producer-9] Uncaught error in kafka producer I/O thread:  (org.apache.kafka.clients.producer.internals.Sender:242)
java.lang.IllegalStateException: No previous metadata update to use
	at org.apache.kafka.clients.MockClient$DefaultMockMetadataUpdater.updateWithCurrentMetadata(MockClient.java:631)
	at org.apache.kafka.clients.MockClient.poll(MockClient.java:284)
	at org.apache.kafka.clients.producer.internals.Sender.runOnce(Sender.java:325)
	at org.apache.kafka.clients.producer.internals.Sender.run(Sender.java:240)
	at java.lang.Thread.run(Thread.java:748)
[2020-10-29 10:32:12,637] ERROR [Producer clientId=producer-9] Uncaught error in kafka producer I/O thread:  (org.apache.kafka.clients.producer.internals.Sender:242)
java.lang.IllegalStateException: No previous metadata update to use
	at org.apache.kafka.clients.MockClient$DefaultMockMetadataUpdater.updateWithCurrentMetadata(MockClient.java:631)
	at org.apache.kafka.clients.MockClient.poll(MockClient.java:284)
	at org.apache.kafka.clients.producer.internals.Sender.runOnce(Sender.java:325)
	at org.apache.kafka.clients.producer.internals.Sender.run(Sender.java:240)
	at java.lang.Thread.run(Thread.java:748)
[2020-10-29 10:32:12,637] ERROR [Producer clientId=producer-9] Uncaught error in kafka producer I/O thread:  (org.apache.kafka.clients.producer.internals.Sender:242)
java.lang.IllegalStateException: No previous metadata update to use
	at org.apache.kafka.clients.MockClient$DefaultMockMetadataUpdater.updateWithCurrentMetadata(MockClient.java:631)
	at org.apache.kafka.clients.MockClient.poll(MockClient.java:284)
	at org.apache.kafka.clients.producer.internals.Sender.runOnce(Sender.java:325)
	at org.apache.kafka.clients.producer.internals.Sender.run(Sender.java:240)
	at java.lang.Thread.run(Thread.java:748)
[2020-10-29 10:32:12,637] ERROR [Producer clientId=producer-9] Uncaught error in kafka producer I/O thread:  (org.apache.kafka.clients.producer.internals.Sender:242)
java.lang.IllegalStateException: No previous metadata update to use
	at org.apache.kafka.clients.MockClient$DefaultMockMetadataUpdater.updateWithCurrentMetadata(MockClient.java:631)
	at org.apache.kafka.clients.MockClient.poll(MockClient.java:284)
	at org.apache.kafka.clients.producer.internals.Sender.runOnce(Sender.java:325)
	at org.apache.kafka.clients.producer.internals.Sender.run(Sender.java:240)
	at java.lang.Thread.run(Thread.java:748)
[2020-10-29 10:32:12,637] ERROR [Producer clientId=producer-9] Uncaught error in kafka producer I/O thread:  (org.apache.kafka.clients.producer.internals.Sender:242)
java.lang.IllegalStateException: No previous metadata update to use
	at org.apache.kafka.clients.MockClient$DefaultMockMetadataUpdater.updateWithCurrentMetadata(MockClient.java:631)
	at org.apache.kafka.clients.MockClient.poll(MockClient.java:284)
	at org.apache.kafka.clients.producer.internals.Sender.runOnce(Sender.java:325)
	at org.apache.kafka.clients.producer.internals.Sender.run(Sender.java:240)
	at java.lang.Thread.run(Thread.java:748)
[2020-10-29 10:32:12,638] ERROR [Producer clientId=producer-9] Uncaught error in kafka producer I/O thread:  (org.apache.kafka.clients.producer.internals.Sender:242)
java.lang.IllegalStateException: No previous metadata update to use
	at org.apache.kafka.clients.MockClient$DefaultMockMetadataUpdater.updateWithCurrentMetadata(MockClient.java:631)
	at org.apache.kafka.clients.MockClient.poll(MockClient.java:284)
	at org.apache.kafka.clients.producer.internals.Sender.runOnce(Sender.java:325)
	at org.apache.kafka.clients.producer.internals.Sender.run(Sender.java:240)
	at java.lang.Thread.run(Thread.java:748)
[2020-10-29 10:32:12,638] ERROR [Producer clientId=producer-9] Uncaught error in kafka producer I/O thread:  (org.apache.kafka.clients.producer.internals.Sender:242)
java.lang.IllegalStateException: No previous metadata update to use
	at org.apache.kafka.clients.MockClient$DefaultMockMetadataUpdater.updateWithCurrentMetadata(MockClient.java:631)
	at org.apache.kafka.clients.MockClient.poll(MockClient.java:284)
	at org.apache.kafka.clients.producer.internals.Sender.runOnce(Sender.java:325)
	at org.apache.kafka.clients.producer.internals.Sender.run(Sender.java:240)
	at java.lang.Thread.run(Thread.java:748)
[2020-10-29 10:32:12,639] ERROR [Producer clientId=producer-9] Uncaught error in kafka producer I/O thread:  (org.apache.kafka.clients.producer.internals.Sender:242)
java.lang.IllegalStateException: No previous metadata update to use
	at org.apache.kafka.clients.MockClient$DefaultMockMetadataUpdater.updateWithCurrentMetadata(MockClient.java:631)
	at org.apache.kafka.clients.MockClient.poll(MockClient.java:284)
	at org.apache.kafka.clients.producer.internals.Sender.runOnce(Sender.java:325)
	at org.apache.kafka.clients.producer.internals.Sender.run(Sender.java:240)
	at java.lang.Thread.run(Thread.java:748)
[2020-10-29 10:32:12,639] ERROR [Producer clientId=producer-9] Uncaught error in kafka producer I/O thread:  (org.apache.kafka.clients.producer.internals.Sender:242)
java.lang.IllegalStateException: No previous metadata update to use
	at org.apache.kafka.clients.MockClient$DefaultMockMetadataUpdater.updateWithCurrentMetadata(MockClient.java:631)
	at org.apache.kafka.clients.MockClient.poll(MockClient.java:284)
	at org.apache.kafka.clients.producer.internals.Sender.runOnce(Sender.java:325)
	at org.apache.kafka.clients.producer.internals.Sender.run(Sender.java:240)
	at java.lang.Thread.run(Thread.java:748)
[2020-10-29 10:32:12,639] ERROR [Producer clientId=producer-9] Uncaught error in kafka producer I/O thread:  (org.apache.kafka.clients.producer.internals.Sender:242)
java.lang.IllegalStateException: No previous metadata update to use
	at org.apache.kafka.clients.MockClient$DefaultMockMetadataUpdater.updateWithCurrentMetadata(MockClient.java:631)
	at org.apache.kafka.clients.MockClient.poll(MockClient.java:284)
	at org.apache.kafka.clients.producer.internals.Sender.runOnce(Sender.java:325)
	at org.apache.kafka.clients.producer.internals.Sender.run(Sender.java:240)
	at java.lang.Thread.run(Thread.java:748)
[2020-10-29 10:32:12,639] ERROR [Producer clientId=producer-9] Uncaught error in kafka producer I/O thread:  (org.apache.kafka.clients.producer.internals.Sender:242)
java.lang.IllegalStateException: No previous metadata update to use
	at org.apache.kafka.clients.MockClient$DefaultMockMetadataUpdater.updateWithCurrentMetadata(MockClient.java:631)
	at org.apache.kafka.clients.MockClient.poll(MockClient.java:284)
	at org.apache.kafka.clients.producer.internals.Sender.runOnce(Sender.java:325)
	at org.apache.kafka.clients.producer.internals.Sender.run(Sender.java:240)
	at java.lang.Thread.run(Thread.java:748)
[2020-10-29 10:32:12,639] ERROR [Producer clientId=producer-9] Uncaught error in kafka producer I/O thread:  (org.apache.kafka.clients.producer.internals.Sender:242)
java.lang.IllegalStateException: No previous metadata update to use
	at org.apache.kafka.clients.MockClient$DefaultMockMetadataUpdater.updateWithCurrentMetadata(MockClient.java:631)
	at org.apache.kafka.clients.MockClient.poll(MockClient.java:284)
	at org.apache.kafka.clients.producer.internals.Sender.runOnce(Sender.java:325)
	at org.apache.kafka.clients.producer.internals.Sender.run(Sender.java:240)
	at java.lang.Thread.run(Thread.java:748)
[2020-10-29 10:32:12,639] ERROR [Producer clientId=producer-9] Uncaught error in kafka producer I/O thread:  (org.apache.kafka.clients.producer.internals.Sender:242)
java.lang.IllegalStateException: No previous metadata update to use
	at org.apache.kafka.clients.MockClient$DefaultMockMetadataUpdater.updateWithCurrentMetadata(MockClient.java:631)
	at org.apache.kafka.clients.MockClient.poll(MockClient.java:284)
	at org.apache.kafka.clients.producer.internals.Sender.runOnce(Sender.java:325)
	at org.apache.kafka.clients.producer.internals.Sender.run(Sender.java:240)
	at java.lang.Thread.run(Thread.java:748)
[2020-10-29 10:32:12,640] ERROR [Producer clientId=producer-9] Uncaught error in kafka producer I/O thread:  (org.apache.kafka.clients.producer.internals.Sender:242)
java.lang.IllegalStateException: No previous metadata update to use
	at org.apache.kafka.clients.MockClient$DefaultMockMetadataUpdater.updateWithCurrentMetadata(MockClient.java:631)
	at org.apache.kafka.clients.MockClient.poll(MockClient.java:284)
	at org.apache.kafka.clients.producer.internals.Sender.runOnce(Sender.java:325)
	at org.apache.kafka.clients.producer.internals.Sender.run(Sender.java:240)
	at java.lang.Thread.run(Thread.java:748)
[2020-10-29 10:32:12,640] ERROR [Producer clientId=producer-9] Uncaught error in kafka producer I/O thread:  (org.apache.kafka.clients.producer.internals.Sender:242)
java.lang.IllegalStateException: No previous metadata update to use
	at org.apache.kafka.clients.MockClient$DefaultMockMetadataUpdater.updateWithCurrentMetadata(MockClient.java:631)
	at org.apache.kafka.clients.MockClient.poll(MockClient.java:284)
	at org.apache.kafka.clients.producer.internals.Sender.runOnce(Sender.java:325)
	at org.apache.kafka.clients.producer.internals.Sender.run(Sender.java:240)
	at java.lang.Thread.run(Thread.java:748)
[2020-10-29 10:32:12,640] ERROR [Producer clientId=producer-9] Uncaught error in kafka producer I/O thread:  (org.apache.kafka.clients.producer.internals.Sender:242)
java.lang.IllegalStateException: No previous metadata update to use
	at org.apache.kafka.clients.MockClient$DefaultMockMetadataUpdater.updateWithCurrentMetadata(MockClient.java:631)
	at org.apache.kafka.clients.MockClient.poll(MockClient.java:284)
	at org.apache.kafka.clients.producer.internals.Sender.runOnce(Sender.java:325)
	at org.apache.kafka.clients.producer.internals.Sender.run(Sender.java:240)
	at java.lang.Thread.run(Thread.java:748)
[2020-10-29 10:32:12,640] ERROR [Producer clientId=producer-9] Uncaught error in kafka producer I/O thread:  (org.apache.kafka.clients.producer.internals.Sender:242)
java.lang.IllegalStateException: No previous metadata update to use
	at org.apache.kafka.clients.MockClient$DefaultMockMetadataUpdater.updateWithCurrentMetadata(MockClient.java:631)
	at org.apache.kafka.clients.MockClient.poll(MockClient.java:284)
	at org.apache.kafka.clients.producer.internals.Sender.runOnce(Sender.java:325)
	at org.apache.kafka.clients.producer.internals.Sender.run(Sender.java:240)
	at java.lang.Thread.run(Thread.java:748)
[2020-10-29 10:32:12,640] ERROR [Producer clientId=producer-9] Uncaught error in kafka producer I/O thread:  (org.apache.kafka.clients.producer.internals.Sender:242)
java.lang.IllegalStateException: No previous metadata update to use
	at org.apache.kafka.clients.MockClient$DefaultMockMetadataUpdater.updateWithCurrentMetadata(MockClient.java:631)
	at org.apache.kafka.clients.MockClient.poll(MockClient.java:284)
	at org.apache.kafka.clients.producer.internals.Sender.runOnce(Sender.java:325)
	at org.apache.kafka.clients.producer.internals.Sender.run(Sender.java:240)
	at java.lang.Thread.run(Thread.java:748)
[2020-10-29 10:32:12,641] ERROR [Producer clientId=producer-9] Uncaught error in kafka producer I/O thread:  (org.apache.kafka.clients.producer.internals.Sender:242)
java.lang.IllegalStateException: No previous metadata update to use
	at org.apache.kafka.clients.MockClient$DefaultMockMetadataUpdater.updateWithCurrentMetadata(MockClient.java:631)
	at org.apache.kafka.clients.MockClient.poll(MockClient.java:284)
	at org.apache.kafka.clients.producer.internals.Sender.runOnce(Sender.java:325)
	at org.apache.kafka.clients.producer.internals.Sender.run(Sender.java:240)
	at java.lang.Thread.run(Thread.java:748)
[2020-10-29 10:32:12,641] ERROR [Producer clientId=producer-9] Uncaught error in kafka producer I/O thread:  (org.apache.kafka.clients.producer.internals.Sender:242)
java.lang.IllegalStateException: No previous metadata update to use
	at org.apache.kafka.clients.MockClient$DefaultMockMetadataUpdater.updateWithCurrentMetadata(MockClient.java:631)
	at org.apache.kafka.clients.MockClient.poll(MockClient.java:284)
	at org.apache.kafka.clients.producer.internals.Sender.runOnce(Sender.java:325)
	at org.apache.kafka.clients.producer.internals.Sender.run(Sender.java:240)
	at java.lang.Thread.run(Thread.java:748)
[2020-10-29 10:32:12,641] ERROR [Producer clientId=producer-9] Uncaught error in kafka producer I/O thread:  (org.apache.kafka.clients.producer.internals.Sender:242)
java.lang.IllegalStateException: No previous metadata update to use
	at org.apache.kafka.clients.MockClient$DefaultMockMetadataUpdater.updateWithCurrentMetadata(MockClient.java:631)
	at org.apache.kafka.clients.MockClient.poll(MockClient.java:284)
	at org.apache.kafka.clients.producer.internals.Sender.runOnce(Sender.java:325)
	at org.apache.kafka.clients.producer.internals.Sender.run(Sender.java:240)
	at java.lang.Thread.run(Thread.java:748)
[2020-10-29 10:32:12,643] ERROR [Producer clientId=producer-9] Uncaught error in kafka producer I/O thread:  (org.apache.kafka.clients.producer.internals.Sender:242)
java.lang.IllegalStateException: No previous metadata update to use
	at org.apache.kafka.clients.MockClient$DefaultMockMetadataUpdater.updateWithCurrentMetadata(MockClient.java:631)
	at org.apache.kafka.clients.MockClient.poll(MockClient.java:284)
	at org.apache.kafka.clients.producer.internals.Sender.runOnce(Sender.java:325)
	at org.apache.kafka.clients.producer.internals.Sender.run(Sender.java:240)
	at java.lang.Thread.run(Thread.java:748)
[2020-10-29 10:32:12,643] ERROR [Producer clientId=producer-9] Uncaught error in kafka producer I/O thread:  (org.apache.kafka.clients.producer.internals.Sender:242)
java.lang.IllegalStateException: No previous metadata update to use
	at org.apache.kafka.clients.MockClient$DefaultMockMetadataUpdater.updateWithCurrentMetadata(MockClient.java:631)
	at org.apache.kafka.clients.MockClient.poll(MockClient.java:284)
	at org.apache.kafka.clients.producer.internals.Sender.runOnce(Sender.java:325)
	at org.apache.kafka.clients.producer.internals.Sender.run(Sender.java:240)
	at java.lang.Thread.run(Thread.java:748)
[2020-10-29 10:32:12,644] ERROR [Producer clientId=producer-9] Uncaught error in kafka producer I/O thread:  (org.apache.kafka.clients.producer.internals.Sender:242)
java.lang.IllegalStateException: No previous metadata update to use
	at org.apache.kafka.clients.MockClient$DefaultMockMetadataUpdater.updateWithCurrentMetadata(MockClient.java:631)
	at org.apache.kafka.clients.MockClient.poll(MockClient.java:284)
	at org.apache.kafka.clients.producer.internals.Sender.runOnce(Sender.java:325)
	at org.apache.kafka.clients.producer.internals.Sender.run(Sender.java:240)
	at java.lang.Thread.run(Thread.java:748)
[2020-10-29 10:32:13,647] ERROR [Producer clientId=producer-11] Interrupted while joining ioThread (org.apache.kafka.clients.producer.KafkaProducer:1214)
java.lang.InterruptedException
	at java.lang.Object.wait(Native Method)
	at java.lang.Thread.join(Thread.java:1260)
	at org.apache.kafka.clients.producer.KafkaProducer.close(KafkaProducer.java:1211)
	at org.apache.kafka.clients.producer.KafkaProducer.close(KafkaProducer.java:1188)
	at org.apache.kafka.clients.producer.KafkaProducer.close(KafkaProducer.java:1164)
	at org.apache.kafka.clients.producer.KafkaProducerTest.lambda$shouldCloseProperlyAndThrowIfInterrupted$1(KafkaProducerTest.java:306)
	at java.util.concurrent.Executors$RunnableAdapter.call(Executors.java:511)
	at java.util.concurrent.FutureTask.run(FutureTask.java:266)
	at java.util.concurrent.ThreadPoolExecutor.runWorker(ThreadPoolExecutor.java:1149)
	at java.util.concurrent.ThreadPoolExecutor$Worker.run(ThreadPoolExecutor.java:624)
	at java.lang.Thread.run(Thread.java:748)
[2020-10-29 10:32:19,311] ERROR Metadata response reported invalid topics [topic abc] (org.apache.kafka.clients.Metadata:294)
]]></system-out>
  <system-err><![CDATA[]]></system-err>
</testsuite>
