<?xml version="1.0" encoding="UTF-8"?>
<testsuite name="org.apache.kafka.common.requests.OffsetsForLeaderEpochRequestTest" tests="2" skipped="0" failures="0" errors="0" timestamp="2022-09-03T10:38:13" hostname="LAPTOP-FH01OFOM" time="0.004">
  <properties/>
  <testcase name="testForConsumerRequiresVersion3" classname="org.apache.kafka.common.requests.OffsetsForLeaderEpochRequestTest" time="0.002"/>
  <testcase name="testDefaultReplicaId" classname="org.apache.kafka.common.requests.OffsetsForLeaderEpochRequestTest" time="0.002"/>
  <system-out><![CDATA[]]></system-out>
  <system-err><![CDATA[]]></system-err>
</testsuite>
