<?xml version="1.0" encoding="UTF-8"?>
<testsuite name="org.apache.kafka.common.security.SaslExtensionsTest" tests="2" skipped="0" failures="0" errors="0" timestamp="2020-10-29T02:33:53" hostname="chukun-mac" time="0.0">
  <properties/>
  <testcase name="testCannotAddValueToMapReferenceAndGetFromExtensions" classname="org.apache.kafka.common.security.SaslExtensionsTest" time="0.0"/>
  <testcase name="testReturnedMapIsImmutable" classname="org.apache.kafka.common.security.SaslExtensionsTest" time="0.0"/>
  <system-out><![CDATA[]]></system-out>
  <system-err><![CDATA[]]></system-err>
</testsuite>
