<?xml version="1.0" encoding="UTF-8"?>
<testsuite name="org.apache.kafka.clients.producer.RecordMetadataTest" tests="3" skipped="0" failures="0" errors="0" timestamp="2020-10-29T02:31:25" hostname="chukun-mac" time="0.008">
  <properties/>
  <testcase name="testNullChecksum" classname="org.apache.kafka.clients.producer.RecordMetadataTest" time="0.007"/>
  <testcase name="testConstructionWithRelativeOffset" classname="org.apache.kafka.clients.producer.RecordMetadataTest" time="0.0"/>
  <testcase name="testConstructionWithMissingRelativeOffset" classname="org.apache.kafka.clients.producer.RecordMetadataTest" time="0.0"/>
  <system-out><![CDATA[]]></system-out>
  <system-err><![CDATA[]]></system-err>
</testsuite>
