<?xml version="1.0" encoding="UTF-8"?>
<testsuite name="org.apache.kafka.common.record.ControlRecordTypeTest" tests="2" skipped="0" failures="0" errors="0" timestamp="2020-10-29T02:32:15" hostname="chukun-mac" time="0.001">
  <properties/>
  <testcase name="testParseUnknownType" classname="org.apache.kafka.common.record.ControlRecordTypeTest" time="0.0"/>
  <testcase name="testParseUnknownVersion" classname="org.apache.kafka.common.record.ControlRecordTypeTest" time="0.0"/>
  <system-out><![CDATA[]]></system-out>
  <system-err><![CDATA[]]></system-err>
</testsuite>
