<?xml version="1.0" encoding="UTF-8"?>
<testsuite name="org.apache.kafka.common.security.oauthbearer.internals.OAuthBearerSaslClientTest" tests="3" skipped="0" failures="0" errors="0" timestamp="2020-10-29T02:31:57" hostname="chukun-mac" time="0.016">
  <properties/>
  <testcase name="testWrapsExtensionsCallbackHandlingErrorInSaslExceptionInFirstClientMessage" classname="org.apache.kafka.common.security.oauthbearer.internals.OAuthBearerSaslClientTest" time="0.011"/>
  <testcase name="testNoExtensionsDoesNotAttachAnythingToFirstClientMessage" classname="org.apache.kafka.common.security.oauthbearer.internals.OAuthBearerSaslClientTest" time="0.004"/>
  <testcase name="testAttachesExtensionsToFirstClientMessage" classname="org.apache.kafka.common.security.oauthbearer.internals.OAuthBearerSaslClientTest" time="0.0"/>
  <system-out><![CDATA[]]></system-out>
  <system-err><![CDATA[]]></system-err>
</testsuite>
