<?xml version="1.0" encoding="UTF-8"?>
<testsuite name="org.apache.kafka.common.network.SslVersionsTransportLayerTest" tests="1" skipped="0" failures="0" errors="0" timestamp="2022-09-03T10:37:58" hostname="LAPTOP-FH01OFOM" time="1.466">
  <properties/>
  <testcase name="testTlsDefaults[tlsServerProtocol=[TLSv1.2],tlsClientProtocol=[TLSv1.2]]" classname="org.apache.kafka.common.network.SslVersionsTransportLayerTest" time="1.466"/>
  <system-out><![CDATA[]]></system-out>
  <system-err><![CDATA[]]></system-err>
</testsuite>
