<?xml version="1.0" encoding="UTF-8"?>
<testsuite name="org.apache.kafka.clients.consumer.internals.ConsumerInterceptorsTest" tests="2" skipped="0" failures="0" errors="0" timestamp="2020-10-29T02:32:11" hostname="chukun-mac" time="0.004">
  <properties/>
  <testcase name="testOnCommitChain" classname="org.apache.kafka.clients.consumer.internals.ConsumerInterceptorsTest" time="0.002"/>
  <testcase name="testOnConsumeChain" classname="org.apache.kafka.clients.consumer.internals.ConsumerInterceptorsTest" time="0.002"/>
  <system-out><![CDATA[]]></system-out>
  <system-err><![CDATA[]]></system-err>
</testsuite>
