<?xml version="1.0" encoding="UTF-8"?>
<testsuite name="org.apache.kafka.common.config.provider.DirectoryConfigProviderTest" tests="8" skipped="0" failures="0" errors="0" timestamp="2020-10-29T02:31:56" hostname="chukun-mac" time="0.253">
  <properties/>
  <testcase name="testNoTraversal" classname="org.apache.kafka.common.config.provider.DirectoryConfigProviderTest" time="0.021"/>
  <testcase name="testEmptyPathWithKey" classname="org.apache.kafka.common.config.provider.DirectoryConfigProviderTest" time="0.11"/>
  <testcase name="testNullPath" classname="org.apache.kafka.common.config.provider.DirectoryConfigProviderTest" time="0.015"/>
  <testcase name="testEmptyPath" classname="org.apache.kafka.common.config.provider.DirectoryConfigProviderTest" time="0.006"/>
  <testcase name="testNullPathWithKey" classname="org.apache.kafka.common.config.provider.DirectoryConfigProviderTest" time="0.005"/>
  <testcase name="testNoSubdirs" classname="org.apache.kafka.common.config.provider.DirectoryConfigProviderTest" time="0.011"/>
  <testcase name="testGetSetOfKeysAtPath" classname="org.apache.kafka.common.config.provider.DirectoryConfigProviderTest" time="0.008"/>
  <testcase name="testGetAllKeysAtPath" classname="org.apache.kafka.common.config.provider.DirectoryConfigProviderTest" time="0.077"/>
  <system-out><![CDATA[]]></system-out>
  <system-err><![CDATA[]]></system-err>
</testsuite>
