<?xml version="1.0" encoding="UTF-8"?>
<testsuite name="org.apache.kafka.common.security.SaslExtensionsTest" tests="2" skipped="0" failures="0" errors="0" timestamp="2022-09-03T10:38:13" hostname="LAPTOP-FH01OFOM" time="0.001">
  <properties/>
  <testcase name="testCannotAddValueToMapReferenceAndGetFromExtensions" classname="org.apache.kafka.common.security.SaslExtensionsTest" time="0.001"/>
  <testcase name="testReturnedMapIsImmutable" classname="org.apache.kafka.common.security.SaslExtensionsTest" time="0.0"/>
  <system-out><![CDATA[]]></system-out>
  <system-err><![CDATA[]]></system-err>
</testsuite>
