<?xml version="1.0" encoding="UTF-8"?>
<testsuite name="org.apache.kafka.common.network.KafkaChannelTest" tests="2" skipped="0" failures="0" errors="0" timestamp="2020-10-29T02:31:45" hostname="chukun-mac" time="0.262">
  <properties/>
  <testcase name="testReceiving" classname="org.apache.kafka.common.network.KafkaChannelTest" time="0.259"/>
  <testcase name="testSending" classname="org.apache.kafka.common.network.KafkaChannelTest" time="0.003"/>
  <system-out><![CDATA[]]></system-out>
  <system-err><![CDATA[]]></system-err>
</testsuite>
