<?xml version="1.0" encoding="UTF-8"?>
<testsuite name="org.apache.kafka.common.metrics.KafkaMbeanTest" tests="7" skipped="0" failures="0" errors="0" timestamp="2022-09-03T10:40:15" hostname="LAPTOP-FH01OFOM" time="0.037">
  <properties/>
  <testcase name="testSetAttribute" classname="org.apache.kafka.common.metrics.KafkaMbeanTest" time="0.034"/>
  <testcase name="testSetAttributes" classname="org.apache.kafka.common.metrics.KafkaMbeanTest" time="0.001"/>
  <testcase name="testGetAttribute" classname="org.apache.kafka.common.metrics.KafkaMbeanTest" time="0.0"/>
  <testcase name="testGetAttributeUnknown" classname="org.apache.kafka.common.metrics.KafkaMbeanTest" time="0.001"/>
  <testcase name="testInvoke" classname="org.apache.kafka.common.metrics.KafkaMbeanTest" time="0.0"/>
  <testcase name="testGetAttributesWithUnknown" classname="org.apache.kafka.common.metrics.KafkaMbeanTest" time="0.001"/>
  <testcase name="testGetAttributes" classname="org.apache.kafka.common.metrics.KafkaMbeanTest" time="0.0"/>
  <system-out><![CDATA[]]></system-out>
  <system-err><![CDATA[]]></system-err>
</testsuite>
