<?xml version="1.0" encoding="UTF-8"?>
<testsuite name="org.apache.kafka.clients.admin.internals.AdminMetadataManagerTest" tests="3" skipped="0" failures="0" errors="0" timestamp="2020-10-29T02:31:27" hostname="chukun-mac" time="0.006">
  <properties/>
  <testcase name="testAuthenticationFailure" classname="org.apache.kafka.clients.admin.internals.AdminMetadataManagerTest" time="0.004"/>
  <testcase name="testMetadataReady" classname="org.apache.kafka.clients.admin.internals.AdminMetadataManagerTest" time="0.0"/>
  <testcase name="testMetadataRefreshBackoff" classname="org.apache.kafka.clients.admin.internals.AdminMetadataManagerTest" time="0.001"/>
  <system-out><![CDATA[]]></system-out>
  <system-err><![CDATA[]]></system-err>
</testsuite>
