<?xml version="1.0" encoding="UTF-8"?>
<testsuite name="org.apache.kafka.common.network.SslTransportLayerTest" tests="104" skipped="0" failures="0" errors="0" timestamp="2020-10-29T02:32:32" hostname="chukun-mac" time="218.917">
  <properties/>
  <testcase name="testCustomClientAndServerSslEngineFactory[tlsProtocol=TLSv1.2, useInlinePem=false]" classname="org.apache.kafka.common.network.SslTransportLayerTest" time="1.077"/>
  <testcase name="testListenerConfigOverride[tlsProtocol=TLSv1.2, useInlinePem=false]" classname="org.apache.kafka.common.network.SslTransportLayerTest" time="0.758"/>
  <testcase name="testValidEndpointIdentificationCN[tlsProtocol=TLSv1.2, useInlinePem=false]" classname="org.apache.kafka.common.network.SslTransportLayerTest" time="0.988"/>
  <testcase name="testNetworkThreadTimeRecorded[tlsProtocol=TLSv1.2, useInlinePem=false]" classname="org.apache.kafka.common.network.SslTransportLayerTest" time="0.601"/>
  <testcase name="testClientAuthenticationRequestedValidProvided[tlsProtocol=TLSv1.2, useInlinePem=false]" classname="org.apache.kafka.common.network.SslTransportLayerTest" time="0.497"/>
  <testcase name="testClientEndpointNotValidated[tlsProtocol=TLSv1.2, useInlinePem=false]" classname="org.apache.kafka.common.network.SslTransportLayerTest" time="1.047"/>
  <testcase name="testUnsupportedCiphers[tlsProtocol=TLSv1.2, useInlinePem=false]" classname="org.apache.kafka.common.network.SslTransportLayerTest" time="0.608"/>
  <testcase name="testUnsupportedTLSVersion[tlsProtocol=TLSv1.2, useInlinePem=false]" classname="org.apache.kafka.common.network.SslTransportLayerTest" time="0.472"/>
  <testcase name="testIOExceptionsDuringHandshakeRead[tlsProtocol=TLSv1.2, useInlinePem=false]" classname="org.apache.kafka.common.network.SslTransportLayerTest" time="2.63"/>
  <testcase name="testClientAuthenticationRequiredNotProvided[tlsProtocol=TLSv1.2, useInlinePem=false]" classname="org.apache.kafka.common.network.SslTransportLayerTest" time="0.418"/>
  <testcase name="testGracefulRemoteCloseDuringHandshakeWrite[tlsProtocol=TLSv1.2, useInlinePem=false]" classname="org.apache.kafka.common.network.SslTransportLayerTest" time="3.447"/>
  <testcase name="testClientAuthenticationRequestedNotProvided[tlsProtocol=TLSv1.2, useInlinePem=false]" classname="org.apache.kafka.common.network.SslTransportLayerTest" time="0.968"/>
  <testcase name="testIOExceptionsDuringHandshakeWrite[tlsProtocol=TLSv1.2, useInlinePem=false]" classname="org.apache.kafka.common.network.SslTransportLayerTest" time="2.435"/>
  <testcase name="testInvalidKeystorePassword[tlsProtocol=TLSv1.2, useInlinePem=false]" classname="org.apache.kafka.common.network.SslTransportLayerTest" time="0.784"/>
  <testcase name="testClientAuthenticationDisabledNotProvided[tlsProtocol=TLSv1.2, useInlinePem=false]" classname="org.apache.kafka.common.network.SslTransportLayerTest" time="1.053"/>
  <testcase name="testCustomClientSslEngineFactory[tlsProtocol=TLSv1.2, useInlinePem=false]" classname="org.apache.kafka.common.network.SslTransportLayerTest" time="1.08"/>
  <testcase name="testValidEndpointIdentificationSanDns[tlsProtocol=TLSv1.2, useInlinePem=false]" classname="org.apache.kafka.common.network.SslTransportLayerTest" time="1.167"/>
  <testcase name="testEndpointIdentificationNoReverseLookup[tlsProtocol=TLSv1.2, useInlinePem=false]" classname="org.apache.kafka.common.network.SslTransportLayerTest" time="0.738"/>
  <testcase name="testUngracefulRemoteCloseDuringHandshakeWrite[tlsProtocol=TLSv1.2, useInlinePem=false]" classname="org.apache.kafka.common.network.SslTransportLayerTest" time="2.354"/>
  <testcase name="testGracefulRemoteCloseDuringHandshakeRead[tlsProtocol=TLSv1.2, useInlinePem=false]" classname="org.apache.kafka.common.network.SslTransportLayerTest" time="3.315"/>
  <testcase name="testInvalidSecureRandomImplementation[tlsProtocol=TLSv1.2, useInlinePem=false]" classname="org.apache.kafka.common.network.SslTransportLayerTest" time="0.687"/>
  <testcase name="testInvalidEndpointIdentification[tlsProtocol=TLSv1.2, useInlinePem=false]" classname="org.apache.kafka.common.network.SslTransportLayerTest" time="0.929"/>
  <testcase name="testValidEndpointIdentificationSanIp[tlsProtocol=TLSv1.2, useInlinePem=false]" classname="org.apache.kafka.common.network.SslTransportLayerTest" time="1.013"/>
  <testcase name="testEndpointIdentificationDisabled[tlsProtocol=TLSv1.2, useInlinePem=false]" classname="org.apache.kafka.common.network.SslTransportLayerTest" time="0.99"/>
  <testcase name="testInterBrokerSslConfigValidation[tlsProtocol=TLSv1.2, useInlinePem=false]" classname="org.apache.kafka.common.network.SslTransportLayerTest" time="0.341"/>
  <testcase name="testServerTruststoreDynamicUpdate[tlsProtocol=TLSv1.2, useInlinePem=false]" classname="org.apache.kafka.common.network.SslTransportLayerTest" time="0.701"/>
  <testcase name="testPemFilesWithoutServerKeyPassword[tlsProtocol=TLSv1.2, useInlinePem=false]" classname="org.apache.kafka.common.network.SslTransportLayerTest" time="0.662"/>
  <testcase name="testInvalidSslEngineFactory[tlsProtocol=TLSv1.2, useInlinePem=false]" classname="org.apache.kafka.common.network.SslTransportLayerTest" time="0.242"/>
  <testcase name="testNullTruststorePassword[tlsProtocol=TLSv1.2, useInlinePem=false]" classname="org.apache.kafka.common.network.SslTransportLayerTest" time="1.312"/>
  <testcase name="testECKeyPair[tlsProtocol=TLSv1.2, useInlinePem=false]" classname="org.apache.kafka.common.network.SslTransportLayerTest" time="1.161"/>
  <testcase name="testUngracefulRemoteCloseDuringHandshakeRead[tlsProtocol=TLSv1.2, useInlinePem=false]" classname="org.apache.kafka.common.network.SslTransportLayerTest" time="2.965"/>
  <testcase name="testClientAuthenticationRequiredUntrustedProvided[tlsProtocol=TLSv1.2, useInlinePem=false]" classname="org.apache.kafka.common.network.SslTransportLayerTest" time="0.771"/>
  <testcase name="testClientAuthenticationDisabledUntrustedProvided[tlsProtocol=TLSv1.2, useInlinePem=false]" classname="org.apache.kafka.common.network.SslTransportLayerTest" time="0.648"/>
  <testcase name="testSelectorPollReadSize[tlsProtocol=TLSv1.2, useInlinePem=false]" classname="org.apache.kafka.common.network.SslTransportLayerTest" time="0.358"/>
  <testcase name="testNetReadBufferResize[tlsProtocol=TLSv1.2, useInlinePem=false]" classname="org.apache.kafka.common.network.SslTransportLayerTest" time="0.414"/>
  <testcase name="testNetWriteBufferResize[tlsProtocol=TLSv1.2, useInlinePem=false]" classname="org.apache.kafka.common.network.SslTransportLayerTest" time="0.914"/>
  <testcase name="testCustomServerSslEngineFactory[tlsProtocol=TLSv1.2, useInlinePem=false]" classname="org.apache.kafka.common.network.SslTransportLayerTest" time="0.336"/>
  <testcase name="testInvalidTruststorePassword[tlsProtocol=TLSv1.2, useInlinePem=false]" classname="org.apache.kafka.common.network.SslTransportLayerTest" time="0.555"/>
  <testcase name="testServerRequestMetrics[tlsProtocol=TLSv1.2, useInlinePem=false]" classname="org.apache.kafka.common.network.SslTransportLayerTest" time="0.631"/>
  <testcase name="testPeerNotifiedOfHandshakeFailure[tlsProtocol=TLSv1.2, useInlinePem=false]" classname="org.apache.kafka.common.network.SslTransportLayerTest" time="0.727"/>
  <testcase name="testTlsDefaults[tlsProtocol=TLSv1.2, useInlinePem=false]" classname="org.apache.kafka.common.network.SslTransportLayerTest" time="0.456"/>
  <testcase name="testApplicationBufferResize[tlsProtocol=TLSv1.2, useInlinePem=false]" classname="org.apache.kafka.common.network.SslTransportLayerTest" time="0.755"/>
  <testcase name="testClosePlaintext[tlsProtocol=TLSv1.2, useInlinePem=false]" classname="org.apache.kafka.common.network.SslTransportLayerTest" time="0.43"/>
  <testcase name="testPemFiles[tlsProtocol=TLSv1.2, useInlinePem=false]" classname="org.apache.kafka.common.network.SslTransportLayerTest" time="1.483"/>
  <testcase name="testServerKeystoreDynamicUpdate[tlsProtocol=TLSv1.2, useInlinePem=false]" classname="org.apache.kafka.common.network.SslTransportLayerTest" time="1.0"/>
  <testcase name="testClientAuthenticationRequiredValidProvided[tlsProtocol=TLSv1.2, useInlinePem=false]" classname="org.apache.kafka.common.network.SslTransportLayerTest" time="0.68"/>
  <testcase name="testInvalidKeyPassword[tlsProtocol=TLSv1.2, useInlinePem=false]" classname="org.apache.kafka.common.network.SslTransportLayerTest" time="0.549"/>
  <testcase name="testCloseSsl[tlsProtocol=TLSv1.2, useInlinePem=false]" classname="org.apache.kafka.common.network.SslTransportLayerTest" time="1.347"/>
  <testcase name="testDsaKeyPair[tlsProtocol=TLSv1.2, useInlinePem=false]" classname="org.apache.kafka.common.network.SslTransportLayerTest" time="0.867"/>
  <testcase name="testInterBrokerSslConfigValidationFailure[tlsProtocol=TLSv1.2, useInlinePem=false]" classname="org.apache.kafka.common.network.SslTransportLayerTest" time="0.993"/>
  <testcase name="testPemFilesWithoutClientKeyPassword[tlsProtocol=TLSv1.2, useInlinePem=false]" classname="org.apache.kafka.common.network.SslTransportLayerTest" time="0.676"/>
  <testcase name="testServerKeystoreDynamicUpdateWithNewSubjectAltName[tlsProtocol=TLSv1.2, useInlinePem=false]" classname="org.apache.kafka.common.network.SslTransportLayerTest" time="1.088"/>
  <testcase name="testCustomClientAndServerSslEngineFactory[tlsProtocol=TLSv1.2, useInlinePem=true]" classname="org.apache.kafka.common.network.SslTransportLayerTest" time="0.914"/>
  <testcase name="testListenerConfigOverride[tlsProtocol=TLSv1.2, useInlinePem=true]" classname="org.apache.kafka.common.network.SslTransportLayerTest" time="1.121"/>
  <testcase name="testValidEndpointIdentificationCN[tlsProtocol=TLSv1.2, useInlinePem=true]" classname="org.apache.kafka.common.network.SslTransportLayerTest" time="1.789"/>
  <testcase name="testNetworkThreadTimeRecorded[tlsProtocol=TLSv1.2, useInlinePem=true]" classname="org.apache.kafka.common.network.SslTransportLayerTest" time="1.354"/>
  <testcase name="testClientAuthenticationRequestedValidProvided[tlsProtocol=TLSv1.2, useInlinePem=true]" classname="org.apache.kafka.common.network.SslTransportLayerTest" time="0.913"/>
  <testcase name="testClientEndpointNotValidated[tlsProtocol=TLSv1.2, useInlinePem=true]" classname="org.apache.kafka.common.network.SslTransportLayerTest" time="1.944"/>
  <testcase name="testUnsupportedCiphers[tlsProtocol=TLSv1.2, useInlinePem=true]" classname="org.apache.kafka.common.network.SslTransportLayerTest" time="1.272"/>
  <testcase name="testUnsupportedTLSVersion[tlsProtocol=TLSv1.2, useInlinePem=true]" classname="org.apache.kafka.common.network.SslTransportLayerTest" time="1.221"/>
  <testcase name="testIOExceptionsDuringHandshakeRead[tlsProtocol=TLSv1.2, useInlinePem=true]" classname="org.apache.kafka.common.network.SslTransportLayerTest" time="26.664"/>
  <testcase name="testClientAuthenticationRequiredNotProvided[tlsProtocol=TLSv1.2, useInlinePem=true]" classname="org.apache.kafka.common.network.SslTransportLayerTest" time="1.104"/>
  <testcase name="testGracefulRemoteCloseDuringHandshakeWrite[tlsProtocol=TLSv1.2, useInlinePem=true]" classname="org.apache.kafka.common.network.SslTransportLayerTest" time="20.946"/>
  <testcase name="testClientAuthenticationRequestedNotProvided[tlsProtocol=TLSv1.2, useInlinePem=true]" classname="org.apache.kafka.common.network.SslTransportLayerTest" time="1.216"/>
  <testcase name="testIOExceptionsDuringHandshakeWrite[tlsProtocol=TLSv1.2, useInlinePem=true]" classname="org.apache.kafka.common.network.SslTransportLayerTest" time="18.166"/>
  <testcase name="testInvalidKeystorePassword[tlsProtocol=TLSv1.2, useInlinePem=true]" classname="org.apache.kafka.common.network.SslTransportLayerTest" time="0.35"/>
  <testcase name="testClientAuthenticationDisabledNotProvided[tlsProtocol=TLSv1.2, useInlinePem=true]" classname="org.apache.kafka.common.network.SslTransportLayerTest" time="0.914"/>
  <testcase name="testCustomClientSslEngineFactory[tlsProtocol=TLSv1.2, useInlinePem=true]" classname="org.apache.kafka.common.network.SslTransportLayerTest" time="1.134"/>
  <testcase name="testValidEndpointIdentificationSanDns[tlsProtocol=TLSv1.2, useInlinePem=true]" classname="org.apache.kafka.common.network.SslTransportLayerTest" time="0.647"/>
  <testcase name="testEndpointIdentificationNoReverseLookup[tlsProtocol=TLSv1.2, useInlinePem=true]" classname="org.apache.kafka.common.network.SslTransportLayerTest" time="1.137"/>
  <testcase name="testUngracefulRemoteCloseDuringHandshakeWrite[tlsProtocol=TLSv1.2, useInlinePem=true]" classname="org.apache.kafka.common.network.SslTransportLayerTest" time="17.781"/>
  <testcase name="testGracefulRemoteCloseDuringHandshakeRead[tlsProtocol=TLSv1.2, useInlinePem=true]" classname="org.apache.kafka.common.network.SslTransportLayerTest" time="16.735"/>
  <testcase name="testInvalidSecureRandomImplementation[tlsProtocol=TLSv1.2, useInlinePem=true]" classname="org.apache.kafka.common.network.SslTransportLayerTest" time="0.758"/>
  <testcase name="testInvalidEndpointIdentification[tlsProtocol=TLSv1.2, useInlinePem=true]" classname="org.apache.kafka.common.network.SslTransportLayerTest" time="0.728"/>
  <testcase name="testValidEndpointIdentificationSanIp[tlsProtocol=TLSv1.2, useInlinePem=true]" classname="org.apache.kafka.common.network.SslTransportLayerTest" time="1.161"/>
  <testcase name="testEndpointIdentificationDisabled[tlsProtocol=TLSv1.2, useInlinePem=true]" classname="org.apache.kafka.common.network.SslTransportLayerTest" time="1.748"/>
  <testcase name="testInterBrokerSslConfigValidation[tlsProtocol=TLSv1.2, useInlinePem=true]" classname="org.apache.kafka.common.network.SslTransportLayerTest" time="1.132"/>
  <testcase name="testServerTruststoreDynamicUpdate[tlsProtocol=TLSv1.2, useInlinePem=true]" classname="org.apache.kafka.common.network.SslTransportLayerTest" time="2.879"/>
  <testcase name="testPemFilesWithoutServerKeyPassword[tlsProtocol=TLSv1.2, useInlinePem=true]" classname="org.apache.kafka.common.network.SslTransportLayerTest" time="0.913"/>
  <testcase name="testInvalidSslEngineFactory[tlsProtocol=TLSv1.2, useInlinePem=true]" classname="org.apache.kafka.common.network.SslTransportLayerTest" time="0.862"/>
  <testcase name="testNullTruststorePassword[tlsProtocol=TLSv1.2, useInlinePem=true]" classname="org.apache.kafka.common.network.SslTransportLayerTest" time="0.698"/>
  <testcase name="testECKeyPair[tlsProtocol=TLSv1.2, useInlinePem=true]" classname="org.apache.kafka.common.network.SslTransportLayerTest" time="0.74"/>
  <testcase name="testUngracefulRemoteCloseDuringHandshakeRead[tlsProtocol=TLSv1.2, useInlinePem=true]" classname="org.apache.kafka.common.network.SslTransportLayerTest" time="14.841"/>
  <testcase name="testClientAuthenticationRequiredUntrustedProvided[tlsProtocol=TLSv1.2, useInlinePem=true]" classname="org.apache.kafka.common.network.SslTransportLayerTest" time="0.518"/>
  <testcase name="testClientAuthenticationDisabledUntrustedProvided[tlsProtocol=TLSv1.2, useInlinePem=true]" classname="org.apache.kafka.common.network.SslTransportLayerTest" time="0.693"/>
  <testcase name="testSelectorPollReadSize[tlsProtocol=TLSv1.2, useInlinePem=true]" classname="org.apache.kafka.common.network.SslTransportLayerTest" time="0.864"/>
  <testcase name="testNetReadBufferResize[tlsProtocol=TLSv1.2, useInlinePem=true]" classname="org.apache.kafka.common.network.SslTransportLayerTest" time="0.947"/>
  <testcase name="testNetWriteBufferResize[tlsProtocol=TLSv1.2, useInlinePem=true]" classname="org.apache.kafka.common.network.SslTransportLayerTest" time="0.74"/>
  <testcase name="testCustomServerSslEngineFactory[tlsProtocol=TLSv1.2, useInlinePem=true]" classname="org.apache.kafka.common.network.SslTransportLayerTest" time="0.848"/>
  <testcase name="testInvalidTruststorePassword[tlsProtocol=TLSv1.2, useInlinePem=true]" classname="org.apache.kafka.common.network.SslTransportLayerTest" time="1.007"/>
  <testcase name="testServerRequestMetrics[tlsProtocol=TLSv1.2, useInlinePem=true]" classname="org.apache.kafka.common.network.SslTransportLayerTest" time="1.004"/>
  <testcase name="testPeerNotifiedOfHandshakeFailure[tlsProtocol=TLSv1.2, useInlinePem=true]" classname="org.apache.kafka.common.network.SslTransportLayerTest" time="2.155"/>
  <testcase name="testTlsDefaults[tlsProtocol=TLSv1.2, useInlinePem=true]" classname="org.apache.kafka.common.network.SslTransportLayerTest" time="1.281"/>
  <testcase name="testApplicationBufferResize[tlsProtocol=TLSv1.2, useInlinePem=true]" classname="org.apache.kafka.common.network.SslTransportLayerTest" time="0.681"/>
  <testcase name="testClosePlaintext[tlsProtocol=TLSv1.2, useInlinePem=true]" classname="org.apache.kafka.common.network.SslTransportLayerTest" time="0.645"/>
  <testcase name="testPemFiles[tlsProtocol=TLSv1.2, useInlinePem=true]" classname="org.apache.kafka.common.network.SslTransportLayerTest" time="0.924"/>
  <testcase name="testServerKeystoreDynamicUpdate[tlsProtocol=TLSv1.2, useInlinePem=true]" classname="org.apache.kafka.common.network.SslTransportLayerTest" time="2.483"/>
  <testcase name="testClientAuthenticationRequiredValidProvided[tlsProtocol=TLSv1.2, useInlinePem=true]" classname="org.apache.kafka.common.network.SslTransportLayerTest" time="0.613"/>
  <testcase name="testInvalidKeyPassword[tlsProtocol=TLSv1.2, useInlinePem=true]" classname="org.apache.kafka.common.network.SslTransportLayerTest" time="0.556"/>
  <testcase name="testCloseSsl[tlsProtocol=TLSv1.2, useInlinePem=true]" classname="org.apache.kafka.common.network.SslTransportLayerTest" time="1.295"/>
  <testcase name="testDsaKeyPair[tlsProtocol=TLSv1.2, useInlinePem=true]" classname="org.apache.kafka.common.network.SslTransportLayerTest" time="1.259"/>
  <testcase name="testInterBrokerSslConfigValidationFailure[tlsProtocol=TLSv1.2, useInlinePem=true]" classname="org.apache.kafka.common.network.SslTransportLayerTest" time="0.804"/>
  <testcase name="testPemFilesWithoutClientKeyPassword[tlsProtocol=TLSv1.2, useInlinePem=true]" classname="org.apache.kafka.common.network.SslTransportLayerTest" time="0.838"/>
  <testcase name="testServerKeystoreDynamicUpdateWithNewSubjectAltName[tlsProtocol=TLSv1.2, useInlinePem=true]" classname="org.apache.kafka.common.network.SslTransportLayerTest" time="1.799"/>
  <system-out><![CDATA[[2020-10-29 10:33:03,926] ERROR Modification time of key store could not be obtained: some.truststore.path (org.apache.kafka.common.security.ssl.DefaultSslEngineFactory:385)
java.nio.file.NoSuchFileException: some.truststore.path
	at sun.nio.fs.UnixException.translateToIOException(UnixException.java:86)
	at sun.nio.fs.UnixException.rethrowAsIOException(UnixException.java:102)
	at sun.nio.fs.UnixException.rethrowAsIOException(UnixException.java:107)
	at sun.nio.fs.UnixFileAttributeViews$Basic.readAttributes(UnixFileAttributeViews.java:55)
	at sun.nio.fs.UnixFileSystemProvider.readAttributes(UnixFileSystemProvider.java:144)
	at java.nio.file.Files.readAttributes(Files.java:1737)
	at java.nio.file.Files.getLastModifiedTime(Files.java:2266)
	at org.apache.kafka.common.security.ssl.DefaultSslEngineFactory$FileBasedStore.lastModifiedMs(DefaultSslEngineFactory.java:383)
	at org.apache.kafka.common.security.ssl.DefaultSslEngineFactory$FileBasedStore.<init>(DefaultSslEngineFactory.java:348)
	at org.apache.kafka.common.security.ssl.DefaultSslEngineFactory.createTruststore(DefaultSslEngineFactory.java:322)
	at org.apache.kafka.common.security.ssl.DefaultSslEngineFactory.configure(DefaultSslEngineFactory.java:168)
	at org.apache.kafka.common.security.ssl.SslFactory.instantiateSslEngineFactory(SslFactory.java:136)
	at org.apache.kafka.common.security.ssl.SslFactory.createNewSslEngineFactory(SslFactory.java:154)
	at org.apache.kafka.common.security.ssl.SslFactory.validateReconfiguration(SslFactory.java:112)
	at org.apache.kafka.common.network.SslChannelBuilder.validateReconfiguration(SslChannelBuilder.java:87)
	at org.apache.kafka.common.network.SslTransportLayerTest.verifyInvalidReconfigure(SslTransportLayerTest.java:1232)
	at org.apache.kafka.common.network.SslTransportLayerTest.testServerTruststoreDynamicUpdate(SslTransportLayerTest.java:1185)
	at sun.reflect.NativeMethodAccessorImpl.invoke0(Native Method)
	at sun.reflect.NativeMethodAccessorImpl.invoke(NativeMethodAccessorImpl.java:62)
	at sun.reflect.DelegatingMethodAccessorImpl.invoke(DelegatingMethodAccessorImpl.java:43)
	at java.lang.reflect.Method.invoke(Method.java:498)
	at org.junit.runners.model.FrameworkMethod$1.runReflectiveCall(FrameworkMethod.java:59)
	at org.junit.internal.runners.model.ReflectiveCallable.run(ReflectiveCallable.java:12)
	at org.junit.runners.model.FrameworkMethod.invokeExplosively(FrameworkMethod.java:56)
	at org.junit.internal.runners.statements.InvokeMethod.evaluate(InvokeMethod.java:17)
	at org.junit.internal.runners.statements.RunBefores.evaluate(RunBefores.java:26)
	at org.junit.internal.runners.statements.RunAfters.evaluate(RunAfters.java:27)
	at org.junit.runners.ParentRunner$3.evaluate(ParentRunner.java:306)
	at org.junit.runners.BlockJUnit4ClassRunner$1.evaluate(BlockJUnit4ClassRunner.java:100)
	at org.junit.runners.ParentRunner.runLeaf(ParentRunner.java:366)
	at org.junit.runners.BlockJUnit4ClassRunner.runChild(BlockJUnit4ClassRunner.java:103)
	at org.junit.runners.BlockJUnit4ClassRunner.runChild(BlockJUnit4ClassRunner.java:63)
	at org.junit.runners.ParentRunner$4.run(ParentRunner.java:331)
	at org.junit.runners.ParentRunner$1.schedule(ParentRunner.java:79)
	at org.junit.runners.ParentRunner.runChildren(ParentRunner.java:329)
	at org.junit.runners.ParentRunner.access$100(ParentRunner.java:66)
	at org.junit.runners.ParentRunner$2.evaluate(ParentRunner.java:293)
	at org.junit.runners.ParentRunner.run(ParentRunner.java:413)
	at org.junit.runners.Suite.runChild(Suite.java:128)
	at org.junit.runners.Suite.runChild(Suite.java:27)
	at org.junit.runners.ParentRunner$4.run(ParentRunner.java:331)
	at org.junit.runners.ParentRunner$1.schedule(ParentRunner.java:79)
	at org.junit.runners.ParentRunner.runChildren(ParentRunner.java:329)
	at org.junit.runners.ParentRunner.access$100(ParentRunner.java:66)
	at org.junit.runners.ParentRunner$2.evaluate(ParentRunner.java:293)
	at org.junit.runners.ParentRunner$3.evaluate(ParentRunner.java:306)
	at org.junit.runners.ParentRunner.run(ParentRunner.java:413)
	at org.gradle.api.internal.tasks.testing.junit.JUnitTestClassExecutor.runTestClass(JUnitTestClassExecutor.java:110)
	at org.gradle.api.internal.tasks.testing.junit.JUnitTestClassExecutor.execute(JUnitTestClassExecutor.java:58)
	at org.gradle.api.internal.tasks.testing.junit.JUnitTestClassExecutor.execute(JUnitTestClassExecutor.java:38)
	at org.gradle.api.internal.tasks.testing.junit.AbstractJUnitTestClassProcessor.processTestClass(AbstractJUnitTestClassProcessor.java:62)
	at org.gradle.api.internal.tasks.testing.SuiteTestClassProcessor.processTestClass(SuiteTestClassProcessor.java:51)
	at sun.reflect.GeneratedMethodAccessor35.invoke(Unknown Source)
	at sun.reflect.DelegatingMethodAccessorImpl.invoke(DelegatingMethodAccessorImpl.java:43)
	at java.lang.reflect.Method.invoke(Method.java:498)
	at org.gradle.internal.dispatch.ReflectionDispatch.dispatch(ReflectionDispatch.java:36)
	at org.gradle.internal.dispatch.ReflectionDispatch.dispatch(ReflectionDispatch.java:24)
	at org.gradle.internal.dispatch.ContextClassLoaderDispatch.dispatch(ContextClassLoaderDispatch.java:33)
	at org.gradle.internal.dispatch.ProxyDispatchAdapter$DispatchingInvocationHandler.invoke(ProxyDispatchAdapter.java:94)
	at com.sun.proxy.$Proxy2.processTestClass(Unknown Source)
	at org.gradle.api.internal.tasks.testing.worker.TestWorker.processTestClass(TestWorker.java:119)
	at sun.reflect.GeneratedMethodAccessor34.invoke(Unknown Source)
	at sun.reflect.DelegatingMethodAccessorImpl.invoke(DelegatingMethodAccessorImpl.java:43)
	at java.lang.reflect.Method.invoke(Method.java:498)
	at org.gradle.internal.dispatch.ReflectionDispatch.dispatch(ReflectionDispatch.java:36)
	at org.gradle.internal.dispatch.ReflectionDispatch.dispatch(ReflectionDispatch.java:24)
	at org.gradle.internal.remote.internal.hub.MessageHubBackedObjectConnection$DispatchWrapper.dispatch(MessageHubBackedObjectConnection.java:182)
	at org.gradle.internal.remote.internal.hub.MessageHubBackedObjectConnection$DispatchWrapper.dispatch(MessageHubBackedObjectConnection.java:164)
	at org.gradle.internal.remote.internal.hub.MessageHub$Handler.run(MessageHub.java:414)
	at org.gradle.internal.concurrent.ExecutorPolicy$CatchAndRecordFailures.onExecute(ExecutorPolicy.java:64)
	at org.gradle.internal.concurrent.ManagedExecutorImpl$1.run(ManagedExecutorImpl.java:48)
	at java.util.concurrent.ThreadPoolExecutor.runWorker(ThreadPoolExecutor.java:1149)
	at java.util.concurrent.ThreadPoolExecutor$Worker.run(ThreadPoolExecutor.java:624)
	at org.gradle.internal.concurrent.ThreadFactoryImpl$ManagedThreadRunnable.run(ThreadFactoryImpl.java:56)
	at java.lang.Thread.run(Thread.java:748)
[2020-10-29 10:33:03,967] ERROR Modification time of key store could not be obtained: some.truststore.path (org.apache.kafka.common.security.ssl.DefaultSslEngineFactory:385)
java.nio.file.NoSuchFileException: some.truststore.path
	at sun.nio.fs.UnixException.translateToIOException(UnixException.java:86)
	at sun.nio.fs.UnixException.rethrowAsIOException(UnixException.java:102)
	at sun.nio.fs.UnixException.rethrowAsIOException(UnixException.java:107)
	at sun.nio.fs.UnixFileAttributeViews$Basic.readAttributes(UnixFileAttributeViews.java:55)
	at sun.nio.fs.UnixFileSystemProvider.readAttributes(UnixFileSystemProvider.java:144)
	at java.nio.file.Files.readAttributes(Files.java:1737)
	at java.nio.file.Files.getLastModifiedTime(Files.java:2266)
	at org.apache.kafka.common.security.ssl.DefaultSslEngineFactory$FileBasedStore.lastModifiedMs(DefaultSslEngineFactory.java:383)
	at org.apache.kafka.common.security.ssl.DefaultSslEngineFactory$FileBasedStore.<init>(DefaultSslEngineFactory.java:348)
	at org.apache.kafka.common.security.ssl.DefaultSslEngineFactory.createTruststore(DefaultSslEngineFactory.java:322)
	at org.apache.kafka.common.security.ssl.DefaultSslEngineFactory.configure(DefaultSslEngineFactory.java:168)
	at org.apache.kafka.common.security.ssl.SslFactory.instantiateSslEngineFactory(SslFactory.java:136)
	at org.apache.kafka.common.security.ssl.SslFactory.createNewSslEngineFactory(SslFactory.java:154)
	at org.apache.kafka.common.security.ssl.SslFactory.reconfigure(SslFactory.java:117)
	at org.apache.kafka.common.network.SslChannelBuilder.reconfigure(SslChannelBuilder.java:92)
	at org.apache.kafka.common.network.SslTransportLayerTest.verifyInvalidReconfigure(SslTransportLayerTest.java:1238)
	at org.apache.kafka.common.network.SslTransportLayerTest.testServerTruststoreDynamicUpdate(SslTransportLayerTest.java:1185)
	at sun.reflect.NativeMethodAccessorImpl.invoke0(Native Method)
	at sun.reflect.NativeMethodAccessorImpl.invoke(NativeMethodAccessorImpl.java:62)
	at sun.reflect.DelegatingMethodAccessorImpl.invoke(DelegatingMethodAccessorImpl.java:43)
	at java.lang.reflect.Method.invoke(Method.java:498)
	at org.junit.runners.model.FrameworkMethod$1.runReflectiveCall(FrameworkMethod.java:59)
	at org.junit.internal.runners.model.ReflectiveCallable.run(ReflectiveCallable.java:12)
	at org.junit.runners.model.FrameworkMethod.invokeExplosively(FrameworkMethod.java:56)
	at org.junit.internal.runners.statements.InvokeMethod.evaluate(InvokeMethod.java:17)
	at org.junit.internal.runners.statements.RunBefores.evaluate(RunBefores.java:26)
	at org.junit.internal.runners.statements.RunAfters.evaluate(RunAfters.java:27)
	at org.junit.runners.ParentRunner$3.evaluate(ParentRunner.java:306)
	at org.junit.runners.BlockJUnit4ClassRunner$1.evaluate(BlockJUnit4ClassRunner.java:100)
	at org.junit.runners.ParentRunner.runLeaf(ParentRunner.java:366)
	at org.junit.runners.BlockJUnit4ClassRunner.runChild(BlockJUnit4ClassRunner.java:103)
	at org.junit.runners.BlockJUnit4ClassRunner.runChild(BlockJUnit4ClassRunner.java:63)
	at org.junit.runners.ParentRunner$4.run(ParentRunner.java:331)
	at org.junit.runners.ParentRunner$1.schedule(ParentRunner.java:79)
	at org.junit.runners.ParentRunner.runChildren(ParentRunner.java:329)
	at org.junit.runners.ParentRunner.access$100(ParentRunner.java:66)
	at org.junit.runners.ParentRunner$2.evaluate(ParentRunner.java:293)
	at org.junit.runners.ParentRunner.run(ParentRunner.java:413)
	at org.junit.runners.Suite.runChild(Suite.java:128)
	at org.junit.runners.Suite.runChild(Suite.java:27)
	at org.junit.runners.ParentRunner$4.run(ParentRunner.java:331)
	at org.junit.runners.ParentRunner$1.schedule(ParentRunner.java:79)
	at org.junit.runners.ParentRunner.runChildren(ParentRunner.java:329)
	at org.junit.runners.ParentRunner.access$100(ParentRunner.java:66)
	at org.junit.runners.ParentRunner$2.evaluate(ParentRunner.java:293)
	at org.junit.runners.ParentRunner$3.evaluate(ParentRunner.java:306)
	at org.junit.runners.ParentRunner.run(ParentRunner.java:413)
	at org.gradle.api.internal.tasks.testing.junit.JUnitTestClassExecutor.runTestClass(JUnitTestClassExecutor.java:110)
	at org.gradle.api.internal.tasks.testing.junit.JUnitTestClassExecutor.execute(JUnitTestClassExecutor.java:58)
	at org.gradle.api.internal.tasks.testing.junit.JUnitTestClassExecutor.execute(JUnitTestClassExecutor.java:38)
	at org.gradle.api.internal.tasks.testing.junit.AbstractJUnitTestClassProcessor.processTestClass(AbstractJUnitTestClassProcessor.java:62)
	at org.gradle.api.internal.tasks.testing.SuiteTestClassProcessor.processTestClass(SuiteTestClassProcessor.java:51)
	at sun.reflect.GeneratedMethodAccessor35.invoke(Unknown Source)
	at sun.reflect.DelegatingMethodAccessorImpl.invoke(DelegatingMethodAccessorImpl.java:43)
	at java.lang.reflect.Method.invoke(Method.java:498)
	at org.gradle.internal.dispatch.ReflectionDispatch.dispatch(ReflectionDispatch.java:36)
	at org.gradle.internal.dispatch.ReflectionDispatch.dispatch(ReflectionDispatch.java:24)
	at org.gradle.internal.dispatch.ContextClassLoaderDispatch.dispatch(ContextClassLoaderDispatch.java:33)
	at org.gradle.internal.dispatch.ProxyDispatchAdapter$DispatchingInvocationHandler.invoke(ProxyDispatchAdapter.java:94)
	at com.sun.proxy.$Proxy2.processTestClass(Unknown Source)
	at org.gradle.api.internal.tasks.testing.worker.TestWorker.processTestClass(TestWorker.java:119)
	at sun.reflect.GeneratedMethodAccessor34.invoke(Unknown Source)
	at sun.reflect.DelegatingMethodAccessorImpl.invoke(DelegatingMethodAccessorImpl.java:43)
	at java.lang.reflect.Method.invoke(Method.java:498)
	at org.gradle.internal.dispatch.ReflectionDispatch.dispatch(ReflectionDispatch.java:36)
	at org.gradle.internal.dispatch.ReflectionDispatch.dispatch(ReflectionDispatch.java:24)
	at org.gradle.internal.remote.internal.hub.MessageHubBackedObjectConnection$DispatchWrapper.dispatch(MessageHubBackedObjectConnection.java:182)
	at org.gradle.internal.remote.internal.hub.MessageHubBackedObjectConnection$DispatchWrapper.dispatch(MessageHubBackedObjectConnection.java:164)
	at org.gradle.internal.remote.internal.hub.MessageHub$Handler.run(MessageHub.java:414)
	at org.gradle.internal.concurrent.ExecutorPolicy$CatchAndRecordFailures.onExecute(ExecutorPolicy.java:64)
	at org.gradle.internal.concurrent.ManagedExecutorImpl$1.run(ManagedExecutorImpl.java:48)
	at java.util.concurrent.ThreadPoolExecutor.runWorker(ThreadPoolExecutor.java:1149)
	at java.util.concurrent.ThreadPoolExecutor$Worker.run(ThreadPoolExecutor.java:624)
	at org.gradle.internal.concurrent.ThreadFactoryImpl$ManagedThreadRunnable.run(ThreadFactoryImpl.java:56)
	at java.lang.Thread.run(Thread.java:748)
[2020-10-29 10:33:19,856] ERROR Modification time of key store could not be obtained: some.keystore.path (org.apache.kafka.common.security.ssl.DefaultSslEngineFactory:385)
java.nio.file.NoSuchFileException: some.keystore.path
	at sun.nio.fs.UnixException.translateToIOException(UnixException.java:86)
	at sun.nio.fs.UnixException.rethrowAsIOException(UnixException.java:102)
	at sun.nio.fs.UnixException.rethrowAsIOException(UnixException.java:107)
	at sun.nio.fs.UnixFileAttributeViews$Basic.readAttributes(UnixFileAttributeViews.java:55)
	at sun.nio.fs.UnixFileSystemProvider.readAttributes(UnixFileSystemProvider.java:144)
	at java.nio.file.Files.readAttributes(Files.java:1737)
	at java.nio.file.Files.getLastModifiedTime(Files.java:2266)
	at org.apache.kafka.common.security.ssl.DefaultSslEngineFactory$FileBasedStore.lastModifiedMs(DefaultSslEngineFactory.java:383)
	at org.apache.kafka.common.security.ssl.DefaultSslEngineFactory$FileBasedStore.<init>(DefaultSslEngineFactory.java:348)
	at org.apache.kafka.common.security.ssl.DefaultSslEngineFactory.createKeystore(DefaultSslEngineFactory.java:299)
	at org.apache.kafka.common.security.ssl.DefaultSslEngineFactory.configure(DefaultSslEngineFactory.java:161)
	at org.apache.kafka.common.security.ssl.SslFactory.instantiateSslEngineFactory(SslFactory.java:136)
	at org.apache.kafka.common.security.ssl.SslFactory.createNewSslEngineFactory(SslFactory.java:154)
	at org.apache.kafka.common.security.ssl.SslFactory.validateReconfiguration(SslFactory.java:112)
	at org.apache.kafka.common.network.SslChannelBuilder.validateReconfiguration(SslChannelBuilder.java:87)
	at org.apache.kafka.common.network.SslTransportLayerTest.verifyInvalidReconfigure(SslTransportLayerTest.java:1232)
	at org.apache.kafka.common.network.SslTransportLayerTest.testServerKeystoreDynamicUpdate(SslTransportLayerTest.java:1067)
	at sun.reflect.NativeMethodAccessorImpl.invoke0(Native Method)
	at sun.reflect.NativeMethodAccessorImpl.invoke(NativeMethodAccessorImpl.java:62)
	at sun.reflect.DelegatingMethodAccessorImpl.invoke(DelegatingMethodAccessorImpl.java:43)
	at java.lang.reflect.Method.invoke(Method.java:498)
	at org.junit.runners.model.FrameworkMethod$1.runReflectiveCall(FrameworkMethod.java:59)
	at org.junit.internal.runners.model.ReflectiveCallable.run(ReflectiveCallable.java:12)
	at org.junit.runners.model.FrameworkMethod.invokeExplosively(FrameworkMethod.java:56)
	at org.junit.internal.runners.statements.InvokeMethod.evaluate(InvokeMethod.java:17)
	at org.junit.internal.runners.statements.RunBefores.evaluate(RunBefores.java:26)
	at org.junit.internal.runners.statements.RunAfters.evaluate(RunAfters.java:27)
	at org.junit.runners.ParentRunner$3.evaluate(ParentRunner.java:306)
	at org.junit.runners.BlockJUnit4ClassRunner$1.evaluate(BlockJUnit4ClassRunner.java:100)
	at org.junit.runners.ParentRunner.runLeaf(ParentRunner.java:366)
	at org.junit.runners.BlockJUnit4ClassRunner.runChild(BlockJUnit4ClassRunner.java:103)
	at org.junit.runners.BlockJUnit4ClassRunner.runChild(BlockJUnit4ClassRunner.java:63)
	at org.junit.runners.ParentRunner$4.run(ParentRunner.java:331)
	at org.junit.runners.ParentRunner$1.schedule(ParentRunner.java:79)
	at org.junit.runners.ParentRunner.runChildren(ParentRunner.java:329)
	at org.junit.runners.ParentRunner.access$100(ParentRunner.java:66)
	at org.junit.runners.ParentRunner$2.evaluate(ParentRunner.java:293)
	at org.junit.runners.ParentRunner.run(ParentRunner.java:413)
	at org.junit.runners.Suite.runChild(Suite.java:128)
	at org.junit.runners.Suite.runChild(Suite.java:27)
	at org.junit.runners.ParentRunner$4.run(ParentRunner.java:331)
	at org.junit.runners.ParentRunner$1.schedule(ParentRunner.java:79)
	at org.junit.runners.ParentRunner.runChildren(ParentRunner.java:329)
	at org.junit.runners.ParentRunner.access$100(ParentRunner.java:66)
	at org.junit.runners.ParentRunner$2.evaluate(ParentRunner.java:293)
	at org.junit.runners.ParentRunner$3.evaluate(ParentRunner.java:306)
	at org.junit.runners.ParentRunner.run(ParentRunner.java:413)
	at org.gradle.api.internal.tasks.testing.junit.JUnitTestClassExecutor.runTestClass(JUnitTestClassExecutor.java:110)
	at org.gradle.api.internal.tasks.testing.junit.JUnitTestClassExecutor.execute(JUnitTestClassExecutor.java:58)
	at org.gradle.api.internal.tasks.testing.junit.JUnitTestClassExecutor.execute(JUnitTestClassExecutor.java:38)
	at org.gradle.api.internal.tasks.testing.junit.AbstractJUnitTestClassProcessor.processTestClass(AbstractJUnitTestClassProcessor.java:62)
	at org.gradle.api.internal.tasks.testing.SuiteTestClassProcessor.processTestClass(SuiteTestClassProcessor.java:51)
	at sun.reflect.GeneratedMethodAccessor35.invoke(Unknown Source)
	at sun.reflect.DelegatingMethodAccessorImpl.invoke(DelegatingMethodAccessorImpl.java:43)
	at java.lang.reflect.Method.invoke(Method.java:498)
	at org.gradle.internal.dispatch.ReflectionDispatch.dispatch(ReflectionDispatch.java:36)
	at org.gradle.internal.dispatch.ReflectionDispatch.dispatch(ReflectionDispatch.java:24)
	at org.gradle.internal.dispatch.ContextClassLoaderDispatch.dispatch(ContextClassLoaderDispatch.java:33)
	at org.gradle.internal.dispatch.ProxyDispatchAdapter$DispatchingInvocationHandler.invoke(ProxyDispatchAdapter.java:94)
	at com.sun.proxy.$Proxy2.processTestClass(Unknown Source)
	at org.gradle.api.internal.tasks.testing.worker.TestWorker.processTestClass(TestWorker.java:119)
	at sun.reflect.GeneratedMethodAccessor34.invoke(Unknown Source)
	at sun.reflect.DelegatingMethodAccessorImpl.invoke(DelegatingMethodAccessorImpl.java:43)
	at java.lang.reflect.Method.invoke(Method.java:498)
	at org.gradle.internal.dispatch.ReflectionDispatch.dispatch(ReflectionDispatch.java:36)
	at org.gradle.internal.dispatch.ReflectionDispatch.dispatch(ReflectionDispatch.java:24)
	at org.gradle.internal.remote.internal.hub.MessageHubBackedObjectConnection$DispatchWrapper.dispatch(MessageHubBackedObjectConnection.java:182)
	at org.gradle.internal.remote.internal.hub.MessageHubBackedObjectConnection$DispatchWrapper.dispatch(MessageHubBackedObjectConnection.java:164)
	at org.gradle.internal.remote.internal.hub.MessageHub$Handler.run(MessageHub.java:414)
	at org.gradle.internal.concurrent.ExecutorPolicy$CatchAndRecordFailures.onExecute(ExecutorPolicy.java:64)
	at org.gradle.internal.concurrent.ManagedExecutorImpl$1.run(ManagedExecutorImpl.java:48)
	at java.util.concurrent.ThreadPoolExecutor.runWorker(ThreadPoolExecutor.java:1149)
	at java.util.concurrent.ThreadPoolExecutor$Worker.run(ThreadPoolExecutor.java:624)
	at org.gradle.internal.concurrent.ThreadFactoryImpl$ManagedThreadRunnable.run(ThreadFactoryImpl.java:56)
	at java.lang.Thread.run(Thread.java:748)
[2020-10-29 10:33:19,865] ERROR Modification time of key store could not be obtained: some.keystore.path (org.apache.kafka.common.security.ssl.DefaultSslEngineFactory:385)
java.nio.file.NoSuchFileException: some.keystore.path
	at sun.nio.fs.UnixException.translateToIOException(UnixException.java:86)
	at sun.nio.fs.UnixException.rethrowAsIOException(UnixException.java:102)
	at sun.nio.fs.UnixException.rethrowAsIOException(UnixException.java:107)
	at sun.nio.fs.UnixFileAttributeViews$Basic.readAttributes(UnixFileAttributeViews.java:55)
	at sun.nio.fs.UnixFileSystemProvider.readAttributes(UnixFileSystemProvider.java:144)
	at java.nio.file.Files.readAttributes(Files.java:1737)
	at java.nio.file.Files.getLastModifiedTime(Files.java:2266)
	at org.apache.kafka.common.security.ssl.DefaultSslEngineFactory$FileBasedStore.lastModifiedMs(DefaultSslEngineFactory.java:383)
	at org.apache.kafka.common.security.ssl.DefaultSslEngineFactory$FileBasedStore.<init>(DefaultSslEngineFactory.java:348)
	at org.apache.kafka.common.security.ssl.DefaultSslEngineFactory.createKeystore(DefaultSslEngineFactory.java:299)
	at org.apache.kafka.common.security.ssl.DefaultSslEngineFactory.configure(DefaultSslEngineFactory.java:161)
	at org.apache.kafka.common.security.ssl.SslFactory.instantiateSslEngineFactory(SslFactory.java:136)
	at org.apache.kafka.common.security.ssl.SslFactory.createNewSslEngineFactory(SslFactory.java:154)
	at org.apache.kafka.common.security.ssl.SslFactory.reconfigure(SslFactory.java:117)
	at org.apache.kafka.common.network.SslChannelBuilder.reconfigure(SslChannelBuilder.java:92)
	at org.apache.kafka.common.network.SslTransportLayerTest.verifyInvalidReconfigure(SslTransportLayerTest.java:1238)
	at org.apache.kafka.common.network.SslTransportLayerTest.testServerKeystoreDynamicUpdate(SslTransportLayerTest.java:1067)
	at sun.reflect.NativeMethodAccessorImpl.invoke0(Native Method)
	at sun.reflect.NativeMethodAccessorImpl.invoke(NativeMethodAccessorImpl.java:62)
	at sun.reflect.DelegatingMethodAccessorImpl.invoke(DelegatingMethodAccessorImpl.java:43)
	at java.lang.reflect.Method.invoke(Method.java:498)
	at org.junit.runners.model.FrameworkMethod$1.runReflectiveCall(FrameworkMethod.java:59)
	at org.junit.internal.runners.model.ReflectiveCallable.run(ReflectiveCallable.java:12)
	at org.junit.runners.model.FrameworkMethod.invokeExplosively(FrameworkMethod.java:56)
	at org.junit.internal.runners.statements.InvokeMethod.evaluate(InvokeMethod.java:17)
	at org.junit.internal.runners.statements.RunBefores.evaluate(RunBefores.java:26)
	at org.junit.internal.runners.statements.RunAfters.evaluate(RunAfters.java:27)
	at org.junit.runners.ParentRunner$3.evaluate(ParentRunner.java:306)
	at org.junit.runners.BlockJUnit4ClassRunner$1.evaluate(BlockJUnit4ClassRunner.java:100)
	at org.junit.runners.ParentRunner.runLeaf(ParentRunner.java:366)
	at org.junit.runners.BlockJUnit4ClassRunner.runChild(BlockJUnit4ClassRunner.java:103)
	at org.junit.runners.BlockJUnit4ClassRunner.runChild(BlockJUnit4ClassRunner.java:63)
	at org.junit.runners.ParentRunner$4.run(ParentRunner.java:331)
	at org.junit.runners.ParentRunner$1.schedule(ParentRunner.java:79)
	at org.junit.runners.ParentRunner.runChildren(ParentRunner.java:329)
	at org.junit.runners.ParentRunner.access$100(ParentRunner.java:66)
	at org.junit.runners.ParentRunner$2.evaluate(ParentRunner.java:293)
	at org.junit.runners.ParentRunner.run(ParentRunner.java:413)
	at org.junit.runners.Suite.runChild(Suite.java:128)
	at org.junit.runners.Suite.runChild(Suite.java:27)
	at org.junit.runners.ParentRunner$4.run(ParentRunner.java:331)
	at org.junit.runners.ParentRunner$1.schedule(ParentRunner.java:79)
	at org.junit.runners.ParentRunner.runChildren(ParentRunner.java:329)
	at org.junit.runners.ParentRunner.access$100(ParentRunner.java:66)
	at org.junit.runners.ParentRunner$2.evaluate(ParentRunner.java:293)
	at org.junit.runners.ParentRunner$3.evaluate(ParentRunner.java:306)
	at org.junit.runners.ParentRunner.run(ParentRunner.java:413)
	at org.gradle.api.internal.tasks.testing.junit.JUnitTestClassExecutor.runTestClass(JUnitTestClassExecutor.java:110)
	at org.gradle.api.internal.tasks.testing.junit.JUnitTestClassExecutor.execute(JUnitTestClassExecutor.java:58)
	at org.gradle.api.internal.tasks.testing.junit.JUnitTestClassExecutor.execute(JUnitTestClassExecutor.java:38)
	at org.gradle.api.internal.tasks.testing.junit.AbstractJUnitTestClassProcessor.processTestClass(AbstractJUnitTestClassProcessor.java:62)
	at org.gradle.api.internal.tasks.testing.SuiteTestClassProcessor.processTestClass(SuiteTestClassProcessor.java:51)
	at sun.reflect.GeneratedMethodAccessor35.invoke(Unknown Source)
	at sun.reflect.DelegatingMethodAccessorImpl.invoke(DelegatingMethodAccessorImpl.java:43)
	at java.lang.reflect.Method.invoke(Method.java:498)
	at org.gradle.internal.dispatch.ReflectionDispatch.dispatch(ReflectionDispatch.java:36)
	at org.gradle.internal.dispatch.ReflectionDispatch.dispatch(ReflectionDispatch.java:24)
	at org.gradle.internal.dispatch.ContextClassLoaderDispatch.dispatch(ContextClassLoaderDispatch.java:33)
	at org.gradle.internal.dispatch.ProxyDispatchAdapter$DispatchingInvocationHandler.invoke(ProxyDispatchAdapter.java:94)
	at com.sun.proxy.$Proxy2.processTestClass(Unknown Source)
	at org.gradle.api.internal.tasks.testing.worker.TestWorker.processTestClass(TestWorker.java:119)
	at sun.reflect.GeneratedMethodAccessor34.invoke(Unknown Source)
	at sun.reflect.DelegatingMethodAccessorImpl.invoke(DelegatingMethodAccessorImpl.java:43)
	at java.lang.reflect.Method.invoke(Method.java:498)
	at org.gradle.internal.dispatch.ReflectionDispatch.dispatch(ReflectionDispatch.java:36)
	at org.gradle.internal.dispatch.ReflectionDispatch.dispatch(ReflectionDispatch.java:24)
	at org.gradle.internal.remote.internal.hub.MessageHubBackedObjectConnection$DispatchWrapper.dispatch(MessageHubBackedObjectConnection.java:182)
	at org.gradle.internal.remote.internal.hub.MessageHubBackedObjectConnection$DispatchWrapper.dispatch(MessageHubBackedObjectConnection.java:164)
	at org.gradle.internal.remote.internal.hub.MessageHub$Handler.run(MessageHub.java:414)
	at org.gradle.internal.concurrent.ExecutorPolicy$CatchAndRecordFailures.onExecute(ExecutorPolicy.java:64)
	at org.gradle.internal.concurrent.ManagedExecutorImpl$1.run(ManagedExecutorImpl.java:48)
	at java.util.concurrent.ThreadPoolExecutor.runWorker(ThreadPoolExecutor.java:1149)
	at java.util.concurrent.ThreadPoolExecutor$Worker.run(ThreadPoolExecutor.java:624)
	at org.gradle.internal.concurrent.ThreadFactoryImpl$ManagedThreadRunnable.run(ThreadFactoryImpl.java:56)
	at java.lang.Thread.run(Thread.java:748)
]]></system-out>
  <system-err><![CDATA[]]></system-err>
</testsuite>
