<?xml version="1.0" encoding="UTF-8"?>
<testsuite name="org.apache.kafka.common.feature.FinalizedVersionRangeTest" tests="4" skipped="0" failures="0" errors="0" timestamp="2020-10-29T02:36:12" hostname="chukun-mac" time="0.002">
  <properties/>
  <testcase name="testToString" classname="org.apache.kafka.common.feature.FinalizedVersionRangeTest" time="0.001"/>
  <testcase name="testIsCompatibleWith" classname="org.apache.kafka.common.feature.FinalizedVersionRangeTest" time="0.001"/>
  <testcase name="testFromToMap" classname="org.apache.kafka.common.feature.FinalizedVersionRangeTest" time="0.0"/>
  <testcase name="testMinMax" classname="org.apache.kafka.common.feature.FinalizedVersionRangeTest" time="0.0"/>
  <system-out><![CDATA[]]></system-out>
  <system-err><![CDATA[]]></system-err>
</testsuite>
