<?xml version="1.0" encoding="UTF-8"?>
<testsuite name="org.apache.kafka.common.network.SelectorTest" tests="33" skipped="0" failures="0" errors="0" timestamp="2020-10-29T02:32:12" hostname="chukun-mac" time="7.075">
  <properties/>
  <testcase name="testGracefulClose" classname="org.apache.kafka.common.network.SelectorTest" time="0.011"/>
  <testcase name="testSendLargeRequest" classname="org.apache.kafka.common.network.SelectorTest" time="0.006"/>
  <testcase name="testLargeMessageSequence" classname="org.apache.kafka.common.network.SelectorTest" time="0.998"/>
  <testcase name="testLowestPriorityChannel" classname="org.apache.kafka.common.network.SelectorTest" time="0.006"/>
  <testcase name="testConnectDisconnectDuringInSinglePoll" classname="org.apache.kafka.common.network.SelectorTest" time="0.153"/>
  <testcase name="testConnectException" classname="org.apache.kafka.common.network.SelectorTest" time="0.004"/>
  <testcase name="registerFailure" classname="org.apache.kafka.common.network.SelectorTest" time="0.002"/>
  <testcase name="testMute" classname="org.apache.kafka.common.network.SelectorTest" time="0.003"/>
  <testcase name="testCloseAllChannels" classname="org.apache.kafka.common.network.SelectorTest" time="0.006"/>
  <testcase name="testExpireConnectionWithPendingReceives" classname="org.apache.kafka.common.network.SelectorTest" time="0.002"/>
  <testcase name="testCantSendWithInProgress" classname="org.apache.kafka.common.network.SelectorTest" time="0.003"/>
  <testcase name="testOutboundConnectionsCountInConnectionCreationMetric" classname="org.apache.kafka.common.network.SelectorTest" time="0.004"/>
  <testcase name="testImmediatelyConnectedCleaned" classname="org.apache.kafka.common.network.SelectorTest" time="0.003"/>
  <testcase name="testExistingConnectionId" classname="org.apache.kafka.common.network.SelectorTest" time="0.002"/>
  <testcase name="testCantSendWithoutConnecting" classname="org.apache.kafka.common.network.SelectorTest" time="0.001"/>
  <testcase name="testCloseOldestConnection" classname="org.apache.kafka.common.network.SelectorTest" time="0.003"/>
  <testcase name="testServerDisconnect" classname="org.apache.kafka.common.network.SelectorTest" time="0.003"/>
  <testcase name="testMetricsCleanupOnSelectorClose" classname="org.apache.kafka.common.network.SelectorTest" time="0.002"/>
  <testcase name="testPartialSendAndReceiveReflectedInMetrics" classname="org.apache.kafka.common.network.SelectorTest" time="0.21"/>
  <testcase name="testWriteCompletesSendWithNoBytesWritten" classname="org.apache.kafka.common.network.SelectorTest" time="0.002"/>
  <testcase name="testIdleExpiryWithoutReadyKeys" classname="org.apache.kafka.common.network.SelectorTest" time="0.002"/>
  <testcase name="testConnectionsByClientMetric" classname="org.apache.kafka.common.network.SelectorTest" time="0.012"/>
  <testcase name="testInboundConnectionsCountInConnectionCreationMetric" classname="org.apache.kafka.common.network.SelectorTest" time="0.007"/>
  <testcase name="testNoRouteToHost" classname="org.apache.kafka.common.network.SelectorTest" time="5.02"/>
  <testcase name="testClearCompletedSendsAndReceives" classname="org.apache.kafka.common.network.SelectorTest" time="0.014"/>
  <testcase name="testPartialReceiveGracefulClose" classname="org.apache.kafka.common.network.SelectorTest" time="0.012"/>
  <testcase name="testNormalOperation" classname="org.apache.kafka.common.network.SelectorTest" time="0.393"/>
  <testcase name="testMuteOnOOM" classname="org.apache.kafka.common.network.SelectorTest" time="0.014"/>
  <testcase name="testCloseOldestConnectionWithMultiplePendingReceives" classname="org.apache.kafka.common.network.SelectorTest" time="0.003"/>
  <testcase name="testExpireClosedConnectionWithPendingReceives" classname="org.apache.kafka.common.network.SelectorTest" time="0.002"/>
  <testcase name="testConnectionRefused" classname="org.apache.kafka.common.network.SelectorTest" time="0.002"/>
  <testcase name="testChannelCloseWhileProcessingReceives" classname="org.apache.kafka.common.network.SelectorTest" time="0.164"/>
  <testcase name="testEmptyRequest" classname="org.apache.kafka.common.network.SelectorTest" time="0.003"/>
  <system-out><![CDATA[[2020-10-29 10:32:13,464] ERROR Failed to close release connections with type org.apache.kafka.common.network.Selector$$Lambda$532/195330984 (org.apache.kafka.common.utils.Utils:981)
java.lang.RuntimeException: you should fail
	at org.apache.kafka.common.network.SelectorTest$2$1.close(SelectorTest.java:419)
	at org.apache.kafka.common.network.Selector.doClose(Selector.java:951)
	at org.apache.kafka.common.network.Selector.close(Selector.java:935)
	at org.apache.kafka.common.network.Selector.close(Selector.java:881)
	at org.apache.kafka.common.network.Selector.lambda$null$0(Selector.java:368)
	at org.apache.kafka.common.utils.Utils.closeQuietly(Utils.java:978)
	at org.apache.kafka.common.utils.Utils.closeAllQuietly(Utils.java:993)
	at org.apache.kafka.common.network.Selector.close(Selector.java:367)
	at org.junit.Assert.assertThrows(Assert.java:1001)
	at org.junit.Assert.assertThrows(Assert.java:981)
	at org.apache.kafka.common.network.SelectorTest.testCloseAllChannels(SelectorTest.java:429)
	at sun.reflect.NativeMethodAccessorImpl.invoke0(Native Method)
	at sun.reflect.NativeMethodAccessorImpl.invoke(NativeMethodAccessorImpl.java:62)
	at sun.reflect.DelegatingMethodAccessorImpl.invoke(DelegatingMethodAccessorImpl.java:43)
	at java.lang.reflect.Method.invoke(Method.java:498)
	at org.junit.runners.model.FrameworkMethod$1.runReflectiveCall(FrameworkMethod.java:59)
	at org.junit.internal.runners.model.ReflectiveCallable.run(ReflectiveCallable.java:12)
	at org.junit.runners.model.FrameworkMethod.invokeExplosively(FrameworkMethod.java:56)
	at org.junit.internal.runners.statements.InvokeMethod.evaluate(InvokeMethod.java:17)
	at org.junit.internal.runners.statements.RunBefores.evaluate(RunBefores.java:26)
	at org.junit.internal.runners.statements.RunAfters.evaluate(RunAfters.java:27)
	at org.junit.internal.runners.statements.FailOnTimeout$CallableStatement.call(FailOnTimeout.java:288)
	at org.junit.internal.runners.statements.FailOnTimeout$CallableStatement.call(FailOnTimeout.java:282)
	at java.util.concurrent.FutureTask.run(FutureTask.java:266)
	at java.lang.Thread.run(Thread.java:748)
[2020-10-29 10:32:13,470] ERROR Unexpected exception during send, closing connection 0 and rethrowing exception {} (org.apache.kafka.common.network.Selector:402)
java.lang.IllegalStateException: Attempt to begin a send operation with prior send operation still in progress, connection id is 0
	at org.apache.kafka.common.network.KafkaChannel.setSend(KafkaChannel.java:376)
	at org.apache.kafka.common.network.Selector.send(Selector.java:394)
	at org.apache.kafka.common.network.SelectorTest.testCantSendWithInProgress(SelectorTest.java:167)
	at sun.reflect.NativeMethodAccessorImpl.invoke0(Native Method)
	at sun.reflect.NativeMethodAccessorImpl.invoke(NativeMethodAccessorImpl.java:62)
	at sun.reflect.DelegatingMethodAccessorImpl.invoke(DelegatingMethodAccessorImpl.java:43)
	at java.lang.reflect.Method.invoke(Method.java:498)
	at org.junit.runners.model.FrameworkMethod$1.runReflectiveCall(FrameworkMethod.java:59)
	at org.junit.internal.runners.model.ReflectiveCallable.run(ReflectiveCallable.java:12)
	at org.junit.runners.model.FrameworkMethod.invokeExplosively(FrameworkMethod.java:56)
	at org.junit.internal.runners.statements.InvokeMethod.evaluate(InvokeMethod.java:17)
	at org.junit.internal.runners.statements.RunBefores.evaluate(RunBefores.java:26)
	at org.junit.internal.runners.statements.RunAfters.evaluate(RunAfters.java:27)
	at org.junit.internal.runners.statements.FailOnTimeout$CallableStatement.call(FailOnTimeout.java:288)
	at org.junit.internal.runners.statements.FailOnTimeout$CallableStatement.call(FailOnTimeout.java:282)
	at java.util.concurrent.FutureTask.run(FutureTask.java:266)
	at java.lang.Thread.run(Thread.java:748)
[2020-10-29 10:32:13,490] ERROR Failed to close release connections with type org.apache.kafka.common.network.Selector$$Lambda$532/195330984 (org.apache.kafka.common.utils.Utils:981)
java.lang.RuntimeException
	at org.apache.kafka.common.network.SelectorTest$5.close(SelectorTest.java:942)
	at org.apache.kafka.common.network.Selector.lambda$null$0(Selector.java:368)
	at org.apache.kafka.common.utils.Utils.closeQuietly(Utils.java:978)
	at org.apache.kafka.common.utils.Utils.closeAllQuietly(Utils.java:993)
	at org.apache.kafka.common.network.Selector.close(Selector.java:367)
	at org.junit.Assert.assertThrows(Assert.java:1001)
	at org.junit.Assert.assertThrows(Assert.java:981)
	at org.apache.kafka.common.network.SelectorTest.testMetricsCleanupOnSelectorClose(SelectorTest.java:950)
	at sun.reflect.NativeMethodAccessorImpl.invoke0(Native Method)
	at sun.reflect.NativeMethodAccessorImpl.invoke(NativeMethodAccessorImpl.java:62)
	at sun.reflect.DelegatingMethodAccessorImpl.invoke(DelegatingMethodAccessorImpl.java:43)
	at java.lang.reflect.Method.invoke(Method.java:498)
	at org.junit.runners.model.FrameworkMethod$1.runReflectiveCall(FrameworkMethod.java:59)
	at org.junit.internal.runners.model.ReflectiveCallable.run(ReflectiveCallable.java:12)
	at org.junit.runners.model.FrameworkMethod.invokeExplosively(FrameworkMethod.java:56)
	at org.junit.internal.runners.statements.InvokeMethod.evaluate(InvokeMethod.java:17)
	at org.junit.internal.runners.statements.RunBefores.evaluate(RunBefores.java:26)
	at org.junit.internal.runners.statements.RunAfters.evaluate(RunAfters.java:27)
	at org.junit.internal.runners.statements.FailOnTimeout$CallableStatement.call(FailOnTimeout.java:288)
	at org.junit.internal.runners.statements.FailOnTimeout$CallableStatement.call(FailOnTimeout.java:282)
	at java.util.concurrent.FutureTask.run(FutureTask.java:266)
	at java.lang.Thread.run(Thread.java:748)
]]></system-out>
  <system-err><![CDATA[]]></system-err>
</testsuite>
