<?xml version="1.0" encoding="UTF-8"?>
<testsuite name="org.apache.kafka.clients.consumer.ConsumerConfigTest" tests="5" skipped="0" failures="0" errors="0" timestamp="2022-09-03T10:40:34" hostname="LAPTOP-FH01OFOM" time="0.007">
  <properties/>
  <testcase name="testAppendDeserializerToConfig" classname="org.apache.kafka.clients.consumer.ConsumerConfigTest" time="0.005"/>
  <testcase name="testOverrideEnableAutoCommit" classname="org.apache.kafka.clients.consumer.ConsumerConfigTest" time="0.001"/>
  <testcase name="testOverrideClientId" classname="org.apache.kafka.clients.consumer.ConsumerConfigTest" time="0.001"/>
  <testcase name="testDeserializerToPropertyConfig" classname="org.apache.kafka.clients.consumer.ConsumerConfigTest" time="0.0"/>
  <testcase name="ensureDefaultThrowOnUnsupportedStableFlagToFalse" classname="org.apache.kafka.clients.consumer.ConsumerConfigTest" time="0.0"/>
  <system-out><![CDATA[]]></system-out>
  <system-err><![CDATA[]]></system-err>
</testsuite>
