<?xml version="1.0" encoding="UTF-8"?>
<testsuite name="org.apache.kafka.common.utils.AppInfoParserTest" tests="2" skipped="0" failures="0" errors="0" timestamp="2020-10-29T02:32:19" hostname="chukun-mac" time="0.002">
  <properties/>
  <testcase name="testUnregisterAppInfoUnregistersMetrics" classname="org.apache.kafka.common.utils.AppInfoParserTest" time="0.002"/>
  <testcase name="testRegisterAppInfoRegistersMetrics" classname="org.apache.kafka.common.utils.AppInfoParserTest" time="0.0"/>
  <system-out><![CDATA[]]></system-out>
  <system-err><![CDATA[]]></system-err>
</testsuite>
