<?xml version="1.0" encoding="UTF-8"?>
<testsuite name="org.apache.kafka.common.requests.AlterReplicaLogDirsRequestTest" tests="2" skipped="0" failures="0" errors="0" timestamp="2020-10-29T02:31:48" hostname="chukun-mac" time="0.007">
  <properties/>
  <testcase name="testErrorResponse" classname="org.apache.kafka.common.requests.AlterReplicaLogDirsRequestTest" time="0.006"/>
  <testcase name="testPartitionDir" classname="org.apache.kafka.common.requests.AlterReplicaLogDirsRequestTest" time="0.001"/>
  <system-out><![CDATA[]]></system-out>
  <system-err><![CDATA[]]></system-err>
</testsuite>
