<?xml version="1.0" encoding="UTF-8"?>
<testsuite name="org.apache.kafka.clients.producer.ProducerConfigTest" tests="2" skipped="0" failures="0" errors="0" timestamp="2020-10-29T02:31:18" hostname="chukun-mac" time="0.337">
  <properties/>
  <testcase name="testAppendSerializerToConfig" classname="org.apache.kafka.clients.producer.ProducerConfigTest" time="0.336"/>
  <testcase name="testSerializerToPropertyConfig" classname="org.apache.kafka.clients.producer.ProducerConfigTest" time="0.0"/>
  <system-out><![CDATA[]]></system-out>
  <system-err><![CDATA[]]></system-err>
</testsuite>
