<?xml version="1.0" encoding="UTF-8"?>
<testsuite name="org.apache.kafka.common.record.CompressionTypeTest" tests="2" skipped="0" failures="0" errors="0" timestamp="2020-10-29T02:31:52" hostname="chukun-mac" time="0.173">
  <properties/>
  <testcase name="testLZ4FramingMagicV0" classname="org.apache.kafka.common.record.CompressionTypeTest" time="0.172"/>
  <testcase name="testLZ4FramingMagicV1" classname="org.apache.kafka.common.record.CompressionTypeTest" time="0.001"/>
  <system-out><![CDATA[]]></system-out>
  <system-err><![CDATA[]]></system-err>
</testsuite>
