<?xml version="1.0" encoding="UTF-8"?>
<testsuite name="org.apache.kafka.clients.producer.internals.ProducerInterceptorsTest" tests="3" skipped="0" failures="0" errors="0" timestamp="2022-09-03T10:38:22" hostname="LAPTOP-FH01OFOM" time="0.003">
  <properties/>
  <testcase name="testOnAcknowledgementWithErrorChain" classname="org.apache.kafka.clients.producer.internals.ProducerInterceptorsTest" time="0.003"/>
  <testcase name="testOnAcknowledgementChain" classname="org.apache.kafka.clients.producer.internals.ProducerInterceptorsTest" time="0.0"/>
  <testcase name="testOnSendChain" classname="org.apache.kafka.clients.producer.internals.ProducerInterceptorsTest" time="0.0"/>
  <system-out><![CDATA[]]></system-out>
  <system-err><![CDATA[]]></system-err>
</testsuite>
