<?xml version="1.0" encoding="UTF-8"?>
<testsuite name="org.apache.kafka.clients.producer.internals.BufferPoolTest" tests="13" skipped="0" failures="0" errors="0" timestamp="2020-10-29T02:31:18" hostname="chukun-mac" time="6.885">
  <properties/>
  <testcase name="testStressfulSituation" classname="org.apache.kafka.clients.producer.internals.BufferPoolTest" time="0.988"/>
  <testcase name="testCloseAllocations" classname="org.apache.kafka.clients.producer.internals.BufferPoolTest" time="0.002"/>
  <testcase name="testCleanupMemoryAvailabilityWaiterOnInterruption" classname="org.apache.kafka.clients.producer.internals.BufferPoolTest" time="1.513"/>
  <testcase name="testBlockTimeout" classname="org.apache.kafka.clients.producer.internals.BufferPoolTest" time="0.018"/>
  <testcase name="testLargeAvailableMemory" classname="org.apache.kafka.clients.producer.internals.BufferPoolTest" time="0.0"/>
  <testcase name="testCleanupMemoryAvailabilityOnMetricsException" classname="org.apache.kafka.clients.producer.internals.BufferPoolTest" time="4.324"/>
  <testcase name="testCantAllocateMoreMemoryThanWeHave" classname="org.apache.kafka.clients.producer.internals.BufferPoolTest" time="0.001"/>
  <testcase name="testCleanupMemoryAvailabilityWaiterOnBlockTimeout" classname="org.apache.kafka.clients.producer.internals.BufferPoolTest" time="0.011"/>
  <testcase name="testSimple" classname="org.apache.kafka.clients.producer.internals.BufferPoolTest" time="0.0"/>
  <testcase name="testDelayedAllocation" classname="org.apache.kafka.clients.producer.internals.BufferPoolTest" time="0.004"/>
  <testcase name="testCloseNotifyWaiters" classname="org.apache.kafka.clients.producer.internals.BufferPoolTest" time="0.01"/>
  <testcase name="outOfMemoryOnAllocation" classname="org.apache.kafka.clients.producer.internals.BufferPoolTest" time="0.001"/>
  <testcase name="testBufferExhaustedExceptionIsThrown" classname="org.apache.kafka.clients.producer.internals.BufferPoolTest" time="0.011"/>
  <system-out><![CDATA[]]></system-out>
  <system-err><![CDATA[]]></system-err>
</testsuite>
