<?xml version="1.0" encoding="UTF-8"?>
<testsuite name="org.apache.kafka.clients.producer.ProducerConfigTest" tests="2" skipped="0" failures="0" errors="0" timestamp="2022-09-03T10:38:22" hostname="LAPTOP-FH01OFOM" time="0.004">
  <properties/>
  <testcase name="testAppendSerializerToConfig" classname="org.apache.kafka.clients.producer.ProducerConfigTest" time="0.003"/>
  <testcase name="testSerializerToPropertyConfig" classname="org.apache.kafka.clients.producer.ProducerConfigTest" time="0.001"/>
  <system-out><![CDATA[]]></system-out>
  <system-err><![CDATA[]]></system-err>
</testsuite>
