<?xml version="1.0" encoding="UTF-8"?>
<testsuite name="org.apache.kafka.clients.producer.internals.StickyPartitionCacheTest" tests="2" skipped="0" failures="0" errors="0" timestamp="2020-10-29T02:31:18" hostname="chukun-mac" time="0.029">
  <properties/>
  <testcase name="unavailablePartitionsTest" classname="org.apache.kafka.clients.producer.internals.StickyPartitionCacheTest" time="0.014"/>
  <testcase name="testStickyPartitionCache" classname="org.apache.kafka.clients.producer.internals.StickyPartitionCacheTest" time="0.008"/>
  <system-out><![CDATA[]]></system-out>
  <system-err><![CDATA[]]></system-err>
</testsuite>
