<?xml version="1.0" encoding="UTF-8"?>
<testsuite name="org.apache.kafka.common.utils.JavaTest" tests="3" skipped="0" failures="0" errors="0" timestamp="2020-10-29T02:31:48" hostname="chukun-mac" time="0.002">
  <properties/>
  <testcase name="testLoadKerberosLoginModule" classname="org.apache.kafka.common.utils.JavaTest" time="0.002"/>
  <testcase name="testIsIBMJdk" classname="org.apache.kafka.common.utils.JavaTest" time="0.0"/>
  <testcase name="testJavaVersion" classname="org.apache.kafka.common.utils.JavaTest" time="0.0"/>
  <system-out><![CDATA[]]></system-out>
  <system-err><![CDATA[]]></system-err>
</testsuite>
