<?xml version="1.0" encoding="UTF-8"?>
<testsuite name="org.apache.kafka.common.internals.PartitionStatesTest" tests="6" skipped="0" failures="0" errors="0" timestamp="2022-09-03T10:37:57" hostname="LAPTOP-FH01OFOM" time="0.0">
  <properties/>
  <testcase name="testSet" classname="org.apache.kafka.common.internals.PartitionStatesTest" time="0.0"/>
  <testcase name="testClear" classname="org.apache.kafka.common.internals.PartitionStatesTest" time="0.0"/>
  <testcase name="testRemove" classname="org.apache.kafka.common.internals.PartitionStatesTest" time="0.0"/>
  <testcase name="testMoveToEnd" classname="org.apache.kafka.common.internals.PartitionStatesTest" time="0.0"/>
  <testcase name="testUpdateAndMoveToEnd" classname="org.apache.kafka.common.internals.PartitionStatesTest" time="0.0"/>
  <testcase name="testPartitionValues" classname="org.apache.kafka.common.internals.PartitionStatesTest" time="0.0"/>
  <system-out><![CDATA[]]></system-out>
  <system-err><![CDATA[]]></system-err>
</testsuite>
