<?xml version="1.0" encoding="UTF-8"?>
<testsuite name="org.apache.kafka.common.network.SslSelectorTest" tests="38" skipped="0" failures="0" errors="0" timestamp="2020-10-29T02:33:53" hostname="chukun-mac" time="23.473">
  <properties/>
  <testcase name="testBytesBufferedChannelAfterMute" classname="org.apache.kafka.common.network.SslSelectorTest" time="0.483"/>
  <testcase name="testBytesBufferedChannelWithNoIncomingBytes" classname="org.apache.kafka.common.network.SslSelectorTest" time="0.436"/>
  <testcase name="testRenegotiationFails" classname="org.apache.kafka.common.network.SslSelectorTest" time="0.352"/>
  <testcase name="testDisconnectWithIntermediateBufferedBytes" classname="org.apache.kafka.common.network.SslSelectorTest" time="0.512"/>
  <testcase name="testConnectionWithCustomKeyManager" classname="org.apache.kafka.common.network.SslSelectorTest" time="1.203"/>
  <testcase name="testGracefulClose" classname="org.apache.kafka.common.network.SslSelectorTest" time="0.537"/>
  <testcase name="testSendLargeRequest" classname="org.apache.kafka.common.network.SslSelectorTest" time="0.741"/>
  <testcase name="testLargeMessageSequence" classname="org.apache.kafka.common.network.SslSelectorTest" time="2.881"/>
  <testcase name="testLowestPriorityChannel" classname="org.apache.kafka.common.network.SslSelectorTest" time="0.875"/>
  <testcase name="testConnectDisconnectDuringInSinglePoll" classname="org.apache.kafka.common.network.SslSelectorTest" time="0.455"/>
  <testcase name="testConnectException" classname="org.apache.kafka.common.network.SslSelectorTest" time="1.049"/>
  <testcase name="registerFailure" classname="org.apache.kafka.common.network.SslSelectorTest" time="0.171"/>
  <testcase name="testMute" classname="org.apache.kafka.common.network.SslSelectorTest" time="0.158"/>
  <testcase name="testCloseAllChannels" classname="org.apache.kafka.common.network.SslSelectorTest" time="0.128"/>
  <testcase name="testExpireConnectionWithPendingReceives" classname="org.apache.kafka.common.network.SslSelectorTest" time="0.085"/>
  <testcase name="testCantSendWithInProgress" classname="org.apache.kafka.common.network.SslSelectorTest" time="0.155"/>
  <testcase name="testOutboundConnectionsCountInConnectionCreationMetric" classname="org.apache.kafka.common.network.SslSelectorTest" time="1.115"/>
  <testcase name="testImmediatelyConnectedCleaned" classname="org.apache.kafka.common.network.SslSelectorTest" time="0.139"/>
  <testcase name="testExistingConnectionId" classname="org.apache.kafka.common.network.SslSelectorTest" time="0.364"/>
  <testcase name="testCantSendWithoutConnecting" classname="org.apache.kafka.common.network.SslSelectorTest" time="0.239"/>
  <testcase name="testCloseOldestConnection" classname="org.apache.kafka.common.network.SslSelectorTest" time="0.303"/>
  <testcase name="testServerDisconnect" classname="org.apache.kafka.common.network.SslSelectorTest" time="0.259"/>
  <testcase name="testMetricsCleanupOnSelectorClose" classname="org.apache.kafka.common.network.SslSelectorTest" time="0.149"/>
  <testcase name="testPartialSendAndReceiveReflectedInMetrics" classname="org.apache.kafka.common.network.SslSelectorTest" time="0.567"/>
  <testcase name="testWriteCompletesSendWithNoBytesWritten" classname="org.apache.kafka.common.network.SslSelectorTest" time="0.683"/>
  <testcase name="testIdleExpiryWithoutReadyKeys" classname="org.apache.kafka.common.network.SslSelectorTest" time="0.252"/>
  <testcase name="testConnectionsByClientMetric" classname="org.apache.kafka.common.network.SslSelectorTest" time="0.241"/>
  <testcase name="testInboundConnectionsCountInConnectionCreationMetric" classname="org.apache.kafka.common.network.SslSelectorTest" time="0.084"/>
  <testcase name="testNoRouteToHost" classname="org.apache.kafka.common.network.SslSelectorTest" time="5.16"/>
  <testcase name="testClearCompletedSendsAndReceives" classname="org.apache.kafka.common.network.SslSelectorTest" time="0.148"/>
  <testcase name="testPartialReceiveGracefulClose" classname="org.apache.kafka.common.network.SslSelectorTest" time="0.17"/>
  <testcase name="testNormalOperation" classname="org.apache.kafka.common.network.SslSelectorTest" time="1.193"/>
  <testcase name="testMuteOnOOM" classname="org.apache.kafka.common.network.SslSelectorTest" time="0.895"/>
  <testcase name="testCloseOldestConnectionWithMultiplePendingReceives" classname="org.apache.kafka.common.network.SslSelectorTest" time="0.131"/>
  <testcase name="testExpireClosedConnectionWithPendingReceives" classname="org.apache.kafka.common.network.SslSelectorTest" time="0.29"/>
  <testcase name="testConnectionRefused" classname="org.apache.kafka.common.network.SslSelectorTest" time="0.331"/>
  <testcase name="testChannelCloseWhileProcessingReceives" classname="org.apache.kafka.common.network.SslSelectorTest" time="0.214"/>
  <testcase name="testEmptyRequest" classname="org.apache.kafka.common.network.SslSelectorTest" time="0.323"/>
  <system-out><![CDATA[[2020-10-29 10:33:54,424] ERROR [SslTransportLayer channelId=0 key=sun.nio.ch.SelectionKeyImpl@745e87f9] Renegotiation requested, but it is not supported, channelId 0, appReadBuffer pos 0, netReadBuffer pos 0, netWriteBuffer pos 85 handshakeStatus NEED_TASK (org.apache.kafka.common.network.SslTransportLayer:585)
[2020-10-29 10:33:54,428] ERROR [SslTransportLayer channelId=0 key=sun.nio.ch.SelectionKeyImpl@745e87f9] Renegotiation requested, but it is not supported, channelId 0, appReadBuffer pos 0, netReadBuffer pos 850, netWriteBuffer pos 85 handshakeStatus NEED_TASK (org.apache.kafka.common.network.SslTransportLayer:585)
[2020-10-29 10:34:03,144] ERROR Failed to close release connections with type org.apache.kafka.common.network.Selector$$Lambda$369/66570364 (org.apache.kafka.common.utils.Utils:981)
java.lang.RuntimeException: you should fail
	at org.apache.kafka.common.network.SelectorTest$2$1.close(SelectorTest.java:419)
	at org.apache.kafka.common.network.Selector.doClose(Selector.java:951)
	at org.apache.kafka.common.network.Selector.close(Selector.java:935)
	at org.apache.kafka.common.network.Selector.close(Selector.java:881)
	at org.apache.kafka.common.network.Selector.lambda$null$0(Selector.java:368)
	at org.apache.kafka.common.utils.Utils.closeQuietly(Utils.java:978)
	at org.apache.kafka.common.utils.Utils.closeAllQuietly(Utils.java:993)
	at org.apache.kafka.common.network.Selector.close(Selector.java:367)
	at org.junit.Assert.assertThrows(Assert.java:1001)
	at org.junit.Assert.assertThrows(Assert.java:981)
	at org.apache.kafka.common.network.SelectorTest.testCloseAllChannels(SelectorTest.java:429)
	at sun.reflect.NativeMethodAccessorImpl.invoke0(Native Method)
	at sun.reflect.NativeMethodAccessorImpl.invoke(NativeMethodAccessorImpl.java:62)
	at sun.reflect.DelegatingMethodAccessorImpl.invoke(DelegatingMethodAccessorImpl.java:43)
	at java.lang.reflect.Method.invoke(Method.java:498)
	at org.junit.runners.model.FrameworkMethod$1.runReflectiveCall(FrameworkMethod.java:59)
	at org.junit.internal.runners.model.ReflectiveCallable.run(ReflectiveCallable.java:12)
	at org.junit.runners.model.FrameworkMethod.invokeExplosively(FrameworkMethod.java:56)
	at org.junit.internal.runners.statements.InvokeMethod.evaluate(InvokeMethod.java:17)
	at org.junit.internal.runners.statements.RunBefores.evaluate(RunBefores.java:26)
	at org.junit.internal.runners.statements.RunAfters.evaluate(RunAfters.java:27)
	at org.junit.internal.runners.statements.FailOnTimeout$CallableStatement.call(FailOnTimeout.java:288)
	at org.junit.internal.runners.statements.FailOnTimeout$CallableStatement.call(FailOnTimeout.java:282)
	at java.util.concurrent.FutureTask.run(FutureTask.java:266)
	at java.lang.Thread.run(Thread.java:748)
[2020-10-29 10:34:03,383] ERROR Unexpected exception during send, closing connection 0 and rethrowing exception {} (org.apache.kafka.common.network.Selector:402)
java.lang.IllegalStateException: Attempt to begin a send operation with prior send operation still in progress, connection id is 0
	at org.apache.kafka.common.network.KafkaChannel.setSend(KafkaChannel.java:376)
	at org.apache.kafka.common.network.Selector.send(Selector.java:394)
	at org.apache.kafka.common.network.SelectorTest.testCantSendWithInProgress(SelectorTest.java:167)
	at sun.reflect.NativeMethodAccessorImpl.invoke0(Native Method)
	at sun.reflect.NativeMethodAccessorImpl.invoke(NativeMethodAccessorImpl.java:62)
	at sun.reflect.DelegatingMethodAccessorImpl.invoke(DelegatingMethodAccessorImpl.java:43)
	at java.lang.reflect.Method.invoke(Method.java:498)
	at org.junit.runners.model.FrameworkMethod$1.runReflectiveCall(FrameworkMethod.java:59)
	at org.junit.internal.runners.model.ReflectiveCallable.run(ReflectiveCallable.java:12)
	at org.junit.runners.model.FrameworkMethod.invokeExplosively(FrameworkMethod.java:56)
	at org.junit.internal.runners.statements.InvokeMethod.evaluate(InvokeMethod.java:17)
	at org.junit.internal.runners.statements.RunBefores.evaluate(RunBefores.java:26)
	at org.junit.internal.runners.statements.RunAfters.evaluate(RunAfters.java:27)
	at org.junit.internal.runners.statements.FailOnTimeout$CallableStatement.call(FailOnTimeout.java:288)
	at org.junit.internal.runners.statements.FailOnTimeout$CallableStatement.call(FailOnTimeout.java:282)
	at java.util.concurrent.FutureTask.run(FutureTask.java:266)
	at java.lang.Thread.run(Thread.java:748)
[2020-10-29 10:34:05,945] ERROR Failed to close release connections with type org.apache.kafka.common.network.Selector$$Lambda$369/66570364 (org.apache.kafka.common.utils.Utils:981)
java.lang.RuntimeException
	at org.apache.kafka.common.network.SelectorTest$5.close(SelectorTest.java:942)
	at org.apache.kafka.common.network.Selector.lambda$null$0(Selector.java:368)
	at org.apache.kafka.common.utils.Utils.closeQuietly(Utils.java:978)
	at org.apache.kafka.common.utils.Utils.closeAllQuietly(Utils.java:993)
	at org.apache.kafka.common.network.Selector.close(Selector.java:367)
	at org.junit.Assert.assertThrows(Assert.java:1001)
	at org.junit.Assert.assertThrows(Assert.java:981)
	at org.apache.kafka.common.network.SelectorTest.testMetricsCleanupOnSelectorClose(SelectorTest.java:950)
	at sun.reflect.NativeMethodAccessorImpl.invoke0(Native Method)
	at sun.reflect.NativeMethodAccessorImpl.invoke(NativeMethodAccessorImpl.java:62)
	at sun.reflect.DelegatingMethodAccessorImpl.invoke(DelegatingMethodAccessorImpl.java:43)
	at java.lang.reflect.Method.invoke(Method.java:498)
	at org.junit.runners.model.FrameworkMethod$1.runReflectiveCall(FrameworkMethod.java:59)
	at org.junit.internal.runners.model.ReflectiveCallable.run(ReflectiveCallable.java:12)
	at org.junit.runners.model.FrameworkMethod.invokeExplosively(FrameworkMethod.java:56)
	at org.junit.internal.runners.statements.InvokeMethod.evaluate(InvokeMethod.java:17)
	at org.junit.internal.runners.statements.RunBefores.evaluate(RunBefores.java:26)
	at org.junit.internal.runners.statements.RunAfters.evaluate(RunAfters.java:27)
	at org.junit.internal.runners.statements.FailOnTimeout$CallableStatement.call(FailOnTimeout.java:288)
	at org.junit.internal.runners.statements.FailOnTimeout$CallableStatement.call(FailOnTimeout.java:282)
	at java.util.concurrent.FutureTask.run(FutureTask.java:266)
	at java.lang.Thread.run(Thread.java:748)
]]></system-out>
  <system-err><![CDATA[]]></system-err>
</testsuite>
