<?xml version="1.0" encoding="UTF-8"?>
<testsuite name="org.apache.kafka.common.security.scram.internals.ScramCredentialUtilsTest" tests="6" skipped="0" failures="0" errors="0" timestamp="2022-09-03T10:37:56" hostname="LAPTOP-FH01OFOM" time="1.231">
  <properties/>
  <testcase name="missingFields" classname="org.apache.kafka.common.security.scram.internals.ScramCredentialUtilsTest" time="0.911"/>
  <testcase name="stringConversion" classname="org.apache.kafka.common.security.scram.internals.ScramCredentialUtilsTest" time="0.005"/>
  <testcase name="generateCredential" classname="org.apache.kafka.common.security.scram.internals.ScramCredentialUtilsTest" time="0.137"/>
  <testcase name="extraneousFields" classname="org.apache.kafka.common.security.scram.internals.ScramCredentialUtilsTest" time="0.009"/>
  <testcase name="scramCredentialCache" classname="org.apache.kafka.common.security.scram.internals.ScramCredentialUtilsTest" time="0.169"/>
  <testcase name="invalidCredential" classname="org.apache.kafka.common.security.scram.internals.ScramCredentialUtilsTest" time="0.0"/>
  <system-out><![CDATA[]]></system-out>
  <system-err><![CDATA[]]></system-err>
</testsuite>
