<?xml version="1.0" encoding="UTF-8"?>
<testsuite name="org.apache.kafka.common.record.CompressionRatioEstimatorTest" tests="1" skipped="0" failures="0" errors="0" timestamp="2020-10-29T02:31:53" hostname="chukun-mac" time="0.002">
  <properties/>
  <testcase name="testUpdateEstimation" classname="org.apache.kafka.common.record.CompressionRatioEstimatorTest" time="0.002"/>
  <system-out><![CDATA[]]></system-out>
  <system-err><![CDATA[]]></system-err>
</testsuite>
