<?xml version="1.0" encoding="UTF-8"?>
<testsuite name="org.apache.kafka.clients.admin.DescribeUserScramCredentialsResultTest" tests="3" skipped="0" failures="0" errors="0" timestamp="2020-10-29T02:31:30" hostname="chukun-mac" time="0.014">
  <properties/>
  <testcase name="testTopLevelError" classname="org.apache.kafka.clients.admin.DescribeUserScramCredentialsResultTest" time="0.007"/>
  <testcase name="testUserLevelErrors" classname="org.apache.kafka.clients.admin.DescribeUserScramCredentialsResultTest" time="0.007"/>
  <testcase name="testSuccessfulDescription" classname="org.apache.kafka.clients.admin.DescribeUserScramCredentialsResultTest" time="0.0"/>
  <system-out><![CDATA[]]></system-out>
  <system-err><![CDATA[]]></system-err>
</testsuite>
