<?xml version="1.0" encoding="UTF-8"?>
<testsuite name="org.apache.kafka.clients.consumer.MockConsumerTest" tests="5" skipped="0" failures="0" errors="0" timestamp="2020-10-29T02:31:40" hostname="chukun-mac" time="0.126">
  <properties/>
  <testcase name="testSimpleMock" classname="org.apache.kafka.clients.consumer.MockConsumerTest" time="0.034"/>
  <testcase name="testConsumerRecordsIsEmptyWhenReturningNoRecords" classname="org.apache.kafka.clients.consumer.MockConsumerTest" time="0.077"/>
  <testcase name="shouldNotClearRecordsForPausedPartitions" classname="org.apache.kafka.clients.consumer.MockConsumerTest" time="0.001"/>
  <testcase name="endOffsetsShouldBeIdempotent" classname="org.apache.kafka.clients.consumer.MockConsumerTest" time="0.003"/>
  <testcase name="testSimpleMockDeprecated" classname="org.apache.kafka.clients.consumer.MockConsumerTest" time="0.011"/>
  <system-out><![CDATA[]]></system-out>
  <system-err><![CDATA[]]></system-err>
</testsuite>
