<?xml version="1.0" encoding="UTF-8"?>
<testsuite name="org.apache.kafka.clients.consumer.CooperativeStickyAssignorTest" tests="23" skipped="0" failures="0" errors="0" timestamp="2022-09-03T10:37:46" hostname="LAPTOP-FH01OFOM" time="16.681">
  <properties/>
  <testcase name="testNoExceptionThrownWhenOnlySubscribedTopicDeleted" classname="org.apache.kafka.clients.consumer.CooperativeStickyAssignorTest" time="0.054"/>
  <testcase name="testStickiness" classname="org.apache.kafka.clients.consumer.CooperativeStickyAssignorTest" time="0.003"/>
  <testcase name="testOneConsumerNoTopic" classname="org.apache.kafka.clients.consumer.CooperativeStickyAssignorTest" time="0.001"/>
  <testcase name="testAddRemoveConsumerOneTopic" classname="org.apache.kafka.clients.consumer.CooperativeStickyAssignorTest" time="0.002"/>
  <testcase name="testTwoConsumersTwoTopicsSixPartitions" classname="org.apache.kafka.clients.consumer.CooperativeStickyAssignorTest" time="0.001"/>
  <testcase name="testAssignmentUpdatedForDeletedTopic" classname="org.apache.kafka.clients.consumer.CooperativeStickyAssignorTest" time="0.009"/>
  <testcase name="testReassignmentWithRandomSubscriptionsAndChanges" classname="org.apache.kafka.clients.consumer.CooperativeStickyAssignorTest" time="9.152"/>
  <testcase name="testNewSubscription" classname="org.apache.kafka.clients.consumer.CooperativeStickyAssignorTest" time="0.001"/>
  <testcase name="testAddRemoveTopicTwoConsumers" classname="org.apache.kafka.clients.consumer.CooperativeStickyAssignorTest" time="0.002"/>
  <testcase name="testMoveExistingAssignments" classname="org.apache.kafka.clients.consumer.CooperativeStickyAssignorTest" time="0.004"/>
  <testcase name="testMultipleConsumersMixedTopicSubscriptions" classname="org.apache.kafka.clients.consumer.CooperativeStickyAssignorTest" time="0.001"/>
  <testcase name="testOneConsumerOneTopic" classname="org.apache.kafka.clients.consumer.CooperativeStickyAssignorTest" time="0.0"/>
  <testcase name="testPoorRoundRobinAssignmentScenario" classname="org.apache.kafka.clients.consumer.CooperativeStickyAssignorTest" time="0.003"/>
  <testcase name="testReassignmentAfterOneConsumerLeaves" classname="org.apache.kafka.clients.consumer.CooperativeStickyAssignorTest" time="0.047"/>
  <testcase name="testLargeAssignmentWithMultipleConsumersLeavingAndRandomSubscription" classname="org.apache.kafka.clients.consumer.CooperativeStickyAssignorTest" time="4.113"/>
  <testcase name="testSameSubscriptions" classname="org.apache.kafka.clients.consumer.CooperativeStickyAssignorTest" time="0.006"/>
  <testcase name="testReassignmentAfterOneConsumerAdded" classname="org.apache.kafka.clients.consumer.CooperativeStickyAssignorTest" time="0.003"/>
  <testcase name="testTwoConsumersOneTopicOnePartition" classname="org.apache.kafka.clients.consumer.CooperativeStickyAssignorTest" time="0.0"/>
  <testcase name="testLargeAssignmentAndGroupWithUniformSubscription" classname="org.apache.kafka.clients.consumer.CooperativeStickyAssignorTest" time="3.266"/>
  <testcase name="testOneConsumerMultipleTopics" classname="org.apache.kafka.clients.consumer.CooperativeStickyAssignorTest" time="0.0"/>
  <testcase name="testOnlyAssignsPartitionsFromSubscribedTopics" classname="org.apache.kafka.clients.consumer.CooperativeStickyAssignorTest" time="0.001"/>
  <testcase name="testTwoConsumersOneTopicTwoPartitions" classname="org.apache.kafka.clients.consumer.CooperativeStickyAssignorTest" time="0.0"/>
  <testcase name="testOneConsumerNonexistentTopic" classname="org.apache.kafka.clients.consumer.CooperativeStickyAssignorTest" time="0.0"/>
  <system-out><![CDATA[]]></system-out>
  <system-err><![CDATA[]]></system-err>
</testsuite>
