<?xml version="1.0" encoding="UTF-8"?>
<testsuite name="org.apache.kafka.clients.producer.internals.ProducerMetadataTest" tests="8" skipped="0" failures="0" errors="0" timestamp="2020-10-29T02:31:18" hostname="chukun-mac" time="4.641">
  <properties/>
  <testcase name="testRequestUpdateForTopic" classname="org.apache.kafka.clients.producer.internals.ProducerMetadataTest" time="2.589"/>
  <testcase name="testMetadataAwaitAfterClose" classname="org.apache.kafka.clients.producer.internals.ProducerMetadataTest" time="0.011"/>
  <testcase name="testTopicExpiry" classname="org.apache.kafka.clients.producer.internals.ProducerMetadataTest" time="0.009"/>
  <testcase name="testMetadataUpdateWaitTime" classname="org.apache.kafka.clients.producer.internals.ProducerMetadataTest" time="2.003"/>
  <testcase name="testMetadataWaitAbortedOnFatalException" classname="org.apache.kafka.clients.producer.internals.ProducerMetadataTest" time="0.011"/>
  <testcase name="testMetadata" classname="org.apache.kafka.clients.producer.internals.ProducerMetadataTest" time="0.004"/>
  <testcase name="testMetadataPartialUpdate" classname="org.apache.kafka.clients.producer.internals.ProducerMetadataTest" time="0.002"/>
  <testcase name="testTimeToNextUpdateOverwriteBackoff" classname="org.apache.kafka.clients.producer.internals.ProducerMetadataTest" time="0.001"/>
  <system-out><![CDATA[]]></system-out>
  <system-err><![CDATA[]]></system-err>
</testsuite>
