<?xml version="1.0" encoding="UTF-8"?>
<testsuite name="org.apache.kafka.common.utils.FlattenedIteratorTest" tests="6" skipped="0" failures="0" errors="0" timestamp="2022-09-03T10:37:57" hostname="LAPTOP-FH01OFOM" time="0.007">
  <properties/>
  <testcase name="testEmptyList" classname="org.apache.kafka.common.utils.FlattenedIteratorTest" time="0.001"/>
  <testcase name="testNestedSingleEmptyList" classname="org.apache.kafka.common.utils.FlattenedIteratorTest" time="0.001"/>
  <testcase name="testEmptyListAtTheEnd" classname="org.apache.kafka.common.utils.FlattenedIteratorTest" time="0.001"/>
  <testcase name="testEmptyListInBetweenNonEmpty" classname="org.apache.kafka.common.utils.FlattenedIteratorTest" time="0.001"/>
  <testcase name="testEmptyListFollowedByNonEmpty" classname="org.apache.kafka.common.utils.FlattenedIteratorTest" time="0.002"/>
  <testcase name="testNestedLists" classname="org.apache.kafka.common.utils.FlattenedIteratorTest" time="0.001"/>
  <system-out><![CDATA[]]></system-out>
  <system-err><![CDATA[]]></system-err>
</testsuite>
