<?xml version="1.0" encoding="UTF-8"?>
<testsuite name="org.apache.kafka.clients.consumer.KafkaConsumerTest" tests="81" skipped="0" failures="0" errors="0" timestamp="2020-10-29T02:32:42" hostname="chukun-mac" time="5.62">
  <properties/>
  <testcase name="testCloseShouldBeIdempotent" classname="org.apache.kafka.clients.consumer.KafkaConsumerTest" time="0.014"/>
  <testcase name="testOffsetIsValidAfterSeek" classname="org.apache.kafka.clients.consumer.KafkaConsumerTest" time="0.08"/>
  <testcase name="testGracefulClose" classname="org.apache.kafka.clients.consumer.KafkaConsumerTest" time="0.271"/>
  <testcase name="testMetricConfigRecordingLevel" classname="org.apache.kafka.clients.consumer.KafkaConsumerTest" time="0.005"/>
  <testcase name="testRegexSubscription" classname="org.apache.kafka.clients.consumer.KafkaConsumerTest" time="0.005"/>
  <testcase name="testPollWithEmptySubscription" classname="org.apache.kafka.clients.consumer.KafkaConsumerTest" time="0.004"/>
  <testcase name="testSubscriptionWithEmptyPartitionAssignment" classname="org.apache.kafka.clients.consumer.KafkaConsumerTest" time="0.003"/>
  <testcase name="testCloseTimeout" classname="org.apache.kafka.clients.consumer.KafkaConsumerTest" time="0.104"/>
  <testcase name="testOperationsBySubscribingConsumerWithDefaultGroupId" classname="org.apache.kafka.clients.consumer.KafkaConsumerTest" time="0.007"/>
  <testcase name="shouldIgnoreGroupInstanceIdForEmptyGroupId" classname="org.apache.kafka.clients.consumer.KafkaConsumerTest" time="0.003"/>
  <testcase name="testPollWithEmptyUserAssignment" classname="org.apache.kafka.clients.consumer.KafkaConsumerTest" time="0.003"/>
  <testcase name="testConstructorClose" classname="org.apache.kafka.clients.consumer.KafkaConsumerTest" time="0.001"/>
  <testcase name="testFetchStableOffsetThrowInPosition" classname="org.apache.kafka.clients.consumer.KafkaConsumerTest" time="0.006"/>
  <testcase name="testAssignOnNullTopicInPartition" classname="org.apache.kafka.clients.consumer.KafkaConsumerTest" time="0.011"/>
  <testcase name="testPause" classname="org.apache.kafka.clients.consumer.KafkaConsumerTest" time="0.006"/>
  <testcase name="testManualAssignmentChangeWithAutoCommitEnabled" classname="org.apache.kafka.clients.consumer.KafkaConsumerTest" time="0.054"/>
  <testcase name="testSubscriptionChangesWithAutoCommitEnabled" classname="org.apache.kafka.clients.consumer.KafkaConsumerTest" time="0.014"/>
  <testcase name="testChangingRegexSubscription" classname="org.apache.kafka.clients.consumer.KafkaConsumerTest" time="0.006"/>
  <testcase name="testPollWithNoSubscription" classname="org.apache.kafka.clients.consumer.KafkaConsumerTest" time="0.003"/>
  <testcase name="testFetchProgressWithMissingPartitionPosition" classname="org.apache.kafka.clients.consumer.KafkaConsumerTest" time="0.011"/>
  <testcase name="testSubscriptionOnEmptyPattern" classname="org.apache.kafka.clients.consumer.KafkaConsumerTest" time="0.004"/>
  <testcase name="testBeginningOffsetsAuthenticationFailure" classname="org.apache.kafka.clients.consumer.KafkaConsumerTest" time="0.003"/>
  <testcase name="testUnsubscribeShouldTriggerPartitionsRevokedWithValidGeneration" classname="org.apache.kafka.clients.consumer.KafkaConsumerTest" time="0.007"/>
  <testcase name="testCommittedAuthenticationFailure" classname="org.apache.kafka.clients.consumer.KafkaConsumerTest" time="0.001"/>
  <testcase name="verifyNoCoordinatorLookupForManualAssignmentWithSeek" classname="org.apache.kafka.clients.consumer.KafkaConsumerTest" time="0.005"/>
  <testcase name="testInvalidSocketSendBufferSize" classname="org.apache.kafka.clients.consumer.KafkaConsumerTest" time="0.001"/>
  <testcase name="testConsumerJmxPrefix" classname="org.apache.kafka.clients.consumer.KafkaConsumerTest" time="0.06"/>
  <testcase name="testOffsetsForTimesAuthenticationFailure" classname="org.apache.kafka.clients.consumer.KafkaConsumerTest" time="0.001"/>
  <testcase name="testCommitsFetchedDuringAssign" classname="org.apache.kafka.clients.consumer.KafkaConsumerTest" time="0.002"/>
  <testcase name="testOsDefaultSocketBufferSizes" classname="org.apache.kafka.clients.consumer.KafkaConsumerTest" time="0.004"/>
  <testcase name="testResetToCommittedOffset" classname="org.apache.kafka.clients.consumer.KafkaConsumerTest" time="0.003"/>
  <testcase name="testPollTimeMetrics" classname="org.apache.kafka.clients.consumer.KafkaConsumerTest" time="0.001"/>
  <testcase name="testCloseNoWait" classname="org.apache.kafka.clients.consumer.KafkaConsumerTest" time="0.081"/>
  <testcase name="testEndOffsetsAuthenticationFailure" classname="org.apache.kafka.clients.consumer.KafkaConsumerTest" time="0.001"/>
  <testcase name="testCloseInterrupt" classname="org.apache.kafka.clients.consumer.KafkaConsumerTest" time="0.214"/>
  <testcase name="testPollIdleRatio" classname="org.apache.kafka.clients.consumer.KafkaConsumerTest" time="0.002"/>
  <testcase name="testGetGroupMetadata" classname="org.apache.kafka.clients.consumer.KafkaConsumerTest" time="0.003"/>
  <testcase name="testAssignOnNullTopicPartition" classname="org.apache.kafka.clients.consumer.KafkaConsumerTest" time="0.003"/>
  <testcase name="verifyPollTimesOutDuringMetadataUpdate" classname="org.apache.kafka.clients.consumer.KafkaConsumerTest" time="0.005"/>
  <testcase name="verifyDeprecatedPollDoesNotTimeOutDuringMetadataUpdate" classname="org.apache.kafka.clients.consumer.KafkaConsumerTest" time="0.003"/>
  <testcase name="testMetricsReporterAutoGeneratedClientId" classname="org.apache.kafka.clients.consumer.KafkaConsumerTest" time="0.004"/>
  <testcase name="testInvalidGroupMetadata" classname="org.apache.kafka.clients.consumer.KafkaConsumerTest" time="1.029"/>
  <testcase name="testManualAssignmentChangeWithAutoCommitDisabled" classname="org.apache.kafka.clients.consumer.KafkaConsumerTest" time="0.002"/>
  <testcase name="testOffsetOfPausedPartitions" classname="org.apache.kafka.clients.consumer.KafkaConsumerTest" time="0.002"/>
  <testcase name="testSubscriptionChangesWithAutoCommitDisabled" classname="org.apache.kafka.clients.consumer.KafkaConsumerTest" time="0.003"/>
  <testcase name="testSeekNegative" classname="org.apache.kafka.clients.consumer.KafkaConsumerTest" time="0.002"/>
  <testcase name="testPollAuthenticationFailure" classname="org.apache.kafka.clients.consumer.KafkaConsumerTest" time="0.001"/>
  <testcase name="testAssignOnEmptyTopicInPartition" classname="org.apache.kafka.clients.consumer.KafkaConsumerTest" time="0.003"/>
  <testcase name="testRebalanceException" classname="org.apache.kafka.clients.consumer.KafkaConsumerTest" time="0.004"/>
  <testcase name="testMissingOffsetNoResetPolicy" classname="org.apache.kafka.clients.consumer.KafkaConsumerTest" time="0.001"/>
  <testcase name="testInvalidSocketReceiveBufferSize" classname="org.apache.kafka.clients.consumer.KafkaConsumerTest" time="0.0"/>
  <testcase name="testClosingConsumerUnregistersConsumerMetrics" classname="org.apache.kafka.clients.consumer.KafkaConsumerTest" time="0.001"/>
  <testcase name="testSubscriptionOnInvalidTopic" classname="org.apache.kafka.clients.consumer.KafkaConsumerTest" time="0.002"/>
  <testcase name="testAutoCommitSentBeforePositionUpdate" classname="org.apache.kafka.clients.consumer.KafkaConsumerTest" time="0.004"/>
  <testcase name="fetchResponseWithUnexpectedPartitionIsIgnored" classname="org.apache.kafka.clients.consumer.KafkaConsumerTest" time="0.003"/>
  <testcase name="testPollThrowsInterruptExceptionIfInterrupted" classname="org.apache.kafka.clients.consumer.KafkaConsumerTest" time="0.003"/>
  <testcase name="testSubscriptionOnNullPattern" classname="org.apache.kafka.clients.consumer.KafkaConsumerTest" time="0.003"/>
  <testcase name="testEnforceRebalanceTriggersRebalanceOnNextPoll" classname="org.apache.kafka.clients.consumer.KafkaConsumerTest" time="0.003"/>
  <testcase name="testEnforceRebalanceWithManualAssignment" classname="org.apache.kafka.clients.consumer.KafkaConsumerTest" time="0.003"/>
  <testcase name="testShouldAttemptToRejoinGroupAfterSyncGroupFailed" classname="org.apache.kafka.clients.consumer.KafkaConsumerTest" time="1.009"/>
  <testcase name="testCommitSyncAuthenticationFailure" classname="org.apache.kafka.clients.consumer.KafkaConsumerTest" time="0.001"/>
  <testcase name="verifyHeartbeatSent" classname="org.apache.kafka.clients.consumer.KafkaConsumerTest" time="1.007"/>
  <testcase name="verifyHeartbeatSentWhenFetchedDataReady" classname="org.apache.kafka.clients.consumer.KafkaConsumerTest" time="1.005"/>
  <testcase name="testResetUsingAutoResetPolicy" classname="org.apache.kafka.clients.consumer.KafkaConsumerTest" time="0.001"/>
  <testcase name="testNoCommittedOffsets" classname="org.apache.kafka.clients.consumer.KafkaConsumerTest" time="0.002"/>
  <testcase name="testOperationsByAssigningConsumerWithDefaultGroupId" classname="org.apache.kafka.clients.consumer.KafkaConsumerTest" time="0.002"/>
  <testcase name="testAssignOnEmptyTopicPartition" classname="org.apache.kafka.clients.consumer.KafkaConsumerTest" time="0.003"/>
  <testcase name="testFetchStableOffsetThrowInCommitted" classname="org.apache.kafka.clients.consumer.KafkaConsumerTest" time="0.004"/>
  <testcase name="testUnsubscribeShouldTriggerPartitionsLostWithNoGeneration" classname="org.apache.kafka.clients.consumer.KafkaConsumerTest" time="0.113"/>
  <testcase name="testSubscriptionOnNullTopic" classname="org.apache.kafka.clients.consumer.KafkaConsumerTest" time="0.003"/>
  <testcase name="testSubscription" classname="org.apache.kafka.clients.consumer.KafkaConsumerTest" time="0.004"/>
  <testcase name="testInterceptorConstructorClose" classname="org.apache.kafka.clients.consumer.KafkaConsumerTest" time="0.004"/>
  <testcase name="testSubscriptionOnEmptyTopic" classname="org.apache.kafka.clients.consumer.KafkaConsumerTest" time="0.003"/>
  <testcase name="testWakeupWithFetchDataAvailable" classname="org.apache.kafka.clients.consumer.KafkaConsumerTest" time="0.027"/>
  <testcase name="testReturnRecordsDuringRebalance" classname="org.apache.kafka.clients.consumer.KafkaConsumerTest" time="0.013"/>
  <testcase name="testLeaveGroupTimeout" classname="org.apache.kafka.clients.consumer.KafkaConsumerTest" time="0.11"/>
  <testcase name="testFetchStableOffsetThrowInPoll" classname="org.apache.kafka.clients.consumer.KafkaConsumerTest" time="0.003"/>
  <testcase name="testPartitionsForAuthenticationFailure" classname="org.apache.kafka.clients.consumer.KafkaConsumerTest" time="0.001"/>
  <testcase name="testSubscriptionOnNullTopicCollection" classname="org.apache.kafka.clients.consumer.KafkaConsumerTest" time="0.003"/>
  <testcase name="deserializerShouldSeeGeneratedClientId" classname="org.apache.kafka.clients.consumer.KafkaConsumerTest" time="0.003"/>
  <testcase name="testCloseWithTimeUnit" classname="org.apache.kafka.clients.consumer.KafkaConsumerTest" time="0.201"/>
  <system-out><![CDATA[[2020-10-29 10:32:43,533] ERROR User provided listener org.apache.kafka.clients.consumer.KafkaConsumerTest$2 failed on invocation of onPartitionsAssigned for partitions [test-0] (org.apache.kafka.clients.consumer.internals.ConsumerCoordinator:298)
java.lang.RuntimeException: Hit partition assign [test-0]
	at org.apache.kafka.clients.consumer.KafkaConsumerTest$2.onPartitionsAssigned(KafkaConsumerTest.java:2074)
	at org.apache.kafka.clients.consumer.internals.ConsumerCoordinator.invokePartitionsAssigned(ConsumerCoordinator.java:293)
	at org.apache.kafka.clients.consumer.internals.ConsumerCoordinator.onJoinComplete(ConsumerCoordinator.java:430)
	at org.apache.kafka.clients.consumer.internals.AbstractCoordinator.joinGroupIfNeeded(AbstractCoordinator.java:451)
	at org.apache.kafka.clients.consumer.internals.AbstractCoordinator.ensureActiveGroup(AbstractCoordinator.java:367)
	at org.apache.kafka.clients.consumer.internals.ConsumerCoordinator.poll(ConsumerCoordinator.java:508)
	at org.apache.kafka.clients.consumer.KafkaConsumer.updateAssignmentMetadataIfNeeded(KafkaConsumer.java:1257)
	at org.apache.kafka.clients.consumer.KafkaConsumer.updateAssignmentMetadataIfNeeded(KafkaConsumer.java:2485)
	at org.apache.kafka.clients.consumer.KafkaConsumerTest.lambda$testUnsubscribeShouldTriggerPartitionsRevokedWithValidGeneration$11(KafkaConsumerTest.java:1244)
	at org.junit.Assert.assertThrows(Assert.java:1001)
	at org.junit.Assert.assertThrows(Assert.java:981)
	at org.apache.kafka.clients.consumer.KafkaConsumerTest.testUnsubscribeShouldTriggerPartitionsRevokedWithValidGeneration(KafkaConsumerTest.java:1243)
	at sun.reflect.NativeMethodAccessorImpl.invoke0(Native Method)
	at sun.reflect.NativeMethodAccessorImpl.invoke(NativeMethodAccessorImpl.java:62)
	at sun.reflect.DelegatingMethodAccessorImpl.invoke(DelegatingMethodAccessorImpl.java:43)
	at java.lang.reflect.Method.invoke(Method.java:498)
	at org.junit.runners.model.FrameworkMethod$1.runReflectiveCall(FrameworkMethod.java:59)
	at org.junit.internal.runners.model.ReflectiveCallable.run(ReflectiveCallable.java:12)
	at org.junit.runners.model.FrameworkMethod.invokeExplosively(FrameworkMethod.java:56)
	at org.junit.internal.runners.statements.InvokeMethod.evaluate(InvokeMethod.java:17)
	at org.junit.runners.ParentRunner$3.evaluate(ParentRunner.java:306)
	at org.junit.runners.BlockJUnit4ClassRunner$1.evaluate(BlockJUnit4ClassRunner.java:100)
	at org.junit.runners.ParentRunner.runLeaf(ParentRunner.java:366)
	at org.junit.runners.BlockJUnit4ClassRunner.runChild(BlockJUnit4ClassRunner.java:103)
	at org.junit.runners.BlockJUnit4ClassRunner.runChild(BlockJUnit4ClassRunner.java:63)
	at org.junit.runners.ParentRunner$4.run(ParentRunner.java:331)
	at org.junit.runners.ParentRunner$1.schedule(ParentRunner.java:79)
	at org.junit.runners.ParentRunner.runChildren(ParentRunner.java:329)
	at org.junit.runners.ParentRunner.access$100(ParentRunner.java:66)
	at org.junit.runners.ParentRunner$2.evaluate(ParentRunner.java:293)
	at org.junit.runners.ParentRunner$3.evaluate(ParentRunner.java:306)
	at org.junit.runners.ParentRunner.run(ParentRunner.java:413)
	at org.gradle.api.internal.tasks.testing.junit.JUnitTestClassExecutor.runTestClass(JUnitTestClassExecutor.java:110)
	at org.gradle.api.internal.tasks.testing.junit.JUnitTestClassExecutor.execute(JUnitTestClassExecutor.java:58)
	at org.gradle.api.internal.tasks.testing.junit.JUnitTestClassExecutor.execute(JUnitTestClassExecutor.java:38)
	at org.gradle.api.internal.tasks.testing.junit.AbstractJUnitTestClassProcessor.processTestClass(AbstractJUnitTestClassProcessor.java:62)
	at org.gradle.api.internal.tasks.testing.SuiteTestClassProcessor.processTestClass(SuiteTestClassProcessor.java:51)
	at sun.reflect.NativeMethodAccessorImpl.invoke0(Native Method)
	at sun.reflect.NativeMethodAccessorImpl.invoke(NativeMethodAccessorImpl.java:62)
	at sun.reflect.DelegatingMethodAccessorImpl.invoke(DelegatingMethodAccessorImpl.java:43)
	at java.lang.reflect.Method.invoke(Method.java:498)
	at org.gradle.internal.dispatch.ReflectionDispatch.dispatch(ReflectionDispatch.java:36)
	at org.gradle.internal.dispatch.ReflectionDispatch.dispatch(ReflectionDispatch.java:24)
	at org.gradle.internal.dispatch.ContextClassLoaderDispatch.dispatch(ContextClassLoaderDispatch.java:33)
	at org.gradle.internal.dispatch.ProxyDispatchAdapter$DispatchingInvocationHandler.invoke(ProxyDispatchAdapter.java:94)
	at com.sun.proxy.$Proxy2.processTestClass(Unknown Source)
	at org.gradle.api.internal.tasks.testing.worker.TestWorker.processTestClass(TestWorker.java:119)
	at sun.reflect.NativeMethodAccessorImpl.invoke0(Native Method)
	at sun.reflect.NativeMethodAccessorImpl.invoke(NativeMethodAccessorImpl.java:62)
	at sun.reflect.DelegatingMethodAccessorImpl.invoke(DelegatingMethodAccessorImpl.java:43)
	at java.lang.reflect.Method.invoke(Method.java:498)
	at org.gradle.internal.dispatch.ReflectionDispatch.dispatch(ReflectionDispatch.java:36)
	at org.gradle.internal.dispatch.ReflectionDispatch.dispatch(ReflectionDispatch.java:24)
	at org.gradle.internal.remote.internal.hub.MessageHubBackedObjectConnection$DispatchWrapper.dispatch(MessageHubBackedObjectConnection.java:182)
	at org.gradle.internal.remote.internal.hub.MessageHubBackedObjectConnection$DispatchWrapper.dispatch(MessageHubBackedObjectConnection.java:164)
	at org.gradle.internal.remote.internal.hub.MessageHub$Handler.run(MessageHub.java:414)
	at org.gradle.internal.concurrent.ExecutorPolicy$CatchAndRecordFailures.onExecute(ExecutorPolicy.java:64)
	at org.gradle.internal.concurrent.ManagedExecutorImpl$1.run(ManagedExecutorImpl.java:48)
	at java.util.concurrent.ThreadPoolExecutor.runWorker(ThreadPoolExecutor.java:1149)
	at java.util.concurrent.ThreadPoolExecutor$Worker.run(ThreadPoolExecutor.java:624)
	at org.gradle.internal.concurrent.ThreadFactoryImpl$ManagedThreadRunnable.run(ThreadFactoryImpl.java:56)
	at java.lang.Thread.run(Thread.java:748)
[2020-10-29 10:32:43,535] ERROR User provided listener org.apache.kafka.clients.consumer.KafkaConsumerTest$2 failed on invocation of onPartitionsRevoked for partitions [test-0] (org.apache.kafka.clients.consumer.internals.ConsumerCoordinator:317)
java.lang.RuntimeException: Hit partition revoke [test-0]
	at org.apache.kafka.clients.consumer.KafkaConsumerTest$2.onPartitionsRevoked(KafkaConsumerTest.java:2069)
	at org.apache.kafka.clients.consumer.internals.ConsumerCoordinator.invokePartitionsRevoked(ConsumerCoordinator.java:312)
	at org.apache.kafka.clients.consumer.internals.ConsumerCoordinator.onLeavePrepare(ConsumerCoordinator.java:750)
	at org.apache.kafka.clients.consumer.KafkaConsumer.unsubscribe(KafkaConsumer.java:1066)
	at org.junit.Assert.assertThrows(Assert.java:1001)
	at org.junit.Assert.assertThrows(Assert.java:981)
	at org.apache.kafka.clients.consumer.KafkaConsumerTest.testUnsubscribeShouldTriggerPartitionsRevokedWithValidGeneration(KafkaConsumerTest.java:1247)
	at sun.reflect.NativeMethodAccessorImpl.invoke0(Native Method)
	at sun.reflect.NativeMethodAccessorImpl.invoke(NativeMethodAccessorImpl.java:62)
	at sun.reflect.DelegatingMethodAccessorImpl.invoke(DelegatingMethodAccessorImpl.java:43)
	at java.lang.reflect.Method.invoke(Method.java:498)
	at org.junit.runners.model.FrameworkMethod$1.runReflectiveCall(FrameworkMethod.java:59)
	at org.junit.internal.runners.model.ReflectiveCallable.run(ReflectiveCallable.java:12)
	at org.junit.runners.model.FrameworkMethod.invokeExplosively(FrameworkMethod.java:56)
	at org.junit.internal.runners.statements.InvokeMethod.evaluate(InvokeMethod.java:17)
	at org.junit.runners.ParentRunner$3.evaluate(ParentRunner.java:306)
	at org.junit.runners.BlockJUnit4ClassRunner$1.evaluate(BlockJUnit4ClassRunner.java:100)
	at org.junit.runners.ParentRunner.runLeaf(ParentRunner.java:366)
	at org.junit.runners.BlockJUnit4ClassRunner.runChild(BlockJUnit4ClassRunner.java:103)
	at org.junit.runners.BlockJUnit4ClassRunner.runChild(BlockJUnit4ClassRunner.java:63)
	at org.junit.runners.ParentRunner$4.run(ParentRunner.java:331)
	at org.junit.runners.ParentRunner$1.schedule(ParentRunner.java:79)
	at org.junit.runners.ParentRunner.runChildren(ParentRunner.java:329)
	at org.junit.runners.ParentRunner.access$100(ParentRunner.java:66)
	at org.junit.runners.ParentRunner$2.evaluate(ParentRunner.java:293)
	at org.junit.runners.ParentRunner$3.evaluate(ParentRunner.java:306)
	at org.junit.runners.ParentRunner.run(ParentRunner.java:413)
	at org.gradle.api.internal.tasks.testing.junit.JUnitTestClassExecutor.runTestClass(JUnitTestClassExecutor.java:110)
	at org.gradle.api.internal.tasks.testing.junit.JUnitTestClassExecutor.execute(JUnitTestClassExecutor.java:58)
	at org.gradle.api.internal.tasks.testing.junit.JUnitTestClassExecutor.execute(JUnitTestClassExecutor.java:38)
	at org.gradle.api.internal.tasks.testing.junit.AbstractJUnitTestClassProcessor.processTestClass(AbstractJUnitTestClassProcessor.java:62)
	at org.gradle.api.internal.tasks.testing.SuiteTestClassProcessor.processTestClass(SuiteTestClassProcessor.java:51)
	at sun.reflect.NativeMethodAccessorImpl.invoke0(Native Method)
	at sun.reflect.NativeMethodAccessorImpl.invoke(NativeMethodAccessorImpl.java:62)
	at sun.reflect.DelegatingMethodAccessorImpl.invoke(DelegatingMethodAccessorImpl.java:43)
	at java.lang.reflect.Method.invoke(Method.java:498)
	at org.gradle.internal.dispatch.ReflectionDispatch.dispatch(ReflectionDispatch.java:36)
	at org.gradle.internal.dispatch.ReflectionDispatch.dispatch(ReflectionDispatch.java:24)
	at org.gradle.internal.dispatch.ContextClassLoaderDispatch.dispatch(ContextClassLoaderDispatch.java:33)
	at org.gradle.internal.dispatch.ProxyDispatchAdapter$DispatchingInvocationHandler.invoke(ProxyDispatchAdapter.java:94)
	at com.sun.proxy.$Proxy2.processTestClass(Unknown Source)
	at org.gradle.api.internal.tasks.testing.worker.TestWorker.processTestClass(TestWorker.java:119)
	at sun.reflect.NativeMethodAccessorImpl.invoke0(Native Method)
	at sun.reflect.NativeMethodAccessorImpl.invoke(NativeMethodAccessorImpl.java:62)
	at sun.reflect.DelegatingMethodAccessorImpl.invoke(DelegatingMethodAccessorImpl.java:43)
	at java.lang.reflect.Method.invoke(Method.java:498)
	at org.gradle.internal.dispatch.ReflectionDispatch.dispatch(ReflectionDispatch.java:36)
	at org.gradle.internal.dispatch.ReflectionDispatch.dispatch(ReflectionDispatch.java:24)
	at org.gradle.internal.remote.internal.hub.MessageHubBackedObjectConnection$DispatchWrapper.dispatch(MessageHubBackedObjectConnection.java:182)
	at org.gradle.internal.remote.internal.hub.MessageHubBackedObjectConnection$DispatchWrapper.dispatch(MessageHubBackedObjectConnection.java:164)
	at org.gradle.internal.remote.internal.hub.MessageHub$Handler.run(MessageHub.java:414)
	at org.gradle.internal.concurrent.ExecutorPolicy$CatchAndRecordFailures.onExecute(ExecutorPolicy.java:64)
	at org.gradle.internal.concurrent.ManagedExecutorImpl$1.run(ManagedExecutorImpl.java:48)
	at java.util.concurrent.ThreadPoolExecutor.runWorker(ThreadPoolExecutor.java:1149)
	at java.util.concurrent.ThreadPoolExecutor$Worker.run(ThreadPoolExecutor.java:624)
	at org.gradle.internal.concurrent.ThreadFactoryImpl$ManagedThreadRunnable.run(ThreadFactoryImpl.java:56)
	at java.lang.Thread.run(Thread.java:748)
[2020-10-29 10:32:43,818] ERROR Failed to close coordinator (org.apache.kafka.clients.consumer.KafkaConsumer:2374)
org.apache.kafka.common.errors.InterruptException: java.lang.InterruptedException
	at org.apache.kafka.clients.consumer.internals.ConsumerNetworkClient.maybeThrowInterruptException(ConsumerNetworkClient.java:520)
	at org.apache.kafka.clients.consumer.internals.ConsumerNetworkClient.poll(ConsumerNetworkClient.java:281)
	at org.apache.kafka.clients.consumer.internals.ConsumerNetworkClient.poll(ConsumerNetworkClient.java:236)
	at org.apache.kafka.clients.consumer.internals.ConsumerNetworkClient.poll(ConsumerNetworkClient.java:227)
	at org.apache.kafka.clients.consumer.internals.ConsumerNetworkClient.awaitPendingRequests(ConsumerNetworkClient.java:338)
	at org.apache.kafka.clients.consumer.internals.AbstractCoordinator.close(AbstractCoordinator.java:996)
	at org.apache.kafka.clients.consumer.internals.ConsumerCoordinator.close(ConsumerCoordinator.java:900)
	at org.apache.kafka.clients.consumer.KafkaConsumer.close(KafkaConsumer.java:2371)
	at org.apache.kafka.clients.consumer.KafkaConsumer.close(KafkaConsumer.java:2338)
	at org.apache.kafka.clients.consumer.KafkaConsumerTest.lambda$consumerCloseTest$15(KafkaConsumerTest.java:1703)
	at java.util.concurrent.Executors$RunnableAdapter.call(Executors.java:511)
	at java.util.concurrent.FutureTask.run(FutureTask.java:266)
	at java.util.concurrent.ThreadPoolExecutor.runWorker(ThreadPoolExecutor.java:1149)
	at java.util.concurrent.ThreadPoolExecutor$Worker.run(ThreadPoolExecutor.java:624)
	at java.lang.Thread.run(Thread.java:748)
Caused by: java.lang.InterruptedException
	... 15 more
[2020-10-29 10:32:44,978] ERROR User provided listener org.apache.kafka.clients.consumer.KafkaConsumerTest$2 failed on invocation of onPartitionsAssigned for partitions [test-0] (org.apache.kafka.clients.consumer.internals.ConsumerCoordinator:298)
java.lang.RuntimeException: Hit partition assign [test-0]
	at org.apache.kafka.clients.consumer.KafkaConsumerTest$2.onPartitionsAssigned(KafkaConsumerTest.java:2074)
	at org.apache.kafka.clients.consumer.internals.ConsumerCoordinator.invokePartitionsAssigned(ConsumerCoordinator.java:293)
	at org.apache.kafka.clients.consumer.internals.ConsumerCoordinator.onJoinComplete(ConsumerCoordinator.java:430)
	at org.apache.kafka.clients.consumer.internals.AbstractCoordinator.joinGroupIfNeeded(AbstractCoordinator.java:451)
	at org.apache.kafka.clients.consumer.internals.AbstractCoordinator.ensureActiveGroup(AbstractCoordinator.java:367)
	at org.apache.kafka.clients.consumer.internals.ConsumerCoordinator.poll(ConsumerCoordinator.java:508)
	at org.apache.kafka.clients.consumer.KafkaConsumer.updateAssignmentMetadataIfNeeded(KafkaConsumer.java:1257)
	at org.apache.kafka.clients.consumer.KafkaConsumer.updateAssignmentMetadataIfNeeded(KafkaConsumer.java:2485)
	at org.apache.kafka.clients.consumer.KafkaConsumerTest.testRebalanceException(KafkaConsumerTest.java:1823)
	at sun.reflect.NativeMethodAccessorImpl.invoke0(Native Method)
	at sun.reflect.NativeMethodAccessorImpl.invoke(NativeMethodAccessorImpl.java:62)
	at sun.reflect.DelegatingMethodAccessorImpl.invoke(DelegatingMethodAccessorImpl.java:43)
	at java.lang.reflect.Method.invoke(Method.java:498)
	at org.junit.runners.model.FrameworkMethod$1.runReflectiveCall(FrameworkMethod.java:59)
	at org.junit.internal.runners.model.ReflectiveCallable.run(ReflectiveCallable.java:12)
	at org.junit.runners.model.FrameworkMethod.invokeExplosively(FrameworkMethod.java:56)
	at org.junit.internal.runners.statements.InvokeMethod.evaluate(InvokeMethod.java:17)
	at org.junit.runners.ParentRunner$3.evaluate(ParentRunner.java:306)
	at org.junit.runners.BlockJUnit4ClassRunner$1.evaluate(BlockJUnit4ClassRunner.java:100)
	at org.junit.runners.ParentRunner.runLeaf(ParentRunner.java:366)
	at org.junit.runners.BlockJUnit4ClassRunner.runChild(BlockJUnit4ClassRunner.java:103)
	at org.junit.runners.BlockJUnit4ClassRunner.runChild(BlockJUnit4ClassRunner.java:63)
	at org.junit.runners.ParentRunner$4.run(ParentRunner.java:331)
	at org.junit.runners.ParentRunner$1.schedule(ParentRunner.java:79)
	at org.junit.runners.ParentRunner.runChildren(ParentRunner.java:329)
	at org.junit.runners.ParentRunner.access$100(ParentRunner.java:66)
	at org.junit.runners.ParentRunner$2.evaluate(ParentRunner.java:293)
	at org.junit.runners.ParentRunner$3.evaluate(ParentRunner.java:306)
	at org.junit.runners.ParentRunner.run(ParentRunner.java:413)
	at org.gradle.api.internal.tasks.testing.junit.JUnitTestClassExecutor.runTestClass(JUnitTestClassExecutor.java:110)
	at org.gradle.api.internal.tasks.testing.junit.JUnitTestClassExecutor.execute(JUnitTestClassExecutor.java:58)
	at org.gradle.api.internal.tasks.testing.junit.JUnitTestClassExecutor.execute(JUnitTestClassExecutor.java:38)
	at org.gradle.api.internal.tasks.testing.junit.AbstractJUnitTestClassProcessor.processTestClass(AbstractJUnitTestClassProcessor.java:62)
	at org.gradle.api.internal.tasks.testing.SuiteTestClassProcessor.processTestClass(SuiteTestClassProcessor.java:51)
	at sun.reflect.NativeMethodAccessorImpl.invoke0(Native Method)
	at sun.reflect.NativeMethodAccessorImpl.invoke(NativeMethodAccessorImpl.java:62)
	at sun.reflect.DelegatingMethodAccessorImpl.invoke(DelegatingMethodAccessorImpl.java:43)
	at java.lang.reflect.Method.invoke(Method.java:498)
	at org.gradle.internal.dispatch.ReflectionDispatch.dispatch(ReflectionDispatch.java:36)
	at org.gradle.internal.dispatch.ReflectionDispatch.dispatch(ReflectionDispatch.java:24)
	at org.gradle.internal.dispatch.ContextClassLoaderDispatch.dispatch(ContextClassLoaderDispatch.java:33)
	at org.gradle.internal.dispatch.ProxyDispatchAdapter$DispatchingInvocationHandler.invoke(ProxyDispatchAdapter.java:94)
	at com.sun.proxy.$Proxy2.processTestClass(Unknown Source)
	at org.gradle.api.internal.tasks.testing.worker.TestWorker.processTestClass(TestWorker.java:119)
	at sun.reflect.NativeMethodAccessorImpl.invoke0(Native Method)
	at sun.reflect.NativeMethodAccessorImpl.invoke(NativeMethodAccessorImpl.java:62)
	at sun.reflect.DelegatingMethodAccessorImpl.invoke(DelegatingMethodAccessorImpl.java:43)
	at java.lang.reflect.Method.invoke(Method.java:498)
	at org.gradle.internal.dispatch.ReflectionDispatch.dispatch(ReflectionDispatch.java:36)
	at org.gradle.internal.dispatch.ReflectionDispatch.dispatch(ReflectionDispatch.java:24)
	at org.gradle.internal.remote.internal.hub.MessageHubBackedObjectConnection$DispatchWrapper.dispatch(MessageHubBackedObjectConnection.java:182)
	at org.gradle.internal.remote.internal.hub.MessageHubBackedObjectConnection$DispatchWrapper.dispatch(MessageHubBackedObjectConnection.java:164)
	at org.gradle.internal.remote.internal.hub.MessageHub$Handler.run(MessageHub.java:414)
	at org.gradle.internal.concurrent.ExecutorPolicy$CatchAndRecordFailures.onExecute(ExecutorPolicy.java:64)
	at org.gradle.internal.concurrent.ManagedExecutorImpl$1.run(ManagedExecutorImpl.java:48)
	at java.util.concurrent.ThreadPoolExecutor.runWorker(ThreadPoolExecutor.java:1149)
	at java.util.concurrent.ThreadPoolExecutor$Worker.run(ThreadPoolExecutor.java:624)
	at org.gradle.internal.concurrent.ThreadFactoryImpl$ManagedThreadRunnable.run(ThreadFactoryImpl.java:56)
	at java.lang.Thread.run(Thread.java:748)
[2020-10-29 10:32:44,979] ERROR User provided listener org.apache.kafka.clients.consumer.KafkaConsumerTest$2 failed on invocation of onPartitionsRevoked for partitions [test-0] (org.apache.kafka.clients.consumer.internals.ConsumerCoordinator:317)
java.lang.RuntimeException: Hit partition revoke [test-0]
	at org.apache.kafka.clients.consumer.KafkaConsumerTest$2.onPartitionsRevoked(KafkaConsumerTest.java:2069)
	at org.apache.kafka.clients.consumer.internals.ConsumerCoordinator.invokePartitionsRevoked(ConsumerCoordinator.java:312)
	at org.apache.kafka.clients.consumer.internals.ConsumerCoordinator.onLeavePrepare(ConsumerCoordinator.java:750)
	at org.apache.kafka.clients.consumer.internals.AbstractCoordinator.close(AbstractCoordinator.java:987)
	at org.apache.kafka.clients.consumer.internals.ConsumerCoordinator.close(ConsumerCoordinator.java:900)
	at org.apache.kafka.clients.consumer.KafkaConsumer.close(KafkaConsumer.java:2371)
	at org.apache.kafka.clients.consumer.KafkaConsumer.close(KafkaConsumer.java:2338)
	at org.apache.kafka.clients.consumer.KafkaConsumerTest.testRebalanceException(KafkaConsumerTest.java:1834)
	at sun.reflect.NativeMethodAccessorImpl.invoke0(Native Method)
	at sun.reflect.NativeMethodAccessorImpl.invoke(NativeMethodAccessorImpl.java:62)
	at sun.reflect.DelegatingMethodAccessorImpl.invoke(DelegatingMethodAccessorImpl.java:43)
	at java.lang.reflect.Method.invoke(Method.java:498)
	at org.junit.runners.model.FrameworkMethod$1.runReflectiveCall(FrameworkMethod.java:59)
	at org.junit.internal.runners.model.ReflectiveCallable.run(ReflectiveCallable.java:12)
	at org.junit.runners.model.FrameworkMethod.invokeExplosively(FrameworkMethod.java:56)
	at org.junit.internal.runners.statements.InvokeMethod.evaluate(InvokeMethod.java:17)
	at org.junit.runners.ParentRunner$3.evaluate(ParentRunner.java:306)
	at org.junit.runners.BlockJUnit4ClassRunner$1.evaluate(BlockJUnit4ClassRunner.java:100)
	at org.junit.runners.ParentRunner.runLeaf(ParentRunner.java:366)
	at org.junit.runners.BlockJUnit4ClassRunner.runChild(BlockJUnit4ClassRunner.java:103)
	at org.junit.runners.BlockJUnit4ClassRunner.runChild(BlockJUnit4ClassRunner.java:63)
	at org.junit.runners.ParentRunner$4.run(ParentRunner.java:331)
	at org.junit.runners.ParentRunner$1.schedule(ParentRunner.java:79)
	at org.junit.runners.ParentRunner.runChildren(ParentRunner.java:329)
	at org.junit.runners.ParentRunner.access$100(ParentRunner.java:66)
	at org.junit.runners.ParentRunner$2.evaluate(ParentRunner.java:293)
	at org.junit.runners.ParentRunner$3.evaluate(ParentRunner.java:306)
	at org.junit.runners.ParentRunner.run(ParentRunner.java:413)
	at org.gradle.api.internal.tasks.testing.junit.JUnitTestClassExecutor.runTestClass(JUnitTestClassExecutor.java:110)
	at org.gradle.api.internal.tasks.testing.junit.JUnitTestClassExecutor.execute(JUnitTestClassExecutor.java:58)
	at org.gradle.api.internal.tasks.testing.junit.JUnitTestClassExecutor.execute(JUnitTestClassExecutor.java:38)
	at org.gradle.api.internal.tasks.testing.junit.AbstractJUnitTestClassProcessor.processTestClass(AbstractJUnitTestClassProcessor.java:62)
	at org.gradle.api.internal.tasks.testing.SuiteTestClassProcessor.processTestClass(SuiteTestClassProcessor.java:51)
	at sun.reflect.NativeMethodAccessorImpl.invoke0(Native Method)
	at sun.reflect.NativeMethodAccessorImpl.invoke(NativeMethodAccessorImpl.java:62)
	at sun.reflect.DelegatingMethodAccessorImpl.invoke(DelegatingMethodAccessorImpl.java:43)
	at java.lang.reflect.Method.invoke(Method.java:498)
	at org.gradle.internal.dispatch.ReflectionDispatch.dispatch(ReflectionDispatch.java:36)
	at org.gradle.internal.dispatch.ReflectionDispatch.dispatch(ReflectionDispatch.java:24)
	at org.gradle.internal.dispatch.ContextClassLoaderDispatch.dispatch(ContextClassLoaderDispatch.java:33)
	at org.gradle.internal.dispatch.ProxyDispatchAdapter$DispatchingInvocationHandler.invoke(ProxyDispatchAdapter.java:94)
	at com.sun.proxy.$Proxy2.processTestClass(Unknown Source)
	at org.gradle.api.internal.tasks.testing.worker.TestWorker.processTestClass(TestWorker.java:119)
	at sun.reflect.NativeMethodAccessorImpl.invoke0(Native Method)
	at sun.reflect.NativeMethodAccessorImpl.invoke(NativeMethodAccessorImpl.java:62)
	at sun.reflect.DelegatingMethodAccessorImpl.invoke(DelegatingMethodAccessorImpl.java:43)
	at java.lang.reflect.Method.invoke(Method.java:498)
	at org.gradle.internal.dispatch.ReflectionDispatch.dispatch(ReflectionDispatch.java:36)
	at org.gradle.internal.dispatch.ReflectionDispatch.dispatch(ReflectionDispatch.java:24)
	at org.gradle.internal.remote.internal.hub.MessageHubBackedObjectConnection$DispatchWrapper.dispatch(MessageHubBackedObjectConnection.java:182)
	at org.gradle.internal.remote.internal.hub.MessageHubBackedObjectConnection$DispatchWrapper.dispatch(MessageHubBackedObjectConnection.java:164)
	at org.gradle.internal.remote.internal.hub.MessageHub$Handler.run(MessageHub.java:414)
	at org.gradle.internal.concurrent.ExecutorPolicy$CatchAndRecordFailures.onExecute(ExecutorPolicy.java:64)
	at org.gradle.internal.concurrent.ManagedExecutorImpl$1.run(ManagedExecutorImpl.java:48)
	at java.util.concurrent.ThreadPoolExecutor.runWorker(ThreadPoolExecutor.java:1149)
	at java.util.concurrent.ThreadPoolExecutor$Worker.run(ThreadPoolExecutor.java:624)
	at org.gradle.internal.concurrent.ThreadFactoryImpl$ManagedThreadRunnable.run(ThreadFactoryImpl.java:56)
	at java.lang.Thread.run(Thread.java:748)
[2020-10-29 10:32:44,979] ERROR Failed to close coordinator (org.apache.kafka.clients.consumer.KafkaConsumer:2374)
org.apache.kafka.common.KafkaException: User rebalance callback throws an error
	at org.apache.kafka.clients.consumer.internals.ConsumerCoordinator.onLeavePrepare(ConsumerCoordinator.java:756)
	at org.apache.kafka.clients.consumer.internals.AbstractCoordinator.close(AbstractCoordinator.java:987)
	at org.apache.kafka.clients.consumer.internals.ConsumerCoordinator.close(ConsumerCoordinator.java:900)
	at org.apache.kafka.clients.consumer.KafkaConsumer.close(KafkaConsumer.java:2371)
	at org.apache.kafka.clients.consumer.KafkaConsumer.close(KafkaConsumer.java:2338)
	at org.apache.kafka.clients.consumer.KafkaConsumerTest.testRebalanceException(KafkaConsumerTest.java:1834)
	at sun.reflect.NativeMethodAccessorImpl.invoke0(Native Method)
	at sun.reflect.NativeMethodAccessorImpl.invoke(NativeMethodAccessorImpl.java:62)
	at sun.reflect.DelegatingMethodAccessorImpl.invoke(DelegatingMethodAccessorImpl.java:43)
	at java.lang.reflect.Method.invoke(Method.java:498)
	at org.junit.runners.model.FrameworkMethod$1.runReflectiveCall(FrameworkMethod.java:59)
	at org.junit.internal.runners.model.ReflectiveCallable.run(ReflectiveCallable.java:12)
	at org.junit.runners.model.FrameworkMethod.invokeExplosively(FrameworkMethod.java:56)
	at org.junit.internal.runners.statements.InvokeMethod.evaluate(InvokeMethod.java:17)
	at org.junit.runners.ParentRunner$3.evaluate(ParentRunner.java:306)
	at org.junit.runners.BlockJUnit4ClassRunner$1.evaluate(BlockJUnit4ClassRunner.java:100)
	at org.junit.runners.ParentRunner.runLeaf(ParentRunner.java:366)
	at org.junit.runners.BlockJUnit4ClassRunner.runChild(BlockJUnit4ClassRunner.java:103)
	at org.junit.runners.BlockJUnit4ClassRunner.runChild(BlockJUnit4ClassRunner.java:63)
	at org.junit.runners.ParentRunner$4.run(ParentRunner.java:331)
	at org.junit.runners.ParentRunner$1.schedule(ParentRunner.java:79)
	at org.junit.runners.ParentRunner.runChildren(ParentRunner.java:329)
	at org.junit.runners.ParentRunner.access$100(ParentRunner.java:66)
	at org.junit.runners.ParentRunner$2.evaluate(ParentRunner.java:293)
	at org.junit.runners.ParentRunner$3.evaluate(ParentRunner.java:306)
	at org.junit.runners.ParentRunner.run(ParentRunner.java:413)
	at org.gradle.api.internal.tasks.testing.junit.JUnitTestClassExecutor.runTestClass(JUnitTestClassExecutor.java:110)
	at org.gradle.api.internal.tasks.testing.junit.JUnitTestClassExecutor.execute(JUnitTestClassExecutor.java:58)
	at org.gradle.api.internal.tasks.testing.junit.JUnitTestClassExecutor.execute(JUnitTestClassExecutor.java:38)
	at org.gradle.api.internal.tasks.testing.junit.AbstractJUnitTestClassProcessor.processTestClass(AbstractJUnitTestClassProcessor.java:62)
	at org.gradle.api.internal.tasks.testing.SuiteTestClassProcessor.processTestClass(SuiteTestClassProcessor.java:51)
	at sun.reflect.NativeMethodAccessorImpl.invoke0(Native Method)
	at sun.reflect.NativeMethodAccessorImpl.invoke(NativeMethodAccessorImpl.java:62)
	at sun.reflect.DelegatingMethodAccessorImpl.invoke(DelegatingMethodAccessorImpl.java:43)
	at java.lang.reflect.Method.invoke(Method.java:498)
	at org.gradle.internal.dispatch.ReflectionDispatch.dispatch(ReflectionDispatch.java:36)
	at org.gradle.internal.dispatch.ReflectionDispatch.dispatch(ReflectionDispatch.java:24)
	at org.gradle.internal.dispatch.ContextClassLoaderDispatch.dispatch(ContextClassLoaderDispatch.java:33)
	at org.gradle.internal.dispatch.ProxyDispatchAdapter$DispatchingInvocationHandler.invoke(ProxyDispatchAdapter.java:94)
	at com.sun.proxy.$Proxy2.processTestClass(Unknown Source)
	at org.gradle.api.internal.tasks.testing.worker.TestWorker.processTestClass(TestWorker.java:119)
	at sun.reflect.NativeMethodAccessorImpl.invoke0(Native Method)
	at sun.reflect.NativeMethodAccessorImpl.invoke(NativeMethodAccessorImpl.java:62)
	at sun.reflect.DelegatingMethodAccessorImpl.invoke(DelegatingMethodAccessorImpl.java:43)
	at java.lang.reflect.Method.invoke(Method.java:498)
	at org.gradle.internal.dispatch.ReflectionDispatch.dispatch(ReflectionDispatch.java:36)
	at org.gradle.internal.dispatch.ReflectionDispatch.dispatch(ReflectionDispatch.java:24)
	at org.gradle.internal.remote.internal.hub.MessageHubBackedObjectConnection$DispatchWrapper.dispatch(MessageHubBackedObjectConnection.java:182)
	at org.gradle.internal.remote.internal.hub.MessageHubBackedObjectConnection$DispatchWrapper.dispatch(MessageHubBackedObjectConnection.java:164)
	at org.gradle.internal.remote.internal.hub.MessageHub$Handler.run(MessageHub.java:414)
	at org.gradle.internal.concurrent.ExecutorPolicy$CatchAndRecordFailures.onExecute(ExecutorPolicy.java:64)
	at org.gradle.internal.concurrent.ManagedExecutorImpl$1.run(ManagedExecutorImpl.java:48)
	at java.util.concurrent.ThreadPoolExecutor.runWorker(ThreadPoolExecutor.java:1149)
	at java.util.concurrent.ThreadPoolExecutor$Worker.run(ThreadPoolExecutor.java:624)
	at org.gradle.internal.concurrent.ThreadFactoryImpl$ManagedThreadRunnable.run(ThreadFactoryImpl.java:56)
	at java.lang.Thread.run(Thread.java:748)
Caused by: java.lang.RuntimeException: Hit partition revoke [test-0]
	at org.apache.kafka.clients.consumer.KafkaConsumerTest$2.onPartitionsRevoked(KafkaConsumerTest.java:2069)
	at org.apache.kafka.clients.consumer.internals.ConsumerCoordinator.invokePartitionsRevoked(ConsumerCoordinator.java:312)
	at org.apache.kafka.clients.consumer.internals.ConsumerCoordinator.onLeavePrepare(ConsumerCoordinator.java:750)
	... 55 more
[2020-10-29 10:32:44,983] ERROR Metadata response reported invalid topics [topic abc] (org.apache.kafka.clients.Metadata:294)
[2020-10-29 10:32:48,043] ERROR User provided listener org.apache.kafka.clients.consumer.KafkaConsumerTest$2 failed on invocation of onPartitionsAssigned for partitions [test-0] (org.apache.kafka.clients.consumer.internals.ConsumerCoordinator:298)
java.lang.RuntimeException: Hit partition assign [test-0]
	at org.apache.kafka.clients.consumer.KafkaConsumerTest$2.onPartitionsAssigned(KafkaConsumerTest.java:2074)
	at org.apache.kafka.clients.consumer.internals.ConsumerCoordinator.invokePartitionsAssigned(ConsumerCoordinator.java:293)
	at org.apache.kafka.clients.consumer.internals.ConsumerCoordinator.onJoinComplete(ConsumerCoordinator.java:430)
	at org.apache.kafka.clients.consumer.internals.AbstractCoordinator.joinGroupIfNeeded(AbstractCoordinator.java:451)
	at org.apache.kafka.clients.consumer.internals.AbstractCoordinator.ensureActiveGroup(AbstractCoordinator.java:367)
	at org.apache.kafka.clients.consumer.internals.ConsumerCoordinator.poll(ConsumerCoordinator.java:508)
	at org.apache.kafka.clients.consumer.KafkaConsumer.updateAssignmentMetadataIfNeeded(KafkaConsumer.java:1257)
	at org.apache.kafka.clients.consumer.KafkaConsumer.updateAssignmentMetadataIfNeeded(KafkaConsumer.java:2485)
	at org.apache.kafka.clients.consumer.KafkaConsumerTest.lambda$testUnsubscribeShouldTriggerPartitionsLostWithNoGeneration$12(KafkaConsumerTest.java:1268)
	at org.junit.Assert.assertThrows(Assert.java:1001)
	at org.junit.Assert.assertThrows(Assert.java:981)
	at org.apache.kafka.clients.consumer.KafkaConsumerTest.testUnsubscribeShouldTriggerPartitionsLostWithNoGeneration(KafkaConsumerTest.java:1267)
	at sun.reflect.NativeMethodAccessorImpl.invoke0(Native Method)
	at sun.reflect.NativeMethodAccessorImpl.invoke(NativeMethodAccessorImpl.java:62)
	at sun.reflect.DelegatingMethodAccessorImpl.invoke(DelegatingMethodAccessorImpl.java:43)
	at java.lang.reflect.Method.invoke(Method.java:498)
	at org.junit.runners.model.FrameworkMethod$1.runReflectiveCall(FrameworkMethod.java:59)
	at org.junit.internal.runners.model.ReflectiveCallable.run(ReflectiveCallable.java:12)
	at org.junit.runners.model.FrameworkMethod.invokeExplosively(FrameworkMethod.java:56)
	at org.junit.internal.runners.statements.InvokeMethod.evaluate(InvokeMethod.java:17)
	at org.junit.runners.ParentRunner$3.evaluate(ParentRunner.java:306)
	at org.junit.runners.BlockJUnit4ClassRunner$1.evaluate(BlockJUnit4ClassRunner.java:100)
	at org.junit.runners.ParentRunner.runLeaf(ParentRunner.java:366)
	at org.junit.runners.BlockJUnit4ClassRunner.runChild(BlockJUnit4ClassRunner.java:103)
	at org.junit.runners.BlockJUnit4ClassRunner.runChild(BlockJUnit4ClassRunner.java:63)
	at org.junit.runners.ParentRunner$4.run(ParentRunner.java:331)
	at org.junit.runners.ParentRunner$1.schedule(ParentRunner.java:79)
	at org.junit.runners.ParentRunner.runChildren(ParentRunner.java:329)
	at org.junit.runners.ParentRunner.access$100(ParentRunner.java:66)
	at org.junit.runners.ParentRunner$2.evaluate(ParentRunner.java:293)
	at org.junit.runners.ParentRunner$3.evaluate(ParentRunner.java:306)
	at org.junit.runners.ParentRunner.run(ParentRunner.java:413)
	at org.gradle.api.internal.tasks.testing.junit.JUnitTestClassExecutor.runTestClass(JUnitTestClassExecutor.java:110)
	at org.gradle.api.internal.tasks.testing.junit.JUnitTestClassExecutor.execute(JUnitTestClassExecutor.java:58)
	at org.gradle.api.internal.tasks.testing.junit.JUnitTestClassExecutor.execute(JUnitTestClassExecutor.java:38)
	at org.gradle.api.internal.tasks.testing.junit.AbstractJUnitTestClassProcessor.processTestClass(AbstractJUnitTestClassProcessor.java:62)
	at org.gradle.api.internal.tasks.testing.SuiteTestClassProcessor.processTestClass(SuiteTestClassProcessor.java:51)
	at sun.reflect.NativeMethodAccessorImpl.invoke0(Native Method)
	at sun.reflect.NativeMethodAccessorImpl.invoke(NativeMethodAccessorImpl.java:62)
	at sun.reflect.DelegatingMethodAccessorImpl.invoke(DelegatingMethodAccessorImpl.java:43)
	at java.lang.reflect.Method.invoke(Method.java:498)
	at org.gradle.internal.dispatch.ReflectionDispatch.dispatch(ReflectionDispatch.java:36)
	at org.gradle.internal.dispatch.ReflectionDispatch.dispatch(ReflectionDispatch.java:24)
	at org.gradle.internal.dispatch.ContextClassLoaderDispatch.dispatch(ContextClassLoaderDispatch.java:33)
	at org.gradle.internal.dispatch.ProxyDispatchAdapter$DispatchingInvocationHandler.invoke(ProxyDispatchAdapter.java:94)
	at com.sun.proxy.$Proxy2.processTestClass(Unknown Source)
	at org.gradle.api.internal.tasks.testing.worker.TestWorker.processTestClass(TestWorker.java:119)
	at sun.reflect.NativeMethodAccessorImpl.invoke0(Native Method)
	at sun.reflect.NativeMethodAccessorImpl.invoke(NativeMethodAccessorImpl.java:62)
	at sun.reflect.DelegatingMethodAccessorImpl.invoke(DelegatingMethodAccessorImpl.java:43)
	at java.lang.reflect.Method.invoke(Method.java:498)
	at org.gradle.internal.dispatch.ReflectionDispatch.dispatch(ReflectionDispatch.java:36)
	at org.gradle.internal.dispatch.ReflectionDispatch.dispatch(ReflectionDispatch.java:24)
	at org.gradle.internal.remote.internal.hub.MessageHubBackedObjectConnection$DispatchWrapper.dispatch(MessageHubBackedObjectConnection.java:182)
	at org.gradle.internal.remote.internal.hub.MessageHubBackedObjectConnection$DispatchWrapper.dispatch(MessageHubBackedObjectConnection.java:164)
	at org.gradle.internal.remote.internal.hub.MessageHub$Handler.run(MessageHub.java:414)
	at org.gradle.internal.concurrent.ExecutorPolicy$CatchAndRecordFailures.onExecute(ExecutorPolicy.java:64)
	at org.gradle.internal.concurrent.ManagedExecutorImpl$1.run(ManagedExecutorImpl.java:48)
	at java.util.concurrent.ThreadPoolExecutor.runWorker(ThreadPoolExecutor.java:1149)
	at java.util.concurrent.ThreadPoolExecutor$Worker.run(ThreadPoolExecutor.java:624)
	at org.gradle.internal.concurrent.ThreadFactoryImpl$ManagedThreadRunnable.run(ThreadFactoryImpl.java:56)
	at java.lang.Thread.run(Thread.java:748)
[2020-10-29 10:32:48,150] ERROR User provided listener org.apache.kafka.clients.consumer.KafkaConsumerTest$2 failed on invocation of onPartitionsLost for partitions [test-0] (org.apache.kafka.clients.consumer.internals.ConsumerCoordinator:336)
java.lang.RuntimeException: Hit partition lost [test-0]
	at org.apache.kafka.clients.consumer.KafkaConsumerTest$2.onPartitionsLost(KafkaConsumerTest.java:2079)
	at org.apache.kafka.clients.consumer.internals.ConsumerCoordinator.invokePartitionsLost(ConsumerCoordinator.java:331)
	at org.apache.kafka.clients.consumer.internals.ConsumerCoordinator.onLeavePrepare(ConsumerCoordinator.java:748)
	at org.apache.kafka.clients.consumer.KafkaConsumer.unsubscribe(KafkaConsumer.java:1066)
	at org.junit.Assert.assertThrows(Assert.java:1001)
	at org.junit.Assert.assertThrows(Assert.java:981)
	at org.apache.kafka.clients.consumer.KafkaConsumerTest.testUnsubscribeShouldTriggerPartitionsLostWithNoGeneration(KafkaConsumerTest.java:1276)
	at sun.reflect.NativeMethodAccessorImpl.invoke0(Native Method)
	at sun.reflect.NativeMethodAccessorImpl.invoke(NativeMethodAccessorImpl.java:62)
	at sun.reflect.DelegatingMethodAccessorImpl.invoke(DelegatingMethodAccessorImpl.java:43)
	at java.lang.reflect.Method.invoke(Method.java:498)
	at org.junit.runners.model.FrameworkMethod$1.runReflectiveCall(FrameworkMethod.java:59)
	at org.junit.internal.runners.model.ReflectiveCallable.run(ReflectiveCallable.java:12)
	at org.junit.runners.model.FrameworkMethod.invokeExplosively(FrameworkMethod.java:56)
	at org.junit.internal.runners.statements.InvokeMethod.evaluate(InvokeMethod.java:17)
	at org.junit.runners.ParentRunner$3.evaluate(ParentRunner.java:306)
	at org.junit.runners.BlockJUnit4ClassRunner$1.evaluate(BlockJUnit4ClassRunner.java:100)
	at org.junit.runners.ParentRunner.runLeaf(ParentRunner.java:366)
	at org.junit.runners.BlockJUnit4ClassRunner.runChild(BlockJUnit4ClassRunner.java:103)
	at org.junit.runners.BlockJUnit4ClassRunner.runChild(BlockJUnit4ClassRunner.java:63)
	at org.junit.runners.ParentRunner$4.run(ParentRunner.java:331)
	at org.junit.runners.ParentRunner$1.schedule(ParentRunner.java:79)
	at org.junit.runners.ParentRunner.runChildren(ParentRunner.java:329)
	at org.junit.runners.ParentRunner.access$100(ParentRunner.java:66)
	at org.junit.runners.ParentRunner$2.evaluate(ParentRunner.java:293)
	at org.junit.runners.ParentRunner$3.evaluate(ParentRunner.java:306)
	at org.junit.runners.ParentRunner.run(ParentRunner.java:413)
	at org.gradle.api.internal.tasks.testing.junit.JUnitTestClassExecutor.runTestClass(JUnitTestClassExecutor.java:110)
	at org.gradle.api.internal.tasks.testing.junit.JUnitTestClassExecutor.execute(JUnitTestClassExecutor.java:58)
	at org.gradle.api.internal.tasks.testing.junit.JUnitTestClassExecutor.execute(JUnitTestClassExecutor.java:38)
	at org.gradle.api.internal.tasks.testing.junit.AbstractJUnitTestClassProcessor.processTestClass(AbstractJUnitTestClassProcessor.java:62)
	at org.gradle.api.internal.tasks.testing.SuiteTestClassProcessor.processTestClass(SuiteTestClassProcessor.java:51)
	at sun.reflect.NativeMethodAccessorImpl.invoke0(Native Method)
	at sun.reflect.NativeMethodAccessorImpl.invoke(NativeMethodAccessorImpl.java:62)
	at sun.reflect.DelegatingMethodAccessorImpl.invoke(DelegatingMethodAccessorImpl.java:43)
	at java.lang.reflect.Method.invoke(Method.java:498)
	at org.gradle.internal.dispatch.ReflectionDispatch.dispatch(ReflectionDispatch.java:36)
	at org.gradle.internal.dispatch.ReflectionDispatch.dispatch(ReflectionDispatch.java:24)
	at org.gradle.internal.dispatch.ContextClassLoaderDispatch.dispatch(ContextClassLoaderDispatch.java:33)
	at org.gradle.internal.dispatch.ProxyDispatchAdapter$DispatchingInvocationHandler.invoke(ProxyDispatchAdapter.java:94)
	at com.sun.proxy.$Proxy2.processTestClass(Unknown Source)
	at org.gradle.api.internal.tasks.testing.worker.TestWorker.processTestClass(TestWorker.java:119)
	at sun.reflect.NativeMethodAccessorImpl.invoke0(Native Method)
	at sun.reflect.NativeMethodAccessorImpl.invoke(NativeMethodAccessorImpl.java:62)
	at sun.reflect.DelegatingMethodAccessorImpl.invoke(DelegatingMethodAccessorImpl.java:43)
	at java.lang.reflect.Method.invoke(Method.java:498)
	at org.gradle.internal.dispatch.ReflectionDispatch.dispatch(ReflectionDispatch.java:36)
	at org.gradle.internal.dispatch.ReflectionDispatch.dispatch(ReflectionDispatch.java:24)
	at org.gradle.internal.remote.internal.hub.MessageHubBackedObjectConnection$DispatchWrapper.dispatch(MessageHubBackedObjectConnection.java:182)
	at org.gradle.internal.remote.internal.hub.MessageHubBackedObjectConnection$DispatchWrapper.dispatch(MessageHubBackedObjectConnection.java:164)
	at org.gradle.internal.remote.internal.hub.MessageHub$Handler.run(MessageHub.java:414)
	at org.gradle.internal.concurrent.ExecutorPolicy$CatchAndRecordFailures.onExecute(ExecutorPolicy.java:64)
	at org.gradle.internal.concurrent.ManagedExecutorImpl$1.run(ManagedExecutorImpl.java:48)
	at java.util.concurrent.ThreadPoolExecutor.runWorker(ThreadPoolExecutor.java:1149)
	at java.util.concurrent.ThreadPoolExecutor$Worker.run(ThreadPoolExecutor.java:624)
	at org.gradle.internal.concurrent.ThreadFactoryImpl$ManagedThreadRunnable.run(ThreadFactoryImpl.java:56)
	at java.lang.Thread.run(Thread.java:748)
]]></system-out>
  <system-err><![CDATA[Exception in thread "pool-10-thread-1" org.apache.kafka.common.errors.WakeupException
	at org.apache.kafka.clients.consumer.internals.ConsumerNetworkClient.maybeTriggerWakeup(ConsumerNetworkClient.java:514)
	at org.apache.kafka.clients.consumer.internals.ConsumerNetworkClient.poll(ConsumerNetworkClient.java:278)
	at org.apache.kafka.clients.consumer.internals.ConsumerNetworkClient.poll(ConsumerNetworkClient.java:236)
	at org.apache.kafka.clients.consumer.internals.ConsumerNetworkClient.poll(ConsumerNetworkClient.java:215)
	at org.apache.kafka.clients.consumer.internals.AbstractCoordinator.ensureCoordinatorReady(AbstractCoordinator.java:244)
	at org.apache.kafka.clients.consumer.internals.ConsumerCoordinator.poll(ConsumerCoordinator.java:480)
	at org.apache.kafka.clients.consumer.KafkaConsumer.updateAssignmentMetadataIfNeeded(KafkaConsumer.java:1257)
	at org.apache.kafka.clients.consumer.KafkaConsumer.poll(KafkaConsumer.java:1226)
	at org.apache.kafka.clients.consumer.KafkaConsumer.poll(KafkaConsumer.java:1206)
	at org.apache.kafka.clients.consumer.KafkaConsumerTest.lambda$testInvalidGroupMetadata$20(KafkaConsumerTest.java:2019)
	at java.util.concurrent.ThreadPoolExecutor.runWorker(ThreadPoolExecutor.java:1149)
	at java.util.concurrent.ThreadPoolExecutor$Worker.run(ThreadPoolExecutor.java:624)
	at java.lang.Thread.run(Thread.java:748)
]]></system-err>
</testsuite>
