<?xml version="1.0" encoding="UTF-8"?>
<testsuite name="org.apache.kafka.common.protocol.ApiKeysTest" tests="4" skipped="0" failures="0" errors="0" timestamp="2022-09-03T10:40:16" hostname="LAPTOP-FH01OFOM" time="0.001">
  <properties/>
  <testcase name="testForIdWithInvalidIdLow" classname="org.apache.kafka.common.protocol.ApiKeysTest" time="0.0"/>
  <testcase name="schemaVersionOutOfRange" classname="org.apache.kafka.common.protocol.ApiKeysTest" time="0.0"/>
  <testcase name="testForIdWithInvalidIdHigh" classname="org.apache.kafka.common.protocol.ApiKeysTest" time="0.001"/>
  <testcase name="testResponseThrottleTime" classname="org.apache.kafka.common.protocol.ApiKeysTest" time="0.0"/>
  <system-out><![CDATA[]]></system-out>
  <system-err><![CDATA[]]></system-err>
</testsuite>
