<?xml version="1.0" encoding="UTF-8"?>
<testsuite name="org.apache.kafka.common.security.oauthbearer.internals.unsecured.OAuthBearerUnsecuredValidatorCallbackHandlerTest" tests="5" skipped="0" failures="0" errors="0" timestamp="2020-10-29T02:32:32" hostname="chukun-mac" time="0.016">
  <properties/>
  <testcase name="tooEarlyExpirationTime" classname="org.apache.kafka.common.security.oauthbearer.internals.unsecured.OAuthBearerUnsecuredValidatorCallbackHandlerTest" time="0.007"/>
  <testcase name="missingRequiredScope" classname="org.apache.kafka.common.security.oauthbearer.internals.unsecured.OAuthBearerUnsecuredValidatorCallbackHandlerTest" time="0.002"/>
  <testcase name="validToken" classname="org.apache.kafka.common.security.oauthbearer.internals.unsecured.OAuthBearerUnsecuredValidatorCallbackHandlerTest" time="0.002"/>
  <testcase name="badOrMissingPrincipal" classname="org.apache.kafka.common.security.oauthbearer.internals.unsecured.OAuthBearerUnsecuredValidatorCallbackHandlerTest" time="0.004"/>
  <testcase name="includesRequiredScope" classname="org.apache.kafka.common.security.oauthbearer.internals.unsecured.OAuthBearerUnsecuredValidatorCallbackHandlerTest" time="0.0"/>
  <system-out><![CDATA[]]></system-out>
  <system-err><![CDATA[]]></system-err>
</testsuite>
