<?xml version="1.0" encoding="UTF-8"?>
<testsuite name="org.apache.kafka.common.network.ChannelBuildersTest" tests="3" skipped="0" failures="0" errors="0" timestamp="2022-09-03T10:40:15" hostname="LAPTOP-FH01OFOM" time="0.42">
  <properties/>
  <testcase name="testChannelBuilderConfigs" classname="org.apache.kafka.common.network.ChannelBuildersTest" time="0.001"/>
  <testcase name="testCreateConfigurableKafkaPrincipalBuilder" classname="org.apache.kafka.common.network.ChannelBuildersTest" time="0.0"/>
  <testcase name="testCreateOldPrincipalBuilder" classname="org.apache.kafka.common.network.ChannelBuildersTest" time="0.419"/>
  <system-out><![CDATA[]]></system-out>
  <system-err><![CDATA[]]></system-err>
</testsuite>
