<?xml version="1.0" encoding="UTF-8"?>
<testsuite name="org.apache.kafka.common.config.ConfigResourceTest" tests="3" skipped="0" failures="0" errors="0" timestamp="2022-09-03T10:37:57" hostname="LAPTOP-FH01OFOM" time="0.002">
  <properties/>
  <testcase name="shouldReturnUnknownForUnknownCode" classname="org.apache.kafka.common.config.ConfigResourceTest" time="0.002"/>
  <testcase name="shouldGetTypeFromId" classname="org.apache.kafka.common.config.ConfigResourceTest" time="0.0"/>
  <testcase name="shouldRoundTripEveryType" classname="org.apache.kafka.common.config.ConfigResourceTest" time="0.0"/>
  <system-out><![CDATA[]]></system-out>
  <system-err><![CDATA[]]></system-err>
</testsuite>
