<?xml version="1.0" encoding="UTF-8"?>
<testsuite name="org.apache.kafka.common.security.oauthbearer.internals.unsecured.OAuthBearerUnsecuredLoginCallbackHandlerTest" tests="5" skipped="0" failures="0" errors="0" timestamp="2020-10-29T02:32:31" hostname="chukun-mac" time="0.438">
  <properties/>
  <testcase name="addsExtensions" classname="org.apache.kafka.common.security.oauthbearer.internals.unsecured.OAuthBearerUnsecuredLoginCallbackHandlerTest" time="0.007"/>
  <testcase name="throwsErrorOnInvalidExtensionValue" classname="org.apache.kafka.common.security.oauthbearer.internals.unsecured.OAuthBearerUnsecuredLoginCallbackHandlerTest" time="0.0"/>
  <testcase name="validOptionsWithExplicitOptionValues" classname="org.apache.kafka.common.security.oauthbearer.internals.unsecured.OAuthBearerUnsecuredLoginCallbackHandlerTest" time="0.426"/>
  <testcase name="throwsErrorOnInvalidExtensionName" classname="org.apache.kafka.common.security.oauthbearer.internals.unsecured.OAuthBearerUnsecuredLoginCallbackHandlerTest" time="0.001"/>
  <testcase name="minimalToken" classname="org.apache.kafka.common.security.oauthbearer.internals.unsecured.OAuthBearerUnsecuredLoginCallbackHandlerTest" time="0.002"/>
  <system-out><![CDATA[]]></system-out>
  <system-err><![CDATA[]]></system-err>
</testsuite>
