<?xml version="1.0" encoding="UTF-8"?>
<testsuite name="org.apache.kafka.common.security.oauthbearer.internals.expiring.ExpiringCredentialRefreshingLoginTest" tests="6" skipped="0" failures="0" errors="0" timestamp="2022-09-03T10:37:55" hostname="LAPTOP-FH01OFOM" time="0.315">
  <properties/>
  <testcase name="testRefreshWithExpirationSmallerThanConfiguredBuffers" classname="org.apache.kafka.common.security.oauthbearer.internals.expiring.ExpiringCredentialRefreshingLoginTest" time="0.029"/>
  <testcase name="testRefreshWithMinPeriodIntrusion" classname="org.apache.kafka.common.security.oauthbearer.internals.expiring.ExpiringCredentialRefreshingLoginTest" time="0.019"/>
  <testcase name="testRefreshWithPreExpirationBufferIntrusion" classname="org.apache.kafka.common.security.oauthbearer.internals.expiring.ExpiringCredentialRefreshingLoginTest" time="0.021"/>
  <testcase name="testLoginExceptionCausesCorrectLogout" classname="org.apache.kafka.common.security.oauthbearer.internals.expiring.ExpiringCredentialRefreshingLoginTest" time="0.01"/>
  <testcase name="testRefresh" classname="org.apache.kafka.common.security.oauthbearer.internals.expiring.ExpiringCredentialRefreshingLoginTest" time="0.177"/>
  <testcase name="testRefreshWithExpirationSmallerThanConfiguredBuffersAndOlderCreateTime" classname="org.apache.kafka.common.security.oauthbearer.internals.expiring.ExpiringCredentialRefreshingLoginTest" time="0.058"/>
  <system-out><![CDATA[]]></system-out>
  <system-err><![CDATA[]]></system-err>
</testsuite>
