<?xml version="1.0" encoding="UTF-8"?>
<testsuite name="org.apache.kafka.clients.producer.KafkaProducerTest" tests="45" skipped="0" failures="0" errors="0" timestamp="2022-09-03T10:40:35" hostname="LAPTOP-FH01OFOM" time="16.195">
  <properties/>
  <testcase name="testInvalidGenerationIdAndMemberIdCombinedInSendOffsets" classname="org.apache.kafka.clients.producer.KafkaProducerTest" time="0.113"/>
  <testcase name="testCloseIsForcedOnPendingAddOffsetRequest" classname="org.apache.kafka.clients.producer.KafkaProducerTest" time="1.127"/>
  <testcase name="closeShouldBeIdempotent" classname="org.apache.kafka.clients.producer.KafkaProducerTest" time="0.012"/>
  <testcase name="testCloseIsForcedOnPendingInitProducerId" classname="org.apache.kafka.clients.producer.KafkaProducerTest" time="1.114"/>
  <testcase name="testPartitionerClose" classname="org.apache.kafka.clients.producer.KafkaProducerTest" time="0.011"/>
  <testcase name="testMetricConfigRecordingLevel" classname="org.apache.kafka.clients.producer.KafkaProducerTest" time="0.011"/>
  <testcase name="testCloseIsForcedOnPendingFindCoordinator" classname="org.apache.kafka.clients.producer.KafkaProducerTest" time="1.119"/>
  <testcase name="testHeadersWithExtendedClasses" classname="org.apache.kafka.clients.producer.KafkaProducerTest" time="0.046"/>
  <testcase name="testCloseWhenWaitingForMetadataUpdate" classname="org.apache.kafka.clients.producer.KafkaProducerTest" time="0.005"/>
  <testcase name="testTopicExpiryInMetadata" classname="org.apache.kafka.clients.producer.KafkaProducerTest" time="0.234"/>
  <testcase name="testMetadataWithPartitionOutOfRange" classname="org.apache.kafka.clients.producer.KafkaProducerTest" time="0.067"/>
  <testcase name="testTopicRefreshInMetadata" classname="org.apache.kafka.clients.producer.KafkaProducerTest" time="0.009"/>
  <testcase name="testNullGroupMetadataInSendOffsets" classname="org.apache.kafka.clients.producer.KafkaProducerTest" time="0.005"/>
  <testcase name="serializerShouldSeeGeneratedClientId" classname="org.apache.kafka.clients.producer.KafkaProducerTest" time="0.006"/>
  <testcase name="testNoSerializerProvided" classname="org.apache.kafka.clients.producer.KafkaProducerTest" time="0.0"/>
  <testcase name="testSendTxnOffsetsWithGroupMetadata" classname="org.apache.kafka.clients.producer.KafkaProducerTest" time="0.01"/>
  <testcase name="testInitTransactionTimeout" classname="org.apache.kafka.clients.producer.KafkaProducerTest" time="0.509"/>
  <testcase name="testInvalidSocketSendBufferSize" classname="org.apache.kafka.clients.producer.KafkaProducerTest" time="0.001"/>
  <testcase name="shouldCloseProperlyAndThrowIfInterrupted" classname="org.apache.kafka.clients.producer.KafkaProducerTest" time="0.217"/>
  <testcase name="testTransactionalMethodThrowsWhenSenderClosed" classname="org.apache.kafka.clients.producer.KafkaProducerTest" time="0.002"/>
  <testcase name="testOsDefaultSocketBufferSizes" classname="org.apache.kafka.clients.producer.KafkaProducerTest" time="0.003"/>
  <testcase name="testInterceptorConstructClose" classname="org.apache.kafka.clients.producer.KafkaProducerTest" time="0.004"/>
  <testcase name="testPartitionsForWithNullTopic" classname="org.apache.kafka.clients.producer.KafkaProducerTest" time="0.005"/>
  <testcase name="testInterceptorPartitionSetOnTooLargeRecord" classname="org.apache.kafka.clients.producer.KafkaProducerTest" time="0.015"/>
  <testcase name="testMetricsReporterAutoGeneratedClientId" classname="org.apache.kafka.clients.producer.KafkaProducerTest" time="0.004"/>
  <testcase name="testMetadataFetch" classname="org.apache.kafka.clients.producer.KafkaProducerTest" time="0.007"/>
  <testcase name="testOnlyCanExecuteCloseAfterInitTransactionsTimeout" classname="org.apache.kafka.clients.producer.KafkaProducerTest" time="0.024"/>
  <testcase name="testFlushCompleteSendOfInflightBatches" classname="org.apache.kafka.clients.producer.KafkaProducerTest" time="0.035"/>
  <testcase name="testConstructorWithSerializers" classname="org.apache.kafka.clients.producer.KafkaProducerTest" time="0.005"/>
  <testcase name="testMetadataExpiry" classname="org.apache.kafka.clients.producer.KafkaProducerTest" time="0.004"/>
  <testcase name="testHeaders" classname="org.apache.kafka.clients.producer.KafkaProducerTest" time="0.015"/>
  <testcase name="testInvalidSocketReceiveBufferSize" classname="org.apache.kafka.clients.producer.KafkaProducerTest" time="0.0"/>
  <testcase name="testAbortTransaction" classname="org.apache.kafka.clients.producer.KafkaProducerTest" time="0.002"/>
  <testcase name="testConstructorWithNotStringKey" classname="org.apache.kafka.clients.producer.KafkaProducerTest" time="0.001"/>
  <testcase name="testSerializerClose" classname="org.apache.kafka.clients.producer.KafkaProducerTest" time="0.004"/>
  <testcase name="testInitTransactionWhileThrottled" classname="org.apache.kafka.clients.producer.KafkaProducerTest" time="0.003"/>
  <testcase name="testMetadataTimeoutWithPartitionOutOfRange" classname="org.apache.kafka.clients.producer.KafkaProducerTest" time="0.006"/>
  <testcase name="testMetadataTimeoutWithMissingTopic" classname="org.apache.kafka.clients.producer.KafkaProducerTest" time="0.006"/>
  <testcase name="testOverwriteAcksAndRetriesForIdempotentProducers" classname="org.apache.kafka.clients.producer.KafkaProducerTest" time="0.001"/>
  <testcase name="testSendTxnOffsetsWithGroupMetadataDowngrade" classname="org.apache.kafka.clients.producer.KafkaProducerTest" time="0.003"/>
  <testcase name="testProducerJmxPrefix" classname="org.apache.kafka.clients.producer.KafkaProducerTest" time="0.004"/>
  <testcase name="testConstructorFailureCloseResource" classname="org.apache.kafka.clients.producer.KafkaProducerTest" time="11.382"/>
  <testcase name="closeWithNegativeTimestampShouldThrow" classname="org.apache.kafka.clients.producer.KafkaProducerTest" time="0.021"/>
  <testcase name="testSendTxnOffsetsWithGroupId" classname="org.apache.kafka.clients.producer.KafkaProducerTest" time="0.011"/>
  <testcase name="testSendToInvalidTopic" classname="org.apache.kafka.clients.producer.KafkaProducerTest" time="0.011"/>
  <system-out><![CDATA[[2022-09-03 18:40:38,809] ERROR [Producer clientId=producer-6] Uncaught error in kafka producer I/O thread:  (org.apache.kafka.clients.producer.internals.Sender:242)
java.lang.IllegalStateException: No previous metadata update to use
	at org.apache.kafka.clients.MockClient$DefaultMockMetadataUpdater.updateWithCurrentMetadata(MockClient.java:631)
	at org.apache.kafka.clients.MockClient.poll(MockClient.java:284)
	at org.apache.kafka.clients.producer.internals.Sender.runOnce(Sender.java:325)
	at org.apache.kafka.clients.producer.internals.Sender.run(Sender.java:240)
	at java.lang.Thread.run(Thread.java:748)
[2022-09-03 18:40:38,810] ERROR [Producer clientId=producer-6] Uncaught error in kafka producer I/O thread:  (org.apache.kafka.clients.producer.internals.Sender:242)
java.lang.IllegalStateException: No previous metadata update to use
	at org.apache.kafka.clients.MockClient$DefaultMockMetadataUpdater.updateWithCurrentMetadata(MockClient.java:631)
	at org.apache.kafka.clients.MockClient.poll(MockClient.java:284)
	at org.apache.kafka.clients.producer.internals.Sender.runOnce(Sender.java:325)
	at org.apache.kafka.clients.producer.internals.Sender.run(Sender.java:240)
	at java.lang.Thread.run(Thread.java:748)
[2022-09-03 18:40:38,921] ERROR [Producer clientId=producer-7] Uncaught error in kafka producer I/O thread:  (org.apache.kafka.clients.producer.internals.Sender:242)
java.lang.IllegalStateException: No previous metadata update to use
	at org.apache.kafka.clients.MockClient$DefaultMockMetadataUpdater.updateWithCurrentMetadata(MockClient.java:631)
	at org.apache.kafka.clients.MockClient.poll(MockClient.java:284)
	at org.apache.kafka.clients.producer.internals.Sender.runOnce(Sender.java:325)
	at org.apache.kafka.clients.producer.internals.Sender.run(Sender.java:240)
	at java.lang.Thread.run(Thread.java:748)
[2022-09-03 18:40:38,921] ERROR [Producer clientId=producer-7] Uncaught error in kafka producer I/O thread:  (org.apache.kafka.clients.producer.internals.Sender:242)
java.lang.IllegalStateException: No previous metadata update to use
	at org.apache.kafka.clients.MockClient$DefaultMockMetadataUpdater.updateWithCurrentMetadata(MockClient.java:631)
	at org.apache.kafka.clients.MockClient.poll(MockClient.java:284)
	at org.apache.kafka.clients.producer.internals.Sender.runOnce(Sender.java:325)
	at org.apache.kafka.clients.producer.internals.Sender.run(Sender.java:240)
	at java.lang.Thread.run(Thread.java:748)
[2022-09-03 18:40:38,922] ERROR [Producer clientId=producer-7] Uncaught error in kafka producer I/O thread:  (org.apache.kafka.clients.producer.internals.Sender:242)
java.lang.IllegalStateException: No previous metadata update to use
	at org.apache.kafka.clients.MockClient$DefaultMockMetadataUpdater.updateWithCurrentMetadata(MockClient.java:631)
	at org.apache.kafka.clients.MockClient.poll(MockClient.java:284)
	at org.apache.kafka.clients.producer.internals.Sender.runOnce(Sender.java:325)
	at org.apache.kafka.clients.producer.internals.Sender.run(Sender.java:240)
	at java.lang.Thread.run(Thread.java:748)
[2022-09-03 18:40:38,922] ERROR [Producer clientId=producer-7] Uncaught error in kafka producer I/O thread:  (org.apache.kafka.clients.producer.internals.Sender:242)
java.lang.IllegalStateException: No previous metadata update to use
	at org.apache.kafka.clients.MockClient$DefaultMockMetadataUpdater.updateWithCurrentMetadata(MockClient.java:631)
	at org.apache.kafka.clients.MockClient.poll(MockClient.java:284)
	at org.apache.kafka.clients.producer.internals.Sender.runOnce(Sender.java:325)
	at org.apache.kafka.clients.producer.internals.Sender.run(Sender.java:240)
	at java.lang.Thread.run(Thread.java:748)
[2022-09-03 18:40:38,922] ERROR [Producer clientId=producer-7] Uncaught error in kafka producer I/O thread:  (org.apache.kafka.clients.producer.internals.Sender:242)
java.lang.IllegalStateException: No previous metadata update to use
	at org.apache.kafka.clients.MockClient$DefaultMockMetadataUpdater.updateWithCurrentMetadata(MockClient.java:631)
	at org.apache.kafka.clients.MockClient.poll(MockClient.java:284)
	at org.apache.kafka.clients.producer.internals.Sender.runOnce(Sender.java:325)
	at org.apache.kafka.clients.producer.internals.Sender.run(Sender.java:240)
	at java.lang.Thread.run(Thread.java:748)
[2022-09-03 18:40:38,922] ERROR [Producer clientId=producer-7] Uncaught error in kafka producer I/O thread:  (org.apache.kafka.clients.producer.internals.Sender:242)
java.lang.IllegalStateException: No previous metadata update to use
	at org.apache.kafka.clients.MockClient$DefaultMockMetadataUpdater.updateWithCurrentMetadata(MockClient.java:631)
	at org.apache.kafka.clients.MockClient.poll(MockClient.java:284)
	at org.apache.kafka.clients.producer.internals.Sender.runOnce(Sender.java:325)
	at org.apache.kafka.clients.producer.internals.Sender.run(Sender.java:240)
	at java.lang.Thread.run(Thread.java:748)
[2022-09-03 18:40:38,922] ERROR [Producer clientId=producer-7] Uncaught error in kafka producer I/O thread:  (org.apache.kafka.clients.producer.internals.Sender:242)
java.lang.IllegalStateException: No previous metadata update to use
	at org.apache.kafka.clients.MockClient$DefaultMockMetadataUpdater.updateWithCurrentMetadata(MockClient.java:631)
	at org.apache.kafka.clients.MockClient.poll(MockClient.java:284)
	at org.apache.kafka.clients.producer.internals.Sender.runOnce(Sender.java:325)
	at org.apache.kafka.clients.producer.internals.Sender.run(Sender.java:240)
	at java.lang.Thread.run(Thread.java:748)
[2022-09-03 18:40:38,923] ERROR [Producer clientId=producer-7] Uncaught error in kafka producer I/O thread:  (org.apache.kafka.clients.producer.internals.Sender:242)
java.lang.IllegalStateException: No previous metadata update to use
	at org.apache.kafka.clients.MockClient$DefaultMockMetadataUpdater.updateWithCurrentMetadata(MockClient.java:631)
	at org.apache.kafka.clients.MockClient.poll(MockClient.java:284)
	at org.apache.kafka.clients.producer.internals.Sender.runOnce(Sender.java:325)
	at org.apache.kafka.clients.producer.internals.Sender.run(Sender.java:240)
	at java.lang.Thread.run(Thread.java:748)
[2022-09-03 18:40:38,923] ERROR [Producer clientId=producer-7] Uncaught error in kafka producer I/O thread:  (org.apache.kafka.clients.producer.internals.Sender:242)
java.lang.IllegalStateException: No previous metadata update to use
	at org.apache.kafka.clients.MockClient$DefaultMockMetadataUpdater.updateWithCurrentMetadata(MockClient.java:631)
	at org.apache.kafka.clients.MockClient.poll(MockClient.java:284)
	at org.apache.kafka.clients.producer.internals.Sender.runOnce(Sender.java:325)
	at org.apache.kafka.clients.producer.internals.Sender.run(Sender.java:240)
	at java.lang.Thread.run(Thread.java:748)
[2022-09-03 18:40:38,923] ERROR [Producer clientId=producer-7] Uncaught error in kafka producer I/O thread:  (org.apache.kafka.clients.producer.internals.Sender:242)
java.lang.IllegalStateException: No previous metadata update to use
	at org.apache.kafka.clients.MockClient$DefaultMockMetadataUpdater.updateWithCurrentMetadata(MockClient.java:631)
	at org.apache.kafka.clients.MockClient.poll(MockClient.java:284)
	at org.apache.kafka.clients.producer.internals.Sender.runOnce(Sender.java:325)
	at org.apache.kafka.clients.producer.internals.Sender.run(Sender.java:240)
	at java.lang.Thread.run(Thread.java:748)
[2022-09-03 18:40:38,924] ERROR [Producer clientId=producer-7] Uncaught error in kafka producer I/O thread:  (org.apache.kafka.clients.producer.internals.Sender:242)
java.lang.IllegalStateException: No previous metadata update to use
	at org.apache.kafka.clients.MockClient$DefaultMockMetadataUpdater.updateWithCurrentMetadata(MockClient.java:631)
	at org.apache.kafka.clients.MockClient.poll(MockClient.java:284)
	at org.apache.kafka.clients.producer.internals.Sender.runOnce(Sender.java:325)
	at org.apache.kafka.clients.producer.internals.Sender.run(Sender.java:240)
	at java.lang.Thread.run(Thread.java:748)
[2022-09-03 18:40:38,925] ERROR [Producer clientId=producer-7] Uncaught error in kafka producer I/O thread:  (org.apache.kafka.clients.producer.internals.Sender:242)
java.lang.IllegalStateException: No previous metadata update to use
	at org.apache.kafka.clients.MockClient$DefaultMockMetadataUpdater.updateWithCurrentMetadata(MockClient.java:631)
	at org.apache.kafka.clients.MockClient.poll(MockClient.java:284)
	at org.apache.kafka.clients.producer.internals.Sender.runOnce(Sender.java:325)
	at org.apache.kafka.clients.producer.internals.Sender.run(Sender.java:240)
	at java.lang.Thread.run(Thread.java:748)
[2022-09-03 18:40:38,925] ERROR [Producer clientId=producer-7] Uncaught error in kafka producer I/O thread:  (org.apache.kafka.clients.producer.internals.Sender:242)
java.lang.IllegalStateException: No previous metadata update to use
	at org.apache.kafka.clients.MockClient$DefaultMockMetadataUpdater.updateWithCurrentMetadata(MockClient.java:631)
	at org.apache.kafka.clients.MockClient.poll(MockClient.java:284)
	at org.apache.kafka.clients.producer.internals.Sender.runOnce(Sender.java:325)
	at org.apache.kafka.clients.producer.internals.Sender.run(Sender.java:240)
	at java.lang.Thread.run(Thread.java:748)
[2022-09-03 18:40:38,925] ERROR [Producer clientId=producer-7] Uncaught error in kafka producer I/O thread:  (org.apache.kafka.clients.producer.internals.Sender:242)
java.lang.IllegalStateException: No previous metadata update to use
	at org.apache.kafka.clients.MockClient$DefaultMockMetadataUpdater.updateWithCurrentMetadata(MockClient.java:631)
	at org.apache.kafka.clients.MockClient.poll(MockClient.java:284)
	at org.apache.kafka.clients.producer.internals.Sender.runOnce(Sender.java:325)
	at org.apache.kafka.clients.producer.internals.Sender.run(Sender.java:240)
	at java.lang.Thread.run(Thread.java:748)
[2022-09-03 18:40:38,925] ERROR [Producer clientId=producer-7] Uncaught error in kafka producer I/O thread:  (org.apache.kafka.clients.producer.internals.Sender:242)
java.lang.IllegalStateException: No previous metadata update to use
	at org.apache.kafka.clients.MockClient$DefaultMockMetadataUpdater.updateWithCurrentMetadata(MockClient.java:631)
	at org.apache.kafka.clients.MockClient.poll(MockClient.java:284)
	at org.apache.kafka.clients.producer.internals.Sender.runOnce(Sender.java:325)
	at org.apache.kafka.clients.producer.internals.Sender.run(Sender.java:240)
	at java.lang.Thread.run(Thread.java:748)
[2022-09-03 18:40:38,926] ERROR [Producer clientId=producer-7] Uncaught error in kafka producer I/O thread:  (org.apache.kafka.clients.producer.internals.Sender:242)
java.lang.IllegalStateException: No previous metadata update to use
	at org.apache.kafka.clients.MockClient$DefaultMockMetadataUpdater.updateWithCurrentMetadata(MockClient.java:631)
	at org.apache.kafka.clients.MockClient.poll(MockClient.java:284)
	at org.apache.kafka.clients.producer.internals.Sender.runOnce(Sender.java:325)
	at org.apache.kafka.clients.producer.internals.Sender.run(Sender.java:240)
	at java.lang.Thread.run(Thread.java:748)
[2022-09-03 18:40:38,926] ERROR [Producer clientId=producer-7] Uncaught error in kafka producer I/O thread:  (org.apache.kafka.clients.producer.internals.Sender:242)
java.lang.IllegalStateException: No previous metadata update to use
	at org.apache.kafka.clients.MockClient$DefaultMockMetadataUpdater.updateWithCurrentMetadata(MockClient.java:631)
	at org.apache.kafka.clients.MockClient.poll(MockClient.java:284)
	at org.apache.kafka.clients.producer.internals.Sender.runOnce(Sender.java:325)
	at org.apache.kafka.clients.producer.internals.Sender.run(Sender.java:240)
	at java.lang.Thread.run(Thread.java:748)
[2022-09-03 18:40:38,926] ERROR [Producer clientId=producer-7] Uncaught error in kafka producer I/O thread:  (org.apache.kafka.clients.producer.internals.Sender:242)
java.lang.IllegalStateException: No previous metadata update to use
	at org.apache.kafka.clients.MockClient$DefaultMockMetadataUpdater.updateWithCurrentMetadata(MockClient.java:631)
	at org.apache.kafka.clients.MockClient.poll(MockClient.java:284)
	at org.apache.kafka.clients.producer.internals.Sender.runOnce(Sender.java:325)
	at org.apache.kafka.clients.producer.internals.Sender.run(Sender.java:240)
	at java.lang.Thread.run(Thread.java:748)
[2022-09-03 18:40:38,927] ERROR [Producer clientId=producer-7] Uncaught error in kafka producer I/O thread:  (org.apache.kafka.clients.producer.internals.Sender:242)
java.lang.IllegalStateException: No previous metadata update to use
	at org.apache.kafka.clients.MockClient$DefaultMockMetadataUpdater.updateWithCurrentMetadata(MockClient.java:631)
	at org.apache.kafka.clients.MockClient.poll(MockClient.java:284)
	at org.apache.kafka.clients.producer.internals.Sender.runOnce(Sender.java:325)
	at org.apache.kafka.clients.producer.internals.Sender.run(Sender.java:240)
	at java.lang.Thread.run(Thread.java:748)
[2022-09-03 18:40:38,927] ERROR [Producer clientId=producer-7] Uncaught error in kafka producer I/O thread:  (org.apache.kafka.clients.producer.internals.Sender:242)
java.lang.IllegalStateException: No previous metadata update to use
	at org.apache.kafka.clients.MockClient$DefaultMockMetadataUpdater.updateWithCurrentMetadata(MockClient.java:631)
	at org.apache.kafka.clients.MockClient.poll(MockClient.java:284)
	at org.apache.kafka.clients.producer.internals.Sender.runOnce(Sender.java:325)
	at org.apache.kafka.clients.producer.internals.Sender.run(Sender.java:240)
	at java.lang.Thread.run(Thread.java:748)
[2022-09-03 18:40:38,927] ERROR [Producer clientId=producer-7] Uncaught error in kafka producer I/O thread:  (org.apache.kafka.clients.producer.internals.Sender:242)
java.lang.IllegalStateException: No previous metadata update to use
	at org.apache.kafka.clients.MockClient$DefaultMockMetadataUpdater.updateWithCurrentMetadata(MockClient.java:631)
	at org.apache.kafka.clients.MockClient.poll(MockClient.java:284)
	at org.apache.kafka.clients.producer.internals.Sender.runOnce(Sender.java:325)
	at org.apache.kafka.clients.producer.internals.Sender.run(Sender.java:240)
	at java.lang.Thread.run(Thread.java:748)
[2022-09-03 18:40:38,927] ERROR [Producer clientId=producer-7] Uncaught error in kafka producer I/O thread:  (org.apache.kafka.clients.producer.internals.Sender:242)
java.lang.IllegalStateException: No previous metadata update to use
	at org.apache.kafka.clients.MockClient$DefaultMockMetadataUpdater.updateWithCurrentMetadata(MockClient.java:631)
	at org.apache.kafka.clients.MockClient.poll(MockClient.java:284)
	at org.apache.kafka.clients.producer.internals.Sender.runOnce(Sender.java:325)
	at org.apache.kafka.clients.producer.internals.Sender.run(Sender.java:240)
	at java.lang.Thread.run(Thread.java:748)
[2022-09-03 18:40:38,927] ERROR [Producer clientId=producer-7] Uncaught error in kafka producer I/O thread:  (org.apache.kafka.clients.producer.internals.Sender:242)
java.lang.IllegalStateException: No previous metadata update to use
	at org.apache.kafka.clients.MockClient$DefaultMockMetadataUpdater.updateWithCurrentMetadata(MockClient.java:631)
	at org.apache.kafka.clients.MockClient.poll(MockClient.java:284)
	at org.apache.kafka.clients.producer.internals.Sender.runOnce(Sender.java:325)
	at org.apache.kafka.clients.producer.internals.Sender.run(Sender.java:240)
	at java.lang.Thread.run(Thread.java:748)
[2022-09-03 18:40:38,928] ERROR [Producer clientId=producer-7] Uncaught error in kafka producer I/O thread:  (org.apache.kafka.clients.producer.internals.Sender:242)
java.lang.IllegalStateException: No previous metadata update to use
	at org.apache.kafka.clients.MockClient$DefaultMockMetadataUpdater.updateWithCurrentMetadata(MockClient.java:631)
	at org.apache.kafka.clients.MockClient.poll(MockClient.java:284)
	at org.apache.kafka.clients.producer.internals.Sender.runOnce(Sender.java:325)
	at org.apache.kafka.clients.producer.internals.Sender.run(Sender.java:240)
	at java.lang.Thread.run(Thread.java:748)
[2022-09-03 18:40:38,928] ERROR [Producer clientId=producer-7] Uncaught error in kafka producer I/O thread:  (org.apache.kafka.clients.producer.internals.Sender:242)
java.lang.IllegalStateException: No previous metadata update to use
	at org.apache.kafka.clients.MockClient$DefaultMockMetadataUpdater.updateWithCurrentMetadata(MockClient.java:631)
	at org.apache.kafka.clients.MockClient.poll(MockClient.java:284)
	at org.apache.kafka.clients.producer.internals.Sender.runOnce(Sender.java:325)
	at org.apache.kafka.clients.producer.internals.Sender.run(Sender.java:240)
	at java.lang.Thread.run(Thread.java:748)
[2022-09-03 18:40:38,928] ERROR [Producer clientId=producer-7] Uncaught error in kafka producer I/O thread:  (org.apache.kafka.clients.producer.internals.Sender:242)
java.lang.IllegalStateException: No previous metadata update to use
	at org.apache.kafka.clients.MockClient$DefaultMockMetadataUpdater.updateWithCurrentMetadata(MockClient.java:631)
	at org.apache.kafka.clients.MockClient.poll(MockClient.java:284)
	at org.apache.kafka.clients.producer.internals.Sender.runOnce(Sender.java:325)
	at org.apache.kafka.clients.producer.internals.Sender.run(Sender.java:240)
	at java.lang.Thread.run(Thread.java:748)
[2022-09-03 18:40:38,928] ERROR [Producer clientId=producer-7] Uncaught error in kafka producer I/O thread:  (org.apache.kafka.clients.producer.internals.Sender:242)
java.lang.IllegalStateException: No previous metadata update to use
	at org.apache.kafka.clients.MockClient$DefaultMockMetadataUpdater.updateWithCurrentMetadata(MockClient.java:631)
	at org.apache.kafka.clients.MockClient.poll(MockClient.java:284)
	at org.apache.kafka.clients.producer.internals.Sender.runOnce(Sender.java:325)
	at org.apache.kafka.clients.producer.internals.Sender.run(Sender.java:240)
	at java.lang.Thread.run(Thread.java:748)
[2022-09-03 18:40:38,929] ERROR [Producer clientId=producer-7] Uncaught error in kafka producer I/O thread:  (org.apache.kafka.clients.producer.internals.Sender:242)
java.lang.IllegalStateException: No previous metadata update to use
	at org.apache.kafka.clients.MockClient$DefaultMockMetadataUpdater.updateWithCurrentMetadata(MockClient.java:631)
	at org.apache.kafka.clients.MockClient.poll(MockClient.java:284)
	at org.apache.kafka.clients.producer.internals.Sender.runOnce(Sender.java:325)
	at org.apache.kafka.clients.producer.internals.Sender.run(Sender.java:240)
	at java.lang.Thread.run(Thread.java:748)
[2022-09-03 18:40:38,929] ERROR [Producer clientId=producer-7] Uncaught error in kafka producer I/O thread:  (org.apache.kafka.clients.producer.internals.Sender:242)
java.lang.IllegalStateException: No previous metadata update to use
	at org.apache.kafka.clients.MockClient$DefaultMockMetadataUpdater.updateWithCurrentMetadata(MockClient.java:631)
	at org.apache.kafka.clients.MockClient.poll(MockClient.java:284)
	at org.apache.kafka.clients.producer.internals.Sender.runOnce(Sender.java:325)
	at org.apache.kafka.clients.producer.internals.Sender.run(Sender.java:240)
	at java.lang.Thread.run(Thread.java:748)
[2022-09-03 18:40:38,929] ERROR [Producer clientId=producer-7] Uncaught error in kafka producer I/O thread:  (org.apache.kafka.clients.producer.internals.Sender:242)
java.lang.IllegalStateException: No previous metadata update to use
	at org.apache.kafka.clients.MockClient$DefaultMockMetadataUpdater.updateWithCurrentMetadata(MockClient.java:631)
	at org.apache.kafka.clients.MockClient.poll(MockClient.java:284)
	at org.apache.kafka.clients.producer.internals.Sender.runOnce(Sender.java:325)
	at org.apache.kafka.clients.producer.internals.Sender.run(Sender.java:240)
	at java.lang.Thread.run(Thread.java:748)
[2022-09-03 18:40:38,929] ERROR [Producer clientId=producer-7] Uncaught error in kafka producer I/O thread:  (org.apache.kafka.clients.producer.internals.Sender:242)
java.lang.IllegalStateException: No previous metadata update to use
	at org.apache.kafka.clients.MockClient$DefaultMockMetadataUpdater.updateWithCurrentMetadata(MockClient.java:631)
	at org.apache.kafka.clients.MockClient.poll(MockClient.java:284)
	at org.apache.kafka.clients.producer.internals.Sender.runOnce(Sender.java:325)
	at org.apache.kafka.clients.producer.internals.Sender.run(Sender.java:240)
	at java.lang.Thread.run(Thread.java:748)
[2022-09-03 18:40:38,929] ERROR [Producer clientId=producer-7] Uncaught error in kafka producer I/O thread:  (org.apache.kafka.clients.producer.internals.Sender:242)
java.lang.IllegalStateException: No previous metadata update to use
	at org.apache.kafka.clients.MockClient$DefaultMockMetadataUpdater.updateWithCurrentMetadata(MockClient.java:631)
	at org.apache.kafka.clients.MockClient.poll(MockClient.java:284)
	at org.apache.kafka.clients.producer.internals.Sender.runOnce(Sender.java:325)
	at org.apache.kafka.clients.producer.internals.Sender.run(Sender.java:240)
	at java.lang.Thread.run(Thread.java:748)
[2022-09-03 18:40:38,930] ERROR [Producer clientId=producer-7] Uncaught error in kafka producer I/O thread:  (org.apache.kafka.clients.producer.internals.Sender:242)
java.lang.IllegalStateException: No previous metadata update to use
	at org.apache.kafka.clients.MockClient$DefaultMockMetadataUpdater.updateWithCurrentMetadata(MockClient.java:631)
	at org.apache.kafka.clients.MockClient.poll(MockClient.java:284)
	at org.apache.kafka.clients.producer.internals.Sender.runOnce(Sender.java:325)
	at org.apache.kafka.clients.producer.internals.Sender.run(Sender.java:240)
	at java.lang.Thread.run(Thread.java:748)
[2022-09-03 18:40:38,930] ERROR [Producer clientId=producer-7] Uncaught error in kafka producer I/O thread:  (org.apache.kafka.clients.producer.internals.Sender:242)
java.lang.IllegalStateException: No previous metadata update to use
	at org.apache.kafka.clients.MockClient$DefaultMockMetadataUpdater.updateWithCurrentMetadata(MockClient.java:631)
	at org.apache.kafka.clients.MockClient.poll(MockClient.java:284)
	at org.apache.kafka.clients.producer.internals.Sender.runOnce(Sender.java:325)
	at org.apache.kafka.clients.producer.internals.Sender.run(Sender.java:240)
	at java.lang.Thread.run(Thread.java:748)
[2022-09-03 18:40:38,930] ERROR [Producer clientId=producer-7] Uncaught error in kafka producer I/O thread:  (org.apache.kafka.clients.producer.internals.Sender:242)
java.lang.IllegalStateException: No previous metadata update to use
	at org.apache.kafka.clients.MockClient$DefaultMockMetadataUpdater.updateWithCurrentMetadata(MockClient.java:631)
	at org.apache.kafka.clients.MockClient.poll(MockClient.java:284)
	at org.apache.kafka.clients.producer.internals.Sender.runOnce(Sender.java:325)
	at org.apache.kafka.clients.producer.internals.Sender.run(Sender.java:240)
	at java.lang.Thread.run(Thread.java:748)
[2022-09-03 18:40:38,930] ERROR [Producer clientId=producer-7] Uncaught error in kafka producer I/O thread:  (org.apache.kafka.clients.producer.internals.Sender:242)
java.lang.IllegalStateException: No previous metadata update to use
	at org.apache.kafka.clients.MockClient$DefaultMockMetadataUpdater.updateWithCurrentMetadata(MockClient.java:631)
	at org.apache.kafka.clients.MockClient.poll(MockClient.java:284)
	at org.apache.kafka.clients.producer.internals.Sender.runOnce(Sender.java:325)
	at org.apache.kafka.clients.producer.internals.Sender.run(Sender.java:240)
	at java.lang.Thread.run(Thread.java:748)
[2022-09-03 18:40:38,931] ERROR [Producer clientId=producer-7] Uncaught error in kafka producer I/O thread:  (org.apache.kafka.clients.producer.internals.Sender:242)
java.lang.IllegalStateException: No previous metadata update to use
	at org.apache.kafka.clients.MockClient$DefaultMockMetadataUpdater.updateWithCurrentMetadata(MockClient.java:631)
	at org.apache.kafka.clients.MockClient.poll(MockClient.java:284)
	at org.apache.kafka.clients.producer.internals.Sender.runOnce(Sender.java:325)
	at org.apache.kafka.clients.producer.internals.Sender.run(Sender.java:240)
	at java.lang.Thread.run(Thread.java:748)
[2022-09-03 18:40:38,931] ERROR [Producer clientId=producer-7] Uncaught error in kafka producer I/O thread:  (org.apache.kafka.clients.producer.internals.Sender:242)
java.lang.IllegalStateException: No previous metadata update to use
	at org.apache.kafka.clients.MockClient$DefaultMockMetadataUpdater.updateWithCurrentMetadata(MockClient.java:631)
	at org.apache.kafka.clients.MockClient.poll(MockClient.java:284)
	at org.apache.kafka.clients.producer.internals.Sender.runOnce(Sender.java:325)
	at org.apache.kafka.clients.producer.internals.Sender.run(Sender.java:240)
	at java.lang.Thread.run(Thread.java:748)
[2022-09-03 18:40:38,931] ERROR [Producer clientId=producer-7] Uncaught error in kafka producer I/O thread:  (org.apache.kafka.clients.producer.internals.Sender:242)
java.lang.IllegalStateException: No previous metadata update to use
	at org.apache.kafka.clients.MockClient$DefaultMockMetadataUpdater.updateWithCurrentMetadata(MockClient.java:631)
	at org.apache.kafka.clients.MockClient.poll(MockClient.java:284)
	at org.apache.kafka.clients.producer.internals.Sender.runOnce(Sender.java:325)
	at org.apache.kafka.clients.producer.internals.Sender.run(Sender.java:240)
	at java.lang.Thread.run(Thread.java:748)
[2022-09-03 18:40:38,932] ERROR [Producer clientId=producer-7] Uncaught error in kafka producer I/O thread:  (org.apache.kafka.clients.producer.internals.Sender:242)
java.lang.IllegalStateException: No previous metadata update to use
	at org.apache.kafka.clients.MockClient$DefaultMockMetadataUpdater.updateWithCurrentMetadata(MockClient.java:631)
	at org.apache.kafka.clients.MockClient.poll(MockClient.java:284)
	at org.apache.kafka.clients.producer.internals.Sender.runOnce(Sender.java:325)
	at org.apache.kafka.clients.producer.internals.Sender.run(Sender.java:240)
	at java.lang.Thread.run(Thread.java:748)
[2022-09-03 18:40:38,932] ERROR [Producer clientId=producer-7] Uncaught error in kafka producer I/O thread:  (org.apache.kafka.clients.producer.internals.Sender:242)
java.lang.IllegalStateException: No previous metadata update to use
	at org.apache.kafka.clients.MockClient$DefaultMockMetadataUpdater.updateWithCurrentMetadata(MockClient.java:631)
	at org.apache.kafka.clients.MockClient.poll(MockClient.java:284)
	at org.apache.kafka.clients.producer.internals.Sender.runOnce(Sender.java:325)
	at org.apache.kafka.clients.producer.internals.Sender.run(Sender.java:240)
	at java.lang.Thread.run(Thread.java:748)
[2022-09-03 18:40:38,932] ERROR [Producer clientId=producer-7] Uncaught error in kafka producer I/O thread:  (org.apache.kafka.clients.producer.internals.Sender:242)
java.lang.IllegalStateException: No previous metadata update to use
	at org.apache.kafka.clients.MockClient$DefaultMockMetadataUpdater.updateWithCurrentMetadata(MockClient.java:631)
	at org.apache.kafka.clients.MockClient.poll(MockClient.java:284)
	at org.apache.kafka.clients.producer.internals.Sender.runOnce(Sender.java:325)
	at org.apache.kafka.clients.producer.internals.Sender.run(Sender.java:240)
	at java.lang.Thread.run(Thread.java:748)
[2022-09-03 18:40:38,932] ERROR [Producer clientId=producer-7] Uncaught error in kafka producer I/O thread:  (org.apache.kafka.clients.producer.internals.Sender:242)
java.lang.IllegalStateException: No previous metadata update to use
	at org.apache.kafka.clients.MockClient$DefaultMockMetadataUpdater.updateWithCurrentMetadata(MockClient.java:631)
	at org.apache.kafka.clients.MockClient.poll(MockClient.java:284)
	at org.apache.kafka.clients.producer.internals.Sender.runOnce(Sender.java:325)
	at org.apache.kafka.clients.producer.internals.Sender.run(Sender.java:240)
	at java.lang.Thread.run(Thread.java:748)
[2022-09-03 18:40:38,932] ERROR [Producer clientId=producer-7] Uncaught error in kafka producer I/O thread:  (org.apache.kafka.clients.producer.internals.Sender:242)
java.lang.IllegalStateException: No previous metadata update to use
	at org.apache.kafka.clients.MockClient$DefaultMockMetadataUpdater.updateWithCurrentMetadata(MockClient.java:631)
	at org.apache.kafka.clients.MockClient.poll(MockClient.java:284)
	at org.apache.kafka.clients.producer.internals.Sender.runOnce(Sender.java:325)
	at org.apache.kafka.clients.producer.internals.Sender.run(Sender.java:240)
	at java.lang.Thread.run(Thread.java:748)
[2022-09-03 18:40:38,933] ERROR [Producer clientId=producer-7] Uncaught error in kafka producer I/O thread:  (org.apache.kafka.clients.producer.internals.Sender:242)
java.lang.IllegalStateException: No previous metadata update to use
	at org.apache.kafka.clients.MockClient$DefaultMockMetadataUpdater.updateWithCurrentMetadata(MockClient.java:631)
	at org.apache.kafka.clients.MockClient.poll(MockClient.java:284)
	at org.apache.kafka.clients.producer.internals.Sender.runOnce(Sender.java:325)
	at org.apache.kafka.clients.producer.internals.Sender.run(Sender.java:240)
	at java.lang.Thread.run(Thread.java:748)
[2022-09-03 18:40:38,933] ERROR [Producer clientId=producer-7] Uncaught error in kafka producer I/O thread:  (org.apache.kafka.clients.producer.internals.Sender:242)
java.lang.IllegalStateException: No previous metadata update to use
	at org.apache.kafka.clients.MockClient$DefaultMockMetadataUpdater.updateWithCurrentMetadata(MockClient.java:631)
	at org.apache.kafka.clients.MockClient.poll(MockClient.java:284)
	at org.apache.kafka.clients.producer.internals.Sender.runOnce(Sender.java:325)
	at org.apache.kafka.clients.producer.internals.Sender.run(Sender.java:240)
	at java.lang.Thread.run(Thread.java:748)
[2022-09-03 18:40:38,933] ERROR [Producer clientId=producer-7] Uncaught error in kafka producer I/O thread:  (org.apache.kafka.clients.producer.internals.Sender:242)
java.lang.IllegalStateException: No previous metadata update to use
	at org.apache.kafka.clients.MockClient$DefaultMockMetadataUpdater.updateWithCurrentMetadata(MockClient.java:631)
	at org.apache.kafka.clients.MockClient.poll(MockClient.java:284)
	at org.apache.kafka.clients.producer.internals.Sender.runOnce(Sender.java:325)
	at org.apache.kafka.clients.producer.internals.Sender.run(Sender.java:240)
	at java.lang.Thread.run(Thread.java:748)
[2022-09-03 18:40:38,933] ERROR [Producer clientId=producer-7] Uncaught error in kafka producer I/O thread:  (org.apache.kafka.clients.producer.internals.Sender:242)
java.lang.IllegalStateException: No previous metadata update to use
	at org.apache.kafka.clients.MockClient$DefaultMockMetadataUpdater.updateWithCurrentMetadata(MockClient.java:631)
	at org.apache.kafka.clients.MockClient.poll(MockClient.java:284)
	at org.apache.kafka.clients.producer.internals.Sender.runOnce(Sender.java:325)
	at org.apache.kafka.clients.producer.internals.Sender.run(Sender.java:240)
	at java.lang.Thread.run(Thread.java:748)
[2022-09-03 18:40:38,934] ERROR [Producer clientId=producer-7] Uncaught error in kafka producer I/O thread:  (org.apache.kafka.clients.producer.internals.Sender:242)
java.lang.IllegalStateException: No previous metadata update to use
	at org.apache.kafka.clients.MockClient$DefaultMockMetadataUpdater.updateWithCurrentMetadata(MockClient.java:631)
	at org.apache.kafka.clients.MockClient.poll(MockClient.java:284)
	at org.apache.kafka.clients.producer.internals.Sender.runOnce(Sender.java:325)
	at org.apache.kafka.clients.producer.internals.Sender.run(Sender.java:240)
	at java.lang.Thread.run(Thread.java:748)
[2022-09-03 18:40:38,934] ERROR [Producer clientId=producer-7] Uncaught error in kafka producer I/O thread:  (org.apache.kafka.clients.producer.internals.Sender:242)
java.lang.IllegalStateException: No previous metadata update to use
	at org.apache.kafka.clients.MockClient$DefaultMockMetadataUpdater.updateWithCurrentMetadata(MockClient.java:631)
	at org.apache.kafka.clients.MockClient.poll(MockClient.java:284)
	at org.apache.kafka.clients.producer.internals.Sender.runOnce(Sender.java:325)
	at org.apache.kafka.clients.producer.internals.Sender.run(Sender.java:240)
	at java.lang.Thread.run(Thread.java:748)
[2022-09-03 18:40:38,934] ERROR [Producer clientId=producer-7] Uncaught error in kafka producer I/O thread:  (org.apache.kafka.clients.producer.internals.Sender:242)
java.lang.IllegalStateException: No previous metadata update to use
	at org.apache.kafka.clients.MockClient$DefaultMockMetadataUpdater.updateWithCurrentMetadata(MockClient.java:631)
	at org.apache.kafka.clients.MockClient.poll(MockClient.java:284)
	at org.apache.kafka.clients.producer.internals.Sender.runOnce(Sender.java:325)
	at org.apache.kafka.clients.producer.internals.Sender.run(Sender.java:240)
	at java.lang.Thread.run(Thread.java:748)
[2022-09-03 18:40:38,934] ERROR [Producer clientId=producer-7] Uncaught error in kafka producer I/O thread:  (org.apache.kafka.clients.producer.internals.Sender:242)
java.lang.IllegalStateException: No previous metadata update to use
	at org.apache.kafka.clients.MockClient$DefaultMockMetadataUpdater.updateWithCurrentMetadata(MockClient.java:631)
	at org.apache.kafka.clients.MockClient.poll(MockClient.java:284)
	at org.apache.kafka.clients.producer.internals.Sender.runOnce(Sender.java:325)
	at org.apache.kafka.clients.producer.internals.Sender.run(Sender.java:240)
	at java.lang.Thread.run(Thread.java:748)
[2022-09-03 18:40:38,934] ERROR [Producer clientId=producer-7] Uncaught error in kafka producer I/O thread:  (org.apache.kafka.clients.producer.internals.Sender:242)
java.lang.IllegalStateException: No previous metadata update to use
	at org.apache.kafka.clients.MockClient$DefaultMockMetadataUpdater.updateWithCurrentMetadata(MockClient.java:631)
	at org.apache.kafka.clients.MockClient.poll(MockClient.java:284)
	at org.apache.kafka.clients.producer.internals.Sender.runOnce(Sender.java:325)
	at org.apache.kafka.clients.producer.internals.Sender.run(Sender.java:240)
	at java.lang.Thread.run(Thread.java:748)
[2022-09-03 18:40:38,935] ERROR [Producer clientId=producer-7] Uncaught error in kafka producer I/O thread:  (org.apache.kafka.clients.producer.internals.Sender:242)
java.lang.IllegalStateException: No previous metadata update to use
	at org.apache.kafka.clients.MockClient$DefaultMockMetadataUpdater.updateWithCurrentMetadata(MockClient.java:631)
	at org.apache.kafka.clients.MockClient.poll(MockClient.java:284)
	at org.apache.kafka.clients.producer.internals.Sender.runOnce(Sender.java:325)
	at org.apache.kafka.clients.producer.internals.Sender.run(Sender.java:240)
	at java.lang.Thread.run(Thread.java:748)
[2022-09-03 18:40:38,935] ERROR [Producer clientId=producer-7] Uncaught error in kafka producer I/O thread:  (org.apache.kafka.clients.producer.internals.Sender:242)
java.lang.IllegalStateException: No previous metadata update to use
	at org.apache.kafka.clients.MockClient$DefaultMockMetadataUpdater.updateWithCurrentMetadata(MockClient.java:631)
	at org.apache.kafka.clients.MockClient.poll(MockClient.java:284)
	at org.apache.kafka.clients.producer.internals.Sender.runOnce(Sender.java:325)
	at org.apache.kafka.clients.producer.internals.Sender.run(Sender.java:240)
	at java.lang.Thread.run(Thread.java:748)
[2022-09-03 18:40:38,935] ERROR [Producer clientId=producer-7] Uncaught error in kafka producer I/O thread:  (org.apache.kafka.clients.producer.internals.Sender:242)
java.lang.IllegalStateException: No previous metadata update to use
	at org.apache.kafka.clients.MockClient$DefaultMockMetadataUpdater.updateWithCurrentMetadata(MockClient.java:631)
	at org.apache.kafka.clients.MockClient.poll(MockClient.java:284)
	at org.apache.kafka.clients.producer.internals.Sender.runOnce(Sender.java:325)
	at org.apache.kafka.clients.producer.internals.Sender.run(Sender.java:240)
	at java.lang.Thread.run(Thread.java:748)
[2022-09-03 18:40:38,935] ERROR [Producer clientId=producer-7] Uncaught error in kafka producer I/O thread:  (org.apache.kafka.clients.producer.internals.Sender:242)
java.lang.IllegalStateException: No previous metadata update to use
	at org.apache.kafka.clients.MockClient$DefaultMockMetadataUpdater.updateWithCurrentMetadata(MockClient.java:631)
	at org.apache.kafka.clients.MockClient.poll(MockClient.java:284)
	at org.apache.kafka.clients.producer.internals.Sender.runOnce(Sender.java:325)
	at org.apache.kafka.clients.producer.internals.Sender.run(Sender.java:240)
	at java.lang.Thread.run(Thread.java:748)
[2022-09-03 18:40:38,935] ERROR [Producer clientId=producer-7] Uncaught error in kafka producer I/O thread:  (org.apache.kafka.clients.producer.internals.Sender:242)
java.lang.IllegalStateException: No previous metadata update to use
	at org.apache.kafka.clients.MockClient$DefaultMockMetadataUpdater.updateWithCurrentMetadata(MockClient.java:631)
	at org.apache.kafka.clients.MockClient.poll(MockClient.java:284)
	at org.apache.kafka.clients.producer.internals.Sender.runOnce(Sender.java:325)
	at org.apache.kafka.clients.producer.internals.Sender.run(Sender.java:240)
	at java.lang.Thread.run(Thread.java:748)
[2022-09-03 18:40:38,936] ERROR [Producer clientId=producer-7] Uncaught error in kafka producer I/O thread:  (org.apache.kafka.clients.producer.internals.Sender:242)
java.lang.IllegalStateException: No previous metadata update to use
	at org.apache.kafka.clients.MockClient$DefaultMockMetadataUpdater.updateWithCurrentMetadata(MockClient.java:631)
	at org.apache.kafka.clients.MockClient.poll(MockClient.java:284)
	at org.apache.kafka.clients.producer.internals.Sender.runOnce(Sender.java:325)
	at org.apache.kafka.clients.producer.internals.Sender.run(Sender.java:240)
	at java.lang.Thread.run(Thread.java:748)
[2022-09-03 18:40:38,936] ERROR [Producer clientId=producer-7] Uncaught error in kafka producer I/O thread:  (org.apache.kafka.clients.producer.internals.Sender:242)
java.lang.IllegalStateException: No previous metadata update to use
	at org.apache.kafka.clients.MockClient$DefaultMockMetadataUpdater.updateWithCurrentMetadata(MockClient.java:631)
	at org.apache.kafka.clients.MockClient.poll(MockClient.java:284)
	at org.apache.kafka.clients.producer.internals.Sender.runOnce(Sender.java:325)
	at org.apache.kafka.clients.producer.internals.Sender.run(Sender.java:240)
	at java.lang.Thread.run(Thread.java:748)
[2022-09-03 18:40:38,936] ERROR [Producer clientId=producer-7] Uncaught error in kafka producer I/O thread:  (org.apache.kafka.clients.producer.internals.Sender:242)
java.lang.IllegalStateException: No previous metadata update to use
	at org.apache.kafka.clients.MockClient$DefaultMockMetadataUpdater.updateWithCurrentMetadata(MockClient.java:631)
	at org.apache.kafka.clients.MockClient.poll(MockClient.java:284)
	at org.apache.kafka.clients.producer.internals.Sender.runOnce(Sender.java:325)
	at org.apache.kafka.clients.producer.internals.Sender.run(Sender.java:240)
	at java.lang.Thread.run(Thread.java:748)
[2022-09-03 18:40:38,936] ERROR [Producer clientId=producer-7] Uncaught error in kafka producer I/O thread:  (org.apache.kafka.clients.producer.internals.Sender:242)
java.lang.IllegalStateException: No previous metadata update to use
	at org.apache.kafka.clients.MockClient$DefaultMockMetadataUpdater.updateWithCurrentMetadata(MockClient.java:631)
	at org.apache.kafka.clients.MockClient.poll(MockClient.java:284)
	at org.apache.kafka.clients.producer.internals.Sender.runOnce(Sender.java:325)
	at org.apache.kafka.clients.producer.internals.Sender.run(Sender.java:240)
	at java.lang.Thread.run(Thread.java:748)
[2022-09-03 18:40:38,936] ERROR [Producer clientId=producer-7] Uncaught error in kafka producer I/O thread:  (org.apache.kafka.clients.producer.internals.Sender:242)
java.lang.IllegalStateException: No previous metadata update to use
	at org.apache.kafka.clients.MockClient$DefaultMockMetadataUpdater.updateWithCurrentMetadata(MockClient.java:631)
	at org.apache.kafka.clients.MockClient.poll(MockClient.java:284)
	at org.apache.kafka.clients.producer.internals.Sender.runOnce(Sender.java:325)
	at org.apache.kafka.clients.producer.internals.Sender.run(Sender.java:240)
	at java.lang.Thread.run(Thread.java:748)
[2022-09-03 18:40:38,936] ERROR [Producer clientId=producer-7] Uncaught error in kafka producer I/O thread:  (org.apache.kafka.clients.producer.internals.Sender:242)
java.lang.IllegalStateException: No previous metadata update to use
	at org.apache.kafka.clients.MockClient$DefaultMockMetadataUpdater.updateWithCurrentMetadata(MockClient.java:631)
	at org.apache.kafka.clients.MockClient.poll(MockClient.java:284)
	at org.apache.kafka.clients.producer.internals.Sender.runOnce(Sender.java:325)
	at org.apache.kafka.clients.producer.internals.Sender.run(Sender.java:240)
	at java.lang.Thread.run(Thread.java:748)
[2022-09-03 18:40:38,937] ERROR [Producer clientId=producer-7] Uncaught error in kafka producer I/O thread:  (org.apache.kafka.clients.producer.internals.Sender:242)
java.lang.IllegalStateException: No previous metadata update to use
	at org.apache.kafka.clients.MockClient$DefaultMockMetadataUpdater.updateWithCurrentMetadata(MockClient.java:631)
	at org.apache.kafka.clients.MockClient.poll(MockClient.java:284)
	at org.apache.kafka.clients.producer.internals.Sender.runOnce(Sender.java:325)
	at org.apache.kafka.clients.producer.internals.Sender.run(Sender.java:240)
	at java.lang.Thread.run(Thread.java:748)
[2022-09-03 18:40:38,937] ERROR [Producer clientId=producer-7] Uncaught error in kafka producer I/O thread:  (org.apache.kafka.clients.producer.internals.Sender:242)
java.lang.IllegalStateException: No previous metadata update to use
	at org.apache.kafka.clients.MockClient$DefaultMockMetadataUpdater.updateWithCurrentMetadata(MockClient.java:631)
	at org.apache.kafka.clients.MockClient.poll(MockClient.java:284)
	at org.apache.kafka.clients.producer.internals.Sender.runOnce(Sender.java:325)
	at org.apache.kafka.clients.producer.internals.Sender.run(Sender.java:240)
	at java.lang.Thread.run(Thread.java:748)
[2022-09-03 18:40:38,937] ERROR [Producer clientId=producer-7] Uncaught error in kafka producer I/O thread:  (org.apache.kafka.clients.producer.internals.Sender:242)
java.lang.IllegalStateException: No previous metadata update to use
	at org.apache.kafka.clients.MockClient$DefaultMockMetadataUpdater.updateWithCurrentMetadata(MockClient.java:631)
	at org.apache.kafka.clients.MockClient.poll(MockClient.java:284)
	at org.apache.kafka.clients.producer.internals.Sender.runOnce(Sender.java:325)
	at org.apache.kafka.clients.producer.internals.Sender.run(Sender.java:240)
	at java.lang.Thread.run(Thread.java:748)
[2022-09-03 18:40:38,937] ERROR [Producer clientId=producer-7] Uncaught error in kafka producer I/O thread:  (org.apache.kafka.clients.producer.internals.Sender:242)
java.lang.IllegalStateException: No previous metadata update to use
	at org.apache.kafka.clients.MockClient$DefaultMockMetadataUpdater.updateWithCurrentMetadata(MockClient.java:631)
	at org.apache.kafka.clients.MockClient.poll(MockClient.java:284)
	at org.apache.kafka.clients.producer.internals.Sender.runOnce(Sender.java:325)
	at org.apache.kafka.clients.producer.internals.Sender.run(Sender.java:240)
	at java.lang.Thread.run(Thread.java:748)
[2022-09-03 18:40:38,937] ERROR [Producer clientId=producer-7] Uncaught error in kafka producer I/O thread:  (org.apache.kafka.clients.producer.internals.Sender:242)
java.lang.IllegalStateException: No previous metadata update to use
	at org.apache.kafka.clients.MockClient$DefaultMockMetadataUpdater.updateWithCurrentMetadata(MockClient.java:631)
	at org.apache.kafka.clients.MockClient.poll(MockClient.java:284)
	at org.apache.kafka.clients.producer.internals.Sender.runOnce(Sender.java:325)
	at org.apache.kafka.clients.producer.internals.Sender.run(Sender.java:240)
	at java.lang.Thread.run(Thread.java:748)
[2022-09-03 18:40:38,938] ERROR [Producer clientId=producer-7] Uncaught error in kafka producer I/O thread:  (org.apache.kafka.clients.producer.internals.Sender:242)
java.lang.IllegalStateException: No previous metadata update to use
	at org.apache.kafka.clients.MockClient$DefaultMockMetadataUpdater.updateWithCurrentMetadata(MockClient.java:631)
	at org.apache.kafka.clients.MockClient.poll(MockClient.java:284)
	at org.apache.kafka.clients.producer.internals.Sender.runOnce(Sender.java:325)
	at org.apache.kafka.clients.producer.internals.Sender.run(Sender.java:240)
	at java.lang.Thread.run(Thread.java:748)
[2022-09-03 18:40:38,938] ERROR [Producer clientId=producer-7] Uncaught error in kafka producer I/O thread:  (org.apache.kafka.clients.producer.internals.Sender:242)
java.lang.IllegalStateException: No previous metadata update to use
	at org.apache.kafka.clients.MockClient$DefaultMockMetadataUpdater.updateWithCurrentMetadata(MockClient.java:631)
	at org.apache.kafka.clients.MockClient.poll(MockClient.java:284)
	at org.apache.kafka.clients.producer.internals.Sender.runOnce(Sender.java:325)
	at org.apache.kafka.clients.producer.internals.Sender.run(Sender.java:240)
	at java.lang.Thread.run(Thread.java:748)
[2022-09-03 18:40:38,938] ERROR [Producer clientId=producer-7] Uncaught error in kafka producer I/O thread:  (org.apache.kafka.clients.producer.internals.Sender:242)
java.lang.IllegalStateException: No previous metadata update to use
	at org.apache.kafka.clients.MockClient$DefaultMockMetadataUpdater.updateWithCurrentMetadata(MockClient.java:631)
	at org.apache.kafka.clients.MockClient.poll(MockClient.java:284)
	at org.apache.kafka.clients.producer.internals.Sender.runOnce(Sender.java:325)
	at org.apache.kafka.clients.producer.internals.Sender.run(Sender.java:240)
	at java.lang.Thread.run(Thread.java:748)
[2022-09-03 18:40:38,938] ERROR [Producer clientId=producer-7] Uncaught error in kafka producer I/O thread:  (org.apache.kafka.clients.producer.internals.Sender:242)
java.lang.IllegalStateException: No previous metadata update to use
	at org.apache.kafka.clients.MockClient$DefaultMockMetadataUpdater.updateWithCurrentMetadata(MockClient.java:631)
	at org.apache.kafka.clients.MockClient.poll(MockClient.java:284)
	at org.apache.kafka.clients.producer.internals.Sender.runOnce(Sender.java:325)
	at org.apache.kafka.clients.producer.internals.Sender.run(Sender.java:240)
	at java.lang.Thread.run(Thread.java:748)
[2022-09-03 18:40:38,938] ERROR [Producer clientId=producer-7] Uncaught error in kafka producer I/O thread:  (org.apache.kafka.clients.producer.internals.Sender:242)
java.lang.IllegalStateException: No previous metadata update to use
	at org.apache.kafka.clients.MockClient$DefaultMockMetadataUpdater.updateWithCurrentMetadata(MockClient.java:631)
	at org.apache.kafka.clients.MockClient.poll(MockClient.java:284)
	at org.apache.kafka.clients.producer.internals.Sender.runOnce(Sender.java:325)
	at org.apache.kafka.clients.producer.internals.Sender.run(Sender.java:240)
	at java.lang.Thread.run(Thread.java:748)
[2022-09-03 18:40:38,938] ERROR [Producer clientId=producer-7] Uncaught error in kafka producer I/O thread:  (org.apache.kafka.clients.producer.internals.Sender:242)
java.lang.IllegalStateException: No previous metadata update to use
	at org.apache.kafka.clients.MockClient$DefaultMockMetadataUpdater.updateWithCurrentMetadata(MockClient.java:631)
	at org.apache.kafka.clients.MockClient.poll(MockClient.java:284)
	at org.apache.kafka.clients.producer.internals.Sender.runOnce(Sender.java:325)
	at org.apache.kafka.clients.producer.internals.Sender.run(Sender.java:240)
	at java.lang.Thread.run(Thread.java:748)
[2022-09-03 18:40:38,939] ERROR [Producer clientId=producer-7] Uncaught error in kafka producer I/O thread:  (org.apache.kafka.clients.producer.internals.Sender:242)
java.lang.IllegalStateException: No previous metadata update to use
	at org.apache.kafka.clients.MockClient$DefaultMockMetadataUpdater.updateWithCurrentMetadata(MockClient.java:631)
	at org.apache.kafka.clients.MockClient.poll(MockClient.java:284)
	at org.apache.kafka.clients.producer.internals.Sender.runOnce(Sender.java:325)
	at org.apache.kafka.clients.producer.internals.Sender.run(Sender.java:240)
	at java.lang.Thread.run(Thread.java:748)
[2022-09-03 18:40:38,939] ERROR [Producer clientId=producer-7] Uncaught error in kafka producer I/O thread:  (org.apache.kafka.clients.producer.internals.Sender:242)
java.lang.IllegalStateException: No previous metadata update to use
	at org.apache.kafka.clients.MockClient$DefaultMockMetadataUpdater.updateWithCurrentMetadata(MockClient.java:631)
	at org.apache.kafka.clients.MockClient.poll(MockClient.java:284)
	at org.apache.kafka.clients.producer.internals.Sender.runOnce(Sender.java:325)
	at org.apache.kafka.clients.producer.internals.Sender.run(Sender.java:240)
	at java.lang.Thread.run(Thread.java:748)
[2022-09-03 18:40:38,939] ERROR [Producer clientId=producer-7] Uncaught error in kafka producer I/O thread:  (org.apache.kafka.clients.producer.internals.Sender:242)
java.lang.IllegalStateException: No previous metadata update to use
	at org.apache.kafka.clients.MockClient$DefaultMockMetadataUpdater.updateWithCurrentMetadata(MockClient.java:631)
	at org.apache.kafka.clients.MockClient.poll(MockClient.java:284)
	at org.apache.kafka.clients.producer.internals.Sender.runOnce(Sender.java:325)
	at org.apache.kafka.clients.producer.internals.Sender.run(Sender.java:240)
	at java.lang.Thread.run(Thread.java:748)
[2022-09-03 18:40:38,939] ERROR [Producer clientId=producer-7] Uncaught error in kafka producer I/O thread:  (org.apache.kafka.clients.producer.internals.Sender:242)
java.lang.IllegalStateException: No previous metadata update to use
	at org.apache.kafka.clients.MockClient$DefaultMockMetadataUpdater.updateWithCurrentMetadata(MockClient.java:631)
	at org.apache.kafka.clients.MockClient.poll(MockClient.java:284)
	at org.apache.kafka.clients.producer.internals.Sender.runOnce(Sender.java:325)
	at org.apache.kafka.clients.producer.internals.Sender.run(Sender.java:240)
	at java.lang.Thread.run(Thread.java:748)
[2022-09-03 18:40:38,939] ERROR [Producer clientId=producer-7] Uncaught error in kafka producer I/O thread:  (org.apache.kafka.clients.producer.internals.Sender:242)
java.lang.IllegalStateException: No previous metadata update to use
	at org.apache.kafka.clients.MockClient$DefaultMockMetadataUpdater.updateWithCurrentMetadata(MockClient.java:631)
	at org.apache.kafka.clients.MockClient.poll(MockClient.java:284)
	at org.apache.kafka.clients.producer.internals.Sender.runOnce(Sender.java:325)
	at org.apache.kafka.clients.producer.internals.Sender.run(Sender.java:240)
	at java.lang.Thread.run(Thread.java:748)
[2022-09-03 18:40:38,939] ERROR [Producer clientId=producer-7] Uncaught error in kafka producer I/O thread:  (org.apache.kafka.clients.producer.internals.Sender:242)
java.lang.IllegalStateException: No previous metadata update to use
	at org.apache.kafka.clients.MockClient$DefaultMockMetadataUpdater.updateWithCurrentMetadata(MockClient.java:631)
	at org.apache.kafka.clients.MockClient.poll(MockClient.java:284)
	at org.apache.kafka.clients.producer.internals.Sender.runOnce(Sender.java:325)
	at org.apache.kafka.clients.producer.internals.Sender.run(Sender.java:240)
	at java.lang.Thread.run(Thread.java:748)
[2022-09-03 18:40:38,940] ERROR [Producer clientId=producer-7] Uncaught error in kafka producer I/O thread:  (org.apache.kafka.clients.producer.internals.Sender:242)
java.lang.IllegalStateException: No previous metadata update to use
	at org.apache.kafka.clients.MockClient$DefaultMockMetadataUpdater.updateWithCurrentMetadata(MockClient.java:631)
	at org.apache.kafka.clients.MockClient.poll(MockClient.java:284)
	at org.apache.kafka.clients.producer.internals.Sender.runOnce(Sender.java:325)
	at org.apache.kafka.clients.producer.internals.Sender.run(Sender.java:240)
	at java.lang.Thread.run(Thread.java:748)
[2022-09-03 18:40:38,940] ERROR [Producer clientId=producer-7] Uncaught error in kafka producer I/O thread:  (org.apache.kafka.clients.producer.internals.Sender:242)
java.lang.IllegalStateException: No previous metadata update to use
	at org.apache.kafka.clients.MockClient$DefaultMockMetadataUpdater.updateWithCurrentMetadata(MockClient.java:631)
	at org.apache.kafka.clients.MockClient.poll(MockClient.java:284)
	at org.apache.kafka.clients.producer.internals.Sender.runOnce(Sender.java:325)
	at org.apache.kafka.clients.producer.internals.Sender.run(Sender.java:240)
	at java.lang.Thread.run(Thread.java:748)
[2022-09-03 18:40:38,940] ERROR [Producer clientId=producer-7] Uncaught error in kafka producer I/O thread:  (org.apache.kafka.clients.producer.internals.Sender:242)
java.lang.IllegalStateException: No previous metadata update to use
	at org.apache.kafka.clients.MockClient$DefaultMockMetadataUpdater.updateWithCurrentMetadata(MockClient.java:631)
	at org.apache.kafka.clients.MockClient.poll(MockClient.java:284)
	at org.apache.kafka.clients.producer.internals.Sender.runOnce(Sender.java:325)
	at org.apache.kafka.clients.producer.internals.Sender.run(Sender.java:240)
	at java.lang.Thread.run(Thread.java:748)
[2022-09-03 18:40:38,940] ERROR [Producer clientId=producer-7] Uncaught error in kafka producer I/O thread:  (org.apache.kafka.clients.producer.internals.Sender:242)
java.lang.IllegalStateException: No previous metadata update to use
	at org.apache.kafka.clients.MockClient$DefaultMockMetadataUpdater.updateWithCurrentMetadata(MockClient.java:631)
	at org.apache.kafka.clients.MockClient.poll(MockClient.java:284)
	at org.apache.kafka.clients.producer.internals.Sender.runOnce(Sender.java:325)
	at org.apache.kafka.clients.producer.internals.Sender.run(Sender.java:240)
	at java.lang.Thread.run(Thread.java:748)
[2022-09-03 18:40:38,940] ERROR [Producer clientId=producer-7] Uncaught error in kafka producer I/O thread:  (org.apache.kafka.clients.producer.internals.Sender:242)
java.lang.IllegalStateException: No previous metadata update to use
	at org.apache.kafka.clients.MockClient$DefaultMockMetadataUpdater.updateWithCurrentMetadata(MockClient.java:631)
	at org.apache.kafka.clients.MockClient.poll(MockClient.java:284)
	at org.apache.kafka.clients.producer.internals.Sender.runOnce(Sender.java:325)
	at org.apache.kafka.clients.producer.internals.Sender.run(Sender.java:240)
	at java.lang.Thread.run(Thread.java:748)
[2022-09-03 18:40:38,940] ERROR [Producer clientId=producer-7] Uncaught error in kafka producer I/O thread:  (org.apache.kafka.clients.producer.internals.Sender:242)
java.lang.IllegalStateException: No previous metadata update to use
	at org.apache.kafka.clients.MockClient$DefaultMockMetadataUpdater.updateWithCurrentMetadata(MockClient.java:631)
	at org.apache.kafka.clients.MockClient.poll(MockClient.java:284)
	at org.apache.kafka.clients.producer.internals.Sender.runOnce(Sender.java:325)
	at org.apache.kafka.clients.producer.internals.Sender.run(Sender.java:240)
	at java.lang.Thread.run(Thread.java:748)
[2022-09-03 18:40:38,941] ERROR [Producer clientId=producer-7] Uncaught error in kafka producer I/O thread:  (org.apache.kafka.clients.producer.internals.Sender:242)
java.lang.IllegalStateException: No previous metadata update to use
	at org.apache.kafka.clients.MockClient$DefaultMockMetadataUpdater.updateWithCurrentMetadata(MockClient.java:631)
	at org.apache.kafka.clients.MockClient.poll(MockClient.java:284)
	at org.apache.kafka.clients.producer.internals.Sender.runOnce(Sender.java:325)
	at org.apache.kafka.clients.producer.internals.Sender.run(Sender.java:240)
	at java.lang.Thread.run(Thread.java:748)
[2022-09-03 18:40:38,941] ERROR [Producer clientId=producer-7] Uncaught error in kafka producer I/O thread:  (org.apache.kafka.clients.producer.internals.Sender:242)
java.lang.IllegalStateException: No previous metadata update to use
	at org.apache.kafka.clients.MockClient$DefaultMockMetadataUpdater.updateWithCurrentMetadata(MockClient.java:631)
	at org.apache.kafka.clients.MockClient.poll(MockClient.java:284)
	at org.apache.kafka.clients.producer.internals.Sender.runOnce(Sender.java:325)
	at org.apache.kafka.clients.producer.internals.Sender.run(Sender.java:240)
	at java.lang.Thread.run(Thread.java:748)
[2022-09-03 18:40:38,941] ERROR [Producer clientId=producer-7] Uncaught error in kafka producer I/O thread:  (org.apache.kafka.clients.producer.internals.Sender:242)
java.lang.IllegalStateException: No previous metadata update to use
	at org.apache.kafka.clients.MockClient$DefaultMockMetadataUpdater.updateWithCurrentMetadata(MockClient.java:631)
	at org.apache.kafka.clients.MockClient.poll(MockClient.java:284)
	at org.apache.kafka.clients.producer.internals.Sender.runOnce(Sender.java:325)
	at org.apache.kafka.clients.producer.internals.Sender.run(Sender.java:240)
	at java.lang.Thread.run(Thread.java:748)
[2022-09-03 18:40:38,941] ERROR [Producer clientId=producer-7] Uncaught error in kafka producer I/O thread:  (org.apache.kafka.clients.producer.internals.Sender:242)
java.lang.IllegalStateException: No previous metadata update to use
	at org.apache.kafka.clients.MockClient$DefaultMockMetadataUpdater.updateWithCurrentMetadata(MockClient.java:631)
	at org.apache.kafka.clients.MockClient.poll(MockClient.java:284)
	at org.apache.kafka.clients.producer.internals.Sender.runOnce(Sender.java:325)
	at org.apache.kafka.clients.producer.internals.Sender.run(Sender.java:240)
	at java.lang.Thread.run(Thread.java:748)
[2022-09-03 18:40:38,941] ERROR [Producer clientId=producer-7] Uncaught error in kafka producer I/O thread:  (org.apache.kafka.clients.producer.internals.Sender:242)
java.lang.IllegalStateException: No previous metadata update to use
	at org.apache.kafka.clients.MockClient$DefaultMockMetadataUpdater.updateWithCurrentMetadata(MockClient.java:631)
	at org.apache.kafka.clients.MockClient.poll(MockClient.java:284)
	at org.apache.kafka.clients.producer.internals.Sender.runOnce(Sender.java:325)
	at org.apache.kafka.clients.producer.internals.Sender.run(Sender.java:240)
	at java.lang.Thread.run(Thread.java:748)
[2022-09-03 18:40:38,941] ERROR [Producer clientId=producer-7] Uncaught error in kafka producer I/O thread:  (org.apache.kafka.clients.producer.internals.Sender:242)
java.lang.IllegalStateException: No previous metadata update to use
	at org.apache.kafka.clients.MockClient$DefaultMockMetadataUpdater.updateWithCurrentMetadata(MockClient.java:631)
	at org.apache.kafka.clients.MockClient.poll(MockClient.java:284)
	at org.apache.kafka.clients.producer.internals.Sender.runOnce(Sender.java:325)
	at org.apache.kafka.clients.producer.internals.Sender.run(Sender.java:240)
	at java.lang.Thread.run(Thread.java:748)
[2022-09-03 18:40:38,941] ERROR [Producer clientId=producer-7] Uncaught error in kafka producer I/O thread:  (org.apache.kafka.clients.producer.internals.Sender:242)
java.lang.IllegalStateException: No previous metadata update to use
	at org.apache.kafka.clients.MockClient$DefaultMockMetadataUpdater.updateWithCurrentMetadata(MockClient.java:631)
	at org.apache.kafka.clients.MockClient.poll(MockClient.java:284)
	at org.apache.kafka.clients.producer.internals.Sender.runOnce(Sender.java:325)
	at org.apache.kafka.clients.producer.internals.Sender.run(Sender.java:240)
	at java.lang.Thread.run(Thread.java:748)
[2022-09-03 18:40:38,941] ERROR [Producer clientId=producer-7] Uncaught error in kafka producer I/O thread:  (org.apache.kafka.clients.producer.internals.Sender:242)
java.lang.IllegalStateException: No previous metadata update to use
	at org.apache.kafka.clients.MockClient$DefaultMockMetadataUpdater.updateWithCurrentMetadata(MockClient.java:631)
	at org.apache.kafka.clients.MockClient.poll(MockClient.java:284)
	at org.apache.kafka.clients.producer.internals.Sender.runOnce(Sender.java:325)
	at org.apache.kafka.clients.producer.internals.Sender.run(Sender.java:240)
	at java.lang.Thread.run(Thread.java:748)
[2022-09-03 18:40:38,941] ERROR [Producer clientId=producer-7] Uncaught error in kafka producer I/O thread:  (org.apache.kafka.clients.producer.internals.Sender:242)
java.lang.IllegalStateException: No previous metadata update to use
	at org.apache.kafka.clients.MockClient$DefaultMockMetadataUpdater.updateWithCurrentMetadata(MockClient.java:631)
	at org.apache.kafka.clients.MockClient.poll(MockClient.java:284)
	at org.apache.kafka.clients.producer.internals.Sender.runOnce(Sender.java:325)
	at org.apache.kafka.clients.producer.internals.Sender.run(Sender.java:240)
	at java.lang.Thread.run(Thread.java:748)
[2022-09-03 18:40:38,942] ERROR [Producer clientId=producer-7] Uncaught error in kafka producer I/O thread:  (org.apache.kafka.clients.producer.internals.Sender:242)
java.lang.IllegalStateException: No previous metadata update to use
	at org.apache.kafka.clients.MockClient$DefaultMockMetadataUpdater.updateWithCurrentMetadata(MockClient.java:631)
	at org.apache.kafka.clients.MockClient.poll(MockClient.java:284)
	at org.apache.kafka.clients.producer.internals.Sender.runOnce(Sender.java:325)
	at org.apache.kafka.clients.producer.internals.Sender.run(Sender.java:240)
	at java.lang.Thread.run(Thread.java:748)
[2022-09-03 18:40:38,942] ERROR [Producer clientId=producer-7] Uncaught error in kafka producer I/O thread:  (org.apache.kafka.clients.producer.internals.Sender:242)
java.lang.IllegalStateException: No previous metadata update to use
	at org.apache.kafka.clients.MockClient$DefaultMockMetadataUpdater.updateWithCurrentMetadata(MockClient.java:631)
	at org.apache.kafka.clients.MockClient.poll(MockClient.java:284)
	at org.apache.kafka.clients.producer.internals.Sender.runOnce(Sender.java:325)
	at org.apache.kafka.clients.producer.internals.Sender.run(Sender.java:240)
	at java.lang.Thread.run(Thread.java:748)
[2022-09-03 18:40:38,942] ERROR [Producer clientId=producer-7] Uncaught error in kafka producer I/O thread:  (org.apache.kafka.clients.producer.internals.Sender:242)
java.lang.IllegalStateException: No previous metadata update to use
	at org.apache.kafka.clients.MockClient$DefaultMockMetadataUpdater.updateWithCurrentMetadata(MockClient.java:631)
	at org.apache.kafka.clients.MockClient.poll(MockClient.java:284)
	at org.apache.kafka.clients.producer.internals.Sender.runOnce(Sender.java:325)
	at org.apache.kafka.clients.producer.internals.Sender.run(Sender.java:240)
	at java.lang.Thread.run(Thread.java:748)
[2022-09-03 18:40:38,942] ERROR [Producer clientId=producer-7] Uncaught error in kafka producer I/O thread:  (org.apache.kafka.clients.producer.internals.Sender:242)
java.lang.IllegalStateException: No previous metadata update to use
	at org.apache.kafka.clients.MockClient$DefaultMockMetadataUpdater.updateWithCurrentMetadata(MockClient.java:631)
	at org.apache.kafka.clients.MockClient.poll(MockClient.java:284)
	at org.apache.kafka.clients.producer.internals.Sender.runOnce(Sender.java:325)
	at org.apache.kafka.clients.producer.internals.Sender.run(Sender.java:240)
	at java.lang.Thread.run(Thread.java:748)
[2022-09-03 18:40:38,942] ERROR [Producer clientId=producer-7] Uncaught error in kafka producer I/O thread:  (org.apache.kafka.clients.producer.internals.Sender:242)
java.lang.IllegalStateException: No previous metadata update to use
	at org.apache.kafka.clients.MockClient$DefaultMockMetadataUpdater.updateWithCurrentMetadata(MockClient.java:631)
	at org.apache.kafka.clients.MockClient.poll(MockClient.java:284)
	at org.apache.kafka.clients.producer.internals.Sender.runOnce(Sender.java:325)
	at org.apache.kafka.clients.producer.internals.Sender.run(Sender.java:240)
	at java.lang.Thread.run(Thread.java:748)
[2022-09-03 18:40:38,942] ERROR [Producer clientId=producer-7] Uncaught error in kafka producer I/O thread:  (org.apache.kafka.clients.producer.internals.Sender:242)
java.lang.IllegalStateException: No previous metadata update to use
	at org.apache.kafka.clients.MockClient$DefaultMockMetadataUpdater.updateWithCurrentMetadata(MockClient.java:631)
	at org.apache.kafka.clients.MockClient.poll(MockClient.java:284)
	at org.apache.kafka.clients.producer.internals.Sender.runOnce(Sender.java:325)
	at org.apache.kafka.clients.producer.internals.Sender.run(Sender.java:240)
	at java.lang.Thread.run(Thread.java:748)
[2022-09-03 18:40:38,942] ERROR [Producer clientId=producer-7] Uncaught error in kafka producer I/O thread:  (org.apache.kafka.clients.producer.internals.Sender:242)
java.lang.IllegalStateException: No previous metadata update to use
	at org.apache.kafka.clients.MockClient$DefaultMockMetadataUpdater.updateWithCurrentMetadata(MockClient.java:631)
	at org.apache.kafka.clients.MockClient.poll(MockClient.java:284)
	at org.apache.kafka.clients.producer.internals.Sender.runOnce(Sender.java:325)
	at org.apache.kafka.clients.producer.internals.Sender.run(Sender.java:240)
	at java.lang.Thread.run(Thread.java:748)
[2022-09-03 18:40:38,942] ERROR [Producer clientId=producer-7] Uncaught error in kafka producer I/O thread:  (org.apache.kafka.clients.producer.internals.Sender:242)
java.lang.IllegalStateException: No previous metadata update to use
	at org.apache.kafka.clients.MockClient$DefaultMockMetadataUpdater.updateWithCurrentMetadata(MockClient.java:631)
	at org.apache.kafka.clients.MockClient.poll(MockClient.java:284)
	at org.apache.kafka.clients.producer.internals.Sender.runOnce(Sender.java:325)
	at org.apache.kafka.clients.producer.internals.Sender.run(Sender.java:240)
	at java.lang.Thread.run(Thread.java:748)
[2022-09-03 18:40:38,942] ERROR [Producer clientId=producer-7] Uncaught error in kafka producer I/O thread:  (org.apache.kafka.clients.producer.internals.Sender:242)
java.lang.IllegalStateException: No previous metadata update to use
	at org.apache.kafka.clients.MockClient$DefaultMockMetadataUpdater.updateWithCurrentMetadata(MockClient.java:631)
	at org.apache.kafka.clients.MockClient.poll(MockClient.java:284)
	at org.apache.kafka.clients.producer.internals.Sender.runOnce(Sender.java:325)
	at org.apache.kafka.clients.producer.internals.Sender.run(Sender.java:240)
	at java.lang.Thread.run(Thread.java:748)
[2022-09-03 18:40:38,942] ERROR [Producer clientId=producer-7] Uncaught error in kafka producer I/O thread:  (org.apache.kafka.clients.producer.internals.Sender:242)
java.lang.IllegalStateException: No previous metadata update to use
	at org.apache.kafka.clients.MockClient$DefaultMockMetadataUpdater.updateWithCurrentMetadata(MockClient.java:631)
	at org.apache.kafka.clients.MockClient.poll(MockClient.java:284)
	at org.apache.kafka.clients.producer.internals.Sender.runOnce(Sender.java:325)
	at org.apache.kafka.clients.producer.internals.Sender.run(Sender.java:240)
	at java.lang.Thread.run(Thread.java:748)
[2022-09-03 18:40:38,942] ERROR [Producer clientId=producer-7] Uncaught error in kafka producer I/O thread:  (org.apache.kafka.clients.producer.internals.Sender:242)
java.lang.IllegalStateException: No previous metadata update to use
	at org.apache.kafka.clients.MockClient$DefaultMockMetadataUpdater.updateWithCurrentMetadata(MockClient.java:631)
	at org.apache.kafka.clients.MockClient.poll(MockClient.java:284)
	at org.apache.kafka.clients.producer.internals.Sender.runOnce(Sender.java:325)
	at org.apache.kafka.clients.producer.internals.Sender.run(Sender.java:240)
	at java.lang.Thread.run(Thread.java:748)
[2022-09-03 18:40:38,943] ERROR [Producer clientId=producer-7] Uncaught error in kafka producer I/O thread:  (org.apache.kafka.clients.producer.internals.Sender:242)
java.lang.IllegalStateException: No previous metadata update to use
	at org.apache.kafka.clients.MockClient$DefaultMockMetadataUpdater.updateWithCurrentMetadata(MockClient.java:631)
	at org.apache.kafka.clients.MockClient.poll(MockClient.java:284)
	at org.apache.kafka.clients.producer.internals.Sender.runOnce(Sender.java:325)
	at org.apache.kafka.clients.producer.internals.Sender.run(Sender.java:240)
	at java.lang.Thread.run(Thread.java:748)
[2022-09-03 18:40:38,943] ERROR [Producer clientId=producer-7] Uncaught error in kafka producer I/O thread:  (org.apache.kafka.clients.producer.internals.Sender:242)
java.lang.IllegalStateException: No previous metadata update to use
	at org.apache.kafka.clients.MockClient$DefaultMockMetadataUpdater.updateWithCurrentMetadata(MockClient.java:631)
	at org.apache.kafka.clients.MockClient.poll(MockClient.java:284)
	at org.apache.kafka.clients.producer.internals.Sender.runOnce(Sender.java:325)
	at org.apache.kafka.clients.producer.internals.Sender.run(Sender.java:240)
	at java.lang.Thread.run(Thread.java:748)
[2022-09-03 18:40:38,943] ERROR [Producer clientId=producer-7] Uncaught error in kafka producer I/O thread:  (org.apache.kafka.clients.producer.internals.Sender:242)
java.lang.IllegalStateException: No previous metadata update to use
	at org.apache.kafka.clients.MockClient$DefaultMockMetadataUpdater.updateWithCurrentMetadata(MockClient.java:631)
	at org.apache.kafka.clients.MockClient.poll(MockClient.java:284)
	at org.apache.kafka.clients.producer.internals.Sender.runOnce(Sender.java:325)
	at org.apache.kafka.clients.producer.internals.Sender.run(Sender.java:240)
	at java.lang.Thread.run(Thread.java:748)
[2022-09-03 18:40:38,943] ERROR [Producer clientId=producer-7] Uncaught error in kafka producer I/O thread:  (org.apache.kafka.clients.producer.internals.Sender:242)
java.lang.IllegalStateException: No previous metadata update to use
	at org.apache.kafka.clients.MockClient$DefaultMockMetadataUpdater.updateWithCurrentMetadata(MockClient.java:631)
	at org.apache.kafka.clients.MockClient.poll(MockClient.java:284)
	at org.apache.kafka.clients.producer.internals.Sender.runOnce(Sender.java:325)
	at org.apache.kafka.clients.producer.internals.Sender.run(Sender.java:240)
	at java.lang.Thread.run(Thread.java:748)
[2022-09-03 18:40:38,943] ERROR [Producer clientId=producer-7] Uncaught error in kafka producer I/O thread:  (org.apache.kafka.clients.producer.internals.Sender:242)
java.lang.IllegalStateException: No previous metadata update to use
	at org.apache.kafka.clients.MockClient$DefaultMockMetadataUpdater.updateWithCurrentMetadata(MockClient.java:631)
	at org.apache.kafka.clients.MockClient.poll(MockClient.java:284)
	at org.apache.kafka.clients.producer.internals.Sender.runOnce(Sender.java:325)
	at org.apache.kafka.clients.producer.internals.Sender.run(Sender.java:240)
	at java.lang.Thread.run(Thread.java:748)
[2022-09-03 18:40:38,943] ERROR [Producer clientId=producer-7] Uncaught error in kafka producer I/O thread:  (org.apache.kafka.clients.producer.internals.Sender:242)
java.lang.IllegalStateException: No previous metadata update to use
	at org.apache.kafka.clients.MockClient$DefaultMockMetadataUpdater.updateWithCurrentMetadata(MockClient.java:631)
	at org.apache.kafka.clients.MockClient.poll(MockClient.java:284)
	at org.apache.kafka.clients.producer.internals.Sender.runOnce(Sender.java:325)
	at org.apache.kafka.clients.producer.internals.Sender.run(Sender.java:240)
	at java.lang.Thread.run(Thread.java:748)
[2022-09-03 18:40:38,943] ERROR [Producer clientId=producer-7] Uncaught error in kafka producer I/O thread:  (org.apache.kafka.clients.producer.internals.Sender:242)
java.lang.IllegalStateException: No previous metadata update to use
	at org.apache.kafka.clients.MockClient$DefaultMockMetadataUpdater.updateWithCurrentMetadata(MockClient.java:631)
	at org.apache.kafka.clients.MockClient.poll(MockClient.java:284)
	at org.apache.kafka.clients.producer.internals.Sender.runOnce(Sender.java:325)
	at org.apache.kafka.clients.producer.internals.Sender.run(Sender.java:240)
	at java.lang.Thread.run(Thread.java:748)
[2022-09-03 18:40:38,943] ERROR [Producer clientId=producer-7] Uncaught error in kafka producer I/O thread:  (org.apache.kafka.clients.producer.internals.Sender:242)
java.lang.IllegalStateException: No previous metadata update to use
	at org.apache.kafka.clients.MockClient$DefaultMockMetadataUpdater.updateWithCurrentMetadata(MockClient.java:631)
	at org.apache.kafka.clients.MockClient.poll(MockClient.java:284)
	at org.apache.kafka.clients.producer.internals.Sender.runOnce(Sender.java:325)
	at org.apache.kafka.clients.producer.internals.Sender.run(Sender.java:240)
	at java.lang.Thread.run(Thread.java:748)
[2022-09-03 18:40:38,944] ERROR [Producer clientId=producer-7] Uncaught error in kafka producer I/O thread:  (org.apache.kafka.clients.producer.internals.Sender:242)
java.lang.IllegalStateException: No previous metadata update to use
	at org.apache.kafka.clients.MockClient$DefaultMockMetadataUpdater.updateWithCurrentMetadata(MockClient.java:631)
	at org.apache.kafka.clients.MockClient.poll(MockClient.java:284)
	at org.apache.kafka.clients.producer.internals.Sender.runOnce(Sender.java:325)
	at org.apache.kafka.clients.producer.internals.Sender.run(Sender.java:240)
	at java.lang.Thread.run(Thread.java:748)
[2022-09-03 18:40:38,944] ERROR [Producer clientId=producer-7] Uncaught error in kafka producer I/O thread:  (org.apache.kafka.clients.producer.internals.Sender:242)
java.lang.IllegalStateException: No previous metadata update to use
	at org.apache.kafka.clients.MockClient$DefaultMockMetadataUpdater.updateWithCurrentMetadata(MockClient.java:631)
	at org.apache.kafka.clients.MockClient.poll(MockClient.java:284)
	at org.apache.kafka.clients.producer.internals.Sender.runOnce(Sender.java:325)
	at org.apache.kafka.clients.producer.internals.Sender.run(Sender.java:240)
	at java.lang.Thread.run(Thread.java:748)
[2022-09-03 18:40:38,944] ERROR [Producer clientId=producer-7] Uncaught error in kafka producer I/O thread:  (org.apache.kafka.clients.producer.internals.Sender:242)
java.lang.IllegalStateException: No previous metadata update to use
	at org.apache.kafka.clients.MockClient$DefaultMockMetadataUpdater.updateWithCurrentMetadata(MockClient.java:631)
	at org.apache.kafka.clients.MockClient.poll(MockClient.java:284)
	at org.apache.kafka.clients.producer.internals.Sender.runOnce(Sender.java:325)
	at org.apache.kafka.clients.producer.internals.Sender.run(Sender.java:240)
	at java.lang.Thread.run(Thread.java:748)
[2022-09-03 18:40:38,944] ERROR [Producer clientId=producer-7] Uncaught error in kafka producer I/O thread:  (org.apache.kafka.clients.producer.internals.Sender:242)
java.lang.IllegalStateException: No previous metadata update to use
	at org.apache.kafka.clients.MockClient$DefaultMockMetadataUpdater.updateWithCurrentMetadata(MockClient.java:631)
	at org.apache.kafka.clients.MockClient.poll(MockClient.java:284)
	at org.apache.kafka.clients.producer.internals.Sender.runOnce(Sender.java:325)
	at org.apache.kafka.clients.producer.internals.Sender.run(Sender.java:240)
	at java.lang.Thread.run(Thread.java:748)
[2022-09-03 18:40:38,945] ERROR [Producer clientId=producer-7] Uncaught error in kafka producer I/O thread:  (org.apache.kafka.clients.producer.internals.Sender:242)
java.lang.IllegalStateException: No previous metadata update to use
	at org.apache.kafka.clients.MockClient$DefaultMockMetadataUpdater.updateWithCurrentMetadata(MockClient.java:631)
	at org.apache.kafka.clients.MockClient.poll(MockClient.java:284)
	at org.apache.kafka.clients.producer.internals.Sender.runOnce(Sender.java:325)
	at org.apache.kafka.clients.producer.internals.Sender.run(Sender.java:240)
	at java.lang.Thread.run(Thread.java:748)
[2022-09-03 18:40:38,945] ERROR [Producer clientId=producer-7] Uncaught error in kafka producer I/O thread:  (org.apache.kafka.clients.producer.internals.Sender:242)
java.lang.IllegalStateException: No previous metadata update to use
	at org.apache.kafka.clients.MockClient$DefaultMockMetadataUpdater.updateWithCurrentMetadata(MockClient.java:631)
	at org.apache.kafka.clients.MockClient.poll(MockClient.java:284)
	at org.apache.kafka.clients.producer.internals.Sender.runOnce(Sender.java:325)
	at org.apache.kafka.clients.producer.internals.Sender.run(Sender.java:240)
	at java.lang.Thread.run(Thread.java:748)
[2022-09-03 18:40:38,945] ERROR [Producer clientId=producer-7] Uncaught error in kafka producer I/O thread:  (org.apache.kafka.clients.producer.internals.Sender:242)
java.lang.IllegalStateException: No previous metadata update to use
	at org.apache.kafka.clients.MockClient$DefaultMockMetadataUpdater.updateWithCurrentMetadata(MockClient.java:631)
	at org.apache.kafka.clients.MockClient.poll(MockClient.java:284)
	at org.apache.kafka.clients.producer.internals.Sender.runOnce(Sender.java:325)
	at org.apache.kafka.clients.producer.internals.Sender.run(Sender.java:240)
	at java.lang.Thread.run(Thread.java:748)
[2022-09-03 18:40:38,945] ERROR [Producer clientId=producer-7] Uncaught error in kafka producer I/O thread:  (org.apache.kafka.clients.producer.internals.Sender:242)
java.lang.IllegalStateException: No previous metadata update to use
	at org.apache.kafka.clients.MockClient$DefaultMockMetadataUpdater.updateWithCurrentMetadata(MockClient.java:631)
	at org.apache.kafka.clients.MockClient.poll(MockClient.java:284)
	at org.apache.kafka.clients.producer.internals.Sender.runOnce(Sender.java:325)
	at org.apache.kafka.clients.producer.internals.Sender.run(Sender.java:240)
	at java.lang.Thread.run(Thread.java:748)
[2022-09-03 18:40:38,946] ERROR [Producer clientId=producer-7] Uncaught error in kafka producer I/O thread:  (org.apache.kafka.clients.producer.internals.Sender:242)
java.lang.IllegalStateException: No previous metadata update to use
	at org.apache.kafka.clients.MockClient$DefaultMockMetadataUpdater.updateWithCurrentMetadata(MockClient.java:631)
	at org.apache.kafka.clients.MockClient.poll(MockClient.java:284)
	at org.apache.kafka.clients.producer.internals.Sender.runOnce(Sender.java:325)
	at org.apache.kafka.clients.producer.internals.Sender.run(Sender.java:240)
	at java.lang.Thread.run(Thread.java:748)
[2022-09-03 18:40:38,946] ERROR [Producer clientId=producer-7] Uncaught error in kafka producer I/O thread:  (org.apache.kafka.clients.producer.internals.Sender:242)
java.lang.IllegalStateException: No previous metadata update to use
	at org.apache.kafka.clients.MockClient$DefaultMockMetadataUpdater.updateWithCurrentMetadata(MockClient.java:631)
	at org.apache.kafka.clients.MockClient.poll(MockClient.java:284)
	at org.apache.kafka.clients.producer.internals.Sender.runOnce(Sender.java:325)
	at org.apache.kafka.clients.producer.internals.Sender.run(Sender.java:240)
	at java.lang.Thread.run(Thread.java:748)
[2022-09-03 18:40:38,946] ERROR [Producer clientId=producer-7] Uncaught error in kafka producer I/O thread:  (org.apache.kafka.clients.producer.internals.Sender:242)
java.lang.IllegalStateException: No previous metadata update to use
	at org.apache.kafka.clients.MockClient$DefaultMockMetadataUpdater.updateWithCurrentMetadata(MockClient.java:631)
	at org.apache.kafka.clients.MockClient.poll(MockClient.java:284)
	at org.apache.kafka.clients.producer.internals.Sender.runOnce(Sender.java:325)
	at org.apache.kafka.clients.producer.internals.Sender.run(Sender.java:240)
	at java.lang.Thread.run(Thread.java:748)
[2022-09-03 18:40:38,946] ERROR [Producer clientId=producer-7] Uncaught error in kafka producer I/O thread:  (org.apache.kafka.clients.producer.internals.Sender:242)
java.lang.IllegalStateException: No previous metadata update to use
	at org.apache.kafka.clients.MockClient$DefaultMockMetadataUpdater.updateWithCurrentMetadata(MockClient.java:631)
	at org.apache.kafka.clients.MockClient.poll(MockClient.java:284)
	at org.apache.kafka.clients.producer.internals.Sender.runOnce(Sender.java:325)
	at org.apache.kafka.clients.producer.internals.Sender.run(Sender.java:240)
	at java.lang.Thread.run(Thread.java:748)
[2022-09-03 18:40:38,946] ERROR [Producer clientId=producer-7] Uncaught error in kafka producer I/O thread:  (org.apache.kafka.clients.producer.internals.Sender:242)
java.lang.IllegalStateException: No previous metadata update to use
	at org.apache.kafka.clients.MockClient$DefaultMockMetadataUpdater.updateWithCurrentMetadata(MockClient.java:631)
	at org.apache.kafka.clients.MockClient.poll(MockClient.java:284)
	at org.apache.kafka.clients.producer.internals.Sender.runOnce(Sender.java:325)
	at org.apache.kafka.clients.producer.internals.Sender.run(Sender.java:240)
	at java.lang.Thread.run(Thread.java:748)
[2022-09-03 18:40:38,946] ERROR [Producer clientId=producer-7] Uncaught error in kafka producer I/O thread:  (org.apache.kafka.clients.producer.internals.Sender:242)
java.lang.IllegalStateException: No previous metadata update to use
	at org.apache.kafka.clients.MockClient$DefaultMockMetadataUpdater.updateWithCurrentMetadata(MockClient.java:631)
	at org.apache.kafka.clients.MockClient.poll(MockClient.java:284)
	at org.apache.kafka.clients.producer.internals.Sender.runOnce(Sender.java:325)
	at org.apache.kafka.clients.producer.internals.Sender.run(Sender.java:240)
	at java.lang.Thread.run(Thread.java:748)
[2022-09-03 18:40:38,947] ERROR [Producer clientId=producer-7] Uncaught error in kafka producer I/O thread:  (org.apache.kafka.clients.producer.internals.Sender:242)
java.lang.IllegalStateException: No previous metadata update to use
	at org.apache.kafka.clients.MockClient$DefaultMockMetadataUpdater.updateWithCurrentMetadata(MockClient.java:631)
	at org.apache.kafka.clients.MockClient.poll(MockClient.java:284)
	at org.apache.kafka.clients.producer.internals.Sender.runOnce(Sender.java:325)
	at org.apache.kafka.clients.producer.internals.Sender.run(Sender.java:240)
	at java.lang.Thread.run(Thread.java:748)
[2022-09-03 18:40:38,947] ERROR [Producer clientId=producer-7] Uncaught error in kafka producer I/O thread:  (org.apache.kafka.clients.producer.internals.Sender:242)
java.lang.IllegalStateException: No previous metadata update to use
	at org.apache.kafka.clients.MockClient$DefaultMockMetadataUpdater.updateWithCurrentMetadata(MockClient.java:631)
	at org.apache.kafka.clients.MockClient.poll(MockClient.java:284)
	at org.apache.kafka.clients.producer.internals.Sender.runOnce(Sender.java:325)
	at org.apache.kafka.clients.producer.internals.Sender.run(Sender.java:240)
	at java.lang.Thread.run(Thread.java:748)
[2022-09-03 18:40:38,947] ERROR [Producer clientId=producer-7] Uncaught error in kafka producer I/O thread:  (org.apache.kafka.clients.producer.internals.Sender:242)
java.lang.IllegalStateException: No previous metadata update to use
	at org.apache.kafka.clients.MockClient$DefaultMockMetadataUpdater.updateWithCurrentMetadata(MockClient.java:631)
	at org.apache.kafka.clients.MockClient.poll(MockClient.java:284)
	at org.apache.kafka.clients.producer.internals.Sender.runOnce(Sender.java:325)
	at org.apache.kafka.clients.producer.internals.Sender.run(Sender.java:240)
	at java.lang.Thread.run(Thread.java:748)
[2022-09-03 18:40:38,947] ERROR [Producer clientId=producer-7] Uncaught error in kafka producer I/O thread:  (org.apache.kafka.clients.producer.internals.Sender:242)
java.lang.IllegalStateException: No previous metadata update to use
	at org.apache.kafka.clients.MockClient$DefaultMockMetadataUpdater.updateWithCurrentMetadata(MockClient.java:631)
	at org.apache.kafka.clients.MockClient.poll(MockClient.java:284)
	at org.apache.kafka.clients.producer.internals.Sender.runOnce(Sender.java:325)
	at org.apache.kafka.clients.producer.internals.Sender.run(Sender.java:240)
	at java.lang.Thread.run(Thread.java:748)
[2022-09-03 18:40:38,947] ERROR [Producer clientId=producer-7] Uncaught error in kafka producer I/O thread:  (org.apache.kafka.clients.producer.internals.Sender:242)
java.lang.IllegalStateException: No previous metadata update to use
	at org.apache.kafka.clients.MockClient$DefaultMockMetadataUpdater.updateWithCurrentMetadata(MockClient.java:631)
	at org.apache.kafka.clients.MockClient.poll(MockClient.java:284)
	at org.apache.kafka.clients.producer.internals.Sender.runOnce(Sender.java:325)
	at org.apache.kafka.clients.producer.internals.Sender.run(Sender.java:240)
	at java.lang.Thread.run(Thread.java:748)
[2022-09-03 18:40:38,947] ERROR [Producer clientId=producer-7] Uncaught error in kafka producer I/O thread:  (org.apache.kafka.clients.producer.internals.Sender:242)
java.lang.IllegalStateException: No previous metadata update to use
	at org.apache.kafka.clients.MockClient$DefaultMockMetadataUpdater.updateWithCurrentMetadata(MockClient.java:631)
	at org.apache.kafka.clients.MockClient.poll(MockClient.java:284)
	at org.apache.kafka.clients.producer.internals.Sender.runOnce(Sender.java:325)
	at org.apache.kafka.clients.producer.internals.Sender.run(Sender.java:240)
	at java.lang.Thread.run(Thread.java:748)
[2022-09-03 18:40:38,948] ERROR [Producer clientId=producer-7] Uncaught error in kafka producer I/O thread:  (org.apache.kafka.clients.producer.internals.Sender:242)
java.lang.IllegalStateException: No previous metadata update to use
	at org.apache.kafka.clients.MockClient$DefaultMockMetadataUpdater.updateWithCurrentMetadata(MockClient.java:631)
	at org.apache.kafka.clients.MockClient.poll(MockClient.java:284)
	at org.apache.kafka.clients.producer.internals.Sender.runOnce(Sender.java:325)
	at org.apache.kafka.clients.producer.internals.Sender.run(Sender.java:240)
	at java.lang.Thread.run(Thread.java:748)
[2022-09-03 18:40:38,948] ERROR [Producer clientId=producer-7] Uncaught error in kafka producer I/O thread:  (org.apache.kafka.clients.producer.internals.Sender:242)
java.lang.IllegalStateException: No previous metadata update to use
	at org.apache.kafka.clients.MockClient$DefaultMockMetadataUpdater.updateWithCurrentMetadata(MockClient.java:631)
	at org.apache.kafka.clients.MockClient.poll(MockClient.java:284)
	at org.apache.kafka.clients.producer.internals.Sender.runOnce(Sender.java:325)
	at org.apache.kafka.clients.producer.internals.Sender.run(Sender.java:240)
	at java.lang.Thread.run(Thread.java:748)
[2022-09-03 18:40:38,948] ERROR [Producer clientId=producer-7] Uncaught error in kafka producer I/O thread:  (org.apache.kafka.clients.producer.internals.Sender:242)
java.lang.IllegalStateException: No previous metadata update to use
	at org.apache.kafka.clients.MockClient$DefaultMockMetadataUpdater.updateWithCurrentMetadata(MockClient.java:631)
	at org.apache.kafka.clients.MockClient.poll(MockClient.java:284)
	at org.apache.kafka.clients.producer.internals.Sender.runOnce(Sender.java:325)
	at org.apache.kafka.clients.producer.internals.Sender.run(Sender.java:240)
	at java.lang.Thread.run(Thread.java:748)
[2022-09-03 18:40:38,948] ERROR [Producer clientId=producer-7] Uncaught error in kafka producer I/O thread:  (org.apache.kafka.clients.producer.internals.Sender:242)
java.lang.IllegalStateException: No previous metadata update to use
	at org.apache.kafka.clients.MockClient$DefaultMockMetadataUpdater.updateWithCurrentMetadata(MockClient.java:631)
	at org.apache.kafka.clients.MockClient.poll(MockClient.java:284)
	at org.apache.kafka.clients.producer.internals.Sender.runOnce(Sender.java:325)
	at org.apache.kafka.clients.producer.internals.Sender.run(Sender.java:240)
	at java.lang.Thread.run(Thread.java:748)
[2022-09-03 18:40:38,948] ERROR [Producer clientId=producer-7] Uncaught error in kafka producer I/O thread:  (org.apache.kafka.clients.producer.internals.Sender:242)
java.lang.IllegalStateException: No previous metadata update to use
	at org.apache.kafka.clients.MockClient$DefaultMockMetadataUpdater.updateWithCurrentMetadata(MockClient.java:631)
	at org.apache.kafka.clients.MockClient.poll(MockClient.java:284)
	at org.apache.kafka.clients.producer.internals.Sender.runOnce(Sender.java:325)
	at org.apache.kafka.clients.producer.internals.Sender.run(Sender.java:240)
	at java.lang.Thread.run(Thread.java:748)
[2022-09-03 18:40:38,948] ERROR [Producer clientId=producer-7] Uncaught error in kafka producer I/O thread:  (org.apache.kafka.clients.producer.internals.Sender:242)
java.lang.IllegalStateException: No previous metadata update to use
	at org.apache.kafka.clients.MockClient$DefaultMockMetadataUpdater.updateWithCurrentMetadata(MockClient.java:631)
	at org.apache.kafka.clients.MockClient.poll(MockClient.java:284)
	at org.apache.kafka.clients.producer.internals.Sender.runOnce(Sender.java:325)
	at org.apache.kafka.clients.producer.internals.Sender.run(Sender.java:240)
	at java.lang.Thread.run(Thread.java:748)
[2022-09-03 18:40:38,948] ERROR [Producer clientId=producer-7] Uncaught error in kafka producer I/O thread:  (org.apache.kafka.clients.producer.internals.Sender:242)
java.lang.IllegalStateException: No previous metadata update to use
	at org.apache.kafka.clients.MockClient$DefaultMockMetadataUpdater.updateWithCurrentMetadata(MockClient.java:631)
	at org.apache.kafka.clients.MockClient.poll(MockClient.java:284)
	at org.apache.kafka.clients.producer.internals.Sender.runOnce(Sender.java:325)
	at org.apache.kafka.clients.producer.internals.Sender.run(Sender.java:240)
	at java.lang.Thread.run(Thread.java:748)
[2022-09-03 18:40:38,948] ERROR [Producer clientId=producer-7] Uncaught error in kafka producer I/O thread:  (org.apache.kafka.clients.producer.internals.Sender:242)
java.lang.IllegalStateException: No previous metadata update to use
	at org.apache.kafka.clients.MockClient$DefaultMockMetadataUpdater.updateWithCurrentMetadata(MockClient.java:631)
	at org.apache.kafka.clients.MockClient.poll(MockClient.java:284)
	at org.apache.kafka.clients.producer.internals.Sender.runOnce(Sender.java:325)
	at org.apache.kafka.clients.producer.internals.Sender.run(Sender.java:240)
	at java.lang.Thread.run(Thread.java:748)
[2022-09-03 18:40:38,949] ERROR [Producer clientId=producer-7] Uncaught error in kafka producer I/O thread:  (org.apache.kafka.clients.producer.internals.Sender:242)
java.lang.IllegalStateException: No previous metadata update to use
	at org.apache.kafka.clients.MockClient$DefaultMockMetadataUpdater.updateWithCurrentMetadata(MockClient.java:631)
	at org.apache.kafka.clients.MockClient.poll(MockClient.java:284)
	at org.apache.kafka.clients.producer.internals.Sender.runOnce(Sender.java:325)
	at org.apache.kafka.clients.producer.internals.Sender.run(Sender.java:240)
	at java.lang.Thread.run(Thread.java:748)
[2022-09-03 18:40:38,949] ERROR [Producer clientId=producer-7] Uncaught error in kafka producer I/O thread:  (org.apache.kafka.clients.producer.internals.Sender:242)
java.lang.IllegalStateException: No previous metadata update to use
	at org.apache.kafka.clients.MockClient$DefaultMockMetadataUpdater.updateWithCurrentMetadata(MockClient.java:631)
	at org.apache.kafka.clients.MockClient.poll(MockClient.java:284)
	at org.apache.kafka.clients.producer.internals.Sender.runOnce(Sender.java:325)
	at org.apache.kafka.clients.producer.internals.Sender.run(Sender.java:240)
	at java.lang.Thread.run(Thread.java:748)
[2022-09-03 18:40:38,949] ERROR [Producer clientId=producer-7] Uncaught error in kafka producer I/O thread:  (org.apache.kafka.clients.producer.internals.Sender:242)
java.lang.IllegalStateException: No previous metadata update to use
	at org.apache.kafka.clients.MockClient$DefaultMockMetadataUpdater.updateWithCurrentMetadata(MockClient.java:631)
	at org.apache.kafka.clients.MockClient.poll(MockClient.java:284)
	at org.apache.kafka.clients.producer.internals.Sender.runOnce(Sender.java:325)
	at org.apache.kafka.clients.producer.internals.Sender.run(Sender.java:240)
	at java.lang.Thread.run(Thread.java:748)
[2022-09-03 18:40:38,949] ERROR [Producer clientId=producer-7] Uncaught error in kafka producer I/O thread:  (org.apache.kafka.clients.producer.internals.Sender:242)
java.lang.IllegalStateException: No previous metadata update to use
	at org.apache.kafka.clients.MockClient$DefaultMockMetadataUpdater.updateWithCurrentMetadata(MockClient.java:631)
	at org.apache.kafka.clients.MockClient.poll(MockClient.java:284)
	at org.apache.kafka.clients.producer.internals.Sender.runOnce(Sender.java:325)
	at org.apache.kafka.clients.producer.internals.Sender.run(Sender.java:240)
	at java.lang.Thread.run(Thread.java:748)
[2022-09-03 18:40:38,949] ERROR [Producer clientId=producer-7] Uncaught error in kafka producer I/O thread:  (org.apache.kafka.clients.producer.internals.Sender:242)
java.lang.IllegalStateException: No previous metadata update to use
	at org.apache.kafka.clients.MockClient$DefaultMockMetadataUpdater.updateWithCurrentMetadata(MockClient.java:631)
	at org.apache.kafka.clients.MockClient.poll(MockClient.java:284)
	at org.apache.kafka.clients.producer.internals.Sender.runOnce(Sender.java:325)
	at org.apache.kafka.clients.producer.internals.Sender.run(Sender.java:240)
	at java.lang.Thread.run(Thread.java:748)
[2022-09-03 18:40:38,949] ERROR [Producer clientId=producer-7] Uncaught error in kafka producer I/O thread:  (org.apache.kafka.clients.producer.internals.Sender:242)
java.lang.IllegalStateException: No previous metadata update to use
	at org.apache.kafka.clients.MockClient$DefaultMockMetadataUpdater.updateWithCurrentMetadata(MockClient.java:631)
	at org.apache.kafka.clients.MockClient.poll(MockClient.java:284)
	at org.apache.kafka.clients.producer.internals.Sender.runOnce(Sender.java:325)
	at org.apache.kafka.clients.producer.internals.Sender.run(Sender.java:240)
	at java.lang.Thread.run(Thread.java:748)
[2022-09-03 18:40:38,949] ERROR [Producer clientId=producer-7] Uncaught error in kafka producer I/O thread:  (org.apache.kafka.clients.producer.internals.Sender:242)
java.lang.IllegalStateException: No previous metadata update to use
	at org.apache.kafka.clients.MockClient$DefaultMockMetadataUpdater.updateWithCurrentMetadata(MockClient.java:631)
	at org.apache.kafka.clients.MockClient.poll(MockClient.java:284)
	at org.apache.kafka.clients.producer.internals.Sender.runOnce(Sender.java:325)
	at org.apache.kafka.clients.producer.internals.Sender.run(Sender.java:240)
	at java.lang.Thread.run(Thread.java:748)
[2022-09-03 18:40:38,950] ERROR [Producer clientId=producer-7] Uncaught error in kafka producer I/O thread:  (org.apache.kafka.clients.producer.internals.Sender:242)
java.lang.IllegalStateException: No previous metadata update to use
	at org.apache.kafka.clients.MockClient$DefaultMockMetadataUpdater.updateWithCurrentMetadata(MockClient.java:631)
	at org.apache.kafka.clients.MockClient.poll(MockClient.java:284)
	at org.apache.kafka.clients.producer.internals.Sender.runOnce(Sender.java:325)
	at org.apache.kafka.clients.producer.internals.Sender.run(Sender.java:240)
	at java.lang.Thread.run(Thread.java:748)
[2022-09-03 18:40:38,950] ERROR [Producer clientId=producer-7] Uncaught error in kafka producer I/O thread:  (org.apache.kafka.clients.producer.internals.Sender:242)
java.lang.IllegalStateException: No previous metadata update to use
	at org.apache.kafka.clients.MockClient$DefaultMockMetadataUpdater.updateWithCurrentMetadata(MockClient.java:631)
	at org.apache.kafka.clients.MockClient.poll(MockClient.java:284)
	at org.apache.kafka.clients.producer.internals.Sender.runOnce(Sender.java:325)
	at org.apache.kafka.clients.producer.internals.Sender.run(Sender.java:240)
	at java.lang.Thread.run(Thread.java:748)
[2022-09-03 18:40:38,950] ERROR [Producer clientId=producer-7] Uncaught error in kafka producer I/O thread:  (org.apache.kafka.clients.producer.internals.Sender:242)
java.lang.IllegalStateException: No previous metadata update to use
	at org.apache.kafka.clients.MockClient$DefaultMockMetadataUpdater.updateWithCurrentMetadata(MockClient.java:631)
	at org.apache.kafka.clients.MockClient.poll(MockClient.java:284)
	at org.apache.kafka.clients.producer.internals.Sender.runOnce(Sender.java:325)
	at org.apache.kafka.clients.producer.internals.Sender.run(Sender.java:240)
	at java.lang.Thread.run(Thread.java:748)
[2022-09-03 18:40:38,950] ERROR [Producer clientId=producer-7] Uncaught error in kafka producer I/O thread:  (org.apache.kafka.clients.producer.internals.Sender:242)
java.lang.IllegalStateException: No previous metadata update to use
	at org.apache.kafka.clients.MockClient$DefaultMockMetadataUpdater.updateWithCurrentMetadata(MockClient.java:631)
	at org.apache.kafka.clients.MockClient.poll(MockClient.java:284)
	at org.apache.kafka.clients.producer.internals.Sender.runOnce(Sender.java:325)
	at org.apache.kafka.clients.producer.internals.Sender.run(Sender.java:240)
	at java.lang.Thread.run(Thread.java:748)
[2022-09-03 18:40:38,950] ERROR [Producer clientId=producer-7] Uncaught error in kafka producer I/O thread:  (org.apache.kafka.clients.producer.internals.Sender:242)
java.lang.IllegalStateException: No previous metadata update to use
	at org.apache.kafka.clients.MockClient$DefaultMockMetadataUpdater.updateWithCurrentMetadata(MockClient.java:631)
	at org.apache.kafka.clients.MockClient.poll(MockClient.java:284)
	at org.apache.kafka.clients.producer.internals.Sender.runOnce(Sender.java:325)
	at org.apache.kafka.clients.producer.internals.Sender.run(Sender.java:240)
	at java.lang.Thread.run(Thread.java:748)
[2022-09-03 18:40:38,950] ERROR [Producer clientId=producer-7] Uncaught error in kafka producer I/O thread:  (org.apache.kafka.clients.producer.internals.Sender:242)
java.lang.IllegalStateException: No previous metadata update to use
	at org.apache.kafka.clients.MockClient$DefaultMockMetadataUpdater.updateWithCurrentMetadata(MockClient.java:631)
	at org.apache.kafka.clients.MockClient.poll(MockClient.java:284)
	at org.apache.kafka.clients.producer.internals.Sender.runOnce(Sender.java:325)
	at org.apache.kafka.clients.producer.internals.Sender.run(Sender.java:240)
	at java.lang.Thread.run(Thread.java:748)
[2022-09-03 18:40:38,950] ERROR [Producer clientId=producer-7] Uncaught error in kafka producer I/O thread:  (org.apache.kafka.clients.producer.internals.Sender:242)
java.lang.IllegalStateException: No previous metadata update to use
	at org.apache.kafka.clients.MockClient$DefaultMockMetadataUpdater.updateWithCurrentMetadata(MockClient.java:631)
	at org.apache.kafka.clients.MockClient.poll(MockClient.java:284)
	at org.apache.kafka.clients.producer.internals.Sender.runOnce(Sender.java:325)
	at org.apache.kafka.clients.producer.internals.Sender.run(Sender.java:240)
	at java.lang.Thread.run(Thread.java:748)
[2022-09-03 18:40:38,951] ERROR [Producer clientId=producer-7] Uncaught error in kafka producer I/O thread:  (org.apache.kafka.clients.producer.internals.Sender:242)
java.lang.IllegalStateException: No previous metadata update to use
	at org.apache.kafka.clients.MockClient$DefaultMockMetadataUpdater.updateWithCurrentMetadata(MockClient.java:631)
	at org.apache.kafka.clients.MockClient.poll(MockClient.java:284)
	at org.apache.kafka.clients.producer.internals.Sender.runOnce(Sender.java:325)
	at org.apache.kafka.clients.producer.internals.Sender.run(Sender.java:240)
	at java.lang.Thread.run(Thread.java:748)
[2022-09-03 18:40:38,951] ERROR [Producer clientId=producer-7] Uncaught error in kafka producer I/O thread:  (org.apache.kafka.clients.producer.internals.Sender:242)
java.lang.IllegalStateException: No previous metadata update to use
	at org.apache.kafka.clients.MockClient$DefaultMockMetadataUpdater.updateWithCurrentMetadata(MockClient.java:631)
	at org.apache.kafka.clients.MockClient.poll(MockClient.java:284)
	at org.apache.kafka.clients.producer.internals.Sender.runOnce(Sender.java:325)
	at org.apache.kafka.clients.producer.internals.Sender.run(Sender.java:240)
	at java.lang.Thread.run(Thread.java:748)
[2022-09-03 18:40:38,951] ERROR [Producer clientId=producer-7] Uncaught error in kafka producer I/O thread:  (org.apache.kafka.clients.producer.internals.Sender:242)
java.lang.IllegalStateException: No previous metadata update to use
	at org.apache.kafka.clients.MockClient$DefaultMockMetadataUpdater.updateWithCurrentMetadata(MockClient.java:631)
	at org.apache.kafka.clients.MockClient.poll(MockClient.java:284)
	at org.apache.kafka.clients.producer.internals.Sender.runOnce(Sender.java:325)
	at org.apache.kafka.clients.producer.internals.Sender.run(Sender.java:240)
	at java.lang.Thread.run(Thread.java:748)
[2022-09-03 18:40:38,951] ERROR [Producer clientId=producer-7] Uncaught error in kafka producer I/O thread:  (org.apache.kafka.clients.producer.internals.Sender:242)
java.lang.IllegalStateException: No previous metadata update to use
	at org.apache.kafka.clients.MockClient$DefaultMockMetadataUpdater.updateWithCurrentMetadata(MockClient.java:631)
	at org.apache.kafka.clients.MockClient.poll(MockClient.java:284)
	at org.apache.kafka.clients.producer.internals.Sender.runOnce(Sender.java:325)
	at org.apache.kafka.clients.producer.internals.Sender.run(Sender.java:240)
	at java.lang.Thread.run(Thread.java:748)
[2022-09-03 18:40:38,951] ERROR [Producer clientId=producer-7] Uncaught error in kafka producer I/O thread:  (org.apache.kafka.clients.producer.internals.Sender:242)
java.lang.IllegalStateException: No previous metadata update to use
	at org.apache.kafka.clients.MockClient$DefaultMockMetadataUpdater.updateWithCurrentMetadata(MockClient.java:631)
	at org.apache.kafka.clients.MockClient.poll(MockClient.java:284)
	at org.apache.kafka.clients.producer.internals.Sender.runOnce(Sender.java:325)
	at org.apache.kafka.clients.producer.internals.Sender.run(Sender.java:240)
	at java.lang.Thread.run(Thread.java:748)
[2022-09-03 18:40:38,951] ERROR [Producer clientId=producer-7] Uncaught error in kafka producer I/O thread:  (org.apache.kafka.clients.producer.internals.Sender:242)
java.lang.IllegalStateException: No previous metadata update to use
	at org.apache.kafka.clients.MockClient$DefaultMockMetadataUpdater.updateWithCurrentMetadata(MockClient.java:631)
	at org.apache.kafka.clients.MockClient.poll(MockClient.java:284)
	at org.apache.kafka.clients.producer.internals.Sender.runOnce(Sender.java:325)
	at org.apache.kafka.clients.producer.internals.Sender.run(Sender.java:240)
	at java.lang.Thread.run(Thread.java:748)
[2022-09-03 18:40:38,951] ERROR [Producer clientId=producer-7] Uncaught error in kafka producer I/O thread:  (org.apache.kafka.clients.producer.internals.Sender:242)
java.lang.IllegalStateException: No previous metadata update to use
	at org.apache.kafka.clients.MockClient$DefaultMockMetadataUpdater.updateWithCurrentMetadata(MockClient.java:631)
	at org.apache.kafka.clients.MockClient.poll(MockClient.java:284)
	at org.apache.kafka.clients.producer.internals.Sender.runOnce(Sender.java:325)
	at org.apache.kafka.clients.producer.internals.Sender.run(Sender.java:240)
	at java.lang.Thread.run(Thread.java:748)
[2022-09-03 18:40:38,951] ERROR [Producer clientId=producer-7] Uncaught error in kafka producer I/O thread:  (org.apache.kafka.clients.producer.internals.Sender:242)
java.lang.IllegalStateException: No previous metadata update to use
	at org.apache.kafka.clients.MockClient$DefaultMockMetadataUpdater.updateWithCurrentMetadata(MockClient.java:631)
	at org.apache.kafka.clients.MockClient.poll(MockClient.java:284)
	at org.apache.kafka.clients.producer.internals.Sender.runOnce(Sender.java:325)
	at org.apache.kafka.clients.producer.internals.Sender.run(Sender.java:240)
	at java.lang.Thread.run(Thread.java:748)
[2022-09-03 18:40:38,952] ERROR [Producer clientId=producer-7] Uncaught error in kafka producer I/O thread:  (org.apache.kafka.clients.producer.internals.Sender:242)
java.lang.IllegalStateException: No previous metadata update to use
	at org.apache.kafka.clients.MockClient$DefaultMockMetadataUpdater.updateWithCurrentMetadata(MockClient.java:631)
	at org.apache.kafka.clients.MockClient.poll(MockClient.java:284)
	at org.apache.kafka.clients.producer.internals.Sender.runOnce(Sender.java:325)
	at org.apache.kafka.clients.producer.internals.Sender.run(Sender.java:240)
	at java.lang.Thread.run(Thread.java:748)
[2022-09-03 18:40:38,952] ERROR [Producer clientId=producer-7] Uncaught error in kafka producer I/O thread:  (org.apache.kafka.clients.producer.internals.Sender:242)
java.lang.IllegalStateException: No previous metadata update to use
	at org.apache.kafka.clients.MockClient$DefaultMockMetadataUpdater.updateWithCurrentMetadata(MockClient.java:631)
	at org.apache.kafka.clients.MockClient.poll(MockClient.java:284)
	at org.apache.kafka.clients.producer.internals.Sender.runOnce(Sender.java:325)
	at org.apache.kafka.clients.producer.internals.Sender.run(Sender.java:240)
	at java.lang.Thread.run(Thread.java:748)
[2022-09-03 18:40:38,952] ERROR [Producer clientId=producer-7] Uncaught error in kafka producer I/O thread:  (org.apache.kafka.clients.producer.internals.Sender:242)
java.lang.IllegalStateException: No previous metadata update to use
	at org.apache.kafka.clients.MockClient$DefaultMockMetadataUpdater.updateWithCurrentMetadata(MockClient.java:631)
	at org.apache.kafka.clients.MockClient.poll(MockClient.java:284)
	at org.apache.kafka.clients.producer.internals.Sender.runOnce(Sender.java:325)
	at org.apache.kafka.clients.producer.internals.Sender.run(Sender.java:240)
	at java.lang.Thread.run(Thread.java:748)
[2022-09-03 18:40:38,952] ERROR [Producer clientId=producer-7] Uncaught error in kafka producer I/O thread:  (org.apache.kafka.clients.producer.internals.Sender:242)
java.lang.IllegalStateException: No previous metadata update to use
	at org.apache.kafka.clients.MockClient$DefaultMockMetadataUpdater.updateWithCurrentMetadata(MockClient.java:631)
	at org.apache.kafka.clients.MockClient.poll(MockClient.java:284)
	at org.apache.kafka.clients.producer.internals.Sender.runOnce(Sender.java:325)
	at org.apache.kafka.clients.producer.internals.Sender.run(Sender.java:240)
	at java.lang.Thread.run(Thread.java:748)
[2022-09-03 18:40:38,952] ERROR [Producer clientId=producer-7] Uncaught error in kafka producer I/O thread:  (org.apache.kafka.clients.producer.internals.Sender:242)
java.lang.IllegalStateException: No previous metadata update to use
	at org.apache.kafka.clients.MockClient$DefaultMockMetadataUpdater.updateWithCurrentMetadata(MockClient.java:631)
	at org.apache.kafka.clients.MockClient.poll(MockClient.java:284)
	at org.apache.kafka.clients.producer.internals.Sender.runOnce(Sender.java:325)
	at org.apache.kafka.clients.producer.internals.Sender.run(Sender.java:240)
	at java.lang.Thread.run(Thread.java:748)
[2022-09-03 18:40:38,952] ERROR [Producer clientId=producer-7] Uncaught error in kafka producer I/O thread:  (org.apache.kafka.clients.producer.internals.Sender:242)
java.lang.IllegalStateException: No previous metadata update to use
	at org.apache.kafka.clients.MockClient$DefaultMockMetadataUpdater.updateWithCurrentMetadata(MockClient.java:631)
	at org.apache.kafka.clients.MockClient.poll(MockClient.java:284)
	at org.apache.kafka.clients.producer.internals.Sender.runOnce(Sender.java:325)
	at org.apache.kafka.clients.producer.internals.Sender.run(Sender.java:240)
	at java.lang.Thread.run(Thread.java:748)
[2022-09-03 18:40:38,953] ERROR [Producer clientId=producer-7] Uncaught error in kafka producer I/O thread:  (org.apache.kafka.clients.producer.internals.Sender:242)
java.lang.IllegalStateException: No previous metadata update to use
	at org.apache.kafka.clients.MockClient$DefaultMockMetadataUpdater.updateWithCurrentMetadata(MockClient.java:631)
	at org.apache.kafka.clients.MockClient.poll(MockClient.java:284)
	at org.apache.kafka.clients.producer.internals.Sender.runOnce(Sender.java:325)
	at org.apache.kafka.clients.producer.internals.Sender.run(Sender.java:240)
	at java.lang.Thread.run(Thread.java:748)
[2022-09-03 18:40:38,953] ERROR [Producer clientId=producer-7] Uncaught error in kafka producer I/O thread:  (org.apache.kafka.clients.producer.internals.Sender:242)
java.lang.IllegalStateException: No previous metadata update to use
	at org.apache.kafka.clients.MockClient$DefaultMockMetadataUpdater.updateWithCurrentMetadata(MockClient.java:631)
	at org.apache.kafka.clients.MockClient.poll(MockClient.java:284)
	at org.apache.kafka.clients.producer.internals.Sender.runOnce(Sender.java:325)
	at org.apache.kafka.clients.producer.internals.Sender.run(Sender.java:240)
	at java.lang.Thread.run(Thread.java:748)
[2022-09-03 18:40:38,953] ERROR [Producer clientId=producer-7] Uncaught error in kafka producer I/O thread:  (org.apache.kafka.clients.producer.internals.Sender:242)
java.lang.IllegalStateException: No previous metadata update to use
	at org.apache.kafka.clients.MockClient$DefaultMockMetadataUpdater.updateWithCurrentMetadata(MockClient.java:631)
	at org.apache.kafka.clients.MockClient.poll(MockClient.java:284)
	at org.apache.kafka.clients.producer.internals.Sender.runOnce(Sender.java:325)
	at org.apache.kafka.clients.producer.internals.Sender.run(Sender.java:240)
	at java.lang.Thread.run(Thread.java:748)
[2022-09-03 18:40:38,953] ERROR [Producer clientId=producer-7] Uncaught error in kafka producer I/O thread:  (org.apache.kafka.clients.producer.internals.Sender:242)
java.lang.IllegalStateException: No previous metadata update to use
	at org.apache.kafka.clients.MockClient$DefaultMockMetadataUpdater.updateWithCurrentMetadata(MockClient.java:631)
	at org.apache.kafka.clients.MockClient.poll(MockClient.java:284)
	at org.apache.kafka.clients.producer.internals.Sender.runOnce(Sender.java:325)
	at org.apache.kafka.clients.producer.internals.Sender.run(Sender.java:240)
	at java.lang.Thread.run(Thread.java:748)
[2022-09-03 18:40:38,953] ERROR [Producer clientId=producer-7] Uncaught error in kafka producer I/O thread:  (org.apache.kafka.clients.producer.internals.Sender:242)
java.lang.IllegalStateException: No previous metadata update to use
	at org.apache.kafka.clients.MockClient$DefaultMockMetadataUpdater.updateWithCurrentMetadata(MockClient.java:631)
	at org.apache.kafka.clients.MockClient.poll(MockClient.java:284)
	at org.apache.kafka.clients.producer.internals.Sender.runOnce(Sender.java:325)
	at org.apache.kafka.clients.producer.internals.Sender.run(Sender.java:240)
	at java.lang.Thread.run(Thread.java:748)
[2022-09-03 18:40:38,953] ERROR [Producer clientId=producer-7] Uncaught error in kafka producer I/O thread:  (org.apache.kafka.clients.producer.internals.Sender:242)
java.lang.IllegalStateException: No previous metadata update to use
	at org.apache.kafka.clients.MockClient$DefaultMockMetadataUpdater.updateWithCurrentMetadata(MockClient.java:631)
	at org.apache.kafka.clients.MockClient.poll(MockClient.java:284)
	at org.apache.kafka.clients.producer.internals.Sender.runOnce(Sender.java:325)
	at org.apache.kafka.clients.producer.internals.Sender.run(Sender.java:240)
	at java.lang.Thread.run(Thread.java:748)
[2022-09-03 18:40:38,953] ERROR [Producer clientId=producer-7] Uncaught error in kafka producer I/O thread:  (org.apache.kafka.clients.producer.internals.Sender:242)
java.lang.IllegalStateException: No previous metadata update to use
	at org.apache.kafka.clients.MockClient$DefaultMockMetadataUpdater.updateWithCurrentMetadata(MockClient.java:631)
	at org.apache.kafka.clients.MockClient.poll(MockClient.java:284)
	at org.apache.kafka.clients.producer.internals.Sender.runOnce(Sender.java:325)
	at org.apache.kafka.clients.producer.internals.Sender.run(Sender.java:240)
	at java.lang.Thread.run(Thread.java:748)
[2022-09-03 18:40:38,953] ERROR [Producer clientId=producer-7] Uncaught error in kafka producer I/O thread:  (org.apache.kafka.clients.producer.internals.Sender:242)
java.lang.IllegalStateException: No previous metadata update to use
	at org.apache.kafka.clients.MockClient$DefaultMockMetadataUpdater.updateWithCurrentMetadata(MockClient.java:631)
	at org.apache.kafka.clients.MockClient.poll(MockClient.java:284)
	at org.apache.kafka.clients.producer.internals.Sender.runOnce(Sender.java:325)
	at org.apache.kafka.clients.producer.internals.Sender.run(Sender.java:240)
	at java.lang.Thread.run(Thread.java:748)
[2022-09-03 18:40:38,954] ERROR [Producer clientId=producer-7] Uncaught error in kafka producer I/O thread:  (org.apache.kafka.clients.producer.internals.Sender:242)
java.lang.IllegalStateException: No previous metadata update to use
	at org.apache.kafka.clients.MockClient$DefaultMockMetadataUpdater.updateWithCurrentMetadata(MockClient.java:631)
	at org.apache.kafka.clients.MockClient.poll(MockClient.java:284)
	at org.apache.kafka.clients.producer.internals.Sender.runOnce(Sender.java:325)
	at org.apache.kafka.clients.producer.internals.Sender.run(Sender.java:240)
	at java.lang.Thread.run(Thread.java:748)
[2022-09-03 18:40:38,954] ERROR [Producer clientId=producer-7] Uncaught error in kafka producer I/O thread:  (org.apache.kafka.clients.producer.internals.Sender:242)
java.lang.IllegalStateException: No previous metadata update to use
	at org.apache.kafka.clients.MockClient$DefaultMockMetadataUpdater.updateWithCurrentMetadata(MockClient.java:631)
	at org.apache.kafka.clients.MockClient.poll(MockClient.java:284)
	at org.apache.kafka.clients.producer.internals.Sender.runOnce(Sender.java:325)
	at org.apache.kafka.clients.producer.internals.Sender.run(Sender.java:240)
	at java.lang.Thread.run(Thread.java:748)
[2022-09-03 18:40:38,954] ERROR [Producer clientId=producer-7] Uncaught error in kafka producer I/O thread:  (org.apache.kafka.clients.producer.internals.Sender:242)
java.lang.IllegalStateException: No previous metadata update to use
	at org.apache.kafka.clients.MockClient$DefaultMockMetadataUpdater.updateWithCurrentMetadata(MockClient.java:631)
	at org.apache.kafka.clients.MockClient.poll(MockClient.java:284)
	at org.apache.kafka.clients.producer.internals.Sender.runOnce(Sender.java:325)
	at org.apache.kafka.clients.producer.internals.Sender.run(Sender.java:240)
	at java.lang.Thread.run(Thread.java:748)
[2022-09-03 18:40:38,954] ERROR [Producer clientId=producer-7] Uncaught error in kafka producer I/O thread:  (org.apache.kafka.clients.producer.internals.Sender:242)
java.lang.IllegalStateException: No previous metadata update to use
	at org.apache.kafka.clients.MockClient$DefaultMockMetadataUpdater.updateWithCurrentMetadata(MockClient.java:631)
	at org.apache.kafka.clients.MockClient.poll(MockClient.java:284)
	at org.apache.kafka.clients.producer.internals.Sender.runOnce(Sender.java:325)
	at org.apache.kafka.clients.producer.internals.Sender.run(Sender.java:240)
	at java.lang.Thread.run(Thread.java:748)
[2022-09-03 18:40:38,955] ERROR [Producer clientId=producer-7] Uncaught error in kafka producer I/O thread:  (org.apache.kafka.clients.producer.internals.Sender:242)
java.lang.IllegalStateException: No previous metadata update to use
	at org.apache.kafka.clients.MockClient$DefaultMockMetadataUpdater.updateWithCurrentMetadata(MockClient.java:631)
	at org.apache.kafka.clients.MockClient.poll(MockClient.java:284)
	at org.apache.kafka.clients.producer.internals.Sender.runOnce(Sender.java:325)
	at org.apache.kafka.clients.producer.internals.Sender.run(Sender.java:240)
	at java.lang.Thread.run(Thread.java:748)
[2022-09-03 18:40:38,955] ERROR [Producer clientId=producer-7] Uncaught error in kafka producer I/O thread:  (org.apache.kafka.clients.producer.internals.Sender:242)
java.lang.IllegalStateException: No previous metadata update to use
	at org.apache.kafka.clients.MockClient$DefaultMockMetadataUpdater.updateWithCurrentMetadata(MockClient.java:631)
	at org.apache.kafka.clients.MockClient.poll(MockClient.java:284)
	at org.apache.kafka.clients.producer.internals.Sender.runOnce(Sender.java:325)
	at org.apache.kafka.clients.producer.internals.Sender.run(Sender.java:240)
	at java.lang.Thread.run(Thread.java:748)
[2022-09-03 18:40:38,955] ERROR [Producer clientId=producer-7] Uncaught error in kafka producer I/O thread:  (org.apache.kafka.clients.producer.internals.Sender:242)
java.lang.IllegalStateException: No previous metadata update to use
	at org.apache.kafka.clients.MockClient$DefaultMockMetadataUpdater.updateWithCurrentMetadata(MockClient.java:631)
	at org.apache.kafka.clients.MockClient.poll(MockClient.java:284)
	at org.apache.kafka.clients.producer.internals.Sender.runOnce(Sender.java:325)
	at org.apache.kafka.clients.producer.internals.Sender.run(Sender.java:240)
	at java.lang.Thread.run(Thread.java:748)
[2022-09-03 18:40:38,955] ERROR [Producer clientId=producer-7] Uncaught error in kafka producer I/O thread:  (org.apache.kafka.clients.producer.internals.Sender:242)
java.lang.IllegalStateException: No previous metadata update to use
	at org.apache.kafka.clients.MockClient$DefaultMockMetadataUpdater.updateWithCurrentMetadata(MockClient.java:631)
	at org.apache.kafka.clients.MockClient.poll(MockClient.java:284)
	at org.apache.kafka.clients.producer.internals.Sender.runOnce(Sender.java:325)
	at org.apache.kafka.clients.producer.internals.Sender.run(Sender.java:240)
	at java.lang.Thread.run(Thread.java:748)
[2022-09-03 18:40:38,956] ERROR [Producer clientId=producer-7] Uncaught error in kafka producer I/O thread:  (org.apache.kafka.clients.producer.internals.Sender:242)
java.lang.IllegalStateException: No previous metadata update to use
	at org.apache.kafka.clients.MockClient$DefaultMockMetadataUpdater.updateWithCurrentMetadata(MockClient.java:631)
	at org.apache.kafka.clients.MockClient.poll(MockClient.java:284)
	at org.apache.kafka.clients.producer.internals.Sender.runOnce(Sender.java:325)
	at org.apache.kafka.clients.producer.internals.Sender.run(Sender.java:240)
	at java.lang.Thread.run(Thread.java:748)
[2022-09-03 18:40:38,956] ERROR [Producer clientId=producer-7] Uncaught error in kafka producer I/O thread:  (org.apache.kafka.clients.producer.internals.Sender:242)
java.lang.IllegalStateException: No previous metadata update to use
	at org.apache.kafka.clients.MockClient$DefaultMockMetadataUpdater.updateWithCurrentMetadata(MockClient.java:631)
	at org.apache.kafka.clients.MockClient.poll(MockClient.java:284)
	at org.apache.kafka.clients.producer.internals.Sender.runOnce(Sender.java:325)
	at org.apache.kafka.clients.producer.internals.Sender.run(Sender.java:240)
	at java.lang.Thread.run(Thread.java:748)
[2022-09-03 18:40:38,956] ERROR [Producer clientId=producer-7] Uncaught error in kafka producer I/O thread:  (org.apache.kafka.clients.producer.internals.Sender:242)
java.lang.IllegalStateException: No previous metadata update to use
	at org.apache.kafka.clients.MockClient$DefaultMockMetadataUpdater.updateWithCurrentMetadata(MockClient.java:631)
	at org.apache.kafka.clients.MockClient.poll(MockClient.java:284)
	at org.apache.kafka.clients.producer.internals.Sender.runOnce(Sender.java:325)
	at org.apache.kafka.clients.producer.internals.Sender.run(Sender.java:240)
	at java.lang.Thread.run(Thread.java:748)
[2022-09-03 18:40:38,956] ERROR [Producer clientId=producer-7] Uncaught error in kafka producer I/O thread:  (org.apache.kafka.clients.producer.internals.Sender:242)
java.lang.IllegalStateException: No previous metadata update to use
	at org.apache.kafka.clients.MockClient$DefaultMockMetadataUpdater.updateWithCurrentMetadata(MockClient.java:631)
	at org.apache.kafka.clients.MockClient.poll(MockClient.java:284)
	at org.apache.kafka.clients.producer.internals.Sender.runOnce(Sender.java:325)
	at org.apache.kafka.clients.producer.internals.Sender.run(Sender.java:240)
	at java.lang.Thread.run(Thread.java:748)
[2022-09-03 18:40:38,956] ERROR [Producer clientId=producer-7] Uncaught error in kafka producer I/O thread:  (org.apache.kafka.clients.producer.internals.Sender:242)
java.lang.IllegalStateException: No previous metadata update to use
	at org.apache.kafka.clients.MockClient$DefaultMockMetadataUpdater.updateWithCurrentMetadata(MockClient.java:631)
	at org.apache.kafka.clients.MockClient.poll(MockClient.java:284)
	at org.apache.kafka.clients.producer.internals.Sender.runOnce(Sender.java:325)
	at org.apache.kafka.clients.producer.internals.Sender.run(Sender.java:240)
	at java.lang.Thread.run(Thread.java:748)
[2022-09-03 18:40:38,956] ERROR [Producer clientId=producer-7] Uncaught error in kafka producer I/O thread:  (org.apache.kafka.clients.producer.internals.Sender:242)
java.lang.IllegalStateException: No previous metadata update to use
	at org.apache.kafka.clients.MockClient$DefaultMockMetadataUpdater.updateWithCurrentMetadata(MockClient.java:631)
	at org.apache.kafka.clients.MockClient.poll(MockClient.java:284)
	at org.apache.kafka.clients.producer.internals.Sender.runOnce(Sender.java:325)
	at org.apache.kafka.clients.producer.internals.Sender.run(Sender.java:240)
	at java.lang.Thread.run(Thread.java:748)
[2022-09-03 18:40:38,956] ERROR [Producer clientId=producer-7] Uncaught error in kafka producer I/O thread:  (org.apache.kafka.clients.producer.internals.Sender:242)
java.lang.IllegalStateException: No previous metadata update to use
	at org.apache.kafka.clients.MockClient$DefaultMockMetadataUpdater.updateWithCurrentMetadata(MockClient.java:631)
	at org.apache.kafka.clients.MockClient.poll(MockClient.java:284)
	at org.apache.kafka.clients.producer.internals.Sender.runOnce(Sender.java:325)
	at org.apache.kafka.clients.producer.internals.Sender.run(Sender.java:240)
	at java.lang.Thread.run(Thread.java:748)
[2022-09-03 18:40:38,957] ERROR [Producer clientId=producer-7] Uncaught error in kafka producer I/O thread:  (org.apache.kafka.clients.producer.internals.Sender:242)
java.lang.IllegalStateException: No previous metadata update to use
	at org.apache.kafka.clients.MockClient$DefaultMockMetadataUpdater.updateWithCurrentMetadata(MockClient.java:631)
	at org.apache.kafka.clients.MockClient.poll(MockClient.java:284)
	at org.apache.kafka.clients.producer.internals.Sender.runOnce(Sender.java:325)
	at org.apache.kafka.clients.producer.internals.Sender.run(Sender.java:240)
	at java.lang.Thread.run(Thread.java:748)
[2022-09-03 18:40:38,957] ERROR [Producer clientId=producer-7] Uncaught error in kafka producer I/O thread:  (org.apache.kafka.clients.producer.internals.Sender:242)
java.lang.IllegalStateException: No previous metadata update to use
	at org.apache.kafka.clients.MockClient$DefaultMockMetadataUpdater.updateWithCurrentMetadata(MockClient.java:631)
	at org.apache.kafka.clients.MockClient.poll(MockClient.java:284)
	at org.apache.kafka.clients.producer.internals.Sender.runOnce(Sender.java:325)
	at org.apache.kafka.clients.producer.internals.Sender.run(Sender.java:240)
	at java.lang.Thread.run(Thread.java:748)
[2022-09-03 18:40:38,957] ERROR [Producer clientId=producer-7] Uncaught error in kafka producer I/O thread:  (org.apache.kafka.clients.producer.internals.Sender:242)
java.lang.IllegalStateException: No previous metadata update to use
	at org.apache.kafka.clients.MockClient$DefaultMockMetadataUpdater.updateWithCurrentMetadata(MockClient.java:631)
	at org.apache.kafka.clients.MockClient.poll(MockClient.java:284)
	at org.apache.kafka.clients.producer.internals.Sender.runOnce(Sender.java:325)
	at org.apache.kafka.clients.producer.internals.Sender.run(Sender.java:240)
	at java.lang.Thread.run(Thread.java:748)
[2022-09-03 18:40:38,957] ERROR [Producer clientId=producer-7] Uncaught error in kafka producer I/O thread:  (org.apache.kafka.clients.producer.internals.Sender:242)
java.lang.IllegalStateException: No previous metadata update to use
	at org.apache.kafka.clients.MockClient$DefaultMockMetadataUpdater.updateWithCurrentMetadata(MockClient.java:631)
	at org.apache.kafka.clients.MockClient.poll(MockClient.java:284)
	at org.apache.kafka.clients.producer.internals.Sender.runOnce(Sender.java:325)
	at org.apache.kafka.clients.producer.internals.Sender.run(Sender.java:240)
	at java.lang.Thread.run(Thread.java:748)
[2022-09-03 18:40:38,957] ERROR [Producer clientId=producer-7] Uncaught error in kafka producer I/O thread:  (org.apache.kafka.clients.producer.internals.Sender:242)
java.lang.IllegalStateException: No previous metadata update to use
	at org.apache.kafka.clients.MockClient$DefaultMockMetadataUpdater.updateWithCurrentMetadata(MockClient.java:631)
	at org.apache.kafka.clients.MockClient.poll(MockClient.java:284)
	at org.apache.kafka.clients.producer.internals.Sender.runOnce(Sender.java:325)
	at org.apache.kafka.clients.producer.internals.Sender.run(Sender.java:240)
	at java.lang.Thread.run(Thread.java:748)
[2022-09-03 18:40:38,957] ERROR [Producer clientId=producer-7] Uncaught error in kafka producer I/O thread:  (org.apache.kafka.clients.producer.internals.Sender:242)
java.lang.IllegalStateException: No previous metadata update to use
	at org.apache.kafka.clients.MockClient$DefaultMockMetadataUpdater.updateWithCurrentMetadata(MockClient.java:631)
	at org.apache.kafka.clients.MockClient.poll(MockClient.java:284)
	at org.apache.kafka.clients.producer.internals.Sender.runOnce(Sender.java:325)
	at org.apache.kafka.clients.producer.internals.Sender.run(Sender.java:240)
	at java.lang.Thread.run(Thread.java:748)
[2022-09-03 18:40:38,957] ERROR [Producer clientId=producer-7] Uncaught error in kafka producer I/O thread:  (org.apache.kafka.clients.producer.internals.Sender:242)
java.lang.IllegalStateException: No previous metadata update to use
	at org.apache.kafka.clients.MockClient$DefaultMockMetadataUpdater.updateWithCurrentMetadata(MockClient.java:631)
	at org.apache.kafka.clients.MockClient.poll(MockClient.java:284)
	at org.apache.kafka.clients.producer.internals.Sender.runOnce(Sender.java:325)
	at org.apache.kafka.clients.producer.internals.Sender.run(Sender.java:240)
	at java.lang.Thread.run(Thread.java:748)
[2022-09-03 18:40:38,957] ERROR [Producer clientId=producer-7] Uncaught error in kafka producer I/O thread:  (org.apache.kafka.clients.producer.internals.Sender:242)
java.lang.IllegalStateException: No previous metadata update to use
	at org.apache.kafka.clients.MockClient$DefaultMockMetadataUpdater.updateWithCurrentMetadata(MockClient.java:631)
	at org.apache.kafka.clients.MockClient.poll(MockClient.java:284)
	at org.apache.kafka.clients.producer.internals.Sender.runOnce(Sender.java:325)
	at org.apache.kafka.clients.producer.internals.Sender.run(Sender.java:240)
	at java.lang.Thread.run(Thread.java:748)
[2022-09-03 18:40:38,958] ERROR [Producer clientId=producer-7] Uncaught error in kafka producer I/O thread:  (org.apache.kafka.clients.producer.internals.Sender:242)
java.lang.IllegalStateException: No previous metadata update to use
	at org.apache.kafka.clients.MockClient$DefaultMockMetadataUpdater.updateWithCurrentMetadata(MockClient.java:631)
	at org.apache.kafka.clients.MockClient.poll(MockClient.java:284)
	at org.apache.kafka.clients.producer.internals.Sender.runOnce(Sender.java:325)
	at org.apache.kafka.clients.producer.internals.Sender.run(Sender.java:240)
	at java.lang.Thread.run(Thread.java:748)
[2022-09-03 18:40:38,958] ERROR [Producer clientId=producer-7] Uncaught error in kafka producer I/O thread:  (org.apache.kafka.clients.producer.internals.Sender:242)
java.lang.IllegalStateException: No previous metadata update to use
	at org.apache.kafka.clients.MockClient$DefaultMockMetadataUpdater.updateWithCurrentMetadata(MockClient.java:631)
	at org.apache.kafka.clients.MockClient.poll(MockClient.java:284)
	at org.apache.kafka.clients.producer.internals.Sender.runOnce(Sender.java:325)
	at org.apache.kafka.clients.producer.internals.Sender.run(Sender.java:240)
	at java.lang.Thread.run(Thread.java:748)
[2022-09-03 18:40:38,958] ERROR [Producer clientId=producer-7] Uncaught error in kafka producer I/O thread:  (org.apache.kafka.clients.producer.internals.Sender:242)
java.lang.IllegalStateException: No previous metadata update to use
	at org.apache.kafka.clients.MockClient$DefaultMockMetadataUpdater.updateWithCurrentMetadata(MockClient.java:631)
	at org.apache.kafka.clients.MockClient.poll(MockClient.java:284)
	at org.apache.kafka.clients.producer.internals.Sender.runOnce(Sender.java:325)
	at org.apache.kafka.clients.producer.internals.Sender.run(Sender.java:240)
	at java.lang.Thread.run(Thread.java:748)
[2022-09-03 18:40:38,958] ERROR [Producer clientId=producer-7] Uncaught error in kafka producer I/O thread:  (org.apache.kafka.clients.producer.internals.Sender:242)
java.lang.IllegalStateException: No previous metadata update to use
	at org.apache.kafka.clients.MockClient$DefaultMockMetadataUpdater.updateWithCurrentMetadata(MockClient.java:631)
	at org.apache.kafka.clients.MockClient.poll(MockClient.java:284)
	at org.apache.kafka.clients.producer.internals.Sender.runOnce(Sender.java:325)
	at org.apache.kafka.clients.producer.internals.Sender.run(Sender.java:240)
	at java.lang.Thread.run(Thread.java:748)
[2022-09-03 18:40:38,958] ERROR [Producer clientId=producer-7] Uncaught error in kafka producer I/O thread:  (org.apache.kafka.clients.producer.internals.Sender:242)
java.lang.IllegalStateException: No previous metadata update to use
	at org.apache.kafka.clients.MockClient$DefaultMockMetadataUpdater.updateWithCurrentMetadata(MockClient.java:631)
	at org.apache.kafka.clients.MockClient.poll(MockClient.java:284)
	at org.apache.kafka.clients.producer.internals.Sender.runOnce(Sender.java:325)
	at org.apache.kafka.clients.producer.internals.Sender.run(Sender.java:240)
	at java.lang.Thread.run(Thread.java:748)
[2022-09-03 18:40:38,958] ERROR [Producer clientId=producer-7] Uncaught error in kafka producer I/O thread:  (org.apache.kafka.clients.producer.internals.Sender:242)
java.lang.IllegalStateException: No previous metadata update to use
	at org.apache.kafka.clients.MockClient$DefaultMockMetadataUpdater.updateWithCurrentMetadata(MockClient.java:631)
	at org.apache.kafka.clients.MockClient.poll(MockClient.java:284)
	at org.apache.kafka.clients.producer.internals.Sender.runOnce(Sender.java:325)
	at org.apache.kafka.clients.producer.internals.Sender.run(Sender.java:240)
	at java.lang.Thread.run(Thread.java:748)
[2022-09-03 18:40:38,958] ERROR [Producer clientId=producer-7] Uncaught error in kafka producer I/O thread:  (org.apache.kafka.clients.producer.internals.Sender:242)
java.lang.IllegalStateException: No previous metadata update to use
	at org.apache.kafka.clients.MockClient$DefaultMockMetadataUpdater.updateWithCurrentMetadata(MockClient.java:631)
	at org.apache.kafka.clients.MockClient.poll(MockClient.java:284)
	at org.apache.kafka.clients.producer.internals.Sender.runOnce(Sender.java:325)
	at org.apache.kafka.clients.producer.internals.Sender.run(Sender.java:240)
	at java.lang.Thread.run(Thread.java:748)
[2022-09-03 18:40:38,959] ERROR [Producer clientId=producer-7] Uncaught error in kafka producer I/O thread:  (org.apache.kafka.clients.producer.internals.Sender:242)
java.lang.IllegalStateException: No previous metadata update to use
	at org.apache.kafka.clients.MockClient$DefaultMockMetadataUpdater.updateWithCurrentMetadata(MockClient.java:631)
	at org.apache.kafka.clients.MockClient.poll(MockClient.java:284)
	at org.apache.kafka.clients.producer.internals.Sender.runOnce(Sender.java:325)
	at org.apache.kafka.clients.producer.internals.Sender.run(Sender.java:240)
	at java.lang.Thread.run(Thread.java:748)
[2022-09-03 18:40:38,959] ERROR [Producer clientId=producer-7] Uncaught error in kafka producer I/O thread:  (org.apache.kafka.clients.producer.internals.Sender:242)
java.lang.IllegalStateException: No previous metadata update to use
	at org.apache.kafka.clients.MockClient$DefaultMockMetadataUpdater.updateWithCurrentMetadata(MockClient.java:631)
	at org.apache.kafka.clients.MockClient.poll(MockClient.java:284)
	at org.apache.kafka.clients.producer.internals.Sender.runOnce(Sender.java:325)
	at org.apache.kafka.clients.producer.internals.Sender.run(Sender.java:240)
	at java.lang.Thread.run(Thread.java:748)
[2022-09-03 18:40:38,959] ERROR [Producer clientId=producer-7] Uncaught error in kafka producer I/O thread:  (org.apache.kafka.clients.producer.internals.Sender:242)
java.lang.IllegalStateException: No previous metadata update to use
	at org.apache.kafka.clients.MockClient$DefaultMockMetadataUpdater.updateWithCurrentMetadata(MockClient.java:631)
	at org.apache.kafka.clients.MockClient.poll(MockClient.java:284)
	at org.apache.kafka.clients.producer.internals.Sender.runOnce(Sender.java:325)
	at org.apache.kafka.clients.producer.internals.Sender.run(Sender.java:240)
	at java.lang.Thread.run(Thread.java:748)
[2022-09-03 18:40:38,959] ERROR [Producer clientId=producer-7] Uncaught error in kafka producer I/O thread:  (org.apache.kafka.clients.producer.internals.Sender:242)
java.lang.IllegalStateException: No previous metadata update to use
	at org.apache.kafka.clients.MockClient$DefaultMockMetadataUpdater.updateWithCurrentMetadata(MockClient.java:631)
	at org.apache.kafka.clients.MockClient.poll(MockClient.java:284)
	at org.apache.kafka.clients.producer.internals.Sender.runOnce(Sender.java:325)
	at org.apache.kafka.clients.producer.internals.Sender.run(Sender.java:240)
	at java.lang.Thread.run(Thread.java:748)
[2022-09-03 18:40:38,959] ERROR [Producer clientId=producer-7] Uncaught error in kafka producer I/O thread:  (org.apache.kafka.clients.producer.internals.Sender:242)
java.lang.IllegalStateException: No previous metadata update to use
	at org.apache.kafka.clients.MockClient$DefaultMockMetadataUpdater.updateWithCurrentMetadata(MockClient.java:631)
	at org.apache.kafka.clients.MockClient.poll(MockClient.java:284)
	at org.apache.kafka.clients.producer.internals.Sender.runOnce(Sender.java:325)
	at org.apache.kafka.clients.producer.internals.Sender.run(Sender.java:240)
	at java.lang.Thread.run(Thread.java:748)
[2022-09-03 18:40:38,959] ERROR [Producer clientId=producer-7] Uncaught error in kafka producer I/O thread:  (org.apache.kafka.clients.producer.internals.Sender:242)
java.lang.IllegalStateException: No previous metadata update to use
	at org.apache.kafka.clients.MockClient$DefaultMockMetadataUpdater.updateWithCurrentMetadata(MockClient.java:631)
	at org.apache.kafka.clients.MockClient.poll(MockClient.java:284)
	at org.apache.kafka.clients.producer.internals.Sender.runOnce(Sender.java:325)
	at org.apache.kafka.clients.producer.internals.Sender.run(Sender.java:240)
	at java.lang.Thread.run(Thread.java:748)
[2022-09-03 18:40:38,959] ERROR [Producer clientId=producer-7] Uncaught error in kafka producer I/O thread:  (org.apache.kafka.clients.producer.internals.Sender:242)
java.lang.IllegalStateException: No previous metadata update to use
	at org.apache.kafka.clients.MockClient$DefaultMockMetadataUpdater.updateWithCurrentMetadata(MockClient.java:631)
	at org.apache.kafka.clients.MockClient.poll(MockClient.java:284)
	at org.apache.kafka.clients.producer.internals.Sender.runOnce(Sender.java:325)
	at org.apache.kafka.clients.producer.internals.Sender.run(Sender.java:240)
	at java.lang.Thread.run(Thread.java:748)
[2022-09-03 18:40:38,960] ERROR [Producer clientId=producer-7] Uncaught error in kafka producer I/O thread:  (org.apache.kafka.clients.producer.internals.Sender:242)
java.lang.IllegalStateException: No previous metadata update to use
	at org.apache.kafka.clients.MockClient$DefaultMockMetadataUpdater.updateWithCurrentMetadata(MockClient.java:631)
	at org.apache.kafka.clients.MockClient.poll(MockClient.java:284)
	at org.apache.kafka.clients.producer.internals.Sender.runOnce(Sender.java:325)
	at org.apache.kafka.clients.producer.internals.Sender.run(Sender.java:240)
	at java.lang.Thread.run(Thread.java:748)
[2022-09-03 18:40:38,960] ERROR [Producer clientId=producer-7] Uncaught error in kafka producer I/O thread:  (org.apache.kafka.clients.producer.internals.Sender:242)
java.lang.IllegalStateException: No previous metadata update to use
	at org.apache.kafka.clients.MockClient$DefaultMockMetadataUpdater.updateWithCurrentMetadata(MockClient.java:631)
	at org.apache.kafka.clients.MockClient.poll(MockClient.java:284)
	at org.apache.kafka.clients.producer.internals.Sender.runOnce(Sender.java:325)
	at org.apache.kafka.clients.producer.internals.Sender.run(Sender.java:240)
	at java.lang.Thread.run(Thread.java:748)
[2022-09-03 18:40:38,960] ERROR [Producer clientId=producer-7] Uncaught error in kafka producer I/O thread:  (org.apache.kafka.clients.producer.internals.Sender:242)
java.lang.IllegalStateException: No previous metadata update to use
	at org.apache.kafka.clients.MockClient$DefaultMockMetadataUpdater.updateWithCurrentMetadata(MockClient.java:631)
	at org.apache.kafka.clients.MockClient.poll(MockClient.java:284)
	at org.apache.kafka.clients.producer.internals.Sender.runOnce(Sender.java:325)
	at org.apache.kafka.clients.producer.internals.Sender.run(Sender.java:240)
	at java.lang.Thread.run(Thread.java:748)
[2022-09-03 18:40:38,960] ERROR [Producer clientId=producer-7] Uncaught error in kafka producer I/O thread:  (org.apache.kafka.clients.producer.internals.Sender:242)
java.lang.IllegalStateException: No previous metadata update to use
	at org.apache.kafka.clients.MockClient$DefaultMockMetadataUpdater.updateWithCurrentMetadata(MockClient.java:631)
	at org.apache.kafka.clients.MockClient.poll(MockClient.java:284)
	at org.apache.kafka.clients.producer.internals.Sender.runOnce(Sender.java:325)
	at org.apache.kafka.clients.producer.internals.Sender.run(Sender.java:240)
	at java.lang.Thread.run(Thread.java:748)
[2022-09-03 18:40:38,960] ERROR [Producer clientId=producer-7] Uncaught error in kafka producer I/O thread:  (org.apache.kafka.clients.producer.internals.Sender:242)
java.lang.IllegalStateException: No previous metadata update to use
	at org.apache.kafka.clients.MockClient$DefaultMockMetadataUpdater.updateWithCurrentMetadata(MockClient.java:631)
	at org.apache.kafka.clients.MockClient.poll(MockClient.java:284)
	at org.apache.kafka.clients.producer.internals.Sender.runOnce(Sender.java:325)
	at org.apache.kafka.clients.producer.internals.Sender.run(Sender.java:240)
	at java.lang.Thread.run(Thread.java:748)
[2022-09-03 18:40:38,960] ERROR [Producer clientId=producer-7] Uncaught error in kafka producer I/O thread:  (org.apache.kafka.clients.producer.internals.Sender:242)
java.lang.IllegalStateException: No previous metadata update to use
	at org.apache.kafka.clients.MockClient$DefaultMockMetadataUpdater.updateWithCurrentMetadata(MockClient.java:631)
	at org.apache.kafka.clients.MockClient.poll(MockClient.java:284)
	at org.apache.kafka.clients.producer.internals.Sender.runOnce(Sender.java:325)
	at org.apache.kafka.clients.producer.internals.Sender.run(Sender.java:240)
	at java.lang.Thread.run(Thread.java:748)
[2022-09-03 18:40:38,960] ERROR [Producer clientId=producer-7] Uncaught error in kafka producer I/O thread:  (org.apache.kafka.clients.producer.internals.Sender:242)
java.lang.IllegalStateException: No previous metadata update to use
	at org.apache.kafka.clients.MockClient$DefaultMockMetadataUpdater.updateWithCurrentMetadata(MockClient.java:631)
	at org.apache.kafka.clients.MockClient.poll(MockClient.java:284)
	at org.apache.kafka.clients.producer.internals.Sender.runOnce(Sender.java:325)
	at org.apache.kafka.clients.producer.internals.Sender.run(Sender.java:240)
	at java.lang.Thread.run(Thread.java:748)
[2022-09-03 18:40:38,960] ERROR [Producer clientId=producer-7] Uncaught error in kafka producer I/O thread:  (org.apache.kafka.clients.producer.internals.Sender:242)
java.lang.IllegalStateException: No previous metadata update to use
	at org.apache.kafka.clients.MockClient$DefaultMockMetadataUpdater.updateWithCurrentMetadata(MockClient.java:631)
	at org.apache.kafka.clients.MockClient.poll(MockClient.java:284)
	at org.apache.kafka.clients.producer.internals.Sender.runOnce(Sender.java:325)
	at org.apache.kafka.clients.producer.internals.Sender.run(Sender.java:240)
	at java.lang.Thread.run(Thread.java:748)
[2022-09-03 18:40:38,960] ERROR [Producer clientId=producer-7] Uncaught error in kafka producer I/O thread:  (org.apache.kafka.clients.producer.internals.Sender:242)
java.lang.IllegalStateException: No previous metadata update to use
	at org.apache.kafka.clients.MockClient$DefaultMockMetadataUpdater.updateWithCurrentMetadata(MockClient.java:631)
	at org.apache.kafka.clients.MockClient.poll(MockClient.java:284)
	at org.apache.kafka.clients.producer.internals.Sender.runOnce(Sender.java:325)
	at org.apache.kafka.clients.producer.internals.Sender.run(Sender.java:240)
	at java.lang.Thread.run(Thread.java:748)
[2022-09-03 18:40:38,961] ERROR [Producer clientId=producer-7] Uncaught error in kafka producer I/O thread:  (org.apache.kafka.clients.producer.internals.Sender:242)
java.lang.IllegalStateException: No previous metadata update to use
	at org.apache.kafka.clients.MockClient$DefaultMockMetadataUpdater.updateWithCurrentMetadata(MockClient.java:631)
	at org.apache.kafka.clients.MockClient.poll(MockClient.java:284)
	at org.apache.kafka.clients.producer.internals.Sender.runOnce(Sender.java:325)
	at org.apache.kafka.clients.producer.internals.Sender.run(Sender.java:240)
	at java.lang.Thread.run(Thread.java:748)
[2022-09-03 18:40:38,961] ERROR [Producer clientId=producer-7] Uncaught error in kafka producer I/O thread:  (org.apache.kafka.clients.producer.internals.Sender:242)
java.lang.IllegalStateException: No previous metadata update to use
	at org.apache.kafka.clients.MockClient$DefaultMockMetadataUpdater.updateWithCurrentMetadata(MockClient.java:631)
	at org.apache.kafka.clients.MockClient.poll(MockClient.java:284)
	at org.apache.kafka.clients.producer.internals.Sender.runOnce(Sender.java:325)
	at org.apache.kafka.clients.producer.internals.Sender.run(Sender.java:240)
	at java.lang.Thread.run(Thread.java:748)
[2022-09-03 18:40:38,961] ERROR [Producer clientId=producer-7] Uncaught error in kafka producer I/O thread:  (org.apache.kafka.clients.producer.internals.Sender:242)
java.lang.IllegalStateException: No previous metadata update to use
	at org.apache.kafka.clients.MockClient$DefaultMockMetadataUpdater.updateWithCurrentMetadata(MockClient.java:631)
	at org.apache.kafka.clients.MockClient.poll(MockClient.java:284)
	at org.apache.kafka.clients.producer.internals.Sender.runOnce(Sender.java:325)
	at org.apache.kafka.clients.producer.internals.Sender.run(Sender.java:240)
	at java.lang.Thread.run(Thread.java:748)
[2022-09-03 18:40:38,961] ERROR [Producer clientId=producer-7] Uncaught error in kafka producer I/O thread:  (org.apache.kafka.clients.producer.internals.Sender:242)
java.lang.IllegalStateException: No previous metadata update to use
	at org.apache.kafka.clients.MockClient$DefaultMockMetadataUpdater.updateWithCurrentMetadata(MockClient.java:631)
	at org.apache.kafka.clients.MockClient.poll(MockClient.java:284)
	at org.apache.kafka.clients.producer.internals.Sender.runOnce(Sender.java:325)
	at org.apache.kafka.clients.producer.internals.Sender.run(Sender.java:240)
	at java.lang.Thread.run(Thread.java:748)
[2022-09-03 18:40:38,961] ERROR [Producer clientId=producer-7] Uncaught error in kafka producer I/O thread:  (org.apache.kafka.clients.producer.internals.Sender:242)
java.lang.IllegalStateException: No previous metadata update to use
	at org.apache.kafka.clients.MockClient$DefaultMockMetadataUpdater.updateWithCurrentMetadata(MockClient.java:631)
	at org.apache.kafka.clients.MockClient.poll(MockClient.java:284)
	at org.apache.kafka.clients.producer.internals.Sender.runOnce(Sender.java:325)
	at org.apache.kafka.clients.producer.internals.Sender.run(Sender.java:240)
	at java.lang.Thread.run(Thread.java:748)
[2022-09-03 18:40:38,961] ERROR [Producer clientId=producer-7] Uncaught error in kafka producer I/O thread:  (org.apache.kafka.clients.producer.internals.Sender:242)
java.lang.IllegalStateException: No previous metadata update to use
	at org.apache.kafka.clients.MockClient$DefaultMockMetadataUpdater.updateWithCurrentMetadata(MockClient.java:631)
	at org.apache.kafka.clients.MockClient.poll(MockClient.java:284)
	at org.apache.kafka.clients.producer.internals.Sender.runOnce(Sender.java:325)
	at org.apache.kafka.clients.producer.internals.Sender.run(Sender.java:240)
	at java.lang.Thread.run(Thread.java:748)
[2022-09-03 18:40:38,962] ERROR [Producer clientId=producer-7] Uncaught error in kafka producer I/O thread:  (org.apache.kafka.clients.producer.internals.Sender:242)
java.lang.IllegalStateException: No previous metadata update to use
	at org.apache.kafka.clients.MockClient$DefaultMockMetadataUpdater.updateWithCurrentMetadata(MockClient.java:631)
	at org.apache.kafka.clients.MockClient.poll(MockClient.java:284)
	at org.apache.kafka.clients.producer.internals.Sender.runOnce(Sender.java:325)
	at org.apache.kafka.clients.producer.internals.Sender.run(Sender.java:240)
	at java.lang.Thread.run(Thread.java:748)
[2022-09-03 18:40:38,962] ERROR [Producer clientId=producer-7] Uncaught error in kafka producer I/O thread:  (org.apache.kafka.clients.producer.internals.Sender:242)
java.lang.IllegalStateException: No previous metadata update to use
	at org.apache.kafka.clients.MockClient$DefaultMockMetadataUpdater.updateWithCurrentMetadata(MockClient.java:631)
	at org.apache.kafka.clients.MockClient.poll(MockClient.java:284)
	at org.apache.kafka.clients.producer.internals.Sender.runOnce(Sender.java:325)
	at org.apache.kafka.clients.producer.internals.Sender.run(Sender.java:240)
	at java.lang.Thread.run(Thread.java:748)
[2022-09-03 18:40:38,962] ERROR [Producer clientId=producer-7] Uncaught error in kafka producer I/O thread:  (org.apache.kafka.clients.producer.internals.Sender:242)
java.lang.IllegalStateException: No previous metadata update to use
	at org.apache.kafka.clients.MockClient$DefaultMockMetadataUpdater.updateWithCurrentMetadata(MockClient.java:631)
	at org.apache.kafka.clients.MockClient.poll(MockClient.java:284)
	at org.apache.kafka.clients.producer.internals.Sender.runOnce(Sender.java:325)
	at org.apache.kafka.clients.producer.internals.Sender.run(Sender.java:240)
	at java.lang.Thread.run(Thread.java:748)
[2022-09-03 18:40:38,962] ERROR [Producer clientId=producer-7] Uncaught error in kafka producer I/O thread:  (org.apache.kafka.clients.producer.internals.Sender:242)
java.lang.IllegalStateException: No previous metadata update to use
	at org.apache.kafka.clients.MockClient$DefaultMockMetadataUpdater.updateWithCurrentMetadata(MockClient.java:631)
	at org.apache.kafka.clients.MockClient.poll(MockClient.java:284)
	at org.apache.kafka.clients.producer.internals.Sender.runOnce(Sender.java:325)
	at org.apache.kafka.clients.producer.internals.Sender.run(Sender.java:240)
	at java.lang.Thread.run(Thread.java:748)
[2022-09-03 18:40:38,962] ERROR [Producer clientId=producer-7] Uncaught error in kafka producer I/O thread:  (org.apache.kafka.clients.producer.internals.Sender:242)
java.lang.IllegalStateException: No previous metadata update to use
	at org.apache.kafka.clients.MockClient$DefaultMockMetadataUpdater.updateWithCurrentMetadata(MockClient.java:631)
	at org.apache.kafka.clients.MockClient.poll(MockClient.java:284)
	at org.apache.kafka.clients.producer.internals.Sender.runOnce(Sender.java:325)
	at org.apache.kafka.clients.producer.internals.Sender.run(Sender.java:240)
	at java.lang.Thread.run(Thread.java:748)
[2022-09-03 18:40:38,962] ERROR [Producer clientId=producer-7] Uncaught error in kafka producer I/O thread:  (org.apache.kafka.clients.producer.internals.Sender:242)
java.lang.IllegalStateException: No previous metadata update to use
	at org.apache.kafka.clients.MockClient$DefaultMockMetadataUpdater.updateWithCurrentMetadata(MockClient.java:631)
	at org.apache.kafka.clients.MockClient.poll(MockClient.java:284)
	at org.apache.kafka.clients.producer.internals.Sender.runOnce(Sender.java:325)
	at org.apache.kafka.clients.producer.internals.Sender.run(Sender.java:240)
	at java.lang.Thread.run(Thread.java:748)
[2022-09-03 18:40:38,962] ERROR [Producer clientId=producer-7] Uncaught error in kafka producer I/O thread:  (org.apache.kafka.clients.producer.internals.Sender:242)
java.lang.IllegalStateException: No previous metadata update to use
	at org.apache.kafka.clients.MockClient$DefaultMockMetadataUpdater.updateWithCurrentMetadata(MockClient.java:631)
	at org.apache.kafka.clients.MockClient.poll(MockClient.java:284)
	at org.apache.kafka.clients.producer.internals.Sender.runOnce(Sender.java:325)
	at org.apache.kafka.clients.producer.internals.Sender.run(Sender.java:240)
	at java.lang.Thread.run(Thread.java:748)
[2022-09-03 18:40:38,962] ERROR [Producer clientId=producer-7] Uncaught error in kafka producer I/O thread:  (org.apache.kafka.clients.producer.internals.Sender:242)
java.lang.IllegalStateException: No previous metadata update to use
	at org.apache.kafka.clients.MockClient$DefaultMockMetadataUpdater.updateWithCurrentMetadata(MockClient.java:631)
	at org.apache.kafka.clients.MockClient.poll(MockClient.java:284)
	at org.apache.kafka.clients.producer.internals.Sender.runOnce(Sender.java:325)
	at org.apache.kafka.clients.producer.internals.Sender.run(Sender.java:240)
	at java.lang.Thread.run(Thread.java:748)
[2022-09-03 18:40:38,962] ERROR [Producer clientId=producer-7] Uncaught error in kafka producer I/O thread:  (org.apache.kafka.clients.producer.internals.Sender:242)
java.lang.IllegalStateException: No previous metadata update to use
	at org.apache.kafka.clients.MockClient$DefaultMockMetadataUpdater.updateWithCurrentMetadata(MockClient.java:631)
	at org.apache.kafka.clients.MockClient.poll(MockClient.java:284)
	at org.apache.kafka.clients.producer.internals.Sender.runOnce(Sender.java:325)
	at org.apache.kafka.clients.producer.internals.Sender.run(Sender.java:240)
	at java.lang.Thread.run(Thread.java:748)
[2022-09-03 18:40:38,963] ERROR [Producer clientId=producer-7] Uncaught error in kafka producer I/O thread:  (org.apache.kafka.clients.producer.internals.Sender:242)
java.lang.IllegalStateException: No previous metadata update to use
	at org.apache.kafka.clients.MockClient$DefaultMockMetadataUpdater.updateWithCurrentMetadata(MockClient.java:631)
	at org.apache.kafka.clients.MockClient.poll(MockClient.java:284)
	at org.apache.kafka.clients.producer.internals.Sender.runOnce(Sender.java:325)
	at org.apache.kafka.clients.producer.internals.Sender.run(Sender.java:240)
	at java.lang.Thread.run(Thread.java:748)
[2022-09-03 18:40:38,963] ERROR [Producer clientId=producer-7] Uncaught error in kafka producer I/O thread:  (org.apache.kafka.clients.producer.internals.Sender:242)
java.lang.IllegalStateException: No previous metadata update to use
	at org.apache.kafka.clients.MockClient$DefaultMockMetadataUpdater.updateWithCurrentMetadata(MockClient.java:631)
	at org.apache.kafka.clients.MockClient.poll(MockClient.java:284)
	at org.apache.kafka.clients.producer.internals.Sender.runOnce(Sender.java:325)
	at org.apache.kafka.clients.producer.internals.Sender.run(Sender.java:240)
	at java.lang.Thread.run(Thread.java:748)
[2022-09-03 18:40:38,963] ERROR [Producer clientId=producer-7] Uncaught error in kafka producer I/O thread:  (org.apache.kafka.clients.producer.internals.Sender:242)
java.lang.IllegalStateException: No previous metadata update to use
	at org.apache.kafka.clients.MockClient$DefaultMockMetadataUpdater.updateWithCurrentMetadata(MockClient.java:631)
	at org.apache.kafka.clients.MockClient.poll(MockClient.java:284)
	at org.apache.kafka.clients.producer.internals.Sender.runOnce(Sender.java:325)
	at org.apache.kafka.clients.producer.internals.Sender.run(Sender.java:240)
	at java.lang.Thread.run(Thread.java:748)
[2022-09-03 18:40:38,963] ERROR [Producer clientId=producer-7] Uncaught error in kafka producer I/O thread:  (org.apache.kafka.clients.producer.internals.Sender:242)
java.lang.IllegalStateException: No previous metadata update to use
	at org.apache.kafka.clients.MockClient$DefaultMockMetadataUpdater.updateWithCurrentMetadata(MockClient.java:631)
	at org.apache.kafka.clients.MockClient.poll(MockClient.java:284)
	at org.apache.kafka.clients.producer.internals.Sender.runOnce(Sender.java:325)
	at org.apache.kafka.clients.producer.internals.Sender.run(Sender.java:240)
	at java.lang.Thread.run(Thread.java:748)
[2022-09-03 18:40:38,963] ERROR [Producer clientId=producer-7] Uncaught error in kafka producer I/O thread:  (org.apache.kafka.clients.producer.internals.Sender:242)
java.lang.IllegalStateException: No previous metadata update to use
	at org.apache.kafka.clients.MockClient$DefaultMockMetadataUpdater.updateWithCurrentMetadata(MockClient.java:631)
	at org.apache.kafka.clients.MockClient.poll(MockClient.java:284)
	at org.apache.kafka.clients.producer.internals.Sender.runOnce(Sender.java:325)
	at org.apache.kafka.clients.producer.internals.Sender.run(Sender.java:240)
	at java.lang.Thread.run(Thread.java:748)
[2022-09-03 18:40:38,963] ERROR [Producer clientId=producer-7] Uncaught error in kafka producer I/O thread:  (org.apache.kafka.clients.producer.internals.Sender:242)
java.lang.IllegalStateException: No previous metadata update to use
	at org.apache.kafka.clients.MockClient$DefaultMockMetadataUpdater.updateWithCurrentMetadata(MockClient.java:631)
	at org.apache.kafka.clients.MockClient.poll(MockClient.java:284)
	at org.apache.kafka.clients.producer.internals.Sender.runOnce(Sender.java:325)
	at org.apache.kafka.clients.producer.internals.Sender.run(Sender.java:240)
	at java.lang.Thread.run(Thread.java:748)
[2022-09-03 18:40:38,963] ERROR [Producer clientId=producer-7] Uncaught error in kafka producer I/O thread:  (org.apache.kafka.clients.producer.internals.Sender:242)
java.lang.IllegalStateException: No previous metadata update to use
	at org.apache.kafka.clients.MockClient$DefaultMockMetadataUpdater.updateWithCurrentMetadata(MockClient.java:631)
	at org.apache.kafka.clients.MockClient.poll(MockClient.java:284)
	at org.apache.kafka.clients.producer.internals.Sender.runOnce(Sender.java:325)
	at org.apache.kafka.clients.producer.internals.Sender.run(Sender.java:240)
	at java.lang.Thread.run(Thread.java:748)
[2022-09-03 18:40:38,964] ERROR [Producer clientId=producer-7] Uncaught error in kafka producer I/O thread:  (org.apache.kafka.clients.producer.internals.Sender:242)
java.lang.IllegalStateException: No previous metadata update to use
	at org.apache.kafka.clients.MockClient$DefaultMockMetadataUpdater.updateWithCurrentMetadata(MockClient.java:631)
	at org.apache.kafka.clients.MockClient.poll(MockClient.java:284)
	at org.apache.kafka.clients.producer.internals.Sender.runOnce(Sender.java:325)
	at org.apache.kafka.clients.producer.internals.Sender.run(Sender.java:240)
	at java.lang.Thread.run(Thread.java:748)
[2022-09-03 18:40:38,964] ERROR [Producer clientId=producer-7] Uncaught error in kafka producer I/O thread:  (org.apache.kafka.clients.producer.internals.Sender:242)
java.lang.IllegalStateException: No previous metadata update to use
	at org.apache.kafka.clients.MockClient$DefaultMockMetadataUpdater.updateWithCurrentMetadata(MockClient.java:631)
	at org.apache.kafka.clients.MockClient.poll(MockClient.java:284)
	at org.apache.kafka.clients.producer.internals.Sender.runOnce(Sender.java:325)
	at org.apache.kafka.clients.producer.internals.Sender.run(Sender.java:240)
	at java.lang.Thread.run(Thread.java:748)
[2022-09-03 18:40:38,964] ERROR [Producer clientId=producer-7] Uncaught error in kafka producer I/O thread:  (org.apache.kafka.clients.producer.internals.Sender:242)
java.lang.IllegalStateException: No previous metadata update to use
	at org.apache.kafka.clients.MockClient$DefaultMockMetadataUpdater.updateWithCurrentMetadata(MockClient.java:631)
	at org.apache.kafka.clients.MockClient.poll(MockClient.java:284)
	at org.apache.kafka.clients.producer.internals.Sender.runOnce(Sender.java:325)
	at org.apache.kafka.clients.producer.internals.Sender.run(Sender.java:240)
	at java.lang.Thread.run(Thread.java:748)
[2022-09-03 18:40:38,964] ERROR [Producer clientId=producer-7] Uncaught error in kafka producer I/O thread:  (org.apache.kafka.clients.producer.internals.Sender:242)
java.lang.IllegalStateException: No previous metadata update to use
	at org.apache.kafka.clients.MockClient$DefaultMockMetadataUpdater.updateWithCurrentMetadata(MockClient.java:631)
	at org.apache.kafka.clients.MockClient.poll(MockClient.java:284)
	at org.apache.kafka.clients.producer.internals.Sender.runOnce(Sender.java:325)
	at org.apache.kafka.clients.producer.internals.Sender.run(Sender.java:240)
	at java.lang.Thread.run(Thread.java:748)
[2022-09-03 18:40:38,964] ERROR [Producer clientId=producer-7] Uncaught error in kafka producer I/O thread:  (org.apache.kafka.clients.producer.internals.Sender:242)
java.lang.IllegalStateException: No previous metadata update to use
	at org.apache.kafka.clients.MockClient$DefaultMockMetadataUpdater.updateWithCurrentMetadata(MockClient.java:631)
	at org.apache.kafka.clients.MockClient.poll(MockClient.java:284)
	at org.apache.kafka.clients.producer.internals.Sender.runOnce(Sender.java:325)
	at org.apache.kafka.clients.producer.internals.Sender.run(Sender.java:240)
	at java.lang.Thread.run(Thread.java:748)
[2022-09-03 18:40:38,964] ERROR [Producer clientId=producer-7] Uncaught error in kafka producer I/O thread:  (org.apache.kafka.clients.producer.internals.Sender:242)
java.lang.IllegalStateException: No previous metadata update to use
	at org.apache.kafka.clients.MockClient$DefaultMockMetadataUpdater.updateWithCurrentMetadata(MockClient.java:631)
	at org.apache.kafka.clients.MockClient.poll(MockClient.java:284)
	at org.apache.kafka.clients.producer.internals.Sender.runOnce(Sender.java:325)
	at org.apache.kafka.clients.producer.internals.Sender.run(Sender.java:240)
	at java.lang.Thread.run(Thread.java:748)
[2022-09-03 18:40:38,964] ERROR [Producer clientId=producer-7] Uncaught error in kafka producer I/O thread:  (org.apache.kafka.clients.producer.internals.Sender:242)
java.lang.IllegalStateException: No previous metadata update to use
	at org.apache.kafka.clients.MockClient$DefaultMockMetadataUpdater.updateWithCurrentMetadata(MockClient.java:631)
	at org.apache.kafka.clients.MockClient.poll(MockClient.java:284)
	at org.apache.kafka.clients.producer.internals.Sender.runOnce(Sender.java:325)
	at org.apache.kafka.clients.producer.internals.Sender.run(Sender.java:240)
	at java.lang.Thread.run(Thread.java:748)
[2022-09-03 18:40:38,965] ERROR [Producer clientId=producer-7] Uncaught error in kafka producer I/O thread:  (org.apache.kafka.clients.producer.internals.Sender:242)
java.lang.IllegalStateException: No previous metadata update to use
	at org.apache.kafka.clients.MockClient$DefaultMockMetadataUpdater.updateWithCurrentMetadata(MockClient.java:631)
	at org.apache.kafka.clients.MockClient.poll(MockClient.java:284)
	at org.apache.kafka.clients.producer.internals.Sender.runOnce(Sender.java:325)
	at org.apache.kafka.clients.producer.internals.Sender.run(Sender.java:240)
	at java.lang.Thread.run(Thread.java:748)
[2022-09-03 18:40:38,965] ERROR [Producer clientId=producer-7] Uncaught error in kafka producer I/O thread:  (org.apache.kafka.clients.producer.internals.Sender:242)
java.lang.IllegalStateException: No previous metadata update to use
	at org.apache.kafka.clients.MockClient$DefaultMockMetadataUpdater.updateWithCurrentMetadata(MockClient.java:631)
	at org.apache.kafka.clients.MockClient.poll(MockClient.java:284)
	at org.apache.kafka.clients.producer.internals.Sender.runOnce(Sender.java:325)
	at org.apache.kafka.clients.producer.internals.Sender.run(Sender.java:240)
	at java.lang.Thread.run(Thread.java:748)
[2022-09-03 18:40:38,965] ERROR [Producer clientId=producer-7] Uncaught error in kafka producer I/O thread:  (org.apache.kafka.clients.producer.internals.Sender:242)
java.lang.IllegalStateException: No previous metadata update to use
	at org.apache.kafka.clients.MockClient$DefaultMockMetadataUpdater.updateWithCurrentMetadata(MockClient.java:631)
	at org.apache.kafka.clients.MockClient.poll(MockClient.java:284)
	at org.apache.kafka.clients.producer.internals.Sender.runOnce(Sender.java:325)
	at org.apache.kafka.clients.producer.internals.Sender.run(Sender.java:240)
	at java.lang.Thread.run(Thread.java:748)
[2022-09-03 18:40:38,965] ERROR [Producer clientId=producer-7] Uncaught error in kafka producer I/O thread:  (org.apache.kafka.clients.producer.internals.Sender:242)
java.lang.IllegalStateException: No previous metadata update to use
	at org.apache.kafka.clients.MockClient$DefaultMockMetadataUpdater.updateWithCurrentMetadata(MockClient.java:631)
	at org.apache.kafka.clients.MockClient.poll(MockClient.java:284)
	at org.apache.kafka.clients.producer.internals.Sender.runOnce(Sender.java:325)
	at org.apache.kafka.clients.producer.internals.Sender.run(Sender.java:240)
	at java.lang.Thread.run(Thread.java:748)
[2022-09-03 18:40:38,965] ERROR [Producer clientId=producer-7] Uncaught error in kafka producer I/O thread:  (org.apache.kafka.clients.producer.internals.Sender:242)
java.lang.IllegalStateException: No previous metadata update to use
	at org.apache.kafka.clients.MockClient$DefaultMockMetadataUpdater.updateWithCurrentMetadata(MockClient.java:631)
	at org.apache.kafka.clients.MockClient.poll(MockClient.java:284)
	at org.apache.kafka.clients.producer.internals.Sender.runOnce(Sender.java:325)
	at org.apache.kafka.clients.producer.internals.Sender.run(Sender.java:240)
	at java.lang.Thread.run(Thread.java:748)
[2022-09-03 18:40:38,965] ERROR [Producer clientId=producer-7] Uncaught error in kafka producer I/O thread:  (org.apache.kafka.clients.producer.internals.Sender:242)
java.lang.IllegalStateException: No previous metadata update to use
	at org.apache.kafka.clients.MockClient$DefaultMockMetadataUpdater.updateWithCurrentMetadata(MockClient.java:631)
	at org.apache.kafka.clients.MockClient.poll(MockClient.java:284)
	at org.apache.kafka.clients.producer.internals.Sender.runOnce(Sender.java:325)
	at org.apache.kafka.clients.producer.internals.Sender.run(Sender.java:240)
	at java.lang.Thread.run(Thread.java:748)
[2022-09-03 18:40:38,965] ERROR [Producer clientId=producer-7] Uncaught error in kafka producer I/O thread:  (org.apache.kafka.clients.producer.internals.Sender:242)
java.lang.IllegalStateException: No previous metadata update to use
	at org.apache.kafka.clients.MockClient$DefaultMockMetadataUpdater.updateWithCurrentMetadata(MockClient.java:631)
	at org.apache.kafka.clients.MockClient.poll(MockClient.java:284)
	at org.apache.kafka.clients.producer.internals.Sender.runOnce(Sender.java:325)
	at org.apache.kafka.clients.producer.internals.Sender.run(Sender.java:240)
	at java.lang.Thread.run(Thread.java:748)
[2022-09-03 18:40:38,966] ERROR [Producer clientId=producer-7] Uncaught error in kafka producer I/O thread:  (org.apache.kafka.clients.producer.internals.Sender:242)
java.lang.IllegalStateException: No previous metadata update to use
	at org.apache.kafka.clients.MockClient$DefaultMockMetadataUpdater.updateWithCurrentMetadata(MockClient.java:631)
	at org.apache.kafka.clients.MockClient.poll(MockClient.java:284)
	at org.apache.kafka.clients.producer.internals.Sender.runOnce(Sender.java:325)
	at org.apache.kafka.clients.producer.internals.Sender.run(Sender.java:240)
	at java.lang.Thread.run(Thread.java:748)
[2022-09-03 18:40:38,966] ERROR [Producer clientId=producer-7] Uncaught error in kafka producer I/O thread:  (org.apache.kafka.clients.producer.internals.Sender:242)
java.lang.IllegalStateException: No previous metadata update to use
	at org.apache.kafka.clients.MockClient$DefaultMockMetadataUpdater.updateWithCurrentMetadata(MockClient.java:631)
	at org.apache.kafka.clients.MockClient.poll(MockClient.java:284)
	at org.apache.kafka.clients.producer.internals.Sender.runOnce(Sender.java:325)
	at org.apache.kafka.clients.producer.internals.Sender.run(Sender.java:240)
	at java.lang.Thread.run(Thread.java:748)
[2022-09-03 18:40:38,966] ERROR [Producer clientId=producer-7] Uncaught error in kafka producer I/O thread:  (org.apache.kafka.clients.producer.internals.Sender:242)
java.lang.IllegalStateException: No previous metadata update to use
	at org.apache.kafka.clients.MockClient$DefaultMockMetadataUpdater.updateWithCurrentMetadata(MockClient.java:631)
	at org.apache.kafka.clients.MockClient.poll(MockClient.java:284)
	at org.apache.kafka.clients.producer.internals.Sender.runOnce(Sender.java:325)
	at org.apache.kafka.clients.producer.internals.Sender.run(Sender.java:240)
	at java.lang.Thread.run(Thread.java:748)
[2022-09-03 18:40:38,966] ERROR [Producer clientId=producer-7] Uncaught error in kafka producer I/O thread:  (org.apache.kafka.clients.producer.internals.Sender:242)
java.lang.IllegalStateException: No previous metadata update to use
	at org.apache.kafka.clients.MockClient$DefaultMockMetadataUpdater.updateWithCurrentMetadata(MockClient.java:631)
	at org.apache.kafka.clients.MockClient.poll(MockClient.java:284)
	at org.apache.kafka.clients.producer.internals.Sender.runOnce(Sender.java:325)
	at org.apache.kafka.clients.producer.internals.Sender.run(Sender.java:240)
	at java.lang.Thread.run(Thread.java:748)
[2022-09-03 18:40:38,966] ERROR [Producer clientId=producer-7] Uncaught error in kafka producer I/O thread:  (org.apache.kafka.clients.producer.internals.Sender:242)
java.lang.IllegalStateException: No previous metadata update to use
	at org.apache.kafka.clients.MockClient$DefaultMockMetadataUpdater.updateWithCurrentMetadata(MockClient.java:631)
	at org.apache.kafka.clients.MockClient.poll(MockClient.java:284)
	at org.apache.kafka.clients.producer.internals.Sender.runOnce(Sender.java:325)
	at org.apache.kafka.clients.producer.internals.Sender.run(Sender.java:240)
	at java.lang.Thread.run(Thread.java:748)
[2022-09-03 18:40:38,966] ERROR [Producer clientId=producer-7] Uncaught error in kafka producer I/O thread:  (org.apache.kafka.clients.producer.internals.Sender:242)
java.lang.IllegalStateException: No previous metadata update to use
	at org.apache.kafka.clients.MockClient$DefaultMockMetadataUpdater.updateWithCurrentMetadata(MockClient.java:631)
	at org.apache.kafka.clients.MockClient.poll(MockClient.java:284)
	at org.apache.kafka.clients.producer.internals.Sender.runOnce(Sender.java:325)
	at org.apache.kafka.clients.producer.internals.Sender.run(Sender.java:240)
	at java.lang.Thread.run(Thread.java:748)
[2022-09-03 18:40:38,966] ERROR [Producer clientId=producer-7] Uncaught error in kafka producer I/O thread:  (org.apache.kafka.clients.producer.internals.Sender:242)
java.lang.IllegalStateException: No previous metadata update to use
	at org.apache.kafka.clients.MockClient$DefaultMockMetadataUpdater.updateWithCurrentMetadata(MockClient.java:631)
	at org.apache.kafka.clients.MockClient.poll(MockClient.java:284)
	at org.apache.kafka.clients.producer.internals.Sender.runOnce(Sender.java:325)
	at org.apache.kafka.clients.producer.internals.Sender.run(Sender.java:240)
	at java.lang.Thread.run(Thread.java:748)
[2022-09-03 18:40:38,966] ERROR [Producer clientId=producer-7] Uncaught error in kafka producer I/O thread:  (org.apache.kafka.clients.producer.internals.Sender:242)
java.lang.IllegalStateException: No previous metadata update to use
	at org.apache.kafka.clients.MockClient$DefaultMockMetadataUpdater.updateWithCurrentMetadata(MockClient.java:631)
	at org.apache.kafka.clients.MockClient.poll(MockClient.java:284)
	at org.apache.kafka.clients.producer.internals.Sender.runOnce(Sender.java:325)
	at org.apache.kafka.clients.producer.internals.Sender.run(Sender.java:240)
	at java.lang.Thread.run(Thread.java:748)
[2022-09-03 18:40:38,966] ERROR [Producer clientId=producer-7] Uncaught error in kafka producer I/O thread:  (org.apache.kafka.clients.producer.internals.Sender:242)
java.lang.IllegalStateException: No previous metadata update to use
	at org.apache.kafka.clients.MockClient$DefaultMockMetadataUpdater.updateWithCurrentMetadata(MockClient.java:631)
	at org.apache.kafka.clients.MockClient.poll(MockClient.java:284)
	at org.apache.kafka.clients.producer.internals.Sender.runOnce(Sender.java:325)
	at org.apache.kafka.clients.producer.internals.Sender.run(Sender.java:240)
	at java.lang.Thread.run(Thread.java:748)
[2022-09-03 18:40:38,967] ERROR [Producer clientId=producer-7] Uncaught error in kafka producer I/O thread:  (org.apache.kafka.clients.producer.internals.Sender:242)
java.lang.IllegalStateException: No previous metadata update to use
	at org.apache.kafka.clients.MockClient$DefaultMockMetadataUpdater.updateWithCurrentMetadata(MockClient.java:631)
	at org.apache.kafka.clients.MockClient.poll(MockClient.java:284)
	at org.apache.kafka.clients.producer.internals.Sender.runOnce(Sender.java:325)
	at org.apache.kafka.clients.producer.internals.Sender.run(Sender.java:240)
	at java.lang.Thread.run(Thread.java:748)
[2022-09-03 18:40:38,967] ERROR [Producer clientId=producer-7] Uncaught error in kafka producer I/O thread:  (org.apache.kafka.clients.producer.internals.Sender:242)
java.lang.IllegalStateException: No previous metadata update to use
	at org.apache.kafka.clients.MockClient$DefaultMockMetadataUpdater.updateWithCurrentMetadata(MockClient.java:631)
	at org.apache.kafka.clients.MockClient.poll(MockClient.java:284)
	at org.apache.kafka.clients.producer.internals.Sender.runOnce(Sender.java:325)
	at org.apache.kafka.clients.producer.internals.Sender.run(Sender.java:240)
	at java.lang.Thread.run(Thread.java:748)
[2022-09-03 18:40:38,967] ERROR [Producer clientId=producer-7] Uncaught error in kafka producer I/O thread:  (org.apache.kafka.clients.producer.internals.Sender:242)
java.lang.IllegalStateException: No previous metadata update to use
	at org.apache.kafka.clients.MockClient$DefaultMockMetadataUpdater.updateWithCurrentMetadata(MockClient.java:631)
	at org.apache.kafka.clients.MockClient.poll(MockClient.java:284)
	at org.apache.kafka.clients.producer.internals.Sender.runOnce(Sender.java:325)
	at org.apache.kafka.clients.producer.internals.Sender.run(Sender.java:240)
	at java.lang.Thread.run(Thread.java:748)
[2022-09-03 18:40:38,967] ERROR [Producer clientId=producer-7] Uncaught error in kafka producer I/O thread:  (org.apache.kafka.clients.producer.internals.Sender:242)
java.lang.IllegalStateException: No previous metadata update to use
	at org.apache.kafka.clients.MockClient$DefaultMockMetadataUpdater.updateWithCurrentMetadata(MockClient.java:631)
	at org.apache.kafka.clients.MockClient.poll(MockClient.java:284)
	at org.apache.kafka.clients.producer.internals.Sender.runOnce(Sender.java:325)
	at org.apache.kafka.clients.producer.internals.Sender.run(Sender.java:240)
	at java.lang.Thread.run(Thread.java:748)
[2022-09-03 18:40:38,968] ERROR [Producer clientId=producer-7] Uncaught error in kafka producer I/O thread:  (org.apache.kafka.clients.producer.internals.Sender:242)
java.lang.IllegalStateException: No previous metadata update to use
	at org.apache.kafka.clients.MockClient$DefaultMockMetadataUpdater.updateWithCurrentMetadata(MockClient.java:631)
	at org.apache.kafka.clients.MockClient.poll(MockClient.java:284)
	at org.apache.kafka.clients.producer.internals.Sender.runOnce(Sender.java:325)
	at org.apache.kafka.clients.producer.internals.Sender.run(Sender.java:240)
	at java.lang.Thread.run(Thread.java:748)
[2022-09-03 18:40:38,968] ERROR [Producer clientId=producer-7] Uncaught error in kafka producer I/O thread:  (org.apache.kafka.clients.producer.internals.Sender:242)
java.lang.IllegalStateException: No previous metadata update to use
	at org.apache.kafka.clients.MockClient$DefaultMockMetadataUpdater.updateWithCurrentMetadata(MockClient.java:631)
	at org.apache.kafka.clients.MockClient.poll(MockClient.java:284)
	at org.apache.kafka.clients.producer.internals.Sender.runOnce(Sender.java:325)
	at org.apache.kafka.clients.producer.internals.Sender.run(Sender.java:240)
	at java.lang.Thread.run(Thread.java:748)
[2022-09-03 18:40:38,968] ERROR [Producer clientId=producer-7] Uncaught error in kafka producer I/O thread:  (org.apache.kafka.clients.producer.internals.Sender:242)
java.lang.IllegalStateException: No previous metadata update to use
	at org.apache.kafka.clients.MockClient$DefaultMockMetadataUpdater.updateWithCurrentMetadata(MockClient.java:631)
	at org.apache.kafka.clients.MockClient.poll(MockClient.java:284)
	at org.apache.kafka.clients.producer.internals.Sender.runOnce(Sender.java:325)
	at org.apache.kafka.clients.producer.internals.Sender.run(Sender.java:240)
	at java.lang.Thread.run(Thread.java:748)
[2022-09-03 18:40:38,968] ERROR [Producer clientId=producer-7] Uncaught error in kafka producer I/O thread:  (org.apache.kafka.clients.producer.internals.Sender:242)
java.lang.IllegalStateException: No previous metadata update to use
	at org.apache.kafka.clients.MockClient$DefaultMockMetadataUpdater.updateWithCurrentMetadata(MockClient.java:631)
	at org.apache.kafka.clients.MockClient.poll(MockClient.java:284)
	at org.apache.kafka.clients.producer.internals.Sender.runOnce(Sender.java:325)
	at org.apache.kafka.clients.producer.internals.Sender.run(Sender.java:240)
	at java.lang.Thread.run(Thread.java:748)
[2022-09-03 18:40:38,968] ERROR [Producer clientId=producer-7] Uncaught error in kafka producer I/O thread:  (org.apache.kafka.clients.producer.internals.Sender:242)
java.lang.IllegalStateException: No previous metadata update to use
	at org.apache.kafka.clients.MockClient$DefaultMockMetadataUpdater.updateWithCurrentMetadata(MockClient.java:631)
	at org.apache.kafka.clients.MockClient.poll(MockClient.java:284)
	at org.apache.kafka.clients.producer.internals.Sender.runOnce(Sender.java:325)
	at org.apache.kafka.clients.producer.internals.Sender.run(Sender.java:240)
	at java.lang.Thread.run(Thread.java:748)
[2022-09-03 18:40:38,968] ERROR [Producer clientId=producer-7] Uncaught error in kafka producer I/O thread:  (org.apache.kafka.clients.producer.internals.Sender:242)
java.lang.IllegalStateException: No previous metadata update to use
	at org.apache.kafka.clients.MockClient$DefaultMockMetadataUpdater.updateWithCurrentMetadata(MockClient.java:631)
	at org.apache.kafka.clients.MockClient.poll(MockClient.java:284)
	at org.apache.kafka.clients.producer.internals.Sender.runOnce(Sender.java:325)
	at org.apache.kafka.clients.producer.internals.Sender.run(Sender.java:240)
	at java.lang.Thread.run(Thread.java:748)
[2022-09-03 18:40:38,969] ERROR [Producer clientId=producer-7] Uncaught error in kafka producer I/O thread:  (org.apache.kafka.clients.producer.internals.Sender:242)
java.lang.IllegalStateException: No previous metadata update to use
	at org.apache.kafka.clients.MockClient$DefaultMockMetadataUpdater.updateWithCurrentMetadata(MockClient.java:631)
	at org.apache.kafka.clients.MockClient.poll(MockClient.java:284)
	at org.apache.kafka.clients.producer.internals.Sender.runOnce(Sender.java:325)
	at org.apache.kafka.clients.producer.internals.Sender.run(Sender.java:240)
	at java.lang.Thread.run(Thread.java:748)
[2022-09-03 18:40:38,969] ERROR [Producer clientId=producer-7] Uncaught error in kafka producer I/O thread:  (org.apache.kafka.clients.producer.internals.Sender:242)
java.lang.IllegalStateException: No previous metadata update to use
	at org.apache.kafka.clients.MockClient$DefaultMockMetadataUpdater.updateWithCurrentMetadata(MockClient.java:631)
	at org.apache.kafka.clients.MockClient.poll(MockClient.java:284)
	at org.apache.kafka.clients.producer.internals.Sender.runOnce(Sender.java:325)
	at org.apache.kafka.clients.producer.internals.Sender.run(Sender.java:240)
	at java.lang.Thread.run(Thread.java:748)
[2022-09-03 18:40:38,969] ERROR [Producer clientId=producer-7] Uncaught error in kafka producer I/O thread:  (org.apache.kafka.clients.producer.internals.Sender:242)
java.lang.IllegalStateException: No previous metadata update to use
	at org.apache.kafka.clients.MockClient$DefaultMockMetadataUpdater.updateWithCurrentMetadata(MockClient.java:631)
	at org.apache.kafka.clients.MockClient.poll(MockClient.java:284)
	at org.apache.kafka.clients.producer.internals.Sender.runOnce(Sender.java:325)
	at org.apache.kafka.clients.producer.internals.Sender.run(Sender.java:240)
	at java.lang.Thread.run(Thread.java:748)
[2022-09-03 18:40:38,969] ERROR [Producer clientId=producer-7] Uncaught error in kafka producer I/O thread:  (org.apache.kafka.clients.producer.internals.Sender:242)
java.lang.IllegalStateException: No previous metadata update to use
	at org.apache.kafka.clients.MockClient$DefaultMockMetadataUpdater.updateWithCurrentMetadata(MockClient.java:631)
	at org.apache.kafka.clients.MockClient.poll(MockClient.java:284)
	at org.apache.kafka.clients.producer.internals.Sender.runOnce(Sender.java:325)
	at org.apache.kafka.clients.producer.internals.Sender.run(Sender.java:240)
	at java.lang.Thread.run(Thread.java:748)
[2022-09-03 18:40:38,969] ERROR [Producer clientId=producer-7] Uncaught error in kafka producer I/O thread:  (org.apache.kafka.clients.producer.internals.Sender:242)
java.lang.IllegalStateException: No previous metadata update to use
	at org.apache.kafka.clients.MockClient$DefaultMockMetadataUpdater.updateWithCurrentMetadata(MockClient.java:631)
	at org.apache.kafka.clients.MockClient.poll(MockClient.java:284)
	at org.apache.kafka.clients.producer.internals.Sender.runOnce(Sender.java:325)
	at org.apache.kafka.clients.producer.internals.Sender.run(Sender.java:240)
	at java.lang.Thread.run(Thread.java:748)
[2022-09-03 18:40:38,969] ERROR [Producer clientId=producer-7] Uncaught error in kafka producer I/O thread:  (org.apache.kafka.clients.producer.internals.Sender:242)
java.lang.IllegalStateException: No previous metadata update to use
	at org.apache.kafka.clients.MockClient$DefaultMockMetadataUpdater.updateWithCurrentMetadata(MockClient.java:631)
	at org.apache.kafka.clients.MockClient.poll(MockClient.java:284)
	at org.apache.kafka.clients.producer.internals.Sender.runOnce(Sender.java:325)
	at org.apache.kafka.clients.producer.internals.Sender.run(Sender.java:240)
	at java.lang.Thread.run(Thread.java:748)
[2022-09-03 18:40:38,970] ERROR [Producer clientId=producer-7] Uncaught error in kafka producer I/O thread:  (org.apache.kafka.clients.producer.internals.Sender:242)
java.lang.IllegalStateException: No previous metadata update to use
	at org.apache.kafka.clients.MockClient$DefaultMockMetadataUpdater.updateWithCurrentMetadata(MockClient.java:631)
	at org.apache.kafka.clients.MockClient.poll(MockClient.java:284)
	at org.apache.kafka.clients.producer.internals.Sender.runOnce(Sender.java:325)
	at org.apache.kafka.clients.producer.internals.Sender.run(Sender.java:240)
	at java.lang.Thread.run(Thread.java:748)
[2022-09-03 18:40:38,970] ERROR [Producer clientId=producer-7] Uncaught error in kafka producer I/O thread:  (org.apache.kafka.clients.producer.internals.Sender:242)
java.lang.IllegalStateException: No previous metadata update to use
	at org.apache.kafka.clients.MockClient$DefaultMockMetadataUpdater.updateWithCurrentMetadata(MockClient.java:631)
	at org.apache.kafka.clients.MockClient.poll(MockClient.java:284)
	at org.apache.kafka.clients.producer.internals.Sender.runOnce(Sender.java:325)
	at org.apache.kafka.clients.producer.internals.Sender.run(Sender.java:240)
	at java.lang.Thread.run(Thread.java:748)
[2022-09-03 18:40:38,970] ERROR [Producer clientId=producer-7] Uncaught error in kafka producer I/O thread:  (org.apache.kafka.clients.producer.internals.Sender:242)
java.lang.IllegalStateException: No previous metadata update to use
	at org.apache.kafka.clients.MockClient$DefaultMockMetadataUpdater.updateWithCurrentMetadata(MockClient.java:631)
	at org.apache.kafka.clients.MockClient.poll(MockClient.java:284)
	at org.apache.kafka.clients.producer.internals.Sender.runOnce(Sender.java:325)
	at org.apache.kafka.clients.producer.internals.Sender.run(Sender.java:240)
	at java.lang.Thread.run(Thread.java:748)
[2022-09-03 18:40:38,970] ERROR [Producer clientId=producer-7] Uncaught error in kafka producer I/O thread:  (org.apache.kafka.clients.producer.internals.Sender:242)
java.lang.IllegalStateException: No previous metadata update to use
	at org.apache.kafka.clients.MockClient$DefaultMockMetadataUpdater.updateWithCurrentMetadata(MockClient.java:631)
	at org.apache.kafka.clients.MockClient.poll(MockClient.java:284)
	at org.apache.kafka.clients.producer.internals.Sender.runOnce(Sender.java:325)
	at org.apache.kafka.clients.producer.internals.Sender.run(Sender.java:240)
	at java.lang.Thread.run(Thread.java:748)
[2022-09-03 18:40:38,970] ERROR [Producer clientId=producer-7] Uncaught error in kafka producer I/O thread:  (org.apache.kafka.clients.producer.internals.Sender:242)
java.lang.IllegalStateException: No previous metadata update to use
	at org.apache.kafka.clients.MockClient$DefaultMockMetadataUpdater.updateWithCurrentMetadata(MockClient.java:631)
	at org.apache.kafka.clients.MockClient.poll(MockClient.java:284)
	at org.apache.kafka.clients.producer.internals.Sender.runOnce(Sender.java:325)
	at org.apache.kafka.clients.producer.internals.Sender.run(Sender.java:240)
	at java.lang.Thread.run(Thread.java:748)
[2022-09-03 18:40:38,971] ERROR [Producer clientId=producer-7] Uncaught error in kafka producer I/O thread:  (org.apache.kafka.clients.producer.internals.Sender:242)
java.lang.IllegalStateException: No previous metadata update to use
	at org.apache.kafka.clients.MockClient$DefaultMockMetadataUpdater.updateWithCurrentMetadata(MockClient.java:631)
	at org.apache.kafka.clients.MockClient.poll(MockClient.java:284)
	at org.apache.kafka.clients.producer.internals.Sender.runOnce(Sender.java:325)
	at org.apache.kafka.clients.producer.internals.Sender.run(Sender.java:240)
	at java.lang.Thread.run(Thread.java:748)
[2022-09-03 18:40:38,971] ERROR [Producer clientId=producer-7] Uncaught error in kafka producer I/O thread:  (org.apache.kafka.clients.producer.internals.Sender:242)
java.lang.IllegalStateException: No previous metadata update to use
	at org.apache.kafka.clients.MockClient$DefaultMockMetadataUpdater.updateWithCurrentMetadata(MockClient.java:631)
	at org.apache.kafka.clients.MockClient.poll(MockClient.java:284)
	at org.apache.kafka.clients.producer.internals.Sender.runOnce(Sender.java:325)
	at org.apache.kafka.clients.producer.internals.Sender.run(Sender.java:240)
	at java.lang.Thread.run(Thread.java:748)
[2022-09-03 18:40:38,971] ERROR [Producer clientId=producer-7] Uncaught error in kafka producer I/O thread:  (org.apache.kafka.clients.producer.internals.Sender:242)
java.lang.IllegalStateException: No previous metadata update to use
	at org.apache.kafka.clients.MockClient$DefaultMockMetadataUpdater.updateWithCurrentMetadata(MockClient.java:631)
	at org.apache.kafka.clients.MockClient.poll(MockClient.java:284)
	at org.apache.kafka.clients.producer.internals.Sender.runOnce(Sender.java:325)
	at org.apache.kafka.clients.producer.internals.Sender.run(Sender.java:240)
	at java.lang.Thread.run(Thread.java:748)
[2022-09-03 18:40:38,971] ERROR [Producer clientId=producer-7] Uncaught error in kafka producer I/O thread:  (org.apache.kafka.clients.producer.internals.Sender:242)
java.lang.IllegalStateException: No previous metadata update to use
	at org.apache.kafka.clients.MockClient$DefaultMockMetadataUpdater.updateWithCurrentMetadata(MockClient.java:631)
	at org.apache.kafka.clients.MockClient.poll(MockClient.java:284)
	at org.apache.kafka.clients.producer.internals.Sender.runOnce(Sender.java:325)
	at org.apache.kafka.clients.producer.internals.Sender.run(Sender.java:240)
	at java.lang.Thread.run(Thread.java:748)
[2022-09-03 18:40:38,971] ERROR [Producer clientId=producer-7] Uncaught error in kafka producer I/O thread:  (org.apache.kafka.clients.producer.internals.Sender:242)
java.lang.IllegalStateException: No previous metadata update to use
	at org.apache.kafka.clients.MockClient$DefaultMockMetadataUpdater.updateWithCurrentMetadata(MockClient.java:631)
	at org.apache.kafka.clients.MockClient.poll(MockClient.java:284)
	at org.apache.kafka.clients.producer.internals.Sender.runOnce(Sender.java:325)
	at org.apache.kafka.clients.producer.internals.Sender.run(Sender.java:240)
	at java.lang.Thread.run(Thread.java:748)
[2022-09-03 18:40:38,971] ERROR [Producer clientId=producer-7] Uncaught error in kafka producer I/O thread:  (org.apache.kafka.clients.producer.internals.Sender:242)
java.lang.IllegalStateException: No previous metadata update to use
	at org.apache.kafka.clients.MockClient$DefaultMockMetadataUpdater.updateWithCurrentMetadata(MockClient.java:631)
	at org.apache.kafka.clients.MockClient.poll(MockClient.java:284)
	at org.apache.kafka.clients.producer.internals.Sender.runOnce(Sender.java:325)
	at org.apache.kafka.clients.producer.internals.Sender.run(Sender.java:240)
	at java.lang.Thread.run(Thread.java:748)
[2022-09-03 18:40:38,971] ERROR [Producer clientId=producer-7] Uncaught error in kafka producer I/O thread:  (org.apache.kafka.clients.producer.internals.Sender:242)
java.lang.IllegalStateException: No previous metadata update to use
	at org.apache.kafka.clients.MockClient$DefaultMockMetadataUpdater.updateWithCurrentMetadata(MockClient.java:631)
	at org.apache.kafka.clients.MockClient.poll(MockClient.java:284)
	at org.apache.kafka.clients.producer.internals.Sender.runOnce(Sender.java:325)
	at org.apache.kafka.clients.producer.internals.Sender.run(Sender.java:240)
	at java.lang.Thread.run(Thread.java:748)
[2022-09-03 18:40:38,971] ERROR [Producer clientId=producer-7] Uncaught error in kafka producer I/O thread:  (org.apache.kafka.clients.producer.internals.Sender:242)
java.lang.IllegalStateException: No previous metadata update to use
	at org.apache.kafka.clients.MockClient$DefaultMockMetadataUpdater.updateWithCurrentMetadata(MockClient.java:631)
	at org.apache.kafka.clients.MockClient.poll(MockClient.java:284)
	at org.apache.kafka.clients.producer.internals.Sender.runOnce(Sender.java:325)
	at org.apache.kafka.clients.producer.internals.Sender.run(Sender.java:240)
	at java.lang.Thread.run(Thread.java:748)
[2022-09-03 18:40:38,971] ERROR [Producer clientId=producer-7] Uncaught error in kafka producer I/O thread:  (org.apache.kafka.clients.producer.internals.Sender:242)
java.lang.IllegalStateException: No previous metadata update to use
	at org.apache.kafka.clients.MockClient$DefaultMockMetadataUpdater.updateWithCurrentMetadata(MockClient.java:631)
	at org.apache.kafka.clients.MockClient.poll(MockClient.java:284)
	at org.apache.kafka.clients.producer.internals.Sender.runOnce(Sender.java:325)
	at org.apache.kafka.clients.producer.internals.Sender.run(Sender.java:240)
	at java.lang.Thread.run(Thread.java:748)
[2022-09-03 18:40:38,972] ERROR [Producer clientId=producer-7] Uncaught error in kafka producer I/O thread:  (org.apache.kafka.clients.producer.internals.Sender:242)
java.lang.IllegalStateException: No previous metadata update to use
	at org.apache.kafka.clients.MockClient$DefaultMockMetadataUpdater.updateWithCurrentMetadata(MockClient.java:631)
	at org.apache.kafka.clients.MockClient.poll(MockClient.java:284)
	at org.apache.kafka.clients.producer.internals.Sender.runOnce(Sender.java:325)
	at org.apache.kafka.clients.producer.internals.Sender.run(Sender.java:240)
	at java.lang.Thread.run(Thread.java:748)
[2022-09-03 18:40:38,972] ERROR [Producer clientId=producer-7] Uncaught error in kafka producer I/O thread:  (org.apache.kafka.clients.producer.internals.Sender:242)
java.lang.IllegalStateException: No previous metadata update to use
	at org.apache.kafka.clients.MockClient$DefaultMockMetadataUpdater.updateWithCurrentMetadata(MockClient.java:631)
	at org.apache.kafka.clients.MockClient.poll(MockClient.java:284)
	at org.apache.kafka.clients.producer.internals.Sender.runOnce(Sender.java:325)
	at org.apache.kafka.clients.producer.internals.Sender.run(Sender.java:240)
	at java.lang.Thread.run(Thread.java:748)
[2022-09-03 18:40:38,972] ERROR [Producer clientId=producer-7] Uncaught error in kafka producer I/O thread:  (org.apache.kafka.clients.producer.internals.Sender:242)
java.lang.IllegalStateException: No previous metadata update to use
	at org.apache.kafka.clients.MockClient$DefaultMockMetadataUpdater.updateWithCurrentMetadata(MockClient.java:631)
	at org.apache.kafka.clients.MockClient.poll(MockClient.java:284)
	at org.apache.kafka.clients.producer.internals.Sender.runOnce(Sender.java:325)
	at org.apache.kafka.clients.producer.internals.Sender.run(Sender.java:240)
	at java.lang.Thread.run(Thread.java:748)
[2022-09-03 18:40:38,973] ERROR [Producer clientId=producer-7] Uncaught error in kafka producer I/O thread:  (org.apache.kafka.clients.producer.internals.Sender:242)
java.lang.IllegalStateException: No previous metadata update to use
	at org.apache.kafka.clients.MockClient$DefaultMockMetadataUpdater.updateWithCurrentMetadata(MockClient.java:631)
	at org.apache.kafka.clients.MockClient.poll(MockClient.java:284)
	at org.apache.kafka.clients.producer.internals.Sender.runOnce(Sender.java:325)
	at org.apache.kafka.clients.producer.internals.Sender.run(Sender.java:240)
	at java.lang.Thread.run(Thread.java:748)
[2022-09-03 18:40:38,973] ERROR [Producer clientId=producer-7] Uncaught error in kafka producer I/O thread:  (org.apache.kafka.clients.producer.internals.Sender:242)
java.lang.IllegalStateException: No previous metadata update to use
	at org.apache.kafka.clients.MockClient$DefaultMockMetadataUpdater.updateWithCurrentMetadata(MockClient.java:631)
	at org.apache.kafka.clients.MockClient.poll(MockClient.java:284)
	at org.apache.kafka.clients.producer.internals.Sender.runOnce(Sender.java:325)
	at org.apache.kafka.clients.producer.internals.Sender.run(Sender.java:240)
	at java.lang.Thread.run(Thread.java:748)
[2022-09-03 18:40:38,973] ERROR [Producer clientId=producer-7] Uncaught error in kafka producer I/O thread:  (org.apache.kafka.clients.producer.internals.Sender:242)
java.lang.IllegalStateException: No previous metadata update to use
	at org.apache.kafka.clients.MockClient$DefaultMockMetadataUpdater.updateWithCurrentMetadata(MockClient.java:631)
	at org.apache.kafka.clients.MockClient.poll(MockClient.java:284)
	at org.apache.kafka.clients.producer.internals.Sender.runOnce(Sender.java:325)
	at org.apache.kafka.clients.producer.internals.Sender.run(Sender.java:240)
	at java.lang.Thread.run(Thread.java:748)
[2022-09-03 18:40:38,973] ERROR [Producer clientId=producer-7] Uncaught error in kafka producer I/O thread:  (org.apache.kafka.clients.producer.internals.Sender:242)
java.lang.IllegalStateException: No previous metadata update to use
	at org.apache.kafka.clients.MockClient$DefaultMockMetadataUpdater.updateWithCurrentMetadata(MockClient.java:631)
	at org.apache.kafka.clients.MockClient.poll(MockClient.java:284)
	at org.apache.kafka.clients.producer.internals.Sender.runOnce(Sender.java:325)
	at org.apache.kafka.clients.producer.internals.Sender.run(Sender.java:240)
	at java.lang.Thread.run(Thread.java:748)
[2022-09-03 18:40:38,973] ERROR [Producer clientId=producer-7] Uncaught error in kafka producer I/O thread:  (org.apache.kafka.clients.producer.internals.Sender:242)
java.lang.IllegalStateException: No previous metadata update to use
	at org.apache.kafka.clients.MockClient$DefaultMockMetadataUpdater.updateWithCurrentMetadata(MockClient.java:631)
	at org.apache.kafka.clients.MockClient.poll(MockClient.java:284)
	at org.apache.kafka.clients.producer.internals.Sender.runOnce(Sender.java:325)
	at org.apache.kafka.clients.producer.internals.Sender.run(Sender.java:240)
	at java.lang.Thread.run(Thread.java:748)
[2022-09-03 18:40:38,974] ERROR [Producer clientId=producer-7] Uncaught error in kafka producer I/O thread:  (org.apache.kafka.clients.producer.internals.Sender:242)
java.lang.IllegalStateException: No previous metadata update to use
	at org.apache.kafka.clients.MockClient$DefaultMockMetadataUpdater.updateWithCurrentMetadata(MockClient.java:631)
	at org.apache.kafka.clients.MockClient.poll(MockClient.java:284)
	at org.apache.kafka.clients.producer.internals.Sender.runOnce(Sender.java:325)
	at org.apache.kafka.clients.producer.internals.Sender.run(Sender.java:240)
	at java.lang.Thread.run(Thread.java:748)
[2022-09-03 18:40:38,974] ERROR [Producer clientId=producer-7] Uncaught error in kafka producer I/O thread:  (org.apache.kafka.clients.producer.internals.Sender:242)
java.lang.IllegalStateException: No previous metadata update to use
	at org.apache.kafka.clients.MockClient$DefaultMockMetadataUpdater.updateWithCurrentMetadata(MockClient.java:631)
	at org.apache.kafka.clients.MockClient.poll(MockClient.java:284)
	at org.apache.kafka.clients.producer.internals.Sender.runOnce(Sender.java:325)
	at org.apache.kafka.clients.producer.internals.Sender.run(Sender.java:240)
	at java.lang.Thread.run(Thread.java:748)
[2022-09-03 18:40:38,974] ERROR [Producer clientId=producer-7] Uncaught error in kafka producer I/O thread:  (org.apache.kafka.clients.producer.internals.Sender:242)
java.lang.IllegalStateException: No previous metadata update to use
	at org.apache.kafka.clients.MockClient$DefaultMockMetadataUpdater.updateWithCurrentMetadata(MockClient.java:631)
	at org.apache.kafka.clients.MockClient.poll(MockClient.java:284)
	at org.apache.kafka.clients.producer.internals.Sender.runOnce(Sender.java:325)
	at org.apache.kafka.clients.producer.internals.Sender.run(Sender.java:240)
	at java.lang.Thread.run(Thread.java:748)
[2022-09-03 18:40:38,974] ERROR [Producer clientId=producer-7] Uncaught error in kafka producer I/O thread:  (org.apache.kafka.clients.producer.internals.Sender:242)
java.lang.IllegalStateException: No previous metadata update to use
	at org.apache.kafka.clients.MockClient$DefaultMockMetadataUpdater.updateWithCurrentMetadata(MockClient.java:631)
	at org.apache.kafka.clients.MockClient.poll(MockClient.java:284)
	at org.apache.kafka.clients.producer.internals.Sender.runOnce(Sender.java:325)
	at org.apache.kafka.clients.producer.internals.Sender.run(Sender.java:240)
	at java.lang.Thread.run(Thread.java:748)
[2022-09-03 18:40:38,974] ERROR [Producer clientId=producer-7] Uncaught error in kafka producer I/O thread:  (org.apache.kafka.clients.producer.internals.Sender:242)
java.lang.IllegalStateException: No previous metadata update to use
	at org.apache.kafka.clients.MockClient$DefaultMockMetadataUpdater.updateWithCurrentMetadata(MockClient.java:631)
	at org.apache.kafka.clients.MockClient.poll(MockClient.java:284)
	at org.apache.kafka.clients.producer.internals.Sender.runOnce(Sender.java:325)
	at org.apache.kafka.clients.producer.internals.Sender.run(Sender.java:240)
	at java.lang.Thread.run(Thread.java:748)
[2022-09-03 18:40:38,974] ERROR [Producer clientId=producer-7] Uncaught error in kafka producer I/O thread:  (org.apache.kafka.clients.producer.internals.Sender:242)
java.lang.IllegalStateException: No previous metadata update to use
	at org.apache.kafka.clients.MockClient$DefaultMockMetadataUpdater.updateWithCurrentMetadata(MockClient.java:631)
	at org.apache.kafka.clients.MockClient.poll(MockClient.java:284)
	at org.apache.kafka.clients.producer.internals.Sender.runOnce(Sender.java:325)
	at org.apache.kafka.clients.producer.internals.Sender.run(Sender.java:240)
	at java.lang.Thread.run(Thread.java:748)
[2022-09-03 18:40:38,974] ERROR [Producer clientId=producer-7] Uncaught error in kafka producer I/O thread:  (org.apache.kafka.clients.producer.internals.Sender:242)
java.lang.IllegalStateException: No previous metadata update to use
	at org.apache.kafka.clients.MockClient$DefaultMockMetadataUpdater.updateWithCurrentMetadata(MockClient.java:631)
	at org.apache.kafka.clients.MockClient.poll(MockClient.java:284)
	at org.apache.kafka.clients.producer.internals.Sender.runOnce(Sender.java:325)
	at org.apache.kafka.clients.producer.internals.Sender.run(Sender.java:240)
	at java.lang.Thread.run(Thread.java:748)
[2022-09-03 18:40:38,974] ERROR [Producer clientId=producer-7] Uncaught error in kafka producer I/O thread:  (org.apache.kafka.clients.producer.internals.Sender:242)
java.lang.IllegalStateException: No previous metadata update to use
	at org.apache.kafka.clients.MockClient$DefaultMockMetadataUpdater.updateWithCurrentMetadata(MockClient.java:631)
	at org.apache.kafka.clients.MockClient.poll(MockClient.java:284)
	at org.apache.kafka.clients.producer.internals.Sender.runOnce(Sender.java:325)
	at org.apache.kafka.clients.producer.internals.Sender.run(Sender.java:240)
	at java.lang.Thread.run(Thread.java:748)
[2022-09-03 18:40:38,974] ERROR [Producer clientId=producer-7] Uncaught error in kafka producer I/O thread:  (org.apache.kafka.clients.producer.internals.Sender:242)
java.lang.IllegalStateException: No previous metadata update to use
	at org.apache.kafka.clients.MockClient$DefaultMockMetadataUpdater.updateWithCurrentMetadata(MockClient.java:631)
	at org.apache.kafka.clients.MockClient.poll(MockClient.java:284)
	at org.apache.kafka.clients.producer.internals.Sender.runOnce(Sender.java:325)
	at org.apache.kafka.clients.producer.internals.Sender.run(Sender.java:240)
	at java.lang.Thread.run(Thread.java:748)
[2022-09-03 18:40:38,975] ERROR [Producer clientId=producer-7] Uncaught error in kafka producer I/O thread:  (org.apache.kafka.clients.producer.internals.Sender:242)
java.lang.IllegalStateException: No previous metadata update to use
	at org.apache.kafka.clients.MockClient$DefaultMockMetadataUpdater.updateWithCurrentMetadata(MockClient.java:631)
	at org.apache.kafka.clients.MockClient.poll(MockClient.java:284)
	at org.apache.kafka.clients.producer.internals.Sender.runOnce(Sender.java:325)
	at org.apache.kafka.clients.producer.internals.Sender.run(Sender.java:240)
	at java.lang.Thread.run(Thread.java:748)
[2022-09-03 18:40:38,975] ERROR [Producer clientId=producer-7] Uncaught error in kafka producer I/O thread:  (org.apache.kafka.clients.producer.internals.Sender:242)
java.lang.IllegalStateException: No previous metadata update to use
	at org.apache.kafka.clients.MockClient$DefaultMockMetadataUpdater.updateWithCurrentMetadata(MockClient.java:631)
	at org.apache.kafka.clients.MockClient.poll(MockClient.java:284)
	at org.apache.kafka.clients.producer.internals.Sender.runOnce(Sender.java:325)
	at org.apache.kafka.clients.producer.internals.Sender.run(Sender.java:240)
	at java.lang.Thread.run(Thread.java:748)
[2022-09-03 18:40:38,975] ERROR [Producer clientId=producer-7] Uncaught error in kafka producer I/O thread:  (org.apache.kafka.clients.producer.internals.Sender:242)
java.lang.IllegalStateException: No previous metadata update to use
	at org.apache.kafka.clients.MockClient$DefaultMockMetadataUpdater.updateWithCurrentMetadata(MockClient.java:631)
	at org.apache.kafka.clients.MockClient.poll(MockClient.java:284)
	at org.apache.kafka.clients.producer.internals.Sender.runOnce(Sender.java:325)
	at org.apache.kafka.clients.producer.internals.Sender.run(Sender.java:240)
	at java.lang.Thread.run(Thread.java:748)
[2022-09-03 18:40:38,975] ERROR [Producer clientId=producer-7] Uncaught error in kafka producer I/O thread:  (org.apache.kafka.clients.producer.internals.Sender:242)
java.lang.IllegalStateException: No previous metadata update to use
	at org.apache.kafka.clients.MockClient$DefaultMockMetadataUpdater.updateWithCurrentMetadata(MockClient.java:631)
	at org.apache.kafka.clients.MockClient.poll(MockClient.java:284)
	at org.apache.kafka.clients.producer.internals.Sender.runOnce(Sender.java:325)
	at org.apache.kafka.clients.producer.internals.Sender.run(Sender.java:240)
	at java.lang.Thread.run(Thread.java:748)
[2022-09-03 18:40:38,975] ERROR [Producer clientId=producer-7] Uncaught error in kafka producer I/O thread:  (org.apache.kafka.clients.producer.internals.Sender:242)
java.lang.IllegalStateException: No previous metadata update to use
	at org.apache.kafka.clients.MockClient$DefaultMockMetadataUpdater.updateWithCurrentMetadata(MockClient.java:631)
	at org.apache.kafka.clients.MockClient.poll(MockClient.java:284)
	at org.apache.kafka.clients.producer.internals.Sender.runOnce(Sender.java:325)
	at org.apache.kafka.clients.producer.internals.Sender.run(Sender.java:240)
	at java.lang.Thread.run(Thread.java:748)
[2022-09-03 18:40:38,975] ERROR [Producer clientId=producer-7] Uncaught error in kafka producer I/O thread:  (org.apache.kafka.clients.producer.internals.Sender:242)
java.lang.IllegalStateException: No previous metadata update to use
	at org.apache.kafka.clients.MockClient$DefaultMockMetadataUpdater.updateWithCurrentMetadata(MockClient.java:631)
	at org.apache.kafka.clients.MockClient.poll(MockClient.java:284)
	at org.apache.kafka.clients.producer.internals.Sender.runOnce(Sender.java:325)
	at org.apache.kafka.clients.producer.internals.Sender.run(Sender.java:240)
	at java.lang.Thread.run(Thread.java:748)
[2022-09-03 18:40:38,975] ERROR [Producer clientId=producer-7] Uncaught error in kafka producer I/O thread:  (org.apache.kafka.clients.producer.internals.Sender:242)
java.lang.IllegalStateException: No previous metadata update to use
	at org.apache.kafka.clients.MockClient$DefaultMockMetadataUpdater.updateWithCurrentMetadata(MockClient.java:631)
	at org.apache.kafka.clients.MockClient.poll(MockClient.java:284)
	at org.apache.kafka.clients.producer.internals.Sender.runOnce(Sender.java:325)
	at org.apache.kafka.clients.producer.internals.Sender.run(Sender.java:240)
	at java.lang.Thread.run(Thread.java:748)
[2022-09-03 18:40:38,976] ERROR [Producer clientId=producer-7] Uncaught error in kafka producer I/O thread:  (org.apache.kafka.clients.producer.internals.Sender:242)
java.lang.IllegalStateException: No previous metadata update to use
	at org.apache.kafka.clients.MockClient$DefaultMockMetadataUpdater.updateWithCurrentMetadata(MockClient.java:631)
	at org.apache.kafka.clients.MockClient.poll(MockClient.java:284)
	at org.apache.kafka.clients.producer.internals.Sender.runOnce(Sender.java:325)
	at org.apache.kafka.clients.producer.internals.Sender.run(Sender.java:240)
	at java.lang.Thread.run(Thread.java:748)
[2022-09-03 18:40:38,976] ERROR [Producer clientId=producer-7] Uncaught error in kafka producer I/O thread:  (org.apache.kafka.clients.producer.internals.Sender:242)
java.lang.IllegalStateException: No previous metadata update to use
	at org.apache.kafka.clients.MockClient$DefaultMockMetadataUpdater.updateWithCurrentMetadata(MockClient.java:631)
	at org.apache.kafka.clients.MockClient.poll(MockClient.java:284)
	at org.apache.kafka.clients.producer.internals.Sender.runOnce(Sender.java:325)
	at org.apache.kafka.clients.producer.internals.Sender.run(Sender.java:240)
	at java.lang.Thread.run(Thread.java:748)
[2022-09-03 18:40:38,976] ERROR [Producer clientId=producer-7] Uncaught error in kafka producer I/O thread:  (org.apache.kafka.clients.producer.internals.Sender:242)
java.lang.IllegalStateException: No previous metadata update to use
	at org.apache.kafka.clients.MockClient$DefaultMockMetadataUpdater.updateWithCurrentMetadata(MockClient.java:631)
	at org.apache.kafka.clients.MockClient.poll(MockClient.java:284)
	at org.apache.kafka.clients.producer.internals.Sender.runOnce(Sender.java:325)
	at org.apache.kafka.clients.producer.internals.Sender.run(Sender.java:240)
	at java.lang.Thread.run(Thread.java:748)
[2022-09-03 18:40:38,976] ERROR [Producer clientId=producer-7] Uncaught error in kafka producer I/O thread:  (org.apache.kafka.clients.producer.internals.Sender:242)
java.lang.IllegalStateException: No previous metadata update to use
	at org.apache.kafka.clients.MockClient$DefaultMockMetadataUpdater.updateWithCurrentMetadata(MockClient.java:631)
	at org.apache.kafka.clients.MockClient.poll(MockClient.java:284)
	at org.apache.kafka.clients.producer.internals.Sender.runOnce(Sender.java:325)
	at org.apache.kafka.clients.producer.internals.Sender.run(Sender.java:240)
	at java.lang.Thread.run(Thread.java:748)
[2022-09-03 18:40:38,976] ERROR [Producer clientId=producer-7] Uncaught error in kafka producer I/O thread:  (org.apache.kafka.clients.producer.internals.Sender:242)
java.lang.IllegalStateException: No previous metadata update to use
	at org.apache.kafka.clients.MockClient$DefaultMockMetadataUpdater.updateWithCurrentMetadata(MockClient.java:631)
	at org.apache.kafka.clients.MockClient.poll(MockClient.java:284)
	at org.apache.kafka.clients.producer.internals.Sender.runOnce(Sender.java:325)
	at org.apache.kafka.clients.producer.internals.Sender.run(Sender.java:240)
	at java.lang.Thread.run(Thread.java:748)
[2022-09-03 18:40:38,976] ERROR [Producer clientId=producer-7] Uncaught error in kafka producer I/O thread:  (org.apache.kafka.clients.producer.internals.Sender:242)
java.lang.IllegalStateException: No previous metadata update to use
	at org.apache.kafka.clients.MockClient$DefaultMockMetadataUpdater.updateWithCurrentMetadata(MockClient.java:631)
	at org.apache.kafka.clients.MockClient.poll(MockClient.java:284)
	at org.apache.kafka.clients.producer.internals.Sender.runOnce(Sender.java:325)
	at org.apache.kafka.clients.producer.internals.Sender.run(Sender.java:240)
	at java.lang.Thread.run(Thread.java:748)
[2022-09-03 18:40:38,976] ERROR [Producer clientId=producer-7] Uncaught error in kafka producer I/O thread:  (org.apache.kafka.clients.producer.internals.Sender:242)
java.lang.IllegalStateException: No previous metadata update to use
	at org.apache.kafka.clients.MockClient$DefaultMockMetadataUpdater.updateWithCurrentMetadata(MockClient.java:631)
	at org.apache.kafka.clients.MockClient.poll(MockClient.java:284)
	at org.apache.kafka.clients.producer.internals.Sender.runOnce(Sender.java:325)
	at org.apache.kafka.clients.producer.internals.Sender.run(Sender.java:240)
	at java.lang.Thread.run(Thread.java:748)
[2022-09-03 18:40:38,976] ERROR [Producer clientId=producer-7] Uncaught error in kafka producer I/O thread:  (org.apache.kafka.clients.producer.internals.Sender:242)
java.lang.IllegalStateException: No previous metadata update to use
	at org.apache.kafka.clients.MockClient$DefaultMockMetadataUpdater.updateWithCurrentMetadata(MockClient.java:631)
	at org.apache.kafka.clients.MockClient.poll(MockClient.java:284)
	at org.apache.kafka.clients.producer.internals.Sender.runOnce(Sender.java:325)
	at org.apache.kafka.clients.producer.internals.Sender.run(Sender.java:240)
	at java.lang.Thread.run(Thread.java:748)
[2022-09-03 18:40:38,977] ERROR [Producer clientId=producer-7] Uncaught error in kafka producer I/O thread:  (org.apache.kafka.clients.producer.internals.Sender:242)
java.lang.IllegalStateException: No previous metadata update to use
	at org.apache.kafka.clients.MockClient$DefaultMockMetadataUpdater.updateWithCurrentMetadata(MockClient.java:631)
	at org.apache.kafka.clients.MockClient.poll(MockClient.java:284)
	at org.apache.kafka.clients.producer.internals.Sender.runOnce(Sender.java:325)
	at org.apache.kafka.clients.producer.internals.Sender.run(Sender.java:240)
	at java.lang.Thread.run(Thread.java:748)
[2022-09-03 18:40:38,977] ERROR [Producer clientId=producer-7] Uncaught error in kafka producer I/O thread:  (org.apache.kafka.clients.producer.internals.Sender:242)
java.lang.IllegalStateException: No previous metadata update to use
	at org.apache.kafka.clients.MockClient$DefaultMockMetadataUpdater.updateWithCurrentMetadata(MockClient.java:631)
	at org.apache.kafka.clients.MockClient.poll(MockClient.java:284)
	at org.apache.kafka.clients.producer.internals.Sender.runOnce(Sender.java:325)
	at org.apache.kafka.clients.producer.internals.Sender.run(Sender.java:240)
	at java.lang.Thread.run(Thread.java:748)
[2022-09-03 18:40:38,977] ERROR [Producer clientId=producer-7] Uncaught error in kafka producer I/O thread:  (org.apache.kafka.clients.producer.internals.Sender:242)
java.lang.IllegalStateException: No previous metadata update to use
	at org.apache.kafka.clients.MockClient$DefaultMockMetadataUpdater.updateWithCurrentMetadata(MockClient.java:631)
	at org.apache.kafka.clients.MockClient.poll(MockClient.java:284)
	at org.apache.kafka.clients.producer.internals.Sender.runOnce(Sender.java:325)
	at org.apache.kafka.clients.producer.internals.Sender.run(Sender.java:240)
	at java.lang.Thread.run(Thread.java:748)
[2022-09-03 18:40:38,977] ERROR [Producer clientId=producer-7] Uncaught error in kafka producer I/O thread:  (org.apache.kafka.clients.producer.internals.Sender:242)
java.lang.IllegalStateException: No previous metadata update to use
	at org.apache.kafka.clients.MockClient$DefaultMockMetadataUpdater.updateWithCurrentMetadata(MockClient.java:631)
	at org.apache.kafka.clients.MockClient.poll(MockClient.java:284)
	at org.apache.kafka.clients.producer.internals.Sender.runOnce(Sender.java:325)
	at org.apache.kafka.clients.producer.internals.Sender.run(Sender.java:240)
	at java.lang.Thread.run(Thread.java:748)
[2022-09-03 18:40:38,977] ERROR [Producer clientId=producer-7] Uncaught error in kafka producer I/O thread:  (org.apache.kafka.clients.producer.internals.Sender:242)
java.lang.IllegalStateException: No previous metadata update to use
	at org.apache.kafka.clients.MockClient$DefaultMockMetadataUpdater.updateWithCurrentMetadata(MockClient.java:631)
	at org.apache.kafka.clients.MockClient.poll(MockClient.java:284)
	at org.apache.kafka.clients.producer.internals.Sender.runOnce(Sender.java:325)
	at org.apache.kafka.clients.producer.internals.Sender.run(Sender.java:240)
	at java.lang.Thread.run(Thread.java:748)
[2022-09-03 18:40:38,977] ERROR [Producer clientId=producer-7] Uncaught error in kafka producer I/O thread:  (org.apache.kafka.clients.producer.internals.Sender:242)
java.lang.IllegalStateException: No previous metadata update to use
	at org.apache.kafka.clients.MockClient$DefaultMockMetadataUpdater.updateWithCurrentMetadata(MockClient.java:631)
	at org.apache.kafka.clients.MockClient.poll(MockClient.java:284)
	at org.apache.kafka.clients.producer.internals.Sender.runOnce(Sender.java:325)
	at org.apache.kafka.clients.producer.internals.Sender.run(Sender.java:240)
	at java.lang.Thread.run(Thread.java:748)
[2022-09-03 18:40:38,977] ERROR [Producer clientId=producer-7] Uncaught error in kafka producer I/O thread:  (org.apache.kafka.clients.producer.internals.Sender:242)
java.lang.IllegalStateException: No previous metadata update to use
	at org.apache.kafka.clients.MockClient$DefaultMockMetadataUpdater.updateWithCurrentMetadata(MockClient.java:631)
	at org.apache.kafka.clients.MockClient.poll(MockClient.java:284)
	at org.apache.kafka.clients.producer.internals.Sender.runOnce(Sender.java:325)
	at org.apache.kafka.clients.producer.internals.Sender.run(Sender.java:240)
	at java.lang.Thread.run(Thread.java:748)
[2022-09-03 18:40:38,977] ERROR [Producer clientId=producer-7] Uncaught error in kafka producer I/O thread:  (org.apache.kafka.clients.producer.internals.Sender:242)
java.lang.IllegalStateException: No previous metadata update to use
	at org.apache.kafka.clients.MockClient$DefaultMockMetadataUpdater.updateWithCurrentMetadata(MockClient.java:631)
	at org.apache.kafka.clients.MockClient.poll(MockClient.java:284)
	at org.apache.kafka.clients.producer.internals.Sender.runOnce(Sender.java:325)
	at org.apache.kafka.clients.producer.internals.Sender.run(Sender.java:240)
	at java.lang.Thread.run(Thread.java:748)
[2022-09-03 18:40:38,978] ERROR [Producer clientId=producer-7] Uncaught error in kafka producer I/O thread:  (org.apache.kafka.clients.producer.internals.Sender:242)
java.lang.IllegalStateException: No previous metadata update to use
	at org.apache.kafka.clients.MockClient$DefaultMockMetadataUpdater.updateWithCurrentMetadata(MockClient.java:631)
	at org.apache.kafka.clients.MockClient.poll(MockClient.java:284)
	at org.apache.kafka.clients.producer.internals.Sender.runOnce(Sender.java:325)
	at org.apache.kafka.clients.producer.internals.Sender.run(Sender.java:240)
	at java.lang.Thread.run(Thread.java:748)
[2022-09-03 18:40:38,978] ERROR [Producer clientId=producer-7] Uncaught error in kafka producer I/O thread:  (org.apache.kafka.clients.producer.internals.Sender:242)
java.lang.IllegalStateException: No previous metadata update to use
	at org.apache.kafka.clients.MockClient$DefaultMockMetadataUpdater.updateWithCurrentMetadata(MockClient.java:631)
	at org.apache.kafka.clients.MockClient.poll(MockClient.java:284)
	at org.apache.kafka.clients.producer.internals.Sender.runOnce(Sender.java:325)
	at org.apache.kafka.clients.producer.internals.Sender.run(Sender.java:240)
	at java.lang.Thread.run(Thread.java:748)
[2022-09-03 18:40:38,978] ERROR [Producer clientId=producer-7] Uncaught error in kafka producer I/O thread:  (org.apache.kafka.clients.producer.internals.Sender:242)
java.lang.IllegalStateException: No previous metadata update to use
	at org.apache.kafka.clients.MockClient$DefaultMockMetadataUpdater.updateWithCurrentMetadata(MockClient.java:631)
	at org.apache.kafka.clients.MockClient.poll(MockClient.java:284)
	at org.apache.kafka.clients.producer.internals.Sender.runOnce(Sender.java:325)
	at org.apache.kafka.clients.producer.internals.Sender.run(Sender.java:240)
	at java.lang.Thread.run(Thread.java:748)
[2022-09-03 18:40:38,978] ERROR [Producer clientId=producer-7] Uncaught error in kafka producer I/O thread:  (org.apache.kafka.clients.producer.internals.Sender:242)
java.lang.IllegalStateException: No previous metadata update to use
	at org.apache.kafka.clients.MockClient$DefaultMockMetadataUpdater.updateWithCurrentMetadata(MockClient.java:631)
	at org.apache.kafka.clients.MockClient.poll(MockClient.java:284)
	at org.apache.kafka.clients.producer.internals.Sender.runOnce(Sender.java:325)
	at org.apache.kafka.clients.producer.internals.Sender.run(Sender.java:240)
	at java.lang.Thread.run(Thread.java:748)
[2022-09-03 18:40:38,978] ERROR [Producer clientId=producer-7] Uncaught error in kafka producer I/O thread:  (org.apache.kafka.clients.producer.internals.Sender:242)
java.lang.IllegalStateException: No previous metadata update to use
	at org.apache.kafka.clients.MockClient$DefaultMockMetadataUpdater.updateWithCurrentMetadata(MockClient.java:631)
	at org.apache.kafka.clients.MockClient.poll(MockClient.java:284)
	at org.apache.kafka.clients.producer.internals.Sender.runOnce(Sender.java:325)
	at org.apache.kafka.clients.producer.internals.Sender.run(Sender.java:240)
	at java.lang.Thread.run(Thread.java:748)
[2022-09-03 18:40:38,978] ERROR [Producer clientId=producer-7] Uncaught error in kafka producer I/O thread:  (org.apache.kafka.clients.producer.internals.Sender:242)
java.lang.IllegalStateException: No previous metadata update to use
	at org.apache.kafka.clients.MockClient$DefaultMockMetadataUpdater.updateWithCurrentMetadata(MockClient.java:631)
	at org.apache.kafka.clients.MockClient.poll(MockClient.java:284)
	at org.apache.kafka.clients.producer.internals.Sender.runOnce(Sender.java:325)
	at org.apache.kafka.clients.producer.internals.Sender.run(Sender.java:240)
	at java.lang.Thread.run(Thread.java:748)
[2022-09-03 18:40:38,980] ERROR [Producer clientId=producer-7] Uncaught error in kafka producer I/O thread:  (org.apache.kafka.clients.producer.internals.Sender:242)
java.lang.IllegalStateException: No previous metadata update to use
	at org.apache.kafka.clients.MockClient$DefaultMockMetadataUpdater.updateWithCurrentMetadata(MockClient.java:631)
	at org.apache.kafka.clients.MockClient.poll(MockClient.java:284)
	at org.apache.kafka.clients.producer.internals.Sender.runOnce(Sender.java:325)
	at org.apache.kafka.clients.producer.internals.Sender.run(Sender.java:240)
	at java.lang.Thread.run(Thread.java:748)
[2022-09-03 18:40:38,980] ERROR [Producer clientId=producer-7] Uncaught error in kafka producer I/O thread:  (org.apache.kafka.clients.producer.internals.Sender:242)
java.lang.IllegalStateException: No previous metadata update to use
	at org.apache.kafka.clients.MockClient$DefaultMockMetadataUpdater.updateWithCurrentMetadata(MockClient.java:631)
	at org.apache.kafka.clients.MockClient.poll(MockClient.java:284)
	at org.apache.kafka.clients.producer.internals.Sender.runOnce(Sender.java:325)
	at org.apache.kafka.clients.producer.internals.Sender.run(Sender.java:240)
	at java.lang.Thread.run(Thread.java:748)
[2022-09-03 18:40:38,980] ERROR [Producer clientId=producer-7] Uncaught error in kafka producer I/O thread:  (org.apache.kafka.clients.producer.internals.Sender:242)
java.lang.IllegalStateException: No previous metadata update to use
	at org.apache.kafka.clients.MockClient$DefaultMockMetadataUpdater.updateWithCurrentMetadata(MockClient.java:631)
	at org.apache.kafka.clients.MockClient.poll(MockClient.java:284)
	at org.apache.kafka.clients.producer.internals.Sender.runOnce(Sender.java:325)
	at org.apache.kafka.clients.producer.internals.Sender.run(Sender.java:240)
	at java.lang.Thread.run(Thread.java:748)
[2022-09-03 18:40:38,980] ERROR [Producer clientId=producer-7] Uncaught error in kafka producer I/O thread:  (org.apache.kafka.clients.producer.internals.Sender:242)
java.lang.IllegalStateException: No previous metadata update to use
	at org.apache.kafka.clients.MockClient$DefaultMockMetadataUpdater.updateWithCurrentMetadata(MockClient.java:631)
	at org.apache.kafka.clients.MockClient.poll(MockClient.java:284)
	at org.apache.kafka.clients.producer.internals.Sender.runOnce(Sender.java:325)
	at org.apache.kafka.clients.producer.internals.Sender.run(Sender.java:240)
	at java.lang.Thread.run(Thread.java:748)
[2022-09-03 18:40:38,981] ERROR [Producer clientId=producer-7] Uncaught error in kafka producer I/O thread:  (org.apache.kafka.clients.producer.internals.Sender:242)
java.lang.IllegalStateException: No previous metadata update to use
	at org.apache.kafka.clients.MockClient$DefaultMockMetadataUpdater.updateWithCurrentMetadata(MockClient.java:631)
	at org.apache.kafka.clients.MockClient.poll(MockClient.java:284)
	at org.apache.kafka.clients.producer.internals.Sender.runOnce(Sender.java:325)
	at org.apache.kafka.clients.producer.internals.Sender.run(Sender.java:240)
	at java.lang.Thread.run(Thread.java:748)
[2022-09-03 18:40:38,982] ERROR [Producer clientId=producer-7] Uncaught error in kafka producer I/O thread:  (org.apache.kafka.clients.producer.internals.Sender:242)
java.lang.IllegalStateException: No previous metadata update to use
	at org.apache.kafka.clients.MockClient$DefaultMockMetadataUpdater.updateWithCurrentMetadata(MockClient.java:631)
	at org.apache.kafka.clients.MockClient.poll(MockClient.java:284)
	at org.apache.kafka.clients.producer.internals.Sender.runOnce(Sender.java:325)
	at org.apache.kafka.clients.producer.internals.Sender.run(Sender.java:240)
	at java.lang.Thread.run(Thread.java:748)
[2022-09-03 18:40:38,982] ERROR [Producer clientId=producer-7] Uncaught error in kafka producer I/O thread:  (org.apache.kafka.clients.producer.internals.Sender:242)
java.lang.IllegalStateException: No previous metadata update to use
	at org.apache.kafka.clients.MockClient$DefaultMockMetadataUpdater.updateWithCurrentMetadata(MockClient.java:631)
	at org.apache.kafka.clients.MockClient.poll(MockClient.java:284)
	at org.apache.kafka.clients.producer.internals.Sender.runOnce(Sender.java:325)
	at org.apache.kafka.clients.producer.internals.Sender.run(Sender.java:240)
	at java.lang.Thread.run(Thread.java:748)
[2022-09-03 18:40:38,983] ERROR [Producer clientId=producer-7] Uncaught error in kafka producer I/O thread:  (org.apache.kafka.clients.producer.internals.Sender:242)
java.lang.IllegalStateException: No previous metadata update to use
	at org.apache.kafka.clients.MockClient$DefaultMockMetadataUpdater.updateWithCurrentMetadata(MockClient.java:631)
	at org.apache.kafka.clients.MockClient.poll(MockClient.java:284)
	at org.apache.kafka.clients.producer.internals.Sender.runOnce(Sender.java:325)
	at org.apache.kafka.clients.producer.internals.Sender.run(Sender.java:240)
	at java.lang.Thread.run(Thread.java:748)
[2022-09-03 18:40:38,983] ERROR [Producer clientId=producer-7] Uncaught error in kafka producer I/O thread:  (org.apache.kafka.clients.producer.internals.Sender:242)
java.lang.IllegalStateException: No previous metadata update to use
	at org.apache.kafka.clients.MockClient$DefaultMockMetadataUpdater.updateWithCurrentMetadata(MockClient.java:631)
	at org.apache.kafka.clients.MockClient.poll(MockClient.java:284)
	at org.apache.kafka.clients.producer.internals.Sender.runOnce(Sender.java:325)
	at org.apache.kafka.clients.producer.internals.Sender.run(Sender.java:240)
	at java.lang.Thread.run(Thread.java:748)
[2022-09-03 18:40:38,983] ERROR [Producer clientId=producer-7] Uncaught error in kafka producer I/O thread:  (org.apache.kafka.clients.producer.internals.Sender:242)
java.lang.IllegalStateException: No previous metadata update to use
	at org.apache.kafka.clients.MockClient$DefaultMockMetadataUpdater.updateWithCurrentMetadata(MockClient.java:631)
	at org.apache.kafka.clients.MockClient.poll(MockClient.java:284)
	at org.apache.kafka.clients.producer.internals.Sender.runOnce(Sender.java:325)
	at org.apache.kafka.clients.producer.internals.Sender.run(Sender.java:240)
	at java.lang.Thread.run(Thread.java:748)
[2022-09-03 18:40:38,983] ERROR [Producer clientId=producer-7] Uncaught error in kafka producer I/O thread:  (org.apache.kafka.clients.producer.internals.Sender:242)
java.lang.IllegalStateException: No previous metadata update to use
	at org.apache.kafka.clients.MockClient$DefaultMockMetadataUpdater.updateWithCurrentMetadata(MockClient.java:631)
	at org.apache.kafka.clients.MockClient.poll(MockClient.java:284)
	at org.apache.kafka.clients.producer.internals.Sender.runOnce(Sender.java:325)
	at org.apache.kafka.clients.producer.internals.Sender.run(Sender.java:240)
	at java.lang.Thread.run(Thread.java:748)
[2022-09-03 18:40:38,983] ERROR [Producer clientId=producer-7] Uncaught error in kafka producer I/O thread:  (org.apache.kafka.clients.producer.internals.Sender:242)
java.lang.IllegalStateException: No previous metadata update to use
	at org.apache.kafka.clients.MockClient$DefaultMockMetadataUpdater.updateWithCurrentMetadata(MockClient.java:631)
	at org.apache.kafka.clients.MockClient.poll(MockClient.java:284)
	at org.apache.kafka.clients.producer.internals.Sender.runOnce(Sender.java:325)
	at org.apache.kafka.clients.producer.internals.Sender.run(Sender.java:240)
	at java.lang.Thread.run(Thread.java:748)
[2022-09-03 18:40:38,983] ERROR [Producer clientId=producer-7] Uncaught error in kafka producer I/O thread:  (org.apache.kafka.clients.producer.internals.Sender:242)
java.lang.IllegalStateException: No previous metadata update to use
	at org.apache.kafka.clients.MockClient$DefaultMockMetadataUpdater.updateWithCurrentMetadata(MockClient.java:631)
	at org.apache.kafka.clients.MockClient.poll(MockClient.java:284)
	at org.apache.kafka.clients.producer.internals.Sender.runOnce(Sender.java:325)
	at org.apache.kafka.clients.producer.internals.Sender.run(Sender.java:240)
	at java.lang.Thread.run(Thread.java:748)
[2022-09-03 18:40:38,984] ERROR [Producer clientId=producer-7] Uncaught error in kafka producer I/O thread:  (org.apache.kafka.clients.producer.internals.Sender:242)
java.lang.IllegalStateException: No previous metadata update to use
	at org.apache.kafka.clients.MockClient$DefaultMockMetadataUpdater.updateWithCurrentMetadata(MockClient.java:631)
	at org.apache.kafka.clients.MockClient.poll(MockClient.java:284)
	at org.apache.kafka.clients.producer.internals.Sender.runOnce(Sender.java:325)
	at org.apache.kafka.clients.producer.internals.Sender.run(Sender.java:240)
	at java.lang.Thread.run(Thread.java:748)
[2022-09-03 18:40:38,984] ERROR [Producer clientId=producer-7] Uncaught error in kafka producer I/O thread:  (org.apache.kafka.clients.producer.internals.Sender:242)
java.lang.IllegalStateException: No previous metadata update to use
	at org.apache.kafka.clients.MockClient$DefaultMockMetadataUpdater.updateWithCurrentMetadata(MockClient.java:631)
	at org.apache.kafka.clients.MockClient.poll(MockClient.java:284)
	at org.apache.kafka.clients.producer.internals.Sender.runOnce(Sender.java:325)
	at org.apache.kafka.clients.producer.internals.Sender.run(Sender.java:240)
	at java.lang.Thread.run(Thread.java:748)
[2022-09-03 18:40:38,984] ERROR [Producer clientId=producer-7] Uncaught error in kafka producer I/O thread:  (org.apache.kafka.clients.producer.internals.Sender:242)
java.lang.IllegalStateException: No previous metadata update to use
	at org.apache.kafka.clients.MockClient$DefaultMockMetadataUpdater.updateWithCurrentMetadata(MockClient.java:631)
	at org.apache.kafka.clients.MockClient.poll(MockClient.java:284)
	at org.apache.kafka.clients.producer.internals.Sender.runOnce(Sender.java:325)
	at org.apache.kafka.clients.producer.internals.Sender.run(Sender.java:240)
	at java.lang.Thread.run(Thread.java:748)
[2022-09-03 18:40:38,984] ERROR [Producer clientId=producer-7] Uncaught error in kafka producer I/O thread:  (org.apache.kafka.clients.producer.internals.Sender:242)
java.lang.IllegalStateException: No previous metadata update to use
	at org.apache.kafka.clients.MockClient$DefaultMockMetadataUpdater.updateWithCurrentMetadata(MockClient.java:631)
	at org.apache.kafka.clients.MockClient.poll(MockClient.java:284)
	at org.apache.kafka.clients.producer.internals.Sender.runOnce(Sender.java:325)
	at org.apache.kafka.clients.producer.internals.Sender.run(Sender.java:240)
	at java.lang.Thread.run(Thread.java:748)
[2022-09-03 18:40:38,984] ERROR [Producer clientId=producer-7] Uncaught error in kafka producer I/O thread:  (org.apache.kafka.clients.producer.internals.Sender:242)
java.lang.IllegalStateException: No previous metadata update to use
	at org.apache.kafka.clients.MockClient$DefaultMockMetadataUpdater.updateWithCurrentMetadata(MockClient.java:631)
	at org.apache.kafka.clients.MockClient.poll(MockClient.java:284)
	at org.apache.kafka.clients.producer.internals.Sender.runOnce(Sender.java:325)
	at org.apache.kafka.clients.producer.internals.Sender.run(Sender.java:240)
	at java.lang.Thread.run(Thread.java:748)
[2022-09-03 18:40:38,985] ERROR [Producer clientId=producer-7] Uncaught error in kafka producer I/O thread:  (org.apache.kafka.clients.producer.internals.Sender:242)
java.lang.IllegalStateException: No previous metadata update to use
	at org.apache.kafka.clients.MockClient$DefaultMockMetadataUpdater.updateWithCurrentMetadata(MockClient.java:631)
	at org.apache.kafka.clients.MockClient.poll(MockClient.java:284)
	at org.apache.kafka.clients.producer.internals.Sender.runOnce(Sender.java:325)
	at org.apache.kafka.clients.producer.internals.Sender.run(Sender.java:240)
	at java.lang.Thread.run(Thread.java:748)
[2022-09-03 18:40:38,985] ERROR [Producer clientId=producer-7] Uncaught error in kafka producer I/O thread:  (org.apache.kafka.clients.producer.internals.Sender:242)
java.lang.IllegalStateException: No previous metadata update to use
	at org.apache.kafka.clients.MockClient$DefaultMockMetadataUpdater.updateWithCurrentMetadata(MockClient.java:631)
	at org.apache.kafka.clients.MockClient.poll(MockClient.java:284)
	at org.apache.kafka.clients.producer.internals.Sender.runOnce(Sender.java:325)
	at org.apache.kafka.clients.producer.internals.Sender.run(Sender.java:240)
	at java.lang.Thread.run(Thread.java:748)
[2022-09-03 18:40:38,985] ERROR [Producer clientId=producer-7] Uncaught error in kafka producer I/O thread:  (org.apache.kafka.clients.producer.internals.Sender:242)
java.lang.IllegalStateException: No previous metadata update to use
	at org.apache.kafka.clients.MockClient$DefaultMockMetadataUpdater.updateWithCurrentMetadata(MockClient.java:631)
	at org.apache.kafka.clients.MockClient.poll(MockClient.java:284)
	at org.apache.kafka.clients.producer.internals.Sender.runOnce(Sender.java:325)
	at org.apache.kafka.clients.producer.internals.Sender.run(Sender.java:240)
	at java.lang.Thread.run(Thread.java:748)
[2022-09-03 18:40:38,985] ERROR [Producer clientId=producer-7] Uncaught error in kafka producer I/O thread:  (org.apache.kafka.clients.producer.internals.Sender:242)
java.lang.IllegalStateException: No previous metadata update to use
	at org.apache.kafka.clients.MockClient$DefaultMockMetadataUpdater.updateWithCurrentMetadata(MockClient.java:631)
	at org.apache.kafka.clients.MockClient.poll(MockClient.java:284)
	at org.apache.kafka.clients.producer.internals.Sender.runOnce(Sender.java:325)
	at org.apache.kafka.clients.producer.internals.Sender.run(Sender.java:240)
	at java.lang.Thread.run(Thread.java:748)
[2022-09-03 18:40:38,985] ERROR [Producer clientId=producer-7] Uncaught error in kafka producer I/O thread:  (org.apache.kafka.clients.producer.internals.Sender:242)
java.lang.IllegalStateException: No previous metadata update to use
	at org.apache.kafka.clients.MockClient$DefaultMockMetadataUpdater.updateWithCurrentMetadata(MockClient.java:631)
	at org.apache.kafka.clients.MockClient.poll(MockClient.java:284)
	at org.apache.kafka.clients.producer.internals.Sender.runOnce(Sender.java:325)
	at org.apache.kafka.clients.producer.internals.Sender.run(Sender.java:240)
	at java.lang.Thread.run(Thread.java:748)
[2022-09-03 18:40:38,985] ERROR [Producer clientId=producer-7] Uncaught error in kafka producer I/O thread:  (org.apache.kafka.clients.producer.internals.Sender:242)
java.lang.IllegalStateException: No previous metadata update to use
	at org.apache.kafka.clients.MockClient$DefaultMockMetadataUpdater.updateWithCurrentMetadata(MockClient.java:631)
	at org.apache.kafka.clients.MockClient.poll(MockClient.java:284)
	at org.apache.kafka.clients.producer.internals.Sender.runOnce(Sender.java:325)
	at org.apache.kafka.clients.producer.internals.Sender.run(Sender.java:240)
	at java.lang.Thread.run(Thread.java:748)
[2022-09-03 18:40:38,985] ERROR [Producer clientId=producer-7] Uncaught error in kafka producer I/O thread:  (org.apache.kafka.clients.producer.internals.Sender:242)
java.lang.IllegalStateException: No previous metadata update to use
	at org.apache.kafka.clients.MockClient$DefaultMockMetadataUpdater.updateWithCurrentMetadata(MockClient.java:631)
	at org.apache.kafka.clients.MockClient.poll(MockClient.java:284)
	at org.apache.kafka.clients.producer.internals.Sender.runOnce(Sender.java:325)
	at org.apache.kafka.clients.producer.internals.Sender.run(Sender.java:240)
	at java.lang.Thread.run(Thread.java:748)
[2022-09-03 18:40:38,985] ERROR [Producer clientId=producer-7] Uncaught error in kafka producer I/O thread:  (org.apache.kafka.clients.producer.internals.Sender:242)
java.lang.IllegalStateException: No previous metadata update to use
	at org.apache.kafka.clients.MockClient$DefaultMockMetadataUpdater.updateWithCurrentMetadata(MockClient.java:631)
	at org.apache.kafka.clients.MockClient.poll(MockClient.java:284)
	at org.apache.kafka.clients.producer.internals.Sender.runOnce(Sender.java:325)
	at org.apache.kafka.clients.producer.internals.Sender.run(Sender.java:240)
	at java.lang.Thread.run(Thread.java:748)
[2022-09-03 18:40:38,986] ERROR [Producer clientId=producer-7] Uncaught error in kafka producer I/O thread:  (org.apache.kafka.clients.producer.internals.Sender:242)
java.lang.IllegalStateException: No previous metadata update to use
	at org.apache.kafka.clients.MockClient$DefaultMockMetadataUpdater.updateWithCurrentMetadata(MockClient.java:631)
	at org.apache.kafka.clients.MockClient.poll(MockClient.java:284)
	at org.apache.kafka.clients.producer.internals.Sender.runOnce(Sender.java:325)
	at org.apache.kafka.clients.producer.internals.Sender.run(Sender.java:240)
	at java.lang.Thread.run(Thread.java:748)
[2022-09-03 18:40:38,986] ERROR [Producer clientId=producer-7] Uncaught error in kafka producer I/O thread:  (org.apache.kafka.clients.producer.internals.Sender:242)
java.lang.IllegalStateException: No previous metadata update to use
	at org.apache.kafka.clients.MockClient$DefaultMockMetadataUpdater.updateWithCurrentMetadata(MockClient.java:631)
	at org.apache.kafka.clients.MockClient.poll(MockClient.java:284)
	at org.apache.kafka.clients.producer.internals.Sender.runOnce(Sender.java:325)
	at org.apache.kafka.clients.producer.internals.Sender.run(Sender.java:240)
	at java.lang.Thread.run(Thread.java:748)
[2022-09-03 18:40:38,986] ERROR [Producer clientId=producer-7] Uncaught error in kafka producer I/O thread:  (org.apache.kafka.clients.producer.internals.Sender:242)
java.lang.IllegalStateException: No previous metadata update to use
	at org.apache.kafka.clients.MockClient$DefaultMockMetadataUpdater.updateWithCurrentMetadata(MockClient.java:631)
	at org.apache.kafka.clients.MockClient.poll(MockClient.java:284)
	at org.apache.kafka.clients.producer.internals.Sender.runOnce(Sender.java:325)
	at org.apache.kafka.clients.producer.internals.Sender.run(Sender.java:240)
	at java.lang.Thread.run(Thread.java:748)
[2022-09-03 18:40:38,986] ERROR [Producer clientId=producer-7] Uncaught error in kafka producer I/O thread:  (org.apache.kafka.clients.producer.internals.Sender:242)
java.lang.IllegalStateException: No previous metadata update to use
	at org.apache.kafka.clients.MockClient$DefaultMockMetadataUpdater.updateWithCurrentMetadata(MockClient.java:631)
	at org.apache.kafka.clients.MockClient.poll(MockClient.java:284)
	at org.apache.kafka.clients.producer.internals.Sender.runOnce(Sender.java:325)
	at org.apache.kafka.clients.producer.internals.Sender.run(Sender.java:240)
	at java.lang.Thread.run(Thread.java:748)
[2022-09-03 18:40:38,986] ERROR [Producer clientId=producer-7] Uncaught error in kafka producer I/O thread:  (org.apache.kafka.clients.producer.internals.Sender:242)
java.lang.IllegalStateException: No previous metadata update to use
	at org.apache.kafka.clients.MockClient$DefaultMockMetadataUpdater.updateWithCurrentMetadata(MockClient.java:631)
	at org.apache.kafka.clients.MockClient.poll(MockClient.java:284)
	at org.apache.kafka.clients.producer.internals.Sender.runOnce(Sender.java:325)
	at org.apache.kafka.clients.producer.internals.Sender.run(Sender.java:240)
	at java.lang.Thread.run(Thread.java:748)
[2022-09-03 18:40:38,986] ERROR [Producer clientId=producer-7] Uncaught error in kafka producer I/O thread:  (org.apache.kafka.clients.producer.internals.Sender:242)
java.lang.IllegalStateException: No previous metadata update to use
	at org.apache.kafka.clients.MockClient$DefaultMockMetadataUpdater.updateWithCurrentMetadata(MockClient.java:631)
	at org.apache.kafka.clients.MockClient.poll(MockClient.java:284)
	at org.apache.kafka.clients.producer.internals.Sender.runOnce(Sender.java:325)
	at org.apache.kafka.clients.producer.internals.Sender.run(Sender.java:240)
	at java.lang.Thread.run(Thread.java:748)
[2022-09-03 18:40:38,987] ERROR [Producer clientId=producer-7] Uncaught error in kafka producer I/O thread:  (org.apache.kafka.clients.producer.internals.Sender:242)
java.lang.IllegalStateException: No previous metadata update to use
	at org.apache.kafka.clients.MockClient$DefaultMockMetadataUpdater.updateWithCurrentMetadata(MockClient.java:631)
	at org.apache.kafka.clients.MockClient.poll(MockClient.java:284)
	at org.apache.kafka.clients.producer.internals.Sender.runOnce(Sender.java:325)
	at org.apache.kafka.clients.producer.internals.Sender.run(Sender.java:240)
	at java.lang.Thread.run(Thread.java:748)
[2022-09-03 18:40:38,987] ERROR [Producer clientId=producer-7] Uncaught error in kafka producer I/O thread:  (org.apache.kafka.clients.producer.internals.Sender:242)
java.lang.IllegalStateException: No previous metadata update to use
	at org.apache.kafka.clients.MockClient$DefaultMockMetadataUpdater.updateWithCurrentMetadata(MockClient.java:631)
	at org.apache.kafka.clients.MockClient.poll(MockClient.java:284)
	at org.apache.kafka.clients.producer.internals.Sender.runOnce(Sender.java:325)
	at org.apache.kafka.clients.producer.internals.Sender.run(Sender.java:240)
	at java.lang.Thread.run(Thread.java:748)
[2022-09-03 18:40:38,987] ERROR [Producer clientId=producer-7] Uncaught error in kafka producer I/O thread:  (org.apache.kafka.clients.producer.internals.Sender:242)
java.lang.IllegalStateException: No previous metadata update to use
	at org.apache.kafka.clients.MockClient$DefaultMockMetadataUpdater.updateWithCurrentMetadata(MockClient.java:631)
	at org.apache.kafka.clients.MockClient.poll(MockClient.java:284)
	at org.apache.kafka.clients.producer.internals.Sender.runOnce(Sender.java:325)
	at org.apache.kafka.clients.producer.internals.Sender.run(Sender.java:240)
	at java.lang.Thread.run(Thread.java:748)
[2022-09-03 18:40:38,987] ERROR [Producer clientId=producer-7] Uncaught error in kafka producer I/O thread:  (org.apache.kafka.clients.producer.internals.Sender:242)
java.lang.IllegalStateException: No previous metadata update to use
	at org.apache.kafka.clients.MockClient$DefaultMockMetadataUpdater.updateWithCurrentMetadata(MockClient.java:631)
	at org.apache.kafka.clients.MockClient.poll(MockClient.java:284)
	at org.apache.kafka.clients.producer.internals.Sender.runOnce(Sender.java:325)
	at org.apache.kafka.clients.producer.internals.Sender.run(Sender.java:240)
	at java.lang.Thread.run(Thread.java:748)
[2022-09-03 18:40:38,987] ERROR [Producer clientId=producer-7] Uncaught error in kafka producer I/O thread:  (org.apache.kafka.clients.producer.internals.Sender:242)
java.lang.IllegalStateException: No previous metadata update to use
	at org.apache.kafka.clients.MockClient$DefaultMockMetadataUpdater.updateWithCurrentMetadata(MockClient.java:631)
	at org.apache.kafka.clients.MockClient.poll(MockClient.java:284)
	at org.apache.kafka.clients.producer.internals.Sender.runOnce(Sender.java:325)
	at org.apache.kafka.clients.producer.internals.Sender.run(Sender.java:240)
	at java.lang.Thread.run(Thread.java:748)
[2022-09-03 18:40:38,988] ERROR [Producer clientId=producer-7] Uncaught error in kafka producer I/O thread:  (org.apache.kafka.clients.producer.internals.Sender:242)
java.lang.IllegalStateException: No previous metadata update to use
	at org.apache.kafka.clients.MockClient$DefaultMockMetadataUpdater.updateWithCurrentMetadata(MockClient.java:631)
	at org.apache.kafka.clients.MockClient.poll(MockClient.java:284)
	at org.apache.kafka.clients.producer.internals.Sender.runOnce(Sender.java:325)
	at org.apache.kafka.clients.producer.internals.Sender.run(Sender.java:240)
	at java.lang.Thread.run(Thread.java:748)
[2022-09-03 18:40:38,988] ERROR [Producer clientId=producer-7] Uncaught error in kafka producer I/O thread:  (org.apache.kafka.clients.producer.internals.Sender:242)
java.lang.IllegalStateException: No previous metadata update to use
	at org.apache.kafka.clients.MockClient$DefaultMockMetadataUpdater.updateWithCurrentMetadata(MockClient.java:631)
	at org.apache.kafka.clients.MockClient.poll(MockClient.java:284)
	at org.apache.kafka.clients.producer.internals.Sender.runOnce(Sender.java:325)
	at org.apache.kafka.clients.producer.internals.Sender.run(Sender.java:240)
	at java.lang.Thread.run(Thread.java:748)
[2022-09-03 18:40:38,988] ERROR [Producer clientId=producer-7] Uncaught error in kafka producer I/O thread:  (org.apache.kafka.clients.producer.internals.Sender:242)
java.lang.IllegalStateException: No previous metadata update to use
	at org.apache.kafka.clients.MockClient$DefaultMockMetadataUpdater.updateWithCurrentMetadata(MockClient.java:631)
	at org.apache.kafka.clients.MockClient.poll(MockClient.java:284)
	at org.apache.kafka.clients.producer.internals.Sender.runOnce(Sender.java:325)
	at org.apache.kafka.clients.producer.internals.Sender.run(Sender.java:240)
	at java.lang.Thread.run(Thread.java:748)
[2022-09-03 18:40:38,988] ERROR [Producer clientId=producer-7] Uncaught error in kafka producer I/O thread:  (org.apache.kafka.clients.producer.internals.Sender:242)
java.lang.IllegalStateException: No previous metadata update to use
	at org.apache.kafka.clients.MockClient$DefaultMockMetadataUpdater.updateWithCurrentMetadata(MockClient.java:631)
	at org.apache.kafka.clients.MockClient.poll(MockClient.java:284)
	at org.apache.kafka.clients.producer.internals.Sender.runOnce(Sender.java:325)
	at org.apache.kafka.clients.producer.internals.Sender.run(Sender.java:240)
	at java.lang.Thread.run(Thread.java:748)
[2022-09-03 18:40:38,988] ERROR [Producer clientId=producer-7] Uncaught error in kafka producer I/O thread:  (org.apache.kafka.clients.producer.internals.Sender:242)
java.lang.IllegalStateException: No previous metadata update to use
	at org.apache.kafka.clients.MockClient$DefaultMockMetadataUpdater.updateWithCurrentMetadata(MockClient.java:631)
	at org.apache.kafka.clients.MockClient.poll(MockClient.java:284)
	at org.apache.kafka.clients.producer.internals.Sender.runOnce(Sender.java:325)
	at org.apache.kafka.clients.producer.internals.Sender.run(Sender.java:240)
	at java.lang.Thread.run(Thread.java:748)
[2022-09-03 18:40:38,988] ERROR [Producer clientId=producer-7] Uncaught error in kafka producer I/O thread:  (org.apache.kafka.clients.producer.internals.Sender:242)
java.lang.IllegalStateException: No previous metadata update to use
	at org.apache.kafka.clients.MockClient$DefaultMockMetadataUpdater.updateWithCurrentMetadata(MockClient.java:631)
	at org.apache.kafka.clients.MockClient.poll(MockClient.java:284)
	at org.apache.kafka.clients.producer.internals.Sender.runOnce(Sender.java:325)
	at org.apache.kafka.clients.producer.internals.Sender.run(Sender.java:240)
	at java.lang.Thread.run(Thread.java:748)
[2022-09-03 18:40:38,988] ERROR [Producer clientId=producer-7] Uncaught error in kafka producer I/O thread:  (org.apache.kafka.clients.producer.internals.Sender:242)
java.lang.IllegalStateException: No previous metadata update to use
	at org.apache.kafka.clients.MockClient$DefaultMockMetadataUpdater.updateWithCurrentMetadata(MockClient.java:631)
	at org.apache.kafka.clients.MockClient.poll(MockClient.java:284)
	at org.apache.kafka.clients.producer.internals.Sender.runOnce(Sender.java:325)
	at org.apache.kafka.clients.producer.internals.Sender.run(Sender.java:240)
	at java.lang.Thread.run(Thread.java:748)
[2022-09-03 18:40:38,988] ERROR [Producer clientId=producer-7] Uncaught error in kafka producer I/O thread:  (org.apache.kafka.clients.producer.internals.Sender:242)
java.lang.IllegalStateException: No previous metadata update to use
	at org.apache.kafka.clients.MockClient$DefaultMockMetadataUpdater.updateWithCurrentMetadata(MockClient.java:631)
	at org.apache.kafka.clients.MockClient.poll(MockClient.java:284)
	at org.apache.kafka.clients.producer.internals.Sender.runOnce(Sender.java:325)
	at org.apache.kafka.clients.producer.internals.Sender.run(Sender.java:240)
	at java.lang.Thread.run(Thread.java:748)
[2022-09-03 18:40:38,988] ERROR [Producer clientId=producer-7] Uncaught error in kafka producer I/O thread:  (org.apache.kafka.clients.producer.internals.Sender:242)
java.lang.IllegalStateException: No previous metadata update to use
	at org.apache.kafka.clients.MockClient$DefaultMockMetadataUpdater.updateWithCurrentMetadata(MockClient.java:631)
	at org.apache.kafka.clients.MockClient.poll(MockClient.java:284)
	at org.apache.kafka.clients.producer.internals.Sender.runOnce(Sender.java:325)
	at org.apache.kafka.clients.producer.internals.Sender.run(Sender.java:240)
	at java.lang.Thread.run(Thread.java:748)
[2022-09-03 18:40:38,988] ERROR [Producer clientId=producer-7] Uncaught error in kafka producer I/O thread:  (org.apache.kafka.clients.producer.internals.Sender:242)
java.lang.IllegalStateException: No previous metadata update to use
	at org.apache.kafka.clients.MockClient$DefaultMockMetadataUpdater.updateWithCurrentMetadata(MockClient.java:631)
	at org.apache.kafka.clients.MockClient.poll(MockClient.java:284)
	at org.apache.kafka.clients.producer.internals.Sender.runOnce(Sender.java:325)
	at org.apache.kafka.clients.producer.internals.Sender.run(Sender.java:240)
	at java.lang.Thread.run(Thread.java:748)
[2022-09-03 18:40:38,988] ERROR [Producer clientId=producer-7] Uncaught error in kafka producer I/O thread:  (org.apache.kafka.clients.producer.internals.Sender:242)
java.lang.IllegalStateException: No previous metadata update to use
	at org.apache.kafka.clients.MockClient$DefaultMockMetadataUpdater.updateWithCurrentMetadata(MockClient.java:631)
	at org.apache.kafka.clients.MockClient.poll(MockClient.java:284)
	at org.apache.kafka.clients.producer.internals.Sender.runOnce(Sender.java:325)
	at org.apache.kafka.clients.producer.internals.Sender.run(Sender.java:240)
	at java.lang.Thread.run(Thread.java:748)
[2022-09-03 18:40:38,989] ERROR [Producer clientId=producer-7] Uncaught error in kafka producer I/O thread:  (org.apache.kafka.clients.producer.internals.Sender:242)
java.lang.IllegalStateException: No previous metadata update to use
	at org.apache.kafka.clients.MockClient$DefaultMockMetadataUpdater.updateWithCurrentMetadata(MockClient.java:631)
	at org.apache.kafka.clients.MockClient.poll(MockClient.java:284)
	at org.apache.kafka.clients.producer.internals.Sender.runOnce(Sender.java:325)
	at org.apache.kafka.clients.producer.internals.Sender.run(Sender.java:240)
	at java.lang.Thread.run(Thread.java:748)
[2022-09-03 18:40:38,989] ERROR [Producer clientId=producer-7] Uncaught error in kafka producer I/O thread:  (org.apache.kafka.clients.producer.internals.Sender:242)
java.lang.IllegalStateException: No previous metadata update to use
	at org.apache.kafka.clients.MockClient$DefaultMockMetadataUpdater.updateWithCurrentMetadata(MockClient.java:631)
	at org.apache.kafka.clients.MockClient.poll(MockClient.java:284)
	at org.apache.kafka.clients.producer.internals.Sender.runOnce(Sender.java:325)
	at org.apache.kafka.clients.producer.internals.Sender.run(Sender.java:240)
	at java.lang.Thread.run(Thread.java:748)
[2022-09-03 18:40:38,990] ERROR [Producer clientId=producer-7] Uncaught error in kafka producer I/O thread:  (org.apache.kafka.clients.producer.internals.Sender:242)
java.lang.IllegalStateException: No previous metadata update to use
	at org.apache.kafka.clients.MockClient$DefaultMockMetadataUpdater.updateWithCurrentMetadata(MockClient.java:631)
	at org.apache.kafka.clients.MockClient.poll(MockClient.java:284)
	at org.apache.kafka.clients.producer.internals.Sender.runOnce(Sender.java:325)
	at org.apache.kafka.clients.producer.internals.Sender.run(Sender.java:240)
	at java.lang.Thread.run(Thread.java:748)
[2022-09-03 18:40:38,990] ERROR [Producer clientId=producer-7] Uncaught error in kafka producer I/O thread:  (org.apache.kafka.clients.producer.internals.Sender:242)
java.lang.IllegalStateException: No previous metadata update to use
	at org.apache.kafka.clients.MockClient$DefaultMockMetadataUpdater.updateWithCurrentMetadata(MockClient.java:631)
	at org.apache.kafka.clients.MockClient.poll(MockClient.java:284)
	at org.apache.kafka.clients.producer.internals.Sender.runOnce(Sender.java:325)
	at org.apache.kafka.clients.producer.internals.Sender.run(Sender.java:240)
	at java.lang.Thread.run(Thread.java:748)
[2022-09-03 18:40:38,990] ERROR [Producer clientId=producer-7] Uncaught error in kafka producer I/O thread:  (org.apache.kafka.clients.producer.internals.Sender:242)
java.lang.IllegalStateException: No previous metadata update to use
	at org.apache.kafka.clients.MockClient$DefaultMockMetadataUpdater.updateWithCurrentMetadata(MockClient.java:631)
	at org.apache.kafka.clients.MockClient.poll(MockClient.java:284)
	at org.apache.kafka.clients.producer.internals.Sender.runOnce(Sender.java:325)
	at org.apache.kafka.clients.producer.internals.Sender.run(Sender.java:240)
	at java.lang.Thread.run(Thread.java:748)
[2022-09-03 18:40:38,990] ERROR [Producer clientId=producer-7] Uncaught error in kafka producer I/O thread:  (org.apache.kafka.clients.producer.internals.Sender:242)
java.lang.IllegalStateException: No previous metadata update to use
	at org.apache.kafka.clients.MockClient$DefaultMockMetadataUpdater.updateWithCurrentMetadata(MockClient.java:631)
	at org.apache.kafka.clients.MockClient.poll(MockClient.java:284)
	at org.apache.kafka.clients.producer.internals.Sender.runOnce(Sender.java:325)
	at org.apache.kafka.clients.producer.internals.Sender.run(Sender.java:240)
	at java.lang.Thread.run(Thread.java:748)
[2022-09-03 18:40:38,990] ERROR [Producer clientId=producer-7] Uncaught error in kafka producer I/O thread:  (org.apache.kafka.clients.producer.internals.Sender:242)
java.lang.IllegalStateException: No previous metadata update to use
	at org.apache.kafka.clients.MockClient$DefaultMockMetadataUpdater.updateWithCurrentMetadata(MockClient.java:631)
	at org.apache.kafka.clients.MockClient.poll(MockClient.java:284)
	at org.apache.kafka.clients.producer.internals.Sender.runOnce(Sender.java:325)
	at org.apache.kafka.clients.producer.internals.Sender.run(Sender.java:240)
	at java.lang.Thread.run(Thread.java:748)
[2022-09-03 18:40:38,990] ERROR [Producer clientId=producer-7] Uncaught error in kafka producer I/O thread:  (org.apache.kafka.clients.producer.internals.Sender:242)
java.lang.IllegalStateException: No previous metadata update to use
	at org.apache.kafka.clients.MockClient$DefaultMockMetadataUpdater.updateWithCurrentMetadata(MockClient.java:631)
	at org.apache.kafka.clients.MockClient.poll(MockClient.java:284)
	at org.apache.kafka.clients.producer.internals.Sender.runOnce(Sender.java:325)
	at org.apache.kafka.clients.producer.internals.Sender.run(Sender.java:240)
	at java.lang.Thread.run(Thread.java:748)
[2022-09-03 18:40:38,990] ERROR [Producer clientId=producer-7] Uncaught error in kafka producer I/O thread:  (org.apache.kafka.clients.producer.internals.Sender:242)
java.lang.IllegalStateException: No previous metadata update to use
	at org.apache.kafka.clients.MockClient$DefaultMockMetadataUpdater.updateWithCurrentMetadata(MockClient.java:631)
	at org.apache.kafka.clients.MockClient.poll(MockClient.java:284)
	at org.apache.kafka.clients.producer.internals.Sender.runOnce(Sender.java:325)
	at org.apache.kafka.clients.producer.internals.Sender.run(Sender.java:240)
	at java.lang.Thread.run(Thread.java:748)
[2022-09-03 18:40:38,991] ERROR [Producer clientId=producer-7] Uncaught error in kafka producer I/O thread:  (org.apache.kafka.clients.producer.internals.Sender:242)
java.lang.IllegalStateException: No previous metadata update to use
	at org.apache.kafka.clients.MockClient$DefaultMockMetadataUpdater.updateWithCurrentMetadata(MockClient.java:631)
	at org.apache.kafka.clients.MockClient.poll(MockClient.java:284)
	at org.apache.kafka.clients.producer.internals.Sender.runOnce(Sender.java:325)
	at org.apache.kafka.clients.producer.internals.Sender.run(Sender.java:240)
	at java.lang.Thread.run(Thread.java:748)
[2022-09-03 18:40:38,991] ERROR [Producer clientId=producer-7] Uncaught error in kafka producer I/O thread:  (org.apache.kafka.clients.producer.internals.Sender:242)
java.lang.IllegalStateException: No previous metadata update to use
	at org.apache.kafka.clients.MockClient$DefaultMockMetadataUpdater.updateWithCurrentMetadata(MockClient.java:631)
	at org.apache.kafka.clients.MockClient.poll(MockClient.java:284)
	at org.apache.kafka.clients.producer.internals.Sender.runOnce(Sender.java:325)
	at org.apache.kafka.clients.producer.internals.Sender.run(Sender.java:240)
	at java.lang.Thread.run(Thread.java:748)
[2022-09-03 18:40:38,991] ERROR [Producer clientId=producer-7] Uncaught error in kafka producer I/O thread:  (org.apache.kafka.clients.producer.internals.Sender:242)
java.lang.IllegalStateException: No previous metadata update to use
	at org.apache.kafka.clients.MockClient$DefaultMockMetadataUpdater.updateWithCurrentMetadata(MockClient.java:631)
	at org.apache.kafka.clients.MockClient.poll(MockClient.java:284)
	at org.apache.kafka.clients.producer.internals.Sender.runOnce(Sender.java:325)
	at org.apache.kafka.clients.producer.internals.Sender.run(Sender.java:240)
	at java.lang.Thread.run(Thread.java:748)
[2022-09-03 18:40:38,991] ERROR [Producer clientId=producer-7] Uncaught error in kafka producer I/O thread:  (org.apache.kafka.clients.producer.internals.Sender:242)
java.lang.IllegalStateException: No previous metadata update to use
	at org.apache.kafka.clients.MockClient$DefaultMockMetadataUpdater.updateWithCurrentMetadata(MockClient.java:631)
	at org.apache.kafka.clients.MockClient.poll(MockClient.java:284)
	at org.apache.kafka.clients.producer.internals.Sender.runOnce(Sender.java:325)
	at org.apache.kafka.clients.producer.internals.Sender.run(Sender.java:240)
	at java.lang.Thread.run(Thread.java:748)
[2022-09-03 18:40:38,991] ERROR [Producer clientId=producer-7] Uncaught error in kafka producer I/O thread:  (org.apache.kafka.clients.producer.internals.Sender:242)
java.lang.IllegalStateException: No previous metadata update to use
	at org.apache.kafka.clients.MockClient$DefaultMockMetadataUpdater.updateWithCurrentMetadata(MockClient.java:631)
	at org.apache.kafka.clients.MockClient.poll(MockClient.java:284)
	at org.apache.kafka.clients.producer.internals.Sender.runOnce(Sender.java:325)
	at org.apache.kafka.clients.producer.internals.Sender.run(Sender.java:240)
	at java.lang.Thread.run(Thread.java:748)
[2022-09-03 18:40:38,991] ERROR [Producer clientId=producer-7] Uncaught error in kafka producer I/O thread:  (org.apache.kafka.clients.producer.internals.Sender:242)
java.lang.IllegalStateException: No previous metadata update to use
	at org.apache.kafka.clients.MockClient$DefaultMockMetadataUpdater.updateWithCurrentMetadata(MockClient.java:631)
	at org.apache.kafka.clients.MockClient.poll(MockClient.java:284)
	at org.apache.kafka.clients.producer.internals.Sender.runOnce(Sender.java:325)
	at org.apache.kafka.clients.producer.internals.Sender.run(Sender.java:240)
	at java.lang.Thread.run(Thread.java:748)
[2022-09-03 18:40:38,991] ERROR [Producer clientId=producer-7] Uncaught error in kafka producer I/O thread:  (org.apache.kafka.clients.producer.internals.Sender:242)
java.lang.IllegalStateException: No previous metadata update to use
	at org.apache.kafka.clients.MockClient$DefaultMockMetadataUpdater.updateWithCurrentMetadata(MockClient.java:631)
	at org.apache.kafka.clients.MockClient.poll(MockClient.java:284)
	at org.apache.kafka.clients.producer.internals.Sender.runOnce(Sender.java:325)
	at org.apache.kafka.clients.producer.internals.Sender.run(Sender.java:240)
	at java.lang.Thread.run(Thread.java:748)
[2022-09-03 18:40:38,991] ERROR [Producer clientId=producer-7] Uncaught error in kafka producer I/O thread:  (org.apache.kafka.clients.producer.internals.Sender:242)
java.lang.IllegalStateException: No previous metadata update to use
	at org.apache.kafka.clients.MockClient$DefaultMockMetadataUpdater.updateWithCurrentMetadata(MockClient.java:631)
	at org.apache.kafka.clients.MockClient.poll(MockClient.java:284)
	at org.apache.kafka.clients.producer.internals.Sender.runOnce(Sender.java:325)
	at org.apache.kafka.clients.producer.internals.Sender.run(Sender.java:240)
	at java.lang.Thread.run(Thread.java:748)
[2022-09-03 18:40:38,991] ERROR [Producer clientId=producer-7] Uncaught error in kafka producer I/O thread:  (org.apache.kafka.clients.producer.internals.Sender:242)
java.lang.IllegalStateException: No previous metadata update to use
	at org.apache.kafka.clients.MockClient$DefaultMockMetadataUpdater.updateWithCurrentMetadata(MockClient.java:631)
	at org.apache.kafka.clients.MockClient.poll(MockClient.java:284)
	at org.apache.kafka.clients.producer.internals.Sender.runOnce(Sender.java:325)
	at org.apache.kafka.clients.producer.internals.Sender.run(Sender.java:240)
	at java.lang.Thread.run(Thread.java:748)
[2022-09-03 18:40:38,991] ERROR [Producer clientId=producer-7] Uncaught error in kafka producer I/O thread:  (org.apache.kafka.clients.producer.internals.Sender:242)
java.lang.IllegalStateException: No previous metadata update to use
	at org.apache.kafka.clients.MockClient$DefaultMockMetadataUpdater.updateWithCurrentMetadata(MockClient.java:631)
	at org.apache.kafka.clients.MockClient.poll(MockClient.java:284)
	at org.apache.kafka.clients.producer.internals.Sender.runOnce(Sender.java:325)
	at org.apache.kafka.clients.producer.internals.Sender.run(Sender.java:240)
	at java.lang.Thread.run(Thread.java:748)
[2022-09-03 18:40:38,992] ERROR [Producer clientId=producer-7] Uncaught error in kafka producer I/O thread:  (org.apache.kafka.clients.producer.internals.Sender:242)
java.lang.IllegalStateException: No previous metadata update to use
	at org.apache.kafka.clients.MockClient$DefaultMockMetadataUpdater.updateWithCurrentMetadata(MockClient.java:631)
	at org.apache.kafka.clients.MockClient.poll(MockClient.java:284)
	at org.apache.kafka.clients.producer.internals.Sender.runOnce(Sender.java:325)
	at org.apache.kafka.clients.producer.internals.Sender.run(Sender.java:240)
	at java.lang.Thread.run(Thread.java:748)
[2022-09-03 18:40:38,992] ERROR [Producer clientId=producer-7] Uncaught error in kafka producer I/O thread:  (org.apache.kafka.clients.producer.internals.Sender:242)
java.lang.IllegalStateException: No previous metadata update to use
	at org.apache.kafka.clients.MockClient$DefaultMockMetadataUpdater.updateWithCurrentMetadata(MockClient.java:631)
	at org.apache.kafka.clients.MockClient.poll(MockClient.java:284)
	at org.apache.kafka.clients.producer.internals.Sender.runOnce(Sender.java:325)
	at org.apache.kafka.clients.producer.internals.Sender.run(Sender.java:240)
	at java.lang.Thread.run(Thread.java:748)
[2022-09-03 18:40:38,992] ERROR [Producer clientId=producer-7] Uncaught error in kafka producer I/O thread:  (org.apache.kafka.clients.producer.internals.Sender:242)
java.lang.IllegalStateException: No previous metadata update to use
	at org.apache.kafka.clients.MockClient$DefaultMockMetadataUpdater.updateWithCurrentMetadata(MockClient.java:631)
	at org.apache.kafka.clients.MockClient.poll(MockClient.java:284)
	at org.apache.kafka.clients.producer.internals.Sender.runOnce(Sender.java:325)
	at org.apache.kafka.clients.producer.internals.Sender.run(Sender.java:240)
	at java.lang.Thread.run(Thread.java:748)
[2022-09-03 18:40:38,993] ERROR [Producer clientId=producer-7] Uncaught error in kafka producer I/O thread:  (org.apache.kafka.clients.producer.internals.Sender:242)
java.lang.IllegalStateException: No previous metadata update to use
	at org.apache.kafka.clients.MockClient$DefaultMockMetadataUpdater.updateWithCurrentMetadata(MockClient.java:631)
	at org.apache.kafka.clients.MockClient.poll(MockClient.java:284)
	at org.apache.kafka.clients.producer.internals.Sender.runOnce(Sender.java:325)
	at org.apache.kafka.clients.producer.internals.Sender.run(Sender.java:240)
	at java.lang.Thread.run(Thread.java:748)
[2022-09-03 18:40:38,993] ERROR [Producer clientId=producer-7] Uncaught error in kafka producer I/O thread:  (org.apache.kafka.clients.producer.internals.Sender:242)
java.lang.IllegalStateException: No previous metadata update to use
	at org.apache.kafka.clients.MockClient$DefaultMockMetadataUpdater.updateWithCurrentMetadata(MockClient.java:631)
	at org.apache.kafka.clients.MockClient.poll(MockClient.java:284)
	at org.apache.kafka.clients.producer.internals.Sender.runOnce(Sender.java:325)
	at org.apache.kafka.clients.producer.internals.Sender.run(Sender.java:240)
	at java.lang.Thread.run(Thread.java:748)
[2022-09-03 18:40:38,993] ERROR [Producer clientId=producer-7] Uncaught error in kafka producer I/O thread:  (org.apache.kafka.clients.producer.internals.Sender:242)
java.lang.IllegalStateException: No previous metadata update to use
	at org.apache.kafka.clients.MockClient$DefaultMockMetadataUpdater.updateWithCurrentMetadata(MockClient.java:631)
	at org.apache.kafka.clients.MockClient.poll(MockClient.java:284)
	at org.apache.kafka.clients.producer.internals.Sender.runOnce(Sender.java:325)
	at org.apache.kafka.clients.producer.internals.Sender.run(Sender.java:240)
	at java.lang.Thread.run(Thread.java:748)
[2022-09-03 18:40:38,993] ERROR [Producer clientId=producer-7] Uncaught error in kafka producer I/O thread:  (org.apache.kafka.clients.producer.internals.Sender:242)
java.lang.IllegalStateException: No previous metadata update to use
	at org.apache.kafka.clients.MockClient$DefaultMockMetadataUpdater.updateWithCurrentMetadata(MockClient.java:631)
	at org.apache.kafka.clients.MockClient.poll(MockClient.java:284)
	at org.apache.kafka.clients.producer.internals.Sender.runOnce(Sender.java:325)
	at org.apache.kafka.clients.producer.internals.Sender.run(Sender.java:240)
	at java.lang.Thread.run(Thread.java:748)
[2022-09-03 18:40:38,993] ERROR [Producer clientId=producer-7] Uncaught error in kafka producer I/O thread:  (org.apache.kafka.clients.producer.internals.Sender:242)
java.lang.IllegalStateException: No previous metadata update to use
	at org.apache.kafka.clients.MockClient$DefaultMockMetadataUpdater.updateWithCurrentMetadata(MockClient.java:631)
	at org.apache.kafka.clients.MockClient.poll(MockClient.java:284)
	at org.apache.kafka.clients.producer.internals.Sender.runOnce(Sender.java:325)
	at org.apache.kafka.clients.producer.internals.Sender.run(Sender.java:240)
	at java.lang.Thread.run(Thread.java:748)
[2022-09-03 18:40:38,994] ERROR [Producer clientId=producer-7] Uncaught error in kafka producer I/O thread:  (org.apache.kafka.clients.producer.internals.Sender:242)
java.lang.IllegalStateException: No previous metadata update to use
	at org.apache.kafka.clients.MockClient$DefaultMockMetadataUpdater.updateWithCurrentMetadata(MockClient.java:631)
	at org.apache.kafka.clients.MockClient.poll(MockClient.java:284)
	at org.apache.kafka.clients.producer.internals.Sender.runOnce(Sender.java:325)
	at org.apache.kafka.clients.producer.internals.Sender.run(Sender.java:240)
	at java.lang.Thread.run(Thread.java:748)
[2022-09-03 18:40:38,994] ERROR [Producer clientId=producer-7] Uncaught error in kafka producer I/O thread:  (org.apache.kafka.clients.producer.internals.Sender:242)
java.lang.IllegalStateException: No previous metadata update to use
	at org.apache.kafka.clients.MockClient$DefaultMockMetadataUpdater.updateWithCurrentMetadata(MockClient.java:631)
	at org.apache.kafka.clients.MockClient.poll(MockClient.java:284)
	at org.apache.kafka.clients.producer.internals.Sender.runOnce(Sender.java:325)
	at org.apache.kafka.clients.producer.internals.Sender.run(Sender.java:240)
	at java.lang.Thread.run(Thread.java:748)
[2022-09-03 18:40:38,994] ERROR [Producer clientId=producer-7] Uncaught error in kafka producer I/O thread:  (org.apache.kafka.clients.producer.internals.Sender:242)
java.lang.IllegalStateException: No previous metadata update to use
	at org.apache.kafka.clients.MockClient$DefaultMockMetadataUpdater.updateWithCurrentMetadata(MockClient.java:631)
	at org.apache.kafka.clients.MockClient.poll(MockClient.java:284)
	at org.apache.kafka.clients.producer.internals.Sender.runOnce(Sender.java:325)
	at org.apache.kafka.clients.producer.internals.Sender.run(Sender.java:240)
	at java.lang.Thread.run(Thread.java:748)
[2022-09-03 18:40:38,994] ERROR [Producer clientId=producer-7] Uncaught error in kafka producer I/O thread:  (org.apache.kafka.clients.producer.internals.Sender:242)
java.lang.IllegalStateException: No previous metadata update to use
	at org.apache.kafka.clients.MockClient$DefaultMockMetadataUpdater.updateWithCurrentMetadata(MockClient.java:631)
	at org.apache.kafka.clients.MockClient.poll(MockClient.java:284)
	at org.apache.kafka.clients.producer.internals.Sender.runOnce(Sender.java:325)
	at org.apache.kafka.clients.producer.internals.Sender.run(Sender.java:240)
	at java.lang.Thread.run(Thread.java:748)
[2022-09-03 18:40:38,994] ERROR [Producer clientId=producer-7] Uncaught error in kafka producer I/O thread:  (org.apache.kafka.clients.producer.internals.Sender:242)
java.lang.IllegalStateException: No previous metadata update to use
	at org.apache.kafka.clients.MockClient$DefaultMockMetadataUpdater.updateWithCurrentMetadata(MockClient.java:631)
	at org.apache.kafka.clients.MockClient.poll(MockClient.java:284)
	at org.apache.kafka.clients.producer.internals.Sender.runOnce(Sender.java:325)
	at org.apache.kafka.clients.producer.internals.Sender.run(Sender.java:240)
	at java.lang.Thread.run(Thread.java:748)
[2022-09-03 18:40:38,994] ERROR [Producer clientId=producer-7] Uncaught error in kafka producer I/O thread:  (org.apache.kafka.clients.producer.internals.Sender:242)
java.lang.IllegalStateException: No previous metadata update to use
	at org.apache.kafka.clients.MockClient$DefaultMockMetadataUpdater.updateWithCurrentMetadata(MockClient.java:631)
	at org.apache.kafka.clients.MockClient.poll(MockClient.java:284)
	at org.apache.kafka.clients.producer.internals.Sender.runOnce(Sender.java:325)
	at org.apache.kafka.clients.producer.internals.Sender.run(Sender.java:240)
	at java.lang.Thread.run(Thread.java:748)
[2022-09-03 18:40:38,994] ERROR [Producer clientId=producer-7] Uncaught error in kafka producer I/O thread:  (org.apache.kafka.clients.producer.internals.Sender:242)
java.lang.IllegalStateException: No previous metadata update to use
	at org.apache.kafka.clients.MockClient$DefaultMockMetadataUpdater.updateWithCurrentMetadata(MockClient.java:631)
	at org.apache.kafka.clients.MockClient.poll(MockClient.java:284)
	at org.apache.kafka.clients.producer.internals.Sender.runOnce(Sender.java:325)
	at org.apache.kafka.clients.producer.internals.Sender.run(Sender.java:240)
	at java.lang.Thread.run(Thread.java:748)
[2022-09-03 18:40:38,994] ERROR [Producer clientId=producer-7] Uncaught error in kafka producer I/O thread:  (org.apache.kafka.clients.producer.internals.Sender:242)
java.lang.IllegalStateException: No previous metadata update to use
	at org.apache.kafka.clients.MockClient$DefaultMockMetadataUpdater.updateWithCurrentMetadata(MockClient.java:631)
	at org.apache.kafka.clients.MockClient.poll(MockClient.java:284)
	at org.apache.kafka.clients.producer.internals.Sender.runOnce(Sender.java:325)
	at org.apache.kafka.clients.producer.internals.Sender.run(Sender.java:240)
	at java.lang.Thread.run(Thread.java:748)
[2022-09-03 18:40:38,994] ERROR [Producer clientId=producer-7] Uncaught error in kafka producer I/O thread:  (org.apache.kafka.clients.producer.internals.Sender:242)
java.lang.IllegalStateException: No previous metadata update to use
	at org.apache.kafka.clients.MockClient$DefaultMockMetadataUpdater.updateWithCurrentMetadata(MockClient.java:631)
	at org.apache.kafka.clients.MockClient.poll(MockClient.java:284)
	at org.apache.kafka.clients.producer.internals.Sender.runOnce(Sender.java:325)
	at org.apache.kafka.clients.producer.internals.Sender.run(Sender.java:240)
	at java.lang.Thread.run(Thread.java:748)
[2022-09-03 18:40:38,994] ERROR [Producer clientId=producer-7] Uncaught error in kafka producer I/O thread:  (org.apache.kafka.clients.producer.internals.Sender:242)
java.lang.IllegalStateException: No previous metadata update to use
	at org.apache.kafka.clients.MockClient$DefaultMockMetadataUpdater.updateWithCurrentMetadata(MockClient.java:631)
	at org.apache.kafka.clients.MockClient.poll(MockClient.java:284)
	at org.apache.kafka.clients.producer.internals.Sender.runOnce(Sender.java:325)
	at org.apache.kafka.clients.producer.internals.Sender.run(Sender.java:240)
	at java.lang.Thread.run(Thread.java:748)
[2022-09-03 18:40:38,995] ERROR [Producer clientId=producer-7] Uncaught error in kafka producer I/O thread:  (org.apache.kafka.clients.producer.internals.Sender:242)
java.lang.IllegalStateException: No previous metadata update to use
	at org.apache.kafka.clients.MockClient$DefaultMockMetadataUpdater.updateWithCurrentMetadata(MockClient.java:631)
	at org.apache.kafka.clients.MockClient.poll(MockClient.java:284)
	at org.apache.kafka.clients.producer.internals.Sender.runOnce(Sender.java:325)
	at org.apache.kafka.clients.producer.internals.Sender.run(Sender.java:240)
	at java.lang.Thread.run(Thread.java:748)
[2022-09-03 18:40:38,995] ERROR [Producer clientId=producer-7] Uncaught error in kafka producer I/O thread:  (org.apache.kafka.clients.producer.internals.Sender:242)
java.lang.IllegalStateException: No previous metadata update to use
	at org.apache.kafka.clients.MockClient$DefaultMockMetadataUpdater.updateWithCurrentMetadata(MockClient.java:631)
	at org.apache.kafka.clients.MockClient.poll(MockClient.java:284)
	at org.apache.kafka.clients.producer.internals.Sender.runOnce(Sender.java:325)
	at org.apache.kafka.clients.producer.internals.Sender.run(Sender.java:240)
	at java.lang.Thread.run(Thread.java:748)
[2022-09-03 18:40:38,996] ERROR [Producer clientId=producer-7] Uncaught error in kafka producer I/O thread:  (org.apache.kafka.clients.producer.internals.Sender:242)
java.lang.IllegalStateException: No previous metadata update to use
	at org.apache.kafka.clients.MockClient$DefaultMockMetadataUpdater.updateWithCurrentMetadata(MockClient.java:631)
	at org.apache.kafka.clients.MockClient.poll(MockClient.java:284)
	at org.apache.kafka.clients.producer.internals.Sender.runOnce(Sender.java:325)
	at org.apache.kafka.clients.producer.internals.Sender.run(Sender.java:240)
	at java.lang.Thread.run(Thread.java:748)
[2022-09-03 18:40:38,996] ERROR [Producer clientId=producer-7] Uncaught error in kafka producer I/O thread:  (org.apache.kafka.clients.producer.internals.Sender:242)
java.lang.IllegalStateException: No previous metadata update to use
	at org.apache.kafka.clients.MockClient$DefaultMockMetadataUpdater.updateWithCurrentMetadata(MockClient.java:631)
	at org.apache.kafka.clients.MockClient.poll(MockClient.java:284)
	at org.apache.kafka.clients.producer.internals.Sender.runOnce(Sender.java:325)
	at org.apache.kafka.clients.producer.internals.Sender.run(Sender.java:240)
	at java.lang.Thread.run(Thread.java:748)
[2022-09-03 18:40:38,996] ERROR [Producer clientId=producer-7] Uncaught error in kafka producer I/O thread:  (org.apache.kafka.clients.producer.internals.Sender:242)
java.lang.IllegalStateException: No previous metadata update to use
	at org.apache.kafka.clients.MockClient$DefaultMockMetadataUpdater.updateWithCurrentMetadata(MockClient.java:631)
	at org.apache.kafka.clients.MockClient.poll(MockClient.java:284)
	at org.apache.kafka.clients.producer.internals.Sender.runOnce(Sender.java:325)
	at org.apache.kafka.clients.producer.internals.Sender.run(Sender.java:240)
	at java.lang.Thread.run(Thread.java:748)
[2022-09-03 18:40:38,996] ERROR [Producer clientId=producer-7] Uncaught error in kafka producer I/O thread:  (org.apache.kafka.clients.producer.internals.Sender:242)
java.lang.IllegalStateException: No previous metadata update to use
	at org.apache.kafka.clients.MockClient$DefaultMockMetadataUpdater.updateWithCurrentMetadata(MockClient.java:631)
	at org.apache.kafka.clients.MockClient.poll(MockClient.java:284)
	at org.apache.kafka.clients.producer.internals.Sender.runOnce(Sender.java:325)
	at org.apache.kafka.clients.producer.internals.Sender.run(Sender.java:240)
	at java.lang.Thread.run(Thread.java:748)
[2022-09-03 18:40:38,996] ERROR [Producer clientId=producer-7] Uncaught error in kafka producer I/O thread:  (org.apache.kafka.clients.producer.internals.Sender:242)
java.lang.IllegalStateException: No previous metadata update to use
	at org.apache.kafka.clients.MockClient$DefaultMockMetadataUpdater.updateWithCurrentMetadata(MockClient.java:631)
	at org.apache.kafka.clients.MockClient.poll(MockClient.java:284)
	at org.apache.kafka.clients.producer.internals.Sender.runOnce(Sender.java:325)
	at org.apache.kafka.clients.producer.internals.Sender.run(Sender.java:240)
	at java.lang.Thread.run(Thread.java:748)
[2022-09-03 18:40:38,996] ERROR [Producer clientId=producer-7] Uncaught error in kafka producer I/O thread:  (org.apache.kafka.clients.producer.internals.Sender:242)
java.lang.IllegalStateException: No previous metadata update to use
	at org.apache.kafka.clients.MockClient$DefaultMockMetadataUpdater.updateWithCurrentMetadata(MockClient.java:631)
	at org.apache.kafka.clients.MockClient.poll(MockClient.java:284)
	at org.apache.kafka.clients.producer.internals.Sender.runOnce(Sender.java:325)
	at org.apache.kafka.clients.producer.internals.Sender.run(Sender.java:240)
	at java.lang.Thread.run(Thread.java:748)
[2022-09-03 18:40:38,996] ERROR [Producer clientId=producer-7] Uncaught error in kafka producer I/O thread:  (org.apache.kafka.clients.producer.internals.Sender:242)
java.lang.IllegalStateException: No previous metadata update to use
	at org.apache.kafka.clients.MockClient$DefaultMockMetadataUpdater.updateWithCurrentMetadata(MockClient.java:631)
	at org.apache.kafka.clients.MockClient.poll(MockClient.java:284)
	at org.apache.kafka.clients.producer.internals.Sender.runOnce(Sender.java:325)
	at org.apache.kafka.clients.producer.internals.Sender.run(Sender.java:240)
	at java.lang.Thread.run(Thread.java:748)
[2022-09-03 18:40:38,997] ERROR [Producer clientId=producer-7] Uncaught error in kafka producer I/O thread:  (org.apache.kafka.clients.producer.internals.Sender:242)
java.lang.IllegalStateException: No previous metadata update to use
	at org.apache.kafka.clients.MockClient$DefaultMockMetadataUpdater.updateWithCurrentMetadata(MockClient.java:631)
	at org.apache.kafka.clients.MockClient.poll(MockClient.java:284)
	at org.apache.kafka.clients.producer.internals.Sender.runOnce(Sender.java:325)
	at org.apache.kafka.clients.producer.internals.Sender.run(Sender.java:240)
	at java.lang.Thread.run(Thread.java:748)
[2022-09-03 18:40:38,997] ERROR [Producer clientId=producer-7] Uncaught error in kafka producer I/O thread:  (org.apache.kafka.clients.producer.internals.Sender:242)
java.lang.IllegalStateException: No previous metadata update to use
	at org.apache.kafka.clients.MockClient$DefaultMockMetadataUpdater.updateWithCurrentMetadata(MockClient.java:631)
	at org.apache.kafka.clients.MockClient.poll(MockClient.java:284)
	at org.apache.kafka.clients.producer.internals.Sender.runOnce(Sender.java:325)
	at org.apache.kafka.clients.producer.internals.Sender.run(Sender.java:240)
	at java.lang.Thread.run(Thread.java:748)
[2022-09-03 18:40:38,997] ERROR [Producer clientId=producer-7] Uncaught error in kafka producer I/O thread:  (org.apache.kafka.clients.producer.internals.Sender:242)
java.lang.IllegalStateException: No previous metadata update to use
	at org.apache.kafka.clients.MockClient$DefaultMockMetadataUpdater.updateWithCurrentMetadata(MockClient.java:631)
	at org.apache.kafka.clients.MockClient.poll(MockClient.java:284)
	at org.apache.kafka.clients.producer.internals.Sender.runOnce(Sender.java:325)
	at org.apache.kafka.clients.producer.internals.Sender.run(Sender.java:240)
	at java.lang.Thread.run(Thread.java:748)
[2022-09-03 18:40:38,997] ERROR [Producer clientId=producer-7] Uncaught error in kafka producer I/O thread:  (org.apache.kafka.clients.producer.internals.Sender:242)
java.lang.IllegalStateException: No previous metadata update to use
	at org.apache.kafka.clients.MockClient$DefaultMockMetadataUpdater.updateWithCurrentMetadata(MockClient.java:631)
	at org.apache.kafka.clients.MockClient.poll(MockClient.java:284)
	at org.apache.kafka.clients.producer.internals.Sender.runOnce(Sender.java:325)
	at org.apache.kafka.clients.producer.internals.Sender.run(Sender.java:240)
	at java.lang.Thread.run(Thread.java:748)
[2022-09-03 18:40:38,997] ERROR [Producer clientId=producer-7] Uncaught error in kafka producer I/O thread:  (org.apache.kafka.clients.producer.internals.Sender:242)
java.lang.IllegalStateException: No previous metadata update to use
	at org.apache.kafka.clients.MockClient$DefaultMockMetadataUpdater.updateWithCurrentMetadata(MockClient.java:631)
	at org.apache.kafka.clients.MockClient.poll(MockClient.java:284)
	at org.apache.kafka.clients.producer.internals.Sender.runOnce(Sender.java:325)
	at org.apache.kafka.clients.producer.internals.Sender.run(Sender.java:240)
	at java.lang.Thread.run(Thread.java:748)
[2022-09-03 18:40:38,997] ERROR [Producer clientId=producer-7] Uncaught error in kafka producer I/O thread:  (org.apache.kafka.clients.producer.internals.Sender:242)
java.lang.IllegalStateException: No previous metadata update to use
	at org.apache.kafka.clients.MockClient$DefaultMockMetadataUpdater.updateWithCurrentMetadata(MockClient.java:631)
	at org.apache.kafka.clients.MockClient.poll(MockClient.java:284)
	at org.apache.kafka.clients.producer.internals.Sender.runOnce(Sender.java:325)
	at org.apache.kafka.clients.producer.internals.Sender.run(Sender.java:240)
	at java.lang.Thread.run(Thread.java:748)
[2022-09-03 18:40:38,997] ERROR [Producer clientId=producer-7] Uncaught error in kafka producer I/O thread:  (org.apache.kafka.clients.producer.internals.Sender:242)
java.lang.IllegalStateException: No previous metadata update to use
	at org.apache.kafka.clients.MockClient$DefaultMockMetadataUpdater.updateWithCurrentMetadata(MockClient.java:631)
	at org.apache.kafka.clients.MockClient.poll(MockClient.java:284)
	at org.apache.kafka.clients.producer.internals.Sender.runOnce(Sender.java:325)
	at org.apache.kafka.clients.producer.internals.Sender.run(Sender.java:240)
	at java.lang.Thread.run(Thread.java:748)
[2022-09-03 18:40:38,997] ERROR [Producer clientId=producer-7] Uncaught error in kafka producer I/O thread:  (org.apache.kafka.clients.producer.internals.Sender:242)
java.lang.IllegalStateException: No previous metadata update to use
	at org.apache.kafka.clients.MockClient$DefaultMockMetadataUpdater.updateWithCurrentMetadata(MockClient.java:631)
	at org.apache.kafka.clients.MockClient.poll(MockClient.java:284)
	at org.apache.kafka.clients.producer.internals.Sender.runOnce(Sender.java:325)
	at org.apache.kafka.clients.producer.internals.Sender.run(Sender.java:240)
	at java.lang.Thread.run(Thread.java:748)
[2022-09-03 18:40:38,997] ERROR [Producer clientId=producer-7] Uncaught error in kafka producer I/O thread:  (org.apache.kafka.clients.producer.internals.Sender:242)
java.lang.IllegalStateException: No previous metadata update to use
	at org.apache.kafka.clients.MockClient$DefaultMockMetadataUpdater.updateWithCurrentMetadata(MockClient.java:631)
	at org.apache.kafka.clients.MockClient.poll(MockClient.java:284)
	at org.apache.kafka.clients.producer.internals.Sender.runOnce(Sender.java:325)
	at org.apache.kafka.clients.producer.internals.Sender.run(Sender.java:240)
	at java.lang.Thread.run(Thread.java:748)
[2022-09-03 18:40:38,997] ERROR [Producer clientId=producer-7] Uncaught error in kafka producer I/O thread:  (org.apache.kafka.clients.producer.internals.Sender:242)
java.lang.IllegalStateException: No previous metadata update to use
	at org.apache.kafka.clients.MockClient$DefaultMockMetadataUpdater.updateWithCurrentMetadata(MockClient.java:631)
	at org.apache.kafka.clients.MockClient.poll(MockClient.java:284)
	at org.apache.kafka.clients.producer.internals.Sender.runOnce(Sender.java:325)
	at org.apache.kafka.clients.producer.internals.Sender.run(Sender.java:240)
	at java.lang.Thread.run(Thread.java:748)
[2022-09-03 18:40:38,998] ERROR [Producer clientId=producer-7] Uncaught error in kafka producer I/O thread:  (org.apache.kafka.clients.producer.internals.Sender:242)
java.lang.IllegalStateException: No previous metadata update to use
	at org.apache.kafka.clients.MockClient$DefaultMockMetadataUpdater.updateWithCurrentMetadata(MockClient.java:631)
	at org.apache.kafka.clients.MockClient.poll(MockClient.java:284)
	at org.apache.kafka.clients.producer.internals.Sender.runOnce(Sender.java:325)
	at org.apache.kafka.clients.producer.internals.Sender.run(Sender.java:240)
	at java.lang.Thread.run(Thread.java:748)
[2022-09-03 18:40:38,998] ERROR [Producer clientId=producer-7] Uncaught error in kafka producer I/O thread:  (org.apache.kafka.clients.producer.internals.Sender:242)
java.lang.IllegalStateException: No previous metadata update to use
	at org.apache.kafka.clients.MockClient$DefaultMockMetadataUpdater.updateWithCurrentMetadata(MockClient.java:631)
	at org.apache.kafka.clients.MockClient.poll(MockClient.java:284)
	at org.apache.kafka.clients.producer.internals.Sender.runOnce(Sender.java:325)
	at org.apache.kafka.clients.producer.internals.Sender.run(Sender.java:240)
	at java.lang.Thread.run(Thread.java:748)
[2022-09-03 18:40:38,998] ERROR [Producer clientId=producer-7] Uncaught error in kafka producer I/O thread:  (org.apache.kafka.clients.producer.internals.Sender:242)
java.lang.IllegalStateException: No previous metadata update to use
	at org.apache.kafka.clients.MockClient$DefaultMockMetadataUpdater.updateWithCurrentMetadata(MockClient.java:631)
	at org.apache.kafka.clients.MockClient.poll(MockClient.java:284)
	at org.apache.kafka.clients.producer.internals.Sender.runOnce(Sender.java:325)
	at org.apache.kafka.clients.producer.internals.Sender.run(Sender.java:240)
	at java.lang.Thread.run(Thread.java:748)
[2022-09-03 18:40:38,998] ERROR [Producer clientId=producer-7] Uncaught error in kafka producer I/O thread:  (org.apache.kafka.clients.producer.internals.Sender:242)
java.lang.IllegalStateException: No previous metadata update to use
	at org.apache.kafka.clients.MockClient$DefaultMockMetadataUpdater.updateWithCurrentMetadata(MockClient.java:631)
	at org.apache.kafka.clients.MockClient.poll(MockClient.java:284)
	at org.apache.kafka.clients.producer.internals.Sender.runOnce(Sender.java:325)
	at org.apache.kafka.clients.producer.internals.Sender.run(Sender.java:240)
	at java.lang.Thread.run(Thread.java:748)
[2022-09-03 18:40:38,998] ERROR [Producer clientId=producer-7] Uncaught error in kafka producer I/O thread:  (org.apache.kafka.clients.producer.internals.Sender:242)
java.lang.IllegalStateException: No previous metadata update to use
	at org.apache.kafka.clients.MockClient$DefaultMockMetadataUpdater.updateWithCurrentMetadata(MockClient.java:631)
	at org.apache.kafka.clients.MockClient.poll(MockClient.java:284)
	at org.apache.kafka.clients.producer.internals.Sender.runOnce(Sender.java:325)
	at org.apache.kafka.clients.producer.internals.Sender.run(Sender.java:240)
	at java.lang.Thread.run(Thread.java:748)
[2022-09-03 18:40:38,998] ERROR [Producer clientId=producer-7] Uncaught error in kafka producer I/O thread:  (org.apache.kafka.clients.producer.internals.Sender:242)
java.lang.IllegalStateException: No previous metadata update to use
	at org.apache.kafka.clients.MockClient$DefaultMockMetadataUpdater.updateWithCurrentMetadata(MockClient.java:631)
	at org.apache.kafka.clients.MockClient.poll(MockClient.java:284)
	at org.apache.kafka.clients.producer.internals.Sender.runOnce(Sender.java:325)
	at org.apache.kafka.clients.producer.internals.Sender.run(Sender.java:240)
	at java.lang.Thread.run(Thread.java:748)
[2022-09-03 18:40:38,998] ERROR [Producer clientId=producer-7] Uncaught error in kafka producer I/O thread:  (org.apache.kafka.clients.producer.internals.Sender:242)
java.lang.IllegalStateException: No previous metadata update to use
	at org.apache.kafka.clients.MockClient$DefaultMockMetadataUpdater.updateWithCurrentMetadata(MockClient.java:631)
	at org.apache.kafka.clients.MockClient.poll(MockClient.java:284)
	at org.apache.kafka.clients.producer.internals.Sender.runOnce(Sender.java:325)
	at org.apache.kafka.clients.producer.internals.Sender.run(Sender.java:240)
	at java.lang.Thread.run(Thread.java:748)
[2022-09-03 18:40:38,998] ERROR [Producer clientId=producer-7] Uncaught error in kafka producer I/O thread:  (org.apache.kafka.clients.producer.internals.Sender:242)
java.lang.IllegalStateException: No previous metadata update to use
	at org.apache.kafka.clients.MockClient$DefaultMockMetadataUpdater.updateWithCurrentMetadata(MockClient.java:631)
	at org.apache.kafka.clients.MockClient.poll(MockClient.java:284)
	at org.apache.kafka.clients.producer.internals.Sender.runOnce(Sender.java:325)
	at org.apache.kafka.clients.producer.internals.Sender.run(Sender.java:240)
	at java.lang.Thread.run(Thread.java:748)
[2022-09-03 18:40:38,999] ERROR [Producer clientId=producer-7] Uncaught error in kafka producer I/O thread:  (org.apache.kafka.clients.producer.internals.Sender:242)
java.lang.IllegalStateException: No previous metadata update to use
	at org.apache.kafka.clients.MockClient$DefaultMockMetadataUpdater.updateWithCurrentMetadata(MockClient.java:631)
	at org.apache.kafka.clients.MockClient.poll(MockClient.java:284)
	at org.apache.kafka.clients.producer.internals.Sender.runOnce(Sender.java:325)
	at org.apache.kafka.clients.producer.internals.Sender.run(Sender.java:240)
	at java.lang.Thread.run(Thread.java:748)
[2022-09-03 18:40:38,999] ERROR [Producer clientId=producer-7] Uncaught error in kafka producer I/O thread:  (org.apache.kafka.clients.producer.internals.Sender:242)
java.lang.IllegalStateException: No previous metadata update to use
	at org.apache.kafka.clients.MockClient$DefaultMockMetadataUpdater.updateWithCurrentMetadata(MockClient.java:631)
	at org.apache.kafka.clients.MockClient.poll(MockClient.java:284)
	at org.apache.kafka.clients.producer.internals.Sender.runOnce(Sender.java:325)
	at org.apache.kafka.clients.producer.internals.Sender.run(Sender.java:240)
	at java.lang.Thread.run(Thread.java:748)
[2022-09-03 18:40:38,999] ERROR [Producer clientId=producer-7] Uncaught error in kafka producer I/O thread:  (org.apache.kafka.clients.producer.internals.Sender:242)
java.lang.IllegalStateException: No previous metadata update to use
	at org.apache.kafka.clients.MockClient$DefaultMockMetadataUpdater.updateWithCurrentMetadata(MockClient.java:631)
	at org.apache.kafka.clients.MockClient.poll(MockClient.java:284)
	at org.apache.kafka.clients.producer.internals.Sender.runOnce(Sender.java:325)
	at org.apache.kafka.clients.producer.internals.Sender.run(Sender.java:240)
	at java.lang.Thread.run(Thread.java:748)
[2022-09-03 18:40:38,999] ERROR [Producer clientId=producer-7] Uncaught error in kafka producer I/O thread:  (org.apache.kafka.clients.producer.internals.Sender:242)
java.lang.IllegalStateException: No previous metadata update to use
	at org.apache.kafka.clients.MockClient$DefaultMockMetadataUpdater.updateWithCurrentMetadata(MockClient.java:631)
	at org.apache.kafka.clients.MockClient.poll(MockClient.java:284)
	at org.apache.kafka.clients.producer.internals.Sender.runOnce(Sender.java:325)
	at org.apache.kafka.clients.producer.internals.Sender.run(Sender.java:240)
	at java.lang.Thread.run(Thread.java:748)
[2022-09-03 18:40:38,999] ERROR [Producer clientId=producer-7] Uncaught error in kafka producer I/O thread:  (org.apache.kafka.clients.producer.internals.Sender:242)
java.lang.IllegalStateException: No previous metadata update to use
	at org.apache.kafka.clients.MockClient$DefaultMockMetadataUpdater.updateWithCurrentMetadata(MockClient.java:631)
	at org.apache.kafka.clients.MockClient.poll(MockClient.java:284)
	at org.apache.kafka.clients.producer.internals.Sender.runOnce(Sender.java:325)
	at org.apache.kafka.clients.producer.internals.Sender.run(Sender.java:240)
	at java.lang.Thread.run(Thread.java:748)
[2022-09-03 18:40:38,999] ERROR [Producer clientId=producer-7] Uncaught error in kafka producer I/O thread:  (org.apache.kafka.clients.producer.internals.Sender:242)
java.lang.IllegalStateException: No previous metadata update to use
	at org.apache.kafka.clients.MockClient$DefaultMockMetadataUpdater.updateWithCurrentMetadata(MockClient.java:631)
	at org.apache.kafka.clients.MockClient.poll(MockClient.java:284)
	at org.apache.kafka.clients.producer.internals.Sender.runOnce(Sender.java:325)
	at org.apache.kafka.clients.producer.internals.Sender.run(Sender.java:240)
	at java.lang.Thread.run(Thread.java:748)
[2022-09-03 18:40:38,999] ERROR [Producer clientId=producer-7] Uncaught error in kafka producer I/O thread:  (org.apache.kafka.clients.producer.internals.Sender:242)
java.lang.IllegalStateException: No previous metadata update to use
	at org.apache.kafka.clients.MockClient$DefaultMockMetadataUpdater.updateWithCurrentMetadata(MockClient.java:631)
	at org.apache.kafka.clients.MockClient.poll(MockClient.java:284)
	at org.apache.kafka.clients.producer.internals.Sender.runOnce(Sender.java:325)
	at org.apache.kafka.clients.producer.internals.Sender.run(Sender.java:240)
	at java.lang.Thread.run(Thread.java:748)
[2022-09-03 18:40:38,999] ERROR [Producer clientId=producer-7] Uncaught error in kafka producer I/O thread:  (org.apache.kafka.clients.producer.internals.Sender:242)
java.lang.IllegalStateException: No previous metadata update to use
	at org.apache.kafka.clients.MockClient$DefaultMockMetadataUpdater.updateWithCurrentMetadata(MockClient.java:631)
	at org.apache.kafka.clients.MockClient.poll(MockClient.java:284)
	at org.apache.kafka.clients.producer.internals.Sender.runOnce(Sender.java:325)
	at org.apache.kafka.clients.producer.internals.Sender.run(Sender.java:240)
	at java.lang.Thread.run(Thread.java:748)
[2022-09-03 18:40:38,999] ERROR [Producer clientId=producer-7] Uncaught error in kafka producer I/O thread:  (org.apache.kafka.clients.producer.internals.Sender:242)
java.lang.IllegalStateException: No previous metadata update to use
	at org.apache.kafka.clients.MockClient$DefaultMockMetadataUpdater.updateWithCurrentMetadata(MockClient.java:631)
	at org.apache.kafka.clients.MockClient.poll(MockClient.java:284)
	at org.apache.kafka.clients.producer.internals.Sender.runOnce(Sender.java:325)
	at org.apache.kafka.clients.producer.internals.Sender.run(Sender.java:240)
	at java.lang.Thread.run(Thread.java:748)
[2022-09-03 18:40:39,000] ERROR [Producer clientId=producer-7] Uncaught error in kafka producer I/O thread:  (org.apache.kafka.clients.producer.internals.Sender:242)
java.lang.IllegalStateException: No previous metadata update to use
	at org.apache.kafka.clients.MockClient$DefaultMockMetadataUpdater.updateWithCurrentMetadata(MockClient.java:631)
	at org.apache.kafka.clients.MockClient.poll(MockClient.java:284)
	at org.apache.kafka.clients.producer.internals.Sender.runOnce(Sender.java:325)
	at org.apache.kafka.clients.producer.internals.Sender.run(Sender.java:240)
	at java.lang.Thread.run(Thread.java:748)
[2022-09-03 18:40:39,000] ERROR [Producer clientId=producer-7] Uncaught error in kafka producer I/O thread:  (org.apache.kafka.clients.producer.internals.Sender:242)
java.lang.IllegalStateException: No previous metadata update to use
	at org.apache.kafka.clients.MockClient$DefaultMockMetadataUpdater.updateWithCurrentMetadata(MockClient.java:631)
	at org.apache.kafka.clients.MockClient.poll(MockClient.java:284)
	at org.apache.kafka.clients.producer.internals.Sender.runOnce(Sender.java:325)
	at org.apache.kafka.clients.producer.internals.Sender.run(Sender.java:240)
	at java.lang.Thread.run(Thread.java:748)
[2022-09-03 18:40:39,000] ERROR [Producer clientId=producer-7] Uncaught error in kafka producer I/O thread:  (org.apache.kafka.clients.producer.internals.Sender:242)
java.lang.IllegalStateException: No previous metadata update to use
	at org.apache.kafka.clients.MockClient$DefaultMockMetadataUpdater.updateWithCurrentMetadata(MockClient.java:631)
	at org.apache.kafka.clients.MockClient.poll(MockClient.java:284)
	at org.apache.kafka.clients.producer.internals.Sender.runOnce(Sender.java:325)
	at org.apache.kafka.clients.producer.internals.Sender.run(Sender.java:240)
	at java.lang.Thread.run(Thread.java:748)
[2022-09-03 18:40:39,000] ERROR [Producer clientId=producer-7] Uncaught error in kafka producer I/O thread:  (org.apache.kafka.clients.producer.internals.Sender:242)
java.lang.IllegalStateException: No previous metadata update to use
	at org.apache.kafka.clients.MockClient$DefaultMockMetadataUpdater.updateWithCurrentMetadata(MockClient.java:631)
	at org.apache.kafka.clients.MockClient.poll(MockClient.java:284)
	at org.apache.kafka.clients.producer.internals.Sender.runOnce(Sender.java:325)
	at org.apache.kafka.clients.producer.internals.Sender.run(Sender.java:240)
	at java.lang.Thread.run(Thread.java:748)
[2022-09-03 18:40:39,000] ERROR [Producer clientId=producer-7] Uncaught error in kafka producer I/O thread:  (org.apache.kafka.clients.producer.internals.Sender:242)
java.lang.IllegalStateException: No previous metadata update to use
	at org.apache.kafka.clients.MockClient$DefaultMockMetadataUpdater.updateWithCurrentMetadata(MockClient.java:631)
	at org.apache.kafka.clients.MockClient.poll(MockClient.java:284)
	at org.apache.kafka.clients.producer.internals.Sender.runOnce(Sender.java:325)
	at org.apache.kafka.clients.producer.internals.Sender.run(Sender.java:240)
	at java.lang.Thread.run(Thread.java:748)
[2022-09-03 18:40:39,001] ERROR [Producer clientId=producer-7] Uncaught error in kafka producer I/O thread:  (org.apache.kafka.clients.producer.internals.Sender:242)
java.lang.IllegalStateException: No previous metadata update to use
	at org.apache.kafka.clients.MockClient$DefaultMockMetadataUpdater.updateWithCurrentMetadata(MockClient.java:631)
	at org.apache.kafka.clients.MockClient.poll(MockClient.java:284)
	at org.apache.kafka.clients.producer.internals.Sender.runOnce(Sender.java:325)
	at org.apache.kafka.clients.producer.internals.Sender.run(Sender.java:240)
	at java.lang.Thread.run(Thread.java:748)
[2022-09-03 18:40:39,001] ERROR [Producer clientId=producer-7] Uncaught error in kafka producer I/O thread:  (org.apache.kafka.clients.producer.internals.Sender:242)
java.lang.IllegalStateException: No previous metadata update to use
	at org.apache.kafka.clients.MockClient$DefaultMockMetadataUpdater.updateWithCurrentMetadata(MockClient.java:631)
	at org.apache.kafka.clients.MockClient.poll(MockClient.java:284)
	at org.apache.kafka.clients.producer.internals.Sender.runOnce(Sender.java:325)
	at org.apache.kafka.clients.producer.internals.Sender.run(Sender.java:240)
	at java.lang.Thread.run(Thread.java:748)
[2022-09-03 18:40:39,001] ERROR [Producer clientId=producer-7] Uncaught error in kafka producer I/O thread:  (org.apache.kafka.clients.producer.internals.Sender:242)
java.lang.IllegalStateException: No previous metadata update to use
	at org.apache.kafka.clients.MockClient$DefaultMockMetadataUpdater.updateWithCurrentMetadata(MockClient.java:631)
	at org.apache.kafka.clients.MockClient.poll(MockClient.java:284)
	at org.apache.kafka.clients.producer.internals.Sender.runOnce(Sender.java:325)
	at org.apache.kafka.clients.producer.internals.Sender.run(Sender.java:240)
	at java.lang.Thread.run(Thread.java:748)
[2022-09-03 18:40:39,001] ERROR [Producer clientId=producer-7] Uncaught error in kafka producer I/O thread:  (org.apache.kafka.clients.producer.internals.Sender:242)
java.lang.IllegalStateException: No previous metadata update to use
	at org.apache.kafka.clients.MockClient$DefaultMockMetadataUpdater.updateWithCurrentMetadata(MockClient.java:631)
	at org.apache.kafka.clients.MockClient.poll(MockClient.java:284)
	at org.apache.kafka.clients.producer.internals.Sender.runOnce(Sender.java:325)
	at org.apache.kafka.clients.producer.internals.Sender.run(Sender.java:240)
	at java.lang.Thread.run(Thread.java:748)
[2022-09-03 18:40:39,001] ERROR [Producer clientId=producer-7] Uncaught error in kafka producer I/O thread:  (org.apache.kafka.clients.producer.internals.Sender:242)
java.lang.IllegalStateException: No previous metadata update to use
	at org.apache.kafka.clients.MockClient$DefaultMockMetadataUpdater.updateWithCurrentMetadata(MockClient.java:631)
	at org.apache.kafka.clients.MockClient.poll(MockClient.java:284)
	at org.apache.kafka.clients.producer.internals.Sender.runOnce(Sender.java:325)
	at org.apache.kafka.clients.producer.internals.Sender.run(Sender.java:240)
	at java.lang.Thread.run(Thread.java:748)
[2022-09-03 18:40:39,002] ERROR [Producer clientId=producer-7] Uncaught error in kafka producer I/O thread:  (org.apache.kafka.clients.producer.internals.Sender:242)
java.lang.IllegalStateException: No previous metadata update to use
	at org.apache.kafka.clients.MockClient$DefaultMockMetadataUpdater.updateWithCurrentMetadata(MockClient.java:631)
	at org.apache.kafka.clients.MockClient.poll(MockClient.java:284)
	at org.apache.kafka.clients.producer.internals.Sender.runOnce(Sender.java:325)
	at org.apache.kafka.clients.producer.internals.Sender.run(Sender.java:240)
	at java.lang.Thread.run(Thread.java:748)
[2022-09-03 18:40:39,002] ERROR [Producer clientId=producer-7] Uncaught error in kafka producer I/O thread:  (org.apache.kafka.clients.producer.internals.Sender:242)
java.lang.IllegalStateException: No previous metadata update to use
	at org.apache.kafka.clients.MockClient$DefaultMockMetadataUpdater.updateWithCurrentMetadata(MockClient.java:631)
	at org.apache.kafka.clients.MockClient.poll(MockClient.java:284)
	at org.apache.kafka.clients.producer.internals.Sender.runOnce(Sender.java:325)
	at org.apache.kafka.clients.producer.internals.Sender.run(Sender.java:240)
	at java.lang.Thread.run(Thread.java:748)
[2022-09-03 18:40:39,002] ERROR [Producer clientId=producer-7] Uncaught error in kafka producer I/O thread:  (org.apache.kafka.clients.producer.internals.Sender:242)
java.lang.IllegalStateException: No previous metadata update to use
	at org.apache.kafka.clients.MockClient$DefaultMockMetadataUpdater.updateWithCurrentMetadata(MockClient.java:631)
	at org.apache.kafka.clients.MockClient.poll(MockClient.java:284)
	at org.apache.kafka.clients.producer.internals.Sender.runOnce(Sender.java:325)
	at org.apache.kafka.clients.producer.internals.Sender.run(Sender.java:240)
	at java.lang.Thread.run(Thread.java:748)
[2022-09-03 18:40:39,002] ERROR [Producer clientId=producer-7] Uncaught error in kafka producer I/O thread:  (org.apache.kafka.clients.producer.internals.Sender:242)
java.lang.IllegalStateException: No previous metadata update to use
	at org.apache.kafka.clients.MockClient$DefaultMockMetadataUpdater.updateWithCurrentMetadata(MockClient.java:631)
	at org.apache.kafka.clients.MockClient.poll(MockClient.java:284)
	at org.apache.kafka.clients.producer.internals.Sender.runOnce(Sender.java:325)
	at org.apache.kafka.clients.producer.internals.Sender.run(Sender.java:240)
	at java.lang.Thread.run(Thread.java:748)
[2022-09-03 18:40:39,002] ERROR [Producer clientId=producer-7] Uncaught error in kafka producer I/O thread:  (org.apache.kafka.clients.producer.internals.Sender:242)
java.lang.IllegalStateException: No previous metadata update to use
	at org.apache.kafka.clients.MockClient$DefaultMockMetadataUpdater.updateWithCurrentMetadata(MockClient.java:631)
	at org.apache.kafka.clients.MockClient.poll(MockClient.java:284)
	at org.apache.kafka.clients.producer.internals.Sender.runOnce(Sender.java:325)
	at org.apache.kafka.clients.producer.internals.Sender.run(Sender.java:240)
	at java.lang.Thread.run(Thread.java:748)
[2022-09-03 18:40:39,002] ERROR [Producer clientId=producer-7] Uncaught error in kafka producer I/O thread:  (org.apache.kafka.clients.producer.internals.Sender:242)
java.lang.IllegalStateException: No previous metadata update to use
	at org.apache.kafka.clients.MockClient$DefaultMockMetadataUpdater.updateWithCurrentMetadata(MockClient.java:631)
	at org.apache.kafka.clients.MockClient.poll(MockClient.java:284)
	at org.apache.kafka.clients.producer.internals.Sender.runOnce(Sender.java:325)
	at org.apache.kafka.clients.producer.internals.Sender.run(Sender.java:240)
	at java.lang.Thread.run(Thread.java:748)
[2022-09-03 18:40:39,002] ERROR [Producer clientId=producer-7] Uncaught error in kafka producer I/O thread:  (org.apache.kafka.clients.producer.internals.Sender:242)
java.lang.IllegalStateException: No previous metadata update to use
	at org.apache.kafka.clients.MockClient$DefaultMockMetadataUpdater.updateWithCurrentMetadata(MockClient.java:631)
	at org.apache.kafka.clients.MockClient.poll(MockClient.java:284)
	at org.apache.kafka.clients.producer.internals.Sender.runOnce(Sender.java:325)
	at org.apache.kafka.clients.producer.internals.Sender.run(Sender.java:240)
	at java.lang.Thread.run(Thread.java:748)
[2022-09-03 18:40:39,002] ERROR [Producer clientId=producer-7] Uncaught error in kafka producer I/O thread:  (org.apache.kafka.clients.producer.internals.Sender:242)
java.lang.IllegalStateException: No previous metadata update to use
	at org.apache.kafka.clients.MockClient$DefaultMockMetadataUpdater.updateWithCurrentMetadata(MockClient.java:631)
	at org.apache.kafka.clients.MockClient.poll(MockClient.java:284)
	at org.apache.kafka.clients.producer.internals.Sender.runOnce(Sender.java:325)
	at org.apache.kafka.clients.producer.internals.Sender.run(Sender.java:240)
	at java.lang.Thread.run(Thread.java:748)
[2022-09-03 18:40:39,002] ERROR [Producer clientId=producer-7] Uncaught error in kafka producer I/O thread:  (org.apache.kafka.clients.producer.internals.Sender:242)
java.lang.IllegalStateException: No previous metadata update to use
	at org.apache.kafka.clients.MockClient$DefaultMockMetadataUpdater.updateWithCurrentMetadata(MockClient.java:631)
	at org.apache.kafka.clients.MockClient.poll(MockClient.java:284)
	at org.apache.kafka.clients.producer.internals.Sender.runOnce(Sender.java:325)
	at org.apache.kafka.clients.producer.internals.Sender.run(Sender.java:240)
	at java.lang.Thread.run(Thread.java:748)
[2022-09-03 18:40:39,002] ERROR [Producer clientId=producer-7] Uncaught error in kafka producer I/O thread:  (org.apache.kafka.clients.producer.internals.Sender:242)
java.lang.IllegalStateException: No previous metadata update to use
	at org.apache.kafka.clients.MockClient$DefaultMockMetadataUpdater.updateWithCurrentMetadata(MockClient.java:631)
	at org.apache.kafka.clients.MockClient.poll(MockClient.java:284)
	at org.apache.kafka.clients.producer.internals.Sender.runOnce(Sender.java:325)
	at org.apache.kafka.clients.producer.internals.Sender.run(Sender.java:240)
	at java.lang.Thread.run(Thread.java:748)
[2022-09-03 18:40:39,003] ERROR [Producer clientId=producer-7] Uncaught error in kafka producer I/O thread:  (org.apache.kafka.clients.producer.internals.Sender:242)
java.lang.IllegalStateException: No previous metadata update to use
	at org.apache.kafka.clients.MockClient$DefaultMockMetadataUpdater.updateWithCurrentMetadata(MockClient.java:631)
	at org.apache.kafka.clients.MockClient.poll(MockClient.java:284)
	at org.apache.kafka.clients.producer.internals.Sender.runOnce(Sender.java:325)
	at org.apache.kafka.clients.producer.internals.Sender.run(Sender.java:240)
	at java.lang.Thread.run(Thread.java:748)
[2022-09-03 18:40:39,003] ERROR [Producer clientId=producer-7] Uncaught error in kafka producer I/O thread:  (org.apache.kafka.clients.producer.internals.Sender:242)
java.lang.IllegalStateException: No previous metadata update to use
	at org.apache.kafka.clients.MockClient$DefaultMockMetadataUpdater.updateWithCurrentMetadata(MockClient.java:631)
	at org.apache.kafka.clients.MockClient.poll(MockClient.java:284)
	at org.apache.kafka.clients.producer.internals.Sender.runOnce(Sender.java:325)
	at org.apache.kafka.clients.producer.internals.Sender.run(Sender.java:240)
	at java.lang.Thread.run(Thread.java:748)
[2022-09-03 18:40:39,004] ERROR [Producer clientId=producer-7] Uncaught error in kafka producer I/O thread:  (org.apache.kafka.clients.producer.internals.Sender:242)
java.lang.IllegalStateException: No previous metadata update to use
	at org.apache.kafka.clients.MockClient$DefaultMockMetadataUpdater.updateWithCurrentMetadata(MockClient.java:631)
	at org.apache.kafka.clients.MockClient.poll(MockClient.java:284)
	at org.apache.kafka.clients.producer.internals.Sender.runOnce(Sender.java:325)
	at org.apache.kafka.clients.producer.internals.Sender.run(Sender.java:240)
	at java.lang.Thread.run(Thread.java:748)
[2022-09-03 18:40:39,004] ERROR [Producer clientId=producer-7] Uncaught error in kafka producer I/O thread:  (org.apache.kafka.clients.producer.internals.Sender:242)
java.lang.IllegalStateException: No previous metadata update to use
	at org.apache.kafka.clients.MockClient$DefaultMockMetadataUpdater.updateWithCurrentMetadata(MockClient.java:631)
	at org.apache.kafka.clients.MockClient.poll(MockClient.java:284)
	at org.apache.kafka.clients.producer.internals.Sender.runOnce(Sender.java:325)
	at org.apache.kafka.clients.producer.internals.Sender.run(Sender.java:240)
	at java.lang.Thread.run(Thread.java:748)
[2022-09-03 18:40:39,004] ERROR [Producer clientId=producer-7] Uncaught error in kafka producer I/O thread:  (org.apache.kafka.clients.producer.internals.Sender:242)
java.lang.IllegalStateException: No previous metadata update to use
	at org.apache.kafka.clients.MockClient$DefaultMockMetadataUpdater.updateWithCurrentMetadata(MockClient.java:631)
	at org.apache.kafka.clients.MockClient.poll(MockClient.java:284)
	at org.apache.kafka.clients.producer.internals.Sender.runOnce(Sender.java:325)
	at org.apache.kafka.clients.producer.internals.Sender.run(Sender.java:240)
	at java.lang.Thread.run(Thread.java:748)
[2022-09-03 18:40:39,004] ERROR [Producer clientId=producer-7] Uncaught error in kafka producer I/O thread:  (org.apache.kafka.clients.producer.internals.Sender:242)
java.lang.IllegalStateException: No previous metadata update to use
	at org.apache.kafka.clients.MockClient$DefaultMockMetadataUpdater.updateWithCurrentMetadata(MockClient.java:631)
	at org.apache.kafka.clients.MockClient.poll(MockClient.java:284)
	at org.apache.kafka.clients.producer.internals.Sender.runOnce(Sender.java:325)
	at org.apache.kafka.clients.producer.internals.Sender.run(Sender.java:240)
	at java.lang.Thread.run(Thread.java:748)
[2022-09-03 18:40:39,004] ERROR [Producer clientId=producer-7] Uncaught error in kafka producer I/O thread:  (org.apache.kafka.clients.producer.internals.Sender:242)
java.lang.IllegalStateException: No previous metadata update to use
	at org.apache.kafka.clients.MockClient$DefaultMockMetadataUpdater.updateWithCurrentMetadata(MockClient.java:631)
	at org.apache.kafka.clients.MockClient.poll(MockClient.java:284)
	at org.apache.kafka.clients.producer.internals.Sender.runOnce(Sender.java:325)
	at org.apache.kafka.clients.producer.internals.Sender.run(Sender.java:240)
	at java.lang.Thread.run(Thread.java:748)
[2022-09-03 18:40:39,004] ERROR [Producer clientId=producer-7] Uncaught error in kafka producer I/O thread:  (org.apache.kafka.clients.producer.internals.Sender:242)
java.lang.IllegalStateException: No previous metadata update to use
	at org.apache.kafka.clients.MockClient$DefaultMockMetadataUpdater.updateWithCurrentMetadata(MockClient.java:631)
	at org.apache.kafka.clients.MockClient.poll(MockClient.java:284)
	at org.apache.kafka.clients.producer.internals.Sender.runOnce(Sender.java:325)
	at org.apache.kafka.clients.producer.internals.Sender.run(Sender.java:240)
	at java.lang.Thread.run(Thread.java:748)
[2022-09-03 18:40:39,004] ERROR [Producer clientId=producer-7] Uncaught error in kafka producer I/O thread:  (org.apache.kafka.clients.producer.internals.Sender:242)
java.lang.IllegalStateException: No previous metadata update to use
	at org.apache.kafka.clients.MockClient$DefaultMockMetadataUpdater.updateWithCurrentMetadata(MockClient.java:631)
	at org.apache.kafka.clients.MockClient.poll(MockClient.java:284)
	at org.apache.kafka.clients.producer.internals.Sender.runOnce(Sender.java:325)
	at org.apache.kafka.clients.producer.internals.Sender.run(Sender.java:240)
	at java.lang.Thread.run(Thread.java:748)
[2022-09-03 18:40:39,004] ERROR [Producer clientId=producer-7] Uncaught error in kafka producer I/O thread:  (org.apache.kafka.clients.producer.internals.Sender:242)
java.lang.IllegalStateException: No previous metadata update to use
	at org.apache.kafka.clients.MockClient$DefaultMockMetadataUpdater.updateWithCurrentMetadata(MockClient.java:631)
	at org.apache.kafka.clients.MockClient.poll(MockClient.java:284)
	at org.apache.kafka.clients.producer.internals.Sender.runOnce(Sender.java:325)
	at org.apache.kafka.clients.producer.internals.Sender.run(Sender.java:240)
	at java.lang.Thread.run(Thread.java:748)
[2022-09-03 18:40:39,004] ERROR [Producer clientId=producer-7] Uncaught error in kafka producer I/O thread:  (org.apache.kafka.clients.producer.internals.Sender:242)
java.lang.IllegalStateException: No previous metadata update to use
	at org.apache.kafka.clients.MockClient$DefaultMockMetadataUpdater.updateWithCurrentMetadata(MockClient.java:631)
	at org.apache.kafka.clients.MockClient.poll(MockClient.java:284)
	at org.apache.kafka.clients.producer.internals.Sender.runOnce(Sender.java:325)
	at org.apache.kafka.clients.producer.internals.Sender.run(Sender.java:240)
	at java.lang.Thread.run(Thread.java:748)
[2022-09-03 18:40:39,004] ERROR [Producer clientId=producer-7] Uncaught error in kafka producer I/O thread:  (org.apache.kafka.clients.producer.internals.Sender:242)
java.lang.IllegalStateException: No previous metadata update to use
	at org.apache.kafka.clients.MockClient$DefaultMockMetadataUpdater.updateWithCurrentMetadata(MockClient.java:631)
	at org.apache.kafka.clients.MockClient.poll(MockClient.java:284)
	at org.apache.kafka.clients.producer.internals.Sender.runOnce(Sender.java:325)
	at org.apache.kafka.clients.producer.internals.Sender.run(Sender.java:240)
	at java.lang.Thread.run(Thread.java:748)
[2022-09-03 18:40:39,004] ERROR [Producer clientId=producer-7] Uncaught error in kafka producer I/O thread:  (org.apache.kafka.clients.producer.internals.Sender:242)
java.lang.IllegalStateException: No previous metadata update to use
	at org.apache.kafka.clients.MockClient$DefaultMockMetadataUpdater.updateWithCurrentMetadata(MockClient.java:631)
	at org.apache.kafka.clients.MockClient.poll(MockClient.java:284)
	at org.apache.kafka.clients.producer.internals.Sender.runOnce(Sender.java:325)
	at org.apache.kafka.clients.producer.internals.Sender.run(Sender.java:240)
	at java.lang.Thread.run(Thread.java:748)
[2022-09-03 18:40:39,005] ERROR [Producer clientId=producer-7] Uncaught error in kafka producer I/O thread:  (org.apache.kafka.clients.producer.internals.Sender:242)
java.lang.IllegalStateException: No previous metadata update to use
	at org.apache.kafka.clients.MockClient$DefaultMockMetadataUpdater.updateWithCurrentMetadata(MockClient.java:631)
	at org.apache.kafka.clients.MockClient.poll(MockClient.java:284)
	at org.apache.kafka.clients.producer.internals.Sender.runOnce(Sender.java:325)
	at org.apache.kafka.clients.producer.internals.Sender.run(Sender.java:240)
	at java.lang.Thread.run(Thread.java:748)
[2022-09-03 18:40:39,005] ERROR [Producer clientId=producer-7] Uncaught error in kafka producer I/O thread:  (org.apache.kafka.clients.producer.internals.Sender:242)
java.lang.IllegalStateException: No previous metadata update to use
	at org.apache.kafka.clients.MockClient$DefaultMockMetadataUpdater.updateWithCurrentMetadata(MockClient.java:631)
	at org.apache.kafka.clients.MockClient.poll(MockClient.java:284)
	at org.apache.kafka.clients.producer.internals.Sender.runOnce(Sender.java:325)
	at org.apache.kafka.clients.producer.internals.Sender.run(Sender.java:240)
	at java.lang.Thread.run(Thread.java:748)
[2022-09-03 18:40:39,005] ERROR [Producer clientId=producer-7] Uncaught error in kafka producer I/O thread:  (org.apache.kafka.clients.producer.internals.Sender:242)
java.lang.IllegalStateException: No previous metadata update to use
	at org.apache.kafka.clients.MockClient$DefaultMockMetadataUpdater.updateWithCurrentMetadata(MockClient.java:631)
	at org.apache.kafka.clients.MockClient.poll(MockClient.java:284)
	at org.apache.kafka.clients.producer.internals.Sender.runOnce(Sender.java:325)
	at org.apache.kafka.clients.producer.internals.Sender.run(Sender.java:240)
	at java.lang.Thread.run(Thread.java:748)
[2022-09-03 18:40:39,005] ERROR [Producer clientId=producer-7] Uncaught error in kafka producer I/O thread:  (org.apache.kafka.clients.producer.internals.Sender:242)
java.lang.IllegalStateException: No previous metadata update to use
	at org.apache.kafka.clients.MockClient$DefaultMockMetadataUpdater.updateWithCurrentMetadata(MockClient.java:631)
	at org.apache.kafka.clients.MockClient.poll(MockClient.java:284)
	at org.apache.kafka.clients.producer.internals.Sender.runOnce(Sender.java:325)
	at org.apache.kafka.clients.producer.internals.Sender.run(Sender.java:240)
	at java.lang.Thread.run(Thread.java:748)
[2022-09-03 18:40:39,005] ERROR [Producer clientId=producer-7] Uncaught error in kafka producer I/O thread:  (org.apache.kafka.clients.producer.internals.Sender:242)
java.lang.IllegalStateException: No previous metadata update to use
	at org.apache.kafka.clients.MockClient$DefaultMockMetadataUpdater.updateWithCurrentMetadata(MockClient.java:631)
	at org.apache.kafka.clients.MockClient.poll(MockClient.java:284)
	at org.apache.kafka.clients.producer.internals.Sender.runOnce(Sender.java:325)
	at org.apache.kafka.clients.producer.internals.Sender.run(Sender.java:240)
	at java.lang.Thread.run(Thread.java:748)
[2022-09-03 18:40:39,005] ERROR [Producer clientId=producer-7] Uncaught error in kafka producer I/O thread:  (org.apache.kafka.clients.producer.internals.Sender:242)
java.lang.IllegalStateException: No previous metadata update to use
	at org.apache.kafka.clients.MockClient$DefaultMockMetadataUpdater.updateWithCurrentMetadata(MockClient.java:631)
	at org.apache.kafka.clients.MockClient.poll(MockClient.java:284)
	at org.apache.kafka.clients.producer.internals.Sender.runOnce(Sender.java:325)
	at org.apache.kafka.clients.producer.internals.Sender.run(Sender.java:240)
	at java.lang.Thread.run(Thread.java:748)
[2022-09-03 18:40:39,011] ERROR [Producer clientId=producer-7] Uncaught error in kafka producer I/O thread:  (org.apache.kafka.clients.producer.internals.Sender:242)
java.lang.IllegalStateException: No previous metadata update to use
	at org.apache.kafka.clients.MockClient$DefaultMockMetadataUpdater.updateWithCurrentMetadata(MockClient.java:631)
	at org.apache.kafka.clients.MockClient.poll(MockClient.java:284)
	at org.apache.kafka.clients.producer.internals.Sender.runOnce(Sender.java:325)
	at org.apache.kafka.clients.producer.internals.Sender.run(Sender.java:240)
	at java.lang.Thread.run(Thread.java:748)
[2022-09-03 18:40:39,012] ERROR [Producer clientId=producer-7] Uncaught error in kafka producer I/O thread:  (org.apache.kafka.clients.producer.internals.Sender:242)
java.lang.IllegalStateException: No previous metadata update to use
	at org.apache.kafka.clients.MockClient$DefaultMockMetadataUpdater.updateWithCurrentMetadata(MockClient.java:631)
	at org.apache.kafka.clients.MockClient.poll(MockClient.java:284)
	at org.apache.kafka.clients.producer.internals.Sender.runOnce(Sender.java:325)
	at org.apache.kafka.clients.producer.internals.Sender.run(Sender.java:240)
	at java.lang.Thread.run(Thread.java:748)
[2022-09-03 18:40:39,012] ERROR [Producer clientId=producer-7] Uncaught error in kafka producer I/O thread:  (org.apache.kafka.clients.producer.internals.Sender:242)
java.lang.IllegalStateException: No previous metadata update to use
	at org.apache.kafka.clients.MockClient$DefaultMockMetadataUpdater.updateWithCurrentMetadata(MockClient.java:631)
	at org.apache.kafka.clients.MockClient.poll(MockClient.java:284)
	at org.apache.kafka.clients.producer.internals.Sender.runOnce(Sender.java:325)
	at org.apache.kafka.clients.producer.internals.Sender.run(Sender.java:240)
	at java.lang.Thread.run(Thread.java:748)
[2022-09-03 18:40:39,012] ERROR [Producer clientId=producer-7] Uncaught error in kafka producer I/O thread:  (org.apache.kafka.clients.producer.internals.Sender:242)
java.lang.IllegalStateException: No previous metadata update to use
	at org.apache.kafka.clients.MockClient$DefaultMockMetadataUpdater.updateWithCurrentMetadata(MockClient.java:631)
	at org.apache.kafka.clients.MockClient.poll(MockClient.java:284)
	at org.apache.kafka.clients.producer.internals.Sender.runOnce(Sender.java:325)
	at org.apache.kafka.clients.producer.internals.Sender.run(Sender.java:240)
	at java.lang.Thread.run(Thread.java:748)
[2022-09-03 18:40:39,012] ERROR [Producer clientId=producer-7] Uncaught error in kafka producer I/O thread:  (org.apache.kafka.clients.producer.internals.Sender:242)
java.lang.IllegalStateException: No previous metadata update to use
	at org.apache.kafka.clients.MockClient$DefaultMockMetadataUpdater.updateWithCurrentMetadata(MockClient.java:631)
	at org.apache.kafka.clients.MockClient.poll(MockClient.java:284)
	at org.apache.kafka.clients.producer.internals.Sender.runOnce(Sender.java:325)
	at org.apache.kafka.clients.producer.internals.Sender.run(Sender.java:240)
	at java.lang.Thread.run(Thread.java:748)
[2022-09-03 18:40:39,012] ERROR [Producer clientId=producer-7] Uncaught error in kafka producer I/O thread:  (org.apache.kafka.clients.producer.internals.Sender:242)
java.lang.IllegalStateException: No previous metadata update to use
	at org.apache.kafka.clients.MockClient$DefaultMockMetadataUpdater.updateWithCurrentMetadata(MockClient.java:631)
	at org.apache.kafka.clients.MockClient.poll(MockClient.java:284)
	at org.apache.kafka.clients.producer.internals.Sender.runOnce(Sender.java:325)
	at org.apache.kafka.clients.producer.internals.Sender.run(Sender.java:240)
	at java.lang.Thread.run(Thread.java:748)
[2022-09-03 18:40:39,012] ERROR [Producer clientId=producer-7] Uncaught error in kafka producer I/O thread:  (org.apache.kafka.clients.producer.internals.Sender:242)
java.lang.IllegalStateException: No previous metadata update to use
	at org.apache.kafka.clients.MockClient$DefaultMockMetadataUpdater.updateWithCurrentMetadata(MockClient.java:631)
	at org.apache.kafka.clients.MockClient.poll(MockClient.java:284)
	at org.apache.kafka.clients.producer.internals.Sender.runOnce(Sender.java:325)
	at org.apache.kafka.clients.producer.internals.Sender.run(Sender.java:240)
	at java.lang.Thread.run(Thread.java:748)
[2022-09-03 18:40:39,013] ERROR [Producer clientId=producer-7] Uncaught error in kafka producer I/O thread:  (org.apache.kafka.clients.producer.internals.Sender:242)
java.lang.IllegalStateException: No previous metadata update to use
	at org.apache.kafka.clients.MockClient$DefaultMockMetadataUpdater.updateWithCurrentMetadata(MockClient.java:631)
	at org.apache.kafka.clients.MockClient.poll(MockClient.java:284)
	at org.apache.kafka.clients.producer.internals.Sender.runOnce(Sender.java:325)
	at org.apache.kafka.clients.producer.internals.Sender.run(Sender.java:240)
	at java.lang.Thread.run(Thread.java:748)
[2022-09-03 18:40:39,013] ERROR [Producer clientId=producer-7] Uncaught error in kafka producer I/O thread:  (org.apache.kafka.clients.producer.internals.Sender:242)
java.lang.IllegalStateException: No previous metadata update to use
	at org.apache.kafka.clients.MockClient$DefaultMockMetadataUpdater.updateWithCurrentMetadata(MockClient.java:631)
	at org.apache.kafka.clients.MockClient.poll(MockClient.java:284)
	at org.apache.kafka.clients.producer.internals.Sender.runOnce(Sender.java:325)
	at org.apache.kafka.clients.producer.internals.Sender.run(Sender.java:240)
	at java.lang.Thread.run(Thread.java:748)
[2022-09-03 18:40:39,013] ERROR [Producer clientId=producer-7] Uncaught error in kafka producer I/O thread:  (org.apache.kafka.clients.producer.internals.Sender:242)
java.lang.IllegalStateException: No previous metadata update to use
	at org.apache.kafka.clients.MockClient$DefaultMockMetadataUpdater.updateWithCurrentMetadata(MockClient.java:631)
	at org.apache.kafka.clients.MockClient.poll(MockClient.java:284)
	at org.apache.kafka.clients.producer.internals.Sender.runOnce(Sender.java:325)
	at org.apache.kafka.clients.producer.internals.Sender.run(Sender.java:240)
	at java.lang.Thread.run(Thread.java:748)
[2022-09-03 18:40:39,013] ERROR [Producer clientId=producer-7] Uncaught error in kafka producer I/O thread:  (org.apache.kafka.clients.producer.internals.Sender:242)
java.lang.IllegalStateException: No previous metadata update to use
	at org.apache.kafka.clients.MockClient$DefaultMockMetadataUpdater.updateWithCurrentMetadata(MockClient.java:631)
	at org.apache.kafka.clients.MockClient.poll(MockClient.java:284)
	at org.apache.kafka.clients.producer.internals.Sender.runOnce(Sender.java:325)
	at org.apache.kafka.clients.producer.internals.Sender.run(Sender.java:240)
	at java.lang.Thread.run(Thread.java:748)
[2022-09-03 18:40:39,013] ERROR [Producer clientId=producer-7] Uncaught error in kafka producer I/O thread:  (org.apache.kafka.clients.producer.internals.Sender:242)
java.lang.IllegalStateException: No previous metadata update to use
	at org.apache.kafka.clients.MockClient$DefaultMockMetadataUpdater.updateWithCurrentMetadata(MockClient.java:631)
	at org.apache.kafka.clients.MockClient.poll(MockClient.java:284)
	at org.apache.kafka.clients.producer.internals.Sender.runOnce(Sender.java:325)
	at org.apache.kafka.clients.producer.internals.Sender.run(Sender.java:240)
	at java.lang.Thread.run(Thread.java:748)
[2022-09-03 18:40:39,013] ERROR [Producer clientId=producer-7] Uncaught error in kafka producer I/O thread:  (org.apache.kafka.clients.producer.internals.Sender:242)
java.lang.IllegalStateException: No previous metadata update to use
	at org.apache.kafka.clients.MockClient$DefaultMockMetadataUpdater.updateWithCurrentMetadata(MockClient.java:631)
	at org.apache.kafka.clients.MockClient.poll(MockClient.java:284)
	at org.apache.kafka.clients.producer.internals.Sender.runOnce(Sender.java:325)
	at org.apache.kafka.clients.producer.internals.Sender.run(Sender.java:240)
	at java.lang.Thread.run(Thread.java:748)
[2022-09-03 18:40:39,013] ERROR [Producer clientId=producer-7] Uncaught error in kafka producer I/O thread:  (org.apache.kafka.clients.producer.internals.Sender:242)
java.lang.IllegalStateException: No previous metadata update to use
	at org.apache.kafka.clients.MockClient$DefaultMockMetadataUpdater.updateWithCurrentMetadata(MockClient.java:631)
	at org.apache.kafka.clients.MockClient.poll(MockClient.java:284)
	at org.apache.kafka.clients.producer.internals.Sender.runOnce(Sender.java:325)
	at org.apache.kafka.clients.producer.internals.Sender.run(Sender.java:240)
	at java.lang.Thread.run(Thread.java:748)
[2022-09-03 18:40:39,013] ERROR [Producer clientId=producer-7] Uncaught error in kafka producer I/O thread:  (org.apache.kafka.clients.producer.internals.Sender:242)
java.lang.IllegalStateException: No previous metadata update to use
	at org.apache.kafka.clients.MockClient$DefaultMockMetadataUpdater.updateWithCurrentMetadata(MockClient.java:631)
	at org.apache.kafka.clients.MockClient.poll(MockClient.java:284)
	at org.apache.kafka.clients.producer.internals.Sender.runOnce(Sender.java:325)
	at org.apache.kafka.clients.producer.internals.Sender.run(Sender.java:240)
	at java.lang.Thread.run(Thread.java:748)
[2022-09-03 18:40:39,013] ERROR [Producer clientId=producer-7] Uncaught error in kafka producer I/O thread:  (org.apache.kafka.clients.producer.internals.Sender:242)
java.lang.IllegalStateException: No previous metadata update to use
	at org.apache.kafka.clients.MockClient$DefaultMockMetadataUpdater.updateWithCurrentMetadata(MockClient.java:631)
	at org.apache.kafka.clients.MockClient.poll(MockClient.java:284)
	at org.apache.kafka.clients.producer.internals.Sender.runOnce(Sender.java:325)
	at org.apache.kafka.clients.producer.internals.Sender.run(Sender.java:240)
	at java.lang.Thread.run(Thread.java:748)
[2022-09-03 18:40:39,014] ERROR [Producer clientId=producer-7] Uncaught error in kafka producer I/O thread:  (org.apache.kafka.clients.producer.internals.Sender:242)
java.lang.IllegalStateException: No previous metadata update to use
	at org.apache.kafka.clients.MockClient$DefaultMockMetadataUpdater.updateWithCurrentMetadata(MockClient.java:631)
	at org.apache.kafka.clients.MockClient.poll(MockClient.java:284)
	at org.apache.kafka.clients.producer.internals.Sender.runOnce(Sender.java:325)
	at org.apache.kafka.clients.producer.internals.Sender.run(Sender.java:240)
	at java.lang.Thread.run(Thread.java:748)
[2022-09-03 18:40:39,014] ERROR [Producer clientId=producer-7] Uncaught error in kafka producer I/O thread:  (org.apache.kafka.clients.producer.internals.Sender:242)
java.lang.IllegalStateException: No previous metadata update to use
	at org.apache.kafka.clients.MockClient$DefaultMockMetadataUpdater.updateWithCurrentMetadata(MockClient.java:631)
	at org.apache.kafka.clients.MockClient.poll(MockClient.java:284)
	at org.apache.kafka.clients.producer.internals.Sender.runOnce(Sender.java:325)
	at org.apache.kafka.clients.producer.internals.Sender.run(Sender.java:240)
	at java.lang.Thread.run(Thread.java:748)
[2022-09-03 18:40:39,014] ERROR [Producer clientId=producer-7] Uncaught error in kafka producer I/O thread:  (org.apache.kafka.clients.producer.internals.Sender:242)
java.lang.IllegalStateException: No previous metadata update to use
	at org.apache.kafka.clients.MockClient$DefaultMockMetadataUpdater.updateWithCurrentMetadata(MockClient.java:631)
	at org.apache.kafka.clients.MockClient.poll(MockClient.java:284)
	at org.apache.kafka.clients.producer.internals.Sender.runOnce(Sender.java:325)
	at org.apache.kafka.clients.producer.internals.Sender.run(Sender.java:240)
	at java.lang.Thread.run(Thread.java:748)
[2022-09-03 18:40:39,014] ERROR [Producer clientId=producer-7] Uncaught error in kafka producer I/O thread:  (org.apache.kafka.clients.producer.internals.Sender:242)
java.lang.IllegalStateException: No previous metadata update to use
	at org.apache.kafka.clients.MockClient$DefaultMockMetadataUpdater.updateWithCurrentMetadata(MockClient.java:631)
	at org.apache.kafka.clients.MockClient.poll(MockClient.java:284)
	at org.apache.kafka.clients.producer.internals.Sender.runOnce(Sender.java:325)
	at org.apache.kafka.clients.producer.internals.Sender.run(Sender.java:240)
	at java.lang.Thread.run(Thread.java:748)
[2022-09-03 18:40:39,014] ERROR [Producer clientId=producer-7] Uncaught error in kafka producer I/O thread:  (org.apache.kafka.clients.producer.internals.Sender:242)
java.lang.IllegalStateException: No previous metadata update to use
	at org.apache.kafka.clients.MockClient$DefaultMockMetadataUpdater.updateWithCurrentMetadata(MockClient.java:631)
	at org.apache.kafka.clients.MockClient.poll(MockClient.java:284)
	at org.apache.kafka.clients.producer.internals.Sender.runOnce(Sender.java:325)
	at org.apache.kafka.clients.producer.internals.Sender.run(Sender.java:240)
	at java.lang.Thread.run(Thread.java:748)
[2022-09-03 18:40:39,014] ERROR [Producer clientId=producer-7] Uncaught error in kafka producer I/O thread:  (org.apache.kafka.clients.producer.internals.Sender:242)
java.lang.IllegalStateException: No previous metadata update to use
	at org.apache.kafka.clients.MockClient$DefaultMockMetadataUpdater.updateWithCurrentMetadata(MockClient.java:631)
	at org.apache.kafka.clients.MockClient.poll(MockClient.java:284)
	at org.apache.kafka.clients.producer.internals.Sender.runOnce(Sender.java:325)
	at org.apache.kafka.clients.producer.internals.Sender.run(Sender.java:240)
	at java.lang.Thread.run(Thread.java:748)
[2022-09-03 18:40:39,014] ERROR [Producer clientId=producer-7] Uncaught error in kafka producer I/O thread:  (org.apache.kafka.clients.producer.internals.Sender:242)
java.lang.IllegalStateException: No previous metadata update to use
	at org.apache.kafka.clients.MockClient$DefaultMockMetadataUpdater.updateWithCurrentMetadata(MockClient.java:631)
	at org.apache.kafka.clients.MockClient.poll(MockClient.java:284)
	at org.apache.kafka.clients.producer.internals.Sender.runOnce(Sender.java:325)
	at org.apache.kafka.clients.producer.internals.Sender.run(Sender.java:240)
	at java.lang.Thread.run(Thread.java:748)
[2022-09-03 18:40:39,015] ERROR [Producer clientId=producer-7] Uncaught error in kafka producer I/O thread:  (org.apache.kafka.clients.producer.internals.Sender:242)
java.lang.IllegalStateException: No previous metadata update to use
	at org.apache.kafka.clients.MockClient$DefaultMockMetadataUpdater.updateWithCurrentMetadata(MockClient.java:631)
	at org.apache.kafka.clients.MockClient.poll(MockClient.java:284)
	at org.apache.kafka.clients.producer.internals.Sender.runOnce(Sender.java:325)
	at org.apache.kafka.clients.producer.internals.Sender.run(Sender.java:240)
	at java.lang.Thread.run(Thread.java:748)
[2022-09-03 18:40:39,015] ERROR [Producer clientId=producer-7] Uncaught error in kafka producer I/O thread:  (org.apache.kafka.clients.producer.internals.Sender:242)
java.lang.IllegalStateException: No previous metadata update to use
	at org.apache.kafka.clients.MockClient$DefaultMockMetadataUpdater.updateWithCurrentMetadata(MockClient.java:631)
	at org.apache.kafka.clients.MockClient.poll(MockClient.java:284)
	at org.apache.kafka.clients.producer.internals.Sender.runOnce(Sender.java:325)
	at org.apache.kafka.clients.producer.internals.Sender.run(Sender.java:240)
	at java.lang.Thread.run(Thread.java:748)
[2022-09-03 18:40:39,015] ERROR [Producer clientId=producer-7] Uncaught error in kafka producer I/O thread:  (org.apache.kafka.clients.producer.internals.Sender:242)
java.lang.IllegalStateException: No previous metadata update to use
	at org.apache.kafka.clients.MockClient$DefaultMockMetadataUpdater.updateWithCurrentMetadata(MockClient.java:631)
	at org.apache.kafka.clients.MockClient.poll(MockClient.java:284)
	at org.apache.kafka.clients.producer.internals.Sender.runOnce(Sender.java:325)
	at org.apache.kafka.clients.producer.internals.Sender.run(Sender.java:240)
	at java.lang.Thread.run(Thread.java:748)
[2022-09-03 18:40:39,015] ERROR [Producer clientId=producer-7] Uncaught error in kafka producer I/O thread:  (org.apache.kafka.clients.producer.internals.Sender:242)
java.lang.IllegalStateException: No previous metadata update to use
	at org.apache.kafka.clients.MockClient$DefaultMockMetadataUpdater.updateWithCurrentMetadata(MockClient.java:631)
	at org.apache.kafka.clients.MockClient.poll(MockClient.java:284)
	at org.apache.kafka.clients.producer.internals.Sender.runOnce(Sender.java:325)
	at org.apache.kafka.clients.producer.internals.Sender.run(Sender.java:240)
	at java.lang.Thread.run(Thread.java:748)
[2022-09-03 18:40:39,015] ERROR [Producer clientId=producer-7] Uncaught error in kafka producer I/O thread:  (org.apache.kafka.clients.producer.internals.Sender:242)
java.lang.IllegalStateException: No previous metadata update to use
	at org.apache.kafka.clients.MockClient$DefaultMockMetadataUpdater.updateWithCurrentMetadata(MockClient.java:631)
	at org.apache.kafka.clients.MockClient.poll(MockClient.java:284)
	at org.apache.kafka.clients.producer.internals.Sender.runOnce(Sender.java:325)
	at org.apache.kafka.clients.producer.internals.Sender.run(Sender.java:240)
	at java.lang.Thread.run(Thread.java:748)
[2022-09-03 18:40:39,015] ERROR [Producer clientId=producer-7] Uncaught error in kafka producer I/O thread:  (org.apache.kafka.clients.producer.internals.Sender:242)
java.lang.IllegalStateException: No previous metadata update to use
	at org.apache.kafka.clients.MockClient$DefaultMockMetadataUpdater.updateWithCurrentMetadata(MockClient.java:631)
	at org.apache.kafka.clients.MockClient.poll(MockClient.java:284)
	at org.apache.kafka.clients.producer.internals.Sender.runOnce(Sender.java:325)
	at org.apache.kafka.clients.producer.internals.Sender.run(Sender.java:240)
	at java.lang.Thread.run(Thread.java:748)
[2022-09-03 18:40:39,015] ERROR [Producer clientId=producer-7] Uncaught error in kafka producer I/O thread:  (org.apache.kafka.clients.producer.internals.Sender:242)
java.lang.IllegalStateException: No previous metadata update to use
	at org.apache.kafka.clients.MockClient$DefaultMockMetadataUpdater.updateWithCurrentMetadata(MockClient.java:631)
	at org.apache.kafka.clients.MockClient.poll(MockClient.java:284)
	at org.apache.kafka.clients.producer.internals.Sender.runOnce(Sender.java:325)
	at org.apache.kafka.clients.producer.internals.Sender.run(Sender.java:240)
	at java.lang.Thread.run(Thread.java:748)
[2022-09-03 18:40:39,015] ERROR [Producer clientId=producer-7] Uncaught error in kafka producer I/O thread:  (org.apache.kafka.clients.producer.internals.Sender:242)
java.lang.IllegalStateException: No previous metadata update to use
	at org.apache.kafka.clients.MockClient$DefaultMockMetadataUpdater.updateWithCurrentMetadata(MockClient.java:631)
	at org.apache.kafka.clients.MockClient.poll(MockClient.java:284)
	at org.apache.kafka.clients.producer.internals.Sender.runOnce(Sender.java:325)
	at org.apache.kafka.clients.producer.internals.Sender.run(Sender.java:240)
	at java.lang.Thread.run(Thread.java:748)
[2022-09-03 18:40:39,015] ERROR [Producer clientId=producer-7] Uncaught error in kafka producer I/O thread:  (org.apache.kafka.clients.producer.internals.Sender:242)
java.lang.IllegalStateException: No previous metadata update to use
	at org.apache.kafka.clients.MockClient$DefaultMockMetadataUpdater.updateWithCurrentMetadata(MockClient.java:631)
	at org.apache.kafka.clients.MockClient.poll(MockClient.java:284)
	at org.apache.kafka.clients.producer.internals.Sender.runOnce(Sender.java:325)
	at org.apache.kafka.clients.producer.internals.Sender.run(Sender.java:240)
	at java.lang.Thread.run(Thread.java:748)
[2022-09-03 18:40:39,016] ERROR [Producer clientId=producer-7] Uncaught error in kafka producer I/O thread:  (org.apache.kafka.clients.producer.internals.Sender:242)
java.lang.IllegalStateException: No previous metadata update to use
	at org.apache.kafka.clients.MockClient$DefaultMockMetadataUpdater.updateWithCurrentMetadata(MockClient.java:631)
	at org.apache.kafka.clients.MockClient.poll(MockClient.java:284)
	at org.apache.kafka.clients.producer.internals.Sender.runOnce(Sender.java:325)
	at org.apache.kafka.clients.producer.internals.Sender.run(Sender.java:240)
	at java.lang.Thread.run(Thread.java:748)
[2022-09-03 18:40:39,016] ERROR [Producer clientId=producer-7] Uncaught error in kafka producer I/O thread:  (org.apache.kafka.clients.producer.internals.Sender:242)
java.lang.IllegalStateException: No previous metadata update to use
	at org.apache.kafka.clients.MockClient$DefaultMockMetadataUpdater.updateWithCurrentMetadata(MockClient.java:631)
	at org.apache.kafka.clients.MockClient.poll(MockClient.java:284)
	at org.apache.kafka.clients.producer.internals.Sender.runOnce(Sender.java:325)
	at org.apache.kafka.clients.producer.internals.Sender.run(Sender.java:240)
	at java.lang.Thread.run(Thread.java:748)
[2022-09-03 18:40:39,016] ERROR [Producer clientId=producer-7] Uncaught error in kafka producer I/O thread:  (org.apache.kafka.clients.producer.internals.Sender:242)
java.lang.IllegalStateException: No previous metadata update to use
	at org.apache.kafka.clients.MockClient$DefaultMockMetadataUpdater.updateWithCurrentMetadata(MockClient.java:631)
	at org.apache.kafka.clients.MockClient.poll(MockClient.java:284)
	at org.apache.kafka.clients.producer.internals.Sender.runOnce(Sender.java:325)
	at org.apache.kafka.clients.producer.internals.Sender.run(Sender.java:240)
	at java.lang.Thread.run(Thread.java:748)
[2022-09-03 18:40:39,016] ERROR [Producer clientId=producer-7] Uncaught error in kafka producer I/O thread:  (org.apache.kafka.clients.producer.internals.Sender:242)
java.lang.IllegalStateException: No previous metadata update to use
	at org.apache.kafka.clients.MockClient$DefaultMockMetadataUpdater.updateWithCurrentMetadata(MockClient.java:631)
	at org.apache.kafka.clients.MockClient.poll(MockClient.java:284)
	at org.apache.kafka.clients.producer.internals.Sender.runOnce(Sender.java:325)
	at org.apache.kafka.clients.producer.internals.Sender.run(Sender.java:240)
	at java.lang.Thread.run(Thread.java:748)
[2022-09-03 18:40:39,016] ERROR [Producer clientId=producer-7] Uncaught error in kafka producer I/O thread:  (org.apache.kafka.clients.producer.internals.Sender:242)
java.lang.IllegalStateException: No previous metadata update to use
	at org.apache.kafka.clients.MockClient$DefaultMockMetadataUpdater.updateWithCurrentMetadata(MockClient.java:631)
	at org.apache.kafka.clients.MockClient.poll(MockClient.java:284)
	at org.apache.kafka.clients.producer.internals.Sender.runOnce(Sender.java:325)
	at org.apache.kafka.clients.producer.internals.Sender.run(Sender.java:240)
	at java.lang.Thread.run(Thread.java:748)
[2022-09-03 18:40:39,016] ERROR [Producer clientId=producer-7] Uncaught error in kafka producer I/O thread:  (org.apache.kafka.clients.producer.internals.Sender:242)
java.lang.IllegalStateException: No previous metadata update to use
	at org.apache.kafka.clients.MockClient$DefaultMockMetadataUpdater.updateWithCurrentMetadata(MockClient.java:631)
	at org.apache.kafka.clients.MockClient.poll(MockClient.java:284)
	at org.apache.kafka.clients.producer.internals.Sender.runOnce(Sender.java:325)
	at org.apache.kafka.clients.producer.internals.Sender.run(Sender.java:240)
	at java.lang.Thread.run(Thread.java:748)
[2022-09-03 18:40:39,016] ERROR [Producer clientId=producer-7] Uncaught error in kafka producer I/O thread:  (org.apache.kafka.clients.producer.internals.Sender:242)
java.lang.IllegalStateException: No previous metadata update to use
	at org.apache.kafka.clients.MockClient$DefaultMockMetadataUpdater.updateWithCurrentMetadata(MockClient.java:631)
	at org.apache.kafka.clients.MockClient.poll(MockClient.java:284)
	at org.apache.kafka.clients.producer.internals.Sender.runOnce(Sender.java:325)
	at org.apache.kafka.clients.producer.internals.Sender.run(Sender.java:240)
	at java.lang.Thread.run(Thread.java:748)
[2022-09-03 18:40:39,016] ERROR [Producer clientId=producer-7] Uncaught error in kafka producer I/O thread:  (org.apache.kafka.clients.producer.internals.Sender:242)
java.lang.IllegalStateException: No previous metadata update to use
	at org.apache.kafka.clients.MockClient$DefaultMockMetadataUpdater.updateWithCurrentMetadata(MockClient.java:631)
	at org.apache.kafka.clients.MockClient.poll(MockClient.java:284)
	at org.apache.kafka.clients.producer.internals.Sender.runOnce(Sender.java:325)
	at org.apache.kafka.clients.producer.internals.Sender.run(Sender.java:240)
	at java.lang.Thread.run(Thread.java:748)
[2022-09-03 18:40:39,016] ERROR [Producer clientId=producer-7] Uncaught error in kafka producer I/O thread:  (org.apache.kafka.clients.producer.internals.Sender:242)
java.lang.IllegalStateException: No previous metadata update to use
	at org.apache.kafka.clients.MockClient$DefaultMockMetadataUpdater.updateWithCurrentMetadata(MockClient.java:631)
	at org.apache.kafka.clients.MockClient.poll(MockClient.java:284)
	at org.apache.kafka.clients.producer.internals.Sender.runOnce(Sender.java:325)
	at org.apache.kafka.clients.producer.internals.Sender.run(Sender.java:240)
	at java.lang.Thread.run(Thread.java:748)
[2022-09-03 18:40:39,017] ERROR [Producer clientId=producer-7] Uncaught error in kafka producer I/O thread:  (org.apache.kafka.clients.producer.internals.Sender:242)
java.lang.IllegalStateException: No previous metadata update to use
	at org.apache.kafka.clients.MockClient$DefaultMockMetadataUpdater.updateWithCurrentMetadata(MockClient.java:631)
	at org.apache.kafka.clients.MockClient.poll(MockClient.java:284)
	at org.apache.kafka.clients.producer.internals.Sender.runOnce(Sender.java:325)
	at org.apache.kafka.clients.producer.internals.Sender.run(Sender.java:240)
	at java.lang.Thread.run(Thread.java:748)
[2022-09-03 18:40:39,017] ERROR [Producer clientId=producer-7] Uncaught error in kafka producer I/O thread:  (org.apache.kafka.clients.producer.internals.Sender:242)
java.lang.IllegalStateException: No previous metadata update to use
	at org.apache.kafka.clients.MockClient$DefaultMockMetadataUpdater.updateWithCurrentMetadata(MockClient.java:631)
	at org.apache.kafka.clients.MockClient.poll(MockClient.java:284)
	at org.apache.kafka.clients.producer.internals.Sender.runOnce(Sender.java:325)
	at org.apache.kafka.clients.producer.internals.Sender.run(Sender.java:240)
	at java.lang.Thread.run(Thread.java:748)
[2022-09-03 18:40:39,017] ERROR [Producer clientId=producer-7] Uncaught error in kafka producer I/O thread:  (org.apache.kafka.clients.producer.internals.Sender:242)
java.lang.IllegalStateException: No previous metadata update to use
	at org.apache.kafka.clients.MockClient$DefaultMockMetadataUpdater.updateWithCurrentMetadata(MockClient.java:631)
	at org.apache.kafka.clients.MockClient.poll(MockClient.java:284)
	at org.apache.kafka.clients.producer.internals.Sender.runOnce(Sender.java:325)
	at org.apache.kafka.clients.producer.internals.Sender.run(Sender.java:240)
	at java.lang.Thread.run(Thread.java:748)
[2022-09-03 18:40:39,017] ERROR [Producer clientId=producer-7] Uncaught error in kafka producer I/O thread:  (org.apache.kafka.clients.producer.internals.Sender:242)
java.lang.IllegalStateException: No previous metadata update to use
	at org.apache.kafka.clients.MockClient$DefaultMockMetadataUpdater.updateWithCurrentMetadata(MockClient.java:631)
	at org.apache.kafka.clients.MockClient.poll(MockClient.java:284)
	at org.apache.kafka.clients.producer.internals.Sender.runOnce(Sender.java:325)
	at org.apache.kafka.clients.producer.internals.Sender.run(Sender.java:240)
	at java.lang.Thread.run(Thread.java:748)
[2022-09-03 18:40:39,017] ERROR [Producer clientId=producer-7] Uncaught error in kafka producer I/O thread:  (org.apache.kafka.clients.producer.internals.Sender:242)
java.lang.IllegalStateException: No previous metadata update to use
	at org.apache.kafka.clients.MockClient$DefaultMockMetadataUpdater.updateWithCurrentMetadata(MockClient.java:631)
	at org.apache.kafka.clients.MockClient.poll(MockClient.java:284)
	at org.apache.kafka.clients.producer.internals.Sender.runOnce(Sender.java:325)
	at org.apache.kafka.clients.producer.internals.Sender.run(Sender.java:240)
	at java.lang.Thread.run(Thread.java:748)
[2022-09-03 18:40:39,017] ERROR [Producer clientId=producer-7] Uncaught error in kafka producer I/O thread:  (org.apache.kafka.clients.producer.internals.Sender:242)
java.lang.IllegalStateException: No previous metadata update to use
	at org.apache.kafka.clients.MockClient$DefaultMockMetadataUpdater.updateWithCurrentMetadata(MockClient.java:631)
	at org.apache.kafka.clients.MockClient.poll(MockClient.java:284)
	at org.apache.kafka.clients.producer.internals.Sender.runOnce(Sender.java:325)
	at org.apache.kafka.clients.producer.internals.Sender.run(Sender.java:240)
	at java.lang.Thread.run(Thread.java:748)
[2022-09-03 18:40:39,017] ERROR [Producer clientId=producer-7] Uncaught error in kafka producer I/O thread:  (org.apache.kafka.clients.producer.internals.Sender:242)
java.lang.IllegalStateException: No previous metadata update to use
	at org.apache.kafka.clients.MockClient$DefaultMockMetadataUpdater.updateWithCurrentMetadata(MockClient.java:631)
	at org.apache.kafka.clients.MockClient.poll(MockClient.java:284)
	at org.apache.kafka.clients.producer.internals.Sender.runOnce(Sender.java:325)
	at org.apache.kafka.clients.producer.internals.Sender.run(Sender.java:240)
	at java.lang.Thread.run(Thread.java:748)
[2022-09-03 18:40:39,017] ERROR [Producer clientId=producer-7] Uncaught error in kafka producer I/O thread:  (org.apache.kafka.clients.producer.internals.Sender:242)
java.lang.IllegalStateException: No previous metadata update to use
	at org.apache.kafka.clients.MockClient$DefaultMockMetadataUpdater.updateWithCurrentMetadata(MockClient.java:631)
	at org.apache.kafka.clients.MockClient.poll(MockClient.java:284)
	at org.apache.kafka.clients.producer.internals.Sender.runOnce(Sender.java:325)
	at org.apache.kafka.clients.producer.internals.Sender.run(Sender.java:240)
	at java.lang.Thread.run(Thread.java:748)
[2022-09-03 18:40:39,017] ERROR [Producer clientId=producer-7] Uncaught error in kafka producer I/O thread:  (org.apache.kafka.clients.producer.internals.Sender:242)
java.lang.IllegalStateException: No previous metadata update to use
	at org.apache.kafka.clients.MockClient$DefaultMockMetadataUpdater.updateWithCurrentMetadata(MockClient.java:631)
	at org.apache.kafka.clients.MockClient.poll(MockClient.java:284)
	at org.apache.kafka.clients.producer.internals.Sender.runOnce(Sender.java:325)
	at org.apache.kafka.clients.producer.internals.Sender.run(Sender.java:240)
	at java.lang.Thread.run(Thread.java:748)
[2022-09-03 18:40:39,017] ERROR [Producer clientId=producer-7] Uncaught error in kafka producer I/O thread:  (org.apache.kafka.clients.producer.internals.Sender:242)
java.lang.IllegalStateException: No previous metadata update to use
	at org.apache.kafka.clients.MockClient$DefaultMockMetadataUpdater.updateWithCurrentMetadata(MockClient.java:631)
	at org.apache.kafka.clients.MockClient.poll(MockClient.java:284)
	at org.apache.kafka.clients.producer.internals.Sender.runOnce(Sender.java:325)
	at org.apache.kafka.clients.producer.internals.Sender.run(Sender.java:240)
	at java.lang.Thread.run(Thread.java:748)
[2022-09-03 18:40:39,018] ERROR [Producer clientId=producer-7] Uncaught error in kafka producer I/O thread:  (org.apache.kafka.clients.producer.internals.Sender:242)
java.lang.IllegalStateException: No previous metadata update to use
	at org.apache.kafka.clients.MockClient$DefaultMockMetadataUpdater.updateWithCurrentMetadata(MockClient.java:631)
	at org.apache.kafka.clients.MockClient.poll(MockClient.java:284)
	at org.apache.kafka.clients.producer.internals.Sender.runOnce(Sender.java:325)
	at org.apache.kafka.clients.producer.internals.Sender.run(Sender.java:240)
	at java.lang.Thread.run(Thread.java:748)
[2022-09-03 18:40:39,018] ERROR [Producer clientId=producer-7] Uncaught error in kafka producer I/O thread:  (org.apache.kafka.clients.producer.internals.Sender:242)
java.lang.IllegalStateException: No previous metadata update to use
	at org.apache.kafka.clients.MockClient$DefaultMockMetadataUpdater.updateWithCurrentMetadata(MockClient.java:631)
	at org.apache.kafka.clients.MockClient.poll(MockClient.java:284)
	at org.apache.kafka.clients.producer.internals.Sender.runOnce(Sender.java:325)
	at org.apache.kafka.clients.producer.internals.Sender.run(Sender.java:240)
	at java.lang.Thread.run(Thread.java:748)
[2022-09-03 18:40:39,018] ERROR [Producer clientId=producer-7] Uncaught error in kafka producer I/O thread:  (org.apache.kafka.clients.producer.internals.Sender:242)
java.lang.IllegalStateException: No previous metadata update to use
	at org.apache.kafka.clients.MockClient$DefaultMockMetadataUpdater.updateWithCurrentMetadata(MockClient.java:631)
	at org.apache.kafka.clients.MockClient.poll(MockClient.java:284)
	at org.apache.kafka.clients.producer.internals.Sender.runOnce(Sender.java:325)
	at org.apache.kafka.clients.producer.internals.Sender.run(Sender.java:240)
	at java.lang.Thread.run(Thread.java:748)
[2022-09-03 18:40:39,018] ERROR [Producer clientId=producer-7] Uncaught error in kafka producer I/O thread:  (org.apache.kafka.clients.producer.internals.Sender:242)
java.lang.IllegalStateException: No previous metadata update to use
	at org.apache.kafka.clients.MockClient$DefaultMockMetadataUpdater.updateWithCurrentMetadata(MockClient.java:631)
	at org.apache.kafka.clients.MockClient.poll(MockClient.java:284)
	at org.apache.kafka.clients.producer.internals.Sender.runOnce(Sender.java:325)
	at org.apache.kafka.clients.producer.internals.Sender.run(Sender.java:240)
	at java.lang.Thread.run(Thread.java:748)
[2022-09-03 18:40:39,018] ERROR [Producer clientId=producer-7] Uncaught error in kafka producer I/O thread:  (org.apache.kafka.clients.producer.internals.Sender:242)
java.lang.IllegalStateException: No previous metadata update to use
	at org.apache.kafka.clients.MockClient$DefaultMockMetadataUpdater.updateWithCurrentMetadata(MockClient.java:631)
	at org.apache.kafka.clients.MockClient.poll(MockClient.java:284)
	at org.apache.kafka.clients.producer.internals.Sender.runOnce(Sender.java:325)
	at org.apache.kafka.clients.producer.internals.Sender.run(Sender.java:240)
	at java.lang.Thread.run(Thread.java:748)
[2022-09-03 18:40:39,018] ERROR [Producer clientId=producer-7] Uncaught error in kafka producer I/O thread:  (org.apache.kafka.clients.producer.internals.Sender:242)
java.lang.IllegalStateException: No previous metadata update to use
	at org.apache.kafka.clients.MockClient$DefaultMockMetadataUpdater.updateWithCurrentMetadata(MockClient.java:631)
	at org.apache.kafka.clients.MockClient.poll(MockClient.java:284)
	at org.apache.kafka.clients.producer.internals.Sender.runOnce(Sender.java:325)
	at org.apache.kafka.clients.producer.internals.Sender.run(Sender.java:240)
	at java.lang.Thread.run(Thread.java:748)
[2022-09-03 18:40:39,018] ERROR [Producer clientId=producer-7] Uncaught error in kafka producer I/O thread:  (org.apache.kafka.clients.producer.internals.Sender:242)
java.lang.IllegalStateException: No previous metadata update to use
	at org.apache.kafka.clients.MockClient$DefaultMockMetadataUpdater.updateWithCurrentMetadata(MockClient.java:631)
	at org.apache.kafka.clients.MockClient.poll(MockClient.java:284)
	at org.apache.kafka.clients.producer.internals.Sender.runOnce(Sender.java:325)
	at org.apache.kafka.clients.producer.internals.Sender.run(Sender.java:240)
	at java.lang.Thread.run(Thread.java:748)
[2022-09-03 18:40:39,018] ERROR [Producer clientId=producer-7] Uncaught error in kafka producer I/O thread:  (org.apache.kafka.clients.producer.internals.Sender:242)
java.lang.IllegalStateException: No previous metadata update to use
	at org.apache.kafka.clients.MockClient$DefaultMockMetadataUpdater.updateWithCurrentMetadata(MockClient.java:631)
	at org.apache.kafka.clients.MockClient.poll(MockClient.java:284)
	at org.apache.kafka.clients.producer.internals.Sender.runOnce(Sender.java:325)
	at org.apache.kafka.clients.producer.internals.Sender.run(Sender.java:240)
	at java.lang.Thread.run(Thread.java:748)
[2022-09-03 18:40:39,018] ERROR [Producer clientId=producer-7] Uncaught error in kafka producer I/O thread:  (org.apache.kafka.clients.producer.internals.Sender:242)
java.lang.IllegalStateException: No previous metadata update to use
	at org.apache.kafka.clients.MockClient$DefaultMockMetadataUpdater.updateWithCurrentMetadata(MockClient.java:631)
	at org.apache.kafka.clients.MockClient.poll(MockClient.java:284)
	at org.apache.kafka.clients.producer.internals.Sender.runOnce(Sender.java:325)
	at org.apache.kafka.clients.producer.internals.Sender.run(Sender.java:240)
	at java.lang.Thread.run(Thread.java:748)
[2022-09-03 18:40:39,019] ERROR [Producer clientId=producer-7] Uncaught error in kafka producer I/O thread:  (org.apache.kafka.clients.producer.internals.Sender:242)
java.lang.IllegalStateException: No previous metadata update to use
	at org.apache.kafka.clients.MockClient$DefaultMockMetadataUpdater.updateWithCurrentMetadata(MockClient.java:631)
	at org.apache.kafka.clients.MockClient.poll(MockClient.java:284)
	at org.apache.kafka.clients.producer.internals.Sender.runOnce(Sender.java:325)
	at org.apache.kafka.clients.producer.internals.Sender.run(Sender.java:240)
	at java.lang.Thread.run(Thread.java:748)
[2022-09-03 18:40:39,019] ERROR [Producer clientId=producer-7] Uncaught error in kafka producer I/O thread:  (org.apache.kafka.clients.producer.internals.Sender:242)
java.lang.IllegalStateException: No previous metadata update to use
	at org.apache.kafka.clients.MockClient$DefaultMockMetadataUpdater.updateWithCurrentMetadata(MockClient.java:631)
	at org.apache.kafka.clients.MockClient.poll(MockClient.java:284)
	at org.apache.kafka.clients.producer.internals.Sender.runOnce(Sender.java:325)
	at org.apache.kafka.clients.producer.internals.Sender.run(Sender.java:240)
	at java.lang.Thread.run(Thread.java:748)
[2022-09-03 18:40:39,019] ERROR [Producer clientId=producer-7] Uncaught error in kafka producer I/O thread:  (org.apache.kafka.clients.producer.internals.Sender:242)
java.lang.IllegalStateException: No previous metadata update to use
	at org.apache.kafka.clients.MockClient$DefaultMockMetadataUpdater.updateWithCurrentMetadata(MockClient.java:631)
	at org.apache.kafka.clients.MockClient.poll(MockClient.java:284)
	at org.apache.kafka.clients.producer.internals.Sender.runOnce(Sender.java:325)
	at org.apache.kafka.clients.producer.internals.Sender.run(Sender.java:240)
	at java.lang.Thread.run(Thread.java:748)
[2022-09-03 18:40:39,019] ERROR [Producer clientId=producer-7] Uncaught error in kafka producer I/O thread:  (org.apache.kafka.clients.producer.internals.Sender:242)
java.lang.IllegalStateException: No previous metadata update to use
	at org.apache.kafka.clients.MockClient$DefaultMockMetadataUpdater.updateWithCurrentMetadata(MockClient.java:631)
	at org.apache.kafka.clients.MockClient.poll(MockClient.java:284)
	at org.apache.kafka.clients.producer.internals.Sender.runOnce(Sender.java:325)
	at org.apache.kafka.clients.producer.internals.Sender.run(Sender.java:240)
	at java.lang.Thread.run(Thread.java:748)
[2022-09-03 18:40:39,019] ERROR [Producer clientId=producer-7] Uncaught error in kafka producer I/O thread:  (org.apache.kafka.clients.producer.internals.Sender:242)
java.lang.IllegalStateException: No previous metadata update to use
	at org.apache.kafka.clients.MockClient$DefaultMockMetadataUpdater.updateWithCurrentMetadata(MockClient.java:631)
	at org.apache.kafka.clients.MockClient.poll(MockClient.java:284)
	at org.apache.kafka.clients.producer.internals.Sender.runOnce(Sender.java:325)
	at org.apache.kafka.clients.producer.internals.Sender.run(Sender.java:240)
	at java.lang.Thread.run(Thread.java:748)
[2022-09-03 18:40:39,019] ERROR [Producer clientId=producer-7] Uncaught error in kafka producer I/O thread:  (org.apache.kafka.clients.producer.internals.Sender:242)
java.lang.IllegalStateException: No previous metadata update to use
	at org.apache.kafka.clients.MockClient$DefaultMockMetadataUpdater.updateWithCurrentMetadata(MockClient.java:631)
	at org.apache.kafka.clients.MockClient.poll(MockClient.java:284)
	at org.apache.kafka.clients.producer.internals.Sender.runOnce(Sender.java:325)
	at org.apache.kafka.clients.producer.internals.Sender.run(Sender.java:240)
	at java.lang.Thread.run(Thread.java:748)
[2022-09-03 18:40:39,019] ERROR [Producer clientId=producer-7] Uncaught error in kafka producer I/O thread:  (org.apache.kafka.clients.producer.internals.Sender:242)
java.lang.IllegalStateException: No previous metadata update to use
	at org.apache.kafka.clients.MockClient$DefaultMockMetadataUpdater.updateWithCurrentMetadata(MockClient.java:631)
	at org.apache.kafka.clients.MockClient.poll(MockClient.java:284)
	at org.apache.kafka.clients.producer.internals.Sender.runOnce(Sender.java:325)
	at org.apache.kafka.clients.producer.internals.Sender.run(Sender.java:240)
	at java.lang.Thread.run(Thread.java:748)
[2022-09-03 18:40:39,019] ERROR [Producer clientId=producer-7] Uncaught error in kafka producer I/O thread:  (org.apache.kafka.clients.producer.internals.Sender:242)
java.lang.IllegalStateException: No previous metadata update to use
	at org.apache.kafka.clients.MockClient$DefaultMockMetadataUpdater.updateWithCurrentMetadata(MockClient.java:631)
	at org.apache.kafka.clients.MockClient.poll(MockClient.java:284)
	at org.apache.kafka.clients.producer.internals.Sender.runOnce(Sender.java:325)
	at org.apache.kafka.clients.producer.internals.Sender.run(Sender.java:240)
	at java.lang.Thread.run(Thread.java:748)
[2022-09-03 18:40:39,019] ERROR [Producer clientId=producer-7] Uncaught error in kafka producer I/O thread:  (org.apache.kafka.clients.producer.internals.Sender:242)
java.lang.IllegalStateException: No previous metadata update to use
	at org.apache.kafka.clients.MockClient$DefaultMockMetadataUpdater.updateWithCurrentMetadata(MockClient.java:631)
	at org.apache.kafka.clients.MockClient.poll(MockClient.java:284)
	at org.apache.kafka.clients.producer.internals.Sender.runOnce(Sender.java:325)
	at org.apache.kafka.clients.producer.internals.Sender.run(Sender.java:240)
	at java.lang.Thread.run(Thread.java:748)
[2022-09-03 18:40:39,019] ERROR [Producer clientId=producer-7] Uncaught error in kafka producer I/O thread:  (org.apache.kafka.clients.producer.internals.Sender:242)
java.lang.IllegalStateException: No previous metadata update to use
	at org.apache.kafka.clients.MockClient$DefaultMockMetadataUpdater.updateWithCurrentMetadata(MockClient.java:631)
	at org.apache.kafka.clients.MockClient.poll(MockClient.java:284)
	at org.apache.kafka.clients.producer.internals.Sender.runOnce(Sender.java:325)
	at org.apache.kafka.clients.producer.internals.Sender.run(Sender.java:240)
	at java.lang.Thread.run(Thread.java:748)
[2022-09-03 18:40:39,020] ERROR [Producer clientId=producer-7] Uncaught error in kafka producer I/O thread:  (org.apache.kafka.clients.producer.internals.Sender:242)
java.lang.IllegalStateException: No previous metadata update to use
	at org.apache.kafka.clients.MockClient$DefaultMockMetadataUpdater.updateWithCurrentMetadata(MockClient.java:631)
	at org.apache.kafka.clients.MockClient.poll(MockClient.java:284)
	at org.apache.kafka.clients.producer.internals.Sender.runOnce(Sender.java:325)
	at org.apache.kafka.clients.producer.internals.Sender.run(Sender.java:240)
	at java.lang.Thread.run(Thread.java:748)
[2022-09-03 18:40:39,020] ERROR [Producer clientId=producer-7] Uncaught error in kafka producer I/O thread:  (org.apache.kafka.clients.producer.internals.Sender:242)
java.lang.IllegalStateException: No previous metadata update to use
	at org.apache.kafka.clients.MockClient$DefaultMockMetadataUpdater.updateWithCurrentMetadata(MockClient.java:631)
	at org.apache.kafka.clients.MockClient.poll(MockClient.java:284)
	at org.apache.kafka.clients.producer.internals.Sender.runOnce(Sender.java:325)
	at org.apache.kafka.clients.producer.internals.Sender.run(Sender.java:240)
	at java.lang.Thread.run(Thread.java:748)
[2022-09-03 18:40:39,020] ERROR [Producer clientId=producer-7] Uncaught error in kafka producer I/O thread:  (org.apache.kafka.clients.producer.internals.Sender:242)
java.lang.IllegalStateException: No previous metadata update to use
	at org.apache.kafka.clients.MockClient$DefaultMockMetadataUpdater.updateWithCurrentMetadata(MockClient.java:631)
	at org.apache.kafka.clients.MockClient.poll(MockClient.java:284)
	at org.apache.kafka.clients.producer.internals.Sender.runOnce(Sender.java:325)
	at org.apache.kafka.clients.producer.internals.Sender.run(Sender.java:240)
	at java.lang.Thread.run(Thread.java:748)
[2022-09-03 18:40:39,020] ERROR [Producer clientId=producer-7] Uncaught error in kafka producer I/O thread:  (org.apache.kafka.clients.producer.internals.Sender:242)
java.lang.IllegalStateException: No previous metadata update to use
	at org.apache.kafka.clients.MockClient$DefaultMockMetadataUpdater.updateWithCurrentMetadata(MockClient.java:631)
	at org.apache.kafka.clients.MockClient.poll(MockClient.java:284)
	at org.apache.kafka.clients.producer.internals.Sender.runOnce(Sender.java:325)
	at org.apache.kafka.clients.producer.internals.Sender.run(Sender.java:240)
	at java.lang.Thread.run(Thread.java:748)
[2022-09-03 18:40:39,020] ERROR [Producer clientId=producer-7] Uncaught error in kafka producer I/O thread:  (org.apache.kafka.clients.producer.internals.Sender:242)
java.lang.IllegalStateException: No previous metadata update to use
	at org.apache.kafka.clients.MockClient$DefaultMockMetadataUpdater.updateWithCurrentMetadata(MockClient.java:631)
	at org.apache.kafka.clients.MockClient.poll(MockClient.java:284)
	at org.apache.kafka.clients.producer.internals.Sender.runOnce(Sender.java:325)
	at org.apache.kafka.clients.producer.internals.Sender.run(Sender.java:240)
	at java.lang.Thread.run(Thread.java:748)
[2022-09-03 18:40:39,020] ERROR [Producer clientId=producer-7] Uncaught error in kafka producer I/O thread:  (org.apache.kafka.clients.producer.internals.Sender:242)
java.lang.IllegalStateException: No previous metadata update to use
	at org.apache.kafka.clients.MockClient$DefaultMockMetadataUpdater.updateWithCurrentMetadata(MockClient.java:631)
	at org.apache.kafka.clients.MockClient.poll(MockClient.java:284)
	at org.apache.kafka.clients.producer.internals.Sender.runOnce(Sender.java:325)
	at org.apache.kafka.clients.producer.internals.Sender.run(Sender.java:240)
	at java.lang.Thread.run(Thread.java:748)
[2022-09-03 18:40:39,020] ERROR [Producer clientId=producer-7] Uncaught error in kafka producer I/O thread:  (org.apache.kafka.clients.producer.internals.Sender:242)
java.lang.IllegalStateException: No previous metadata update to use
	at org.apache.kafka.clients.MockClient$DefaultMockMetadataUpdater.updateWithCurrentMetadata(MockClient.java:631)
	at org.apache.kafka.clients.MockClient.poll(MockClient.java:284)
	at org.apache.kafka.clients.producer.internals.Sender.runOnce(Sender.java:325)
	at org.apache.kafka.clients.producer.internals.Sender.run(Sender.java:240)
	at java.lang.Thread.run(Thread.java:748)
[2022-09-03 18:40:39,020] ERROR [Producer clientId=producer-7] Uncaught error in kafka producer I/O thread:  (org.apache.kafka.clients.producer.internals.Sender:242)
java.lang.IllegalStateException: No previous metadata update to use
	at org.apache.kafka.clients.MockClient$DefaultMockMetadataUpdater.updateWithCurrentMetadata(MockClient.java:631)
	at org.apache.kafka.clients.MockClient.poll(MockClient.java:284)
	at org.apache.kafka.clients.producer.internals.Sender.runOnce(Sender.java:325)
	at org.apache.kafka.clients.producer.internals.Sender.run(Sender.java:240)
	at java.lang.Thread.run(Thread.java:748)
[2022-09-03 18:40:39,020] ERROR [Producer clientId=producer-7] Uncaught error in kafka producer I/O thread:  (org.apache.kafka.clients.producer.internals.Sender:242)
java.lang.IllegalStateException: No previous metadata update to use
	at org.apache.kafka.clients.MockClient$DefaultMockMetadataUpdater.updateWithCurrentMetadata(MockClient.java:631)
	at org.apache.kafka.clients.MockClient.poll(MockClient.java:284)
	at org.apache.kafka.clients.producer.internals.Sender.runOnce(Sender.java:325)
	at org.apache.kafka.clients.producer.internals.Sender.run(Sender.java:240)
	at java.lang.Thread.run(Thread.java:748)
[2022-09-03 18:40:39,020] ERROR [Producer clientId=producer-7] Uncaught error in kafka producer I/O thread:  (org.apache.kafka.clients.producer.internals.Sender:242)
java.lang.IllegalStateException: No previous metadata update to use
	at org.apache.kafka.clients.MockClient$DefaultMockMetadataUpdater.updateWithCurrentMetadata(MockClient.java:631)
	at org.apache.kafka.clients.MockClient.poll(MockClient.java:284)
	at org.apache.kafka.clients.producer.internals.Sender.runOnce(Sender.java:325)
	at org.apache.kafka.clients.producer.internals.Sender.run(Sender.java:240)
	at java.lang.Thread.run(Thread.java:748)
[2022-09-03 18:40:39,020] ERROR [Producer clientId=producer-7] Uncaught error in kafka producer I/O thread:  (org.apache.kafka.clients.producer.internals.Sender:242)
java.lang.IllegalStateException: No previous metadata update to use
	at org.apache.kafka.clients.MockClient$DefaultMockMetadataUpdater.updateWithCurrentMetadata(MockClient.java:631)
	at org.apache.kafka.clients.MockClient.poll(MockClient.java:284)
	at org.apache.kafka.clients.producer.internals.Sender.runOnce(Sender.java:325)
	at org.apache.kafka.clients.producer.internals.Sender.run(Sender.java:240)
	at java.lang.Thread.run(Thread.java:748)
[2022-09-03 18:40:39,020] ERROR [Producer clientId=producer-7] Uncaught error in kafka producer I/O thread:  (org.apache.kafka.clients.producer.internals.Sender:242)
java.lang.IllegalStateException: No previous metadata update to use
	at org.apache.kafka.clients.MockClient$DefaultMockMetadataUpdater.updateWithCurrentMetadata(MockClient.java:631)
	at org.apache.kafka.clients.MockClient.poll(MockClient.java:284)
	at org.apache.kafka.clients.producer.internals.Sender.runOnce(Sender.java:325)
	at org.apache.kafka.clients.producer.internals.Sender.run(Sender.java:240)
	at java.lang.Thread.run(Thread.java:748)
[2022-09-03 18:40:39,021] ERROR [Producer clientId=producer-7] Uncaught error in kafka producer I/O thread:  (org.apache.kafka.clients.producer.internals.Sender:242)
java.lang.IllegalStateException: No previous metadata update to use
	at org.apache.kafka.clients.MockClient$DefaultMockMetadataUpdater.updateWithCurrentMetadata(MockClient.java:631)
	at org.apache.kafka.clients.MockClient.poll(MockClient.java:284)
	at org.apache.kafka.clients.producer.internals.Sender.runOnce(Sender.java:325)
	at org.apache.kafka.clients.producer.internals.Sender.run(Sender.java:240)
	at java.lang.Thread.run(Thread.java:748)
[2022-09-03 18:40:39,021] ERROR [Producer clientId=producer-7] Uncaught error in kafka producer I/O thread:  (org.apache.kafka.clients.producer.internals.Sender:242)
java.lang.IllegalStateException: No previous metadata update to use
	at org.apache.kafka.clients.MockClient$DefaultMockMetadataUpdater.updateWithCurrentMetadata(MockClient.java:631)
	at org.apache.kafka.clients.MockClient.poll(MockClient.java:284)
	at org.apache.kafka.clients.producer.internals.Sender.runOnce(Sender.java:325)
	at org.apache.kafka.clients.producer.internals.Sender.run(Sender.java:240)
	at java.lang.Thread.run(Thread.java:748)
[2022-09-03 18:40:39,021] ERROR [Producer clientId=producer-7] Uncaught error in kafka producer I/O thread:  (org.apache.kafka.clients.producer.internals.Sender:242)
java.lang.IllegalStateException: No previous metadata update to use
	at org.apache.kafka.clients.MockClient$DefaultMockMetadataUpdater.updateWithCurrentMetadata(MockClient.java:631)
	at org.apache.kafka.clients.MockClient.poll(MockClient.java:284)
	at org.apache.kafka.clients.producer.internals.Sender.runOnce(Sender.java:325)
	at org.apache.kafka.clients.producer.internals.Sender.run(Sender.java:240)
	at java.lang.Thread.run(Thread.java:748)
[2022-09-03 18:40:39,021] ERROR [Producer clientId=producer-7] Uncaught error in kafka producer I/O thread:  (org.apache.kafka.clients.producer.internals.Sender:242)
java.lang.IllegalStateException: No previous metadata update to use
	at org.apache.kafka.clients.MockClient$DefaultMockMetadataUpdater.updateWithCurrentMetadata(MockClient.java:631)
	at org.apache.kafka.clients.MockClient.poll(MockClient.java:284)
	at org.apache.kafka.clients.producer.internals.Sender.runOnce(Sender.java:325)
	at org.apache.kafka.clients.producer.internals.Sender.run(Sender.java:240)
	at java.lang.Thread.run(Thread.java:748)
[2022-09-03 18:40:39,021] ERROR [Producer clientId=producer-7] Uncaught error in kafka producer I/O thread:  (org.apache.kafka.clients.producer.internals.Sender:242)
java.lang.IllegalStateException: No previous metadata update to use
	at org.apache.kafka.clients.MockClient$DefaultMockMetadataUpdater.updateWithCurrentMetadata(MockClient.java:631)
	at org.apache.kafka.clients.MockClient.poll(MockClient.java:284)
	at org.apache.kafka.clients.producer.internals.Sender.runOnce(Sender.java:325)
	at org.apache.kafka.clients.producer.internals.Sender.run(Sender.java:240)
	at java.lang.Thread.run(Thread.java:748)
[2022-09-03 18:40:39,021] ERROR [Producer clientId=producer-7] Uncaught error in kafka producer I/O thread:  (org.apache.kafka.clients.producer.internals.Sender:242)
java.lang.IllegalStateException: No previous metadata update to use
	at org.apache.kafka.clients.MockClient$DefaultMockMetadataUpdater.updateWithCurrentMetadata(MockClient.java:631)
	at org.apache.kafka.clients.MockClient.poll(MockClient.java:284)
	at org.apache.kafka.clients.producer.internals.Sender.runOnce(Sender.java:325)
	at org.apache.kafka.clients.producer.internals.Sender.run(Sender.java:240)
	at java.lang.Thread.run(Thread.java:748)
[2022-09-03 18:40:39,021] ERROR [Producer clientId=producer-7] Uncaught error in kafka producer I/O thread:  (org.apache.kafka.clients.producer.internals.Sender:242)
java.lang.IllegalStateException: No previous metadata update to use
	at org.apache.kafka.clients.MockClient$DefaultMockMetadataUpdater.updateWithCurrentMetadata(MockClient.java:631)
	at org.apache.kafka.clients.MockClient.poll(MockClient.java:284)
	at org.apache.kafka.clients.producer.internals.Sender.runOnce(Sender.java:325)
	at org.apache.kafka.clients.producer.internals.Sender.run(Sender.java:240)
	at java.lang.Thread.run(Thread.java:748)
[2022-09-03 18:40:39,021] ERROR [Producer clientId=producer-7] Uncaught error in kafka producer I/O thread:  (org.apache.kafka.clients.producer.internals.Sender:242)
java.lang.IllegalStateException: No previous metadata update to use
	at org.apache.kafka.clients.MockClient$DefaultMockMetadataUpdater.updateWithCurrentMetadata(MockClient.java:631)
	at org.apache.kafka.clients.MockClient.poll(MockClient.java:284)
	at org.apache.kafka.clients.producer.internals.Sender.runOnce(Sender.java:325)
	at org.apache.kafka.clients.producer.internals.Sender.run(Sender.java:240)
	at java.lang.Thread.run(Thread.java:748)
[2022-09-03 18:40:39,021] ERROR [Producer clientId=producer-7] Uncaught error in kafka producer I/O thread:  (org.apache.kafka.clients.producer.internals.Sender:242)
java.lang.IllegalStateException: No previous metadata update to use
	at org.apache.kafka.clients.MockClient$DefaultMockMetadataUpdater.updateWithCurrentMetadata(MockClient.java:631)
	at org.apache.kafka.clients.MockClient.poll(MockClient.java:284)
	at org.apache.kafka.clients.producer.internals.Sender.runOnce(Sender.java:325)
	at org.apache.kafka.clients.producer.internals.Sender.run(Sender.java:240)
	at java.lang.Thread.run(Thread.java:748)
[2022-09-03 18:40:39,021] ERROR [Producer clientId=producer-7] Uncaught error in kafka producer I/O thread:  (org.apache.kafka.clients.producer.internals.Sender:242)
java.lang.IllegalStateException: No previous metadata update to use
	at org.apache.kafka.clients.MockClient$DefaultMockMetadataUpdater.updateWithCurrentMetadata(MockClient.java:631)
	at org.apache.kafka.clients.MockClient.poll(MockClient.java:284)
	at org.apache.kafka.clients.producer.internals.Sender.runOnce(Sender.java:325)
	at org.apache.kafka.clients.producer.internals.Sender.run(Sender.java:240)
	at java.lang.Thread.run(Thread.java:748)
[2022-09-03 18:40:39,021] ERROR [Producer clientId=producer-7] Uncaught error in kafka producer I/O thread:  (org.apache.kafka.clients.producer.internals.Sender:242)
java.lang.IllegalStateException: No previous metadata update to use
	at org.apache.kafka.clients.MockClient$DefaultMockMetadataUpdater.updateWithCurrentMetadata(MockClient.java:631)
	at org.apache.kafka.clients.MockClient.poll(MockClient.java:284)
	at org.apache.kafka.clients.producer.internals.Sender.runOnce(Sender.java:325)
	at org.apache.kafka.clients.producer.internals.Sender.run(Sender.java:240)
	at java.lang.Thread.run(Thread.java:748)
[2022-09-03 18:40:39,022] ERROR [Producer clientId=producer-7] Uncaught error in kafka producer I/O thread:  (org.apache.kafka.clients.producer.internals.Sender:242)
java.lang.IllegalStateException: No previous metadata update to use
	at org.apache.kafka.clients.MockClient$DefaultMockMetadataUpdater.updateWithCurrentMetadata(MockClient.java:631)
	at org.apache.kafka.clients.MockClient.poll(MockClient.java:284)
	at org.apache.kafka.clients.producer.internals.Sender.runOnce(Sender.java:325)
	at org.apache.kafka.clients.producer.internals.Sender.run(Sender.java:240)
	at java.lang.Thread.run(Thread.java:748)
[2022-09-03 18:40:39,022] ERROR [Producer clientId=producer-7] Uncaught error in kafka producer I/O thread:  (org.apache.kafka.clients.producer.internals.Sender:242)
java.lang.IllegalStateException: No previous metadata update to use
	at org.apache.kafka.clients.MockClient$DefaultMockMetadataUpdater.updateWithCurrentMetadata(MockClient.java:631)
	at org.apache.kafka.clients.MockClient.poll(MockClient.java:284)
	at org.apache.kafka.clients.producer.internals.Sender.runOnce(Sender.java:325)
	at org.apache.kafka.clients.producer.internals.Sender.run(Sender.java:240)
	at java.lang.Thread.run(Thread.java:748)
[2022-09-03 18:40:39,022] ERROR [Producer clientId=producer-7] Uncaught error in kafka producer I/O thread:  (org.apache.kafka.clients.producer.internals.Sender:242)
java.lang.IllegalStateException: No previous metadata update to use
	at org.apache.kafka.clients.MockClient$DefaultMockMetadataUpdater.updateWithCurrentMetadata(MockClient.java:631)
	at org.apache.kafka.clients.MockClient.poll(MockClient.java:284)
	at org.apache.kafka.clients.producer.internals.Sender.runOnce(Sender.java:325)
	at org.apache.kafka.clients.producer.internals.Sender.run(Sender.java:240)
	at java.lang.Thread.run(Thread.java:748)
[2022-09-03 18:40:39,022] ERROR [Producer clientId=producer-7] Uncaught error in kafka producer I/O thread:  (org.apache.kafka.clients.producer.internals.Sender:242)
java.lang.IllegalStateException: No previous metadata update to use
	at org.apache.kafka.clients.MockClient$DefaultMockMetadataUpdater.updateWithCurrentMetadata(MockClient.java:631)
	at org.apache.kafka.clients.MockClient.poll(MockClient.java:284)
	at org.apache.kafka.clients.producer.internals.Sender.runOnce(Sender.java:325)
	at org.apache.kafka.clients.producer.internals.Sender.run(Sender.java:240)
	at java.lang.Thread.run(Thread.java:748)
[2022-09-03 18:40:39,022] ERROR [Producer clientId=producer-7] Uncaught error in kafka producer I/O thread:  (org.apache.kafka.clients.producer.internals.Sender:242)
java.lang.IllegalStateException: No previous metadata update to use
	at org.apache.kafka.clients.MockClient$DefaultMockMetadataUpdater.updateWithCurrentMetadata(MockClient.java:631)
	at org.apache.kafka.clients.MockClient.poll(MockClient.java:284)
	at org.apache.kafka.clients.producer.internals.Sender.runOnce(Sender.java:325)
	at org.apache.kafka.clients.producer.internals.Sender.run(Sender.java:240)
	at java.lang.Thread.run(Thread.java:748)
[2022-09-03 18:40:39,022] ERROR [Producer clientId=producer-7] Uncaught error in kafka producer I/O thread:  (org.apache.kafka.clients.producer.internals.Sender:242)
java.lang.IllegalStateException: No previous metadata update to use
	at org.apache.kafka.clients.MockClient$DefaultMockMetadataUpdater.updateWithCurrentMetadata(MockClient.java:631)
	at org.apache.kafka.clients.MockClient.poll(MockClient.java:284)
	at org.apache.kafka.clients.producer.internals.Sender.runOnce(Sender.java:325)
	at org.apache.kafka.clients.producer.internals.Sender.run(Sender.java:240)
	at java.lang.Thread.run(Thread.java:748)
[2022-09-03 18:40:39,022] ERROR [Producer clientId=producer-7] Uncaught error in kafka producer I/O thread:  (org.apache.kafka.clients.producer.internals.Sender:242)
java.lang.IllegalStateException: No previous metadata update to use
	at org.apache.kafka.clients.MockClient$DefaultMockMetadataUpdater.updateWithCurrentMetadata(MockClient.java:631)
	at org.apache.kafka.clients.MockClient.poll(MockClient.java:284)
	at org.apache.kafka.clients.producer.internals.Sender.runOnce(Sender.java:325)
	at org.apache.kafka.clients.producer.internals.Sender.run(Sender.java:240)
	at java.lang.Thread.run(Thread.java:748)
[2022-09-03 18:40:39,022] ERROR [Producer clientId=producer-7] Uncaught error in kafka producer I/O thread:  (org.apache.kafka.clients.producer.internals.Sender:242)
java.lang.IllegalStateException: No previous metadata update to use
	at org.apache.kafka.clients.MockClient$DefaultMockMetadataUpdater.updateWithCurrentMetadata(MockClient.java:631)
	at org.apache.kafka.clients.MockClient.poll(MockClient.java:284)
	at org.apache.kafka.clients.producer.internals.Sender.runOnce(Sender.java:325)
	at org.apache.kafka.clients.producer.internals.Sender.run(Sender.java:240)
	at java.lang.Thread.run(Thread.java:748)
[2022-09-03 18:40:39,022] ERROR [Producer clientId=producer-7] Uncaught error in kafka producer I/O thread:  (org.apache.kafka.clients.producer.internals.Sender:242)
java.lang.IllegalStateException: No previous metadata update to use
	at org.apache.kafka.clients.MockClient$DefaultMockMetadataUpdater.updateWithCurrentMetadata(MockClient.java:631)
	at org.apache.kafka.clients.MockClient.poll(MockClient.java:284)
	at org.apache.kafka.clients.producer.internals.Sender.runOnce(Sender.java:325)
	at org.apache.kafka.clients.producer.internals.Sender.run(Sender.java:240)
	at java.lang.Thread.run(Thread.java:748)
[2022-09-03 18:40:39,022] ERROR [Producer clientId=producer-7] Uncaught error in kafka producer I/O thread:  (org.apache.kafka.clients.producer.internals.Sender:242)
java.lang.IllegalStateException: No previous metadata update to use
	at org.apache.kafka.clients.MockClient$DefaultMockMetadataUpdater.updateWithCurrentMetadata(MockClient.java:631)
	at org.apache.kafka.clients.MockClient.poll(MockClient.java:284)
	at org.apache.kafka.clients.producer.internals.Sender.runOnce(Sender.java:325)
	at org.apache.kafka.clients.producer.internals.Sender.run(Sender.java:240)
	at java.lang.Thread.run(Thread.java:748)
[2022-09-03 18:40:39,022] ERROR [Producer clientId=producer-7] Uncaught error in kafka producer I/O thread:  (org.apache.kafka.clients.producer.internals.Sender:242)
java.lang.IllegalStateException: No previous metadata update to use
	at org.apache.kafka.clients.MockClient$DefaultMockMetadataUpdater.updateWithCurrentMetadata(MockClient.java:631)
	at org.apache.kafka.clients.MockClient.poll(MockClient.java:284)
	at org.apache.kafka.clients.producer.internals.Sender.runOnce(Sender.java:325)
	at org.apache.kafka.clients.producer.internals.Sender.run(Sender.java:240)
	at java.lang.Thread.run(Thread.java:748)
[2022-09-03 18:40:39,023] ERROR [Producer clientId=producer-7] Uncaught error in kafka producer I/O thread:  (org.apache.kafka.clients.producer.internals.Sender:242)
java.lang.IllegalStateException: No previous metadata update to use
	at org.apache.kafka.clients.MockClient$DefaultMockMetadataUpdater.updateWithCurrentMetadata(MockClient.java:631)
	at org.apache.kafka.clients.MockClient.poll(MockClient.java:284)
	at org.apache.kafka.clients.producer.internals.Sender.runOnce(Sender.java:325)
	at org.apache.kafka.clients.producer.internals.Sender.run(Sender.java:240)
	at java.lang.Thread.run(Thread.java:748)
[2022-09-03 18:40:39,023] ERROR [Producer clientId=producer-7] Uncaught error in kafka producer I/O thread:  (org.apache.kafka.clients.producer.internals.Sender:242)
java.lang.IllegalStateException: No previous metadata update to use
	at org.apache.kafka.clients.MockClient$DefaultMockMetadataUpdater.updateWithCurrentMetadata(MockClient.java:631)
	at org.apache.kafka.clients.MockClient.poll(MockClient.java:284)
	at org.apache.kafka.clients.producer.internals.Sender.runOnce(Sender.java:325)
	at org.apache.kafka.clients.producer.internals.Sender.run(Sender.java:240)
	at java.lang.Thread.run(Thread.java:748)
[2022-09-03 18:40:39,023] ERROR [Producer clientId=producer-7] Uncaught error in kafka producer I/O thread:  (org.apache.kafka.clients.producer.internals.Sender:242)
java.lang.IllegalStateException: No previous metadata update to use
	at org.apache.kafka.clients.MockClient$DefaultMockMetadataUpdater.updateWithCurrentMetadata(MockClient.java:631)
	at org.apache.kafka.clients.MockClient.poll(MockClient.java:284)
	at org.apache.kafka.clients.producer.internals.Sender.runOnce(Sender.java:325)
	at org.apache.kafka.clients.producer.internals.Sender.run(Sender.java:240)
	at java.lang.Thread.run(Thread.java:748)
[2022-09-03 18:40:39,023] ERROR [Producer clientId=producer-7] Uncaught error in kafka producer I/O thread:  (org.apache.kafka.clients.producer.internals.Sender:242)
java.lang.IllegalStateException: No previous metadata update to use
	at org.apache.kafka.clients.MockClient$DefaultMockMetadataUpdater.updateWithCurrentMetadata(MockClient.java:631)
	at org.apache.kafka.clients.MockClient.poll(MockClient.java:284)
	at org.apache.kafka.clients.producer.internals.Sender.runOnce(Sender.java:325)
	at org.apache.kafka.clients.producer.internals.Sender.run(Sender.java:240)
	at java.lang.Thread.run(Thread.java:748)
[2022-09-03 18:40:39,023] ERROR [Producer clientId=producer-7] Uncaught error in kafka producer I/O thread:  (org.apache.kafka.clients.producer.internals.Sender:242)
java.lang.IllegalStateException: No previous metadata update to use
	at org.apache.kafka.clients.MockClient$DefaultMockMetadataUpdater.updateWithCurrentMetadata(MockClient.java:631)
	at org.apache.kafka.clients.MockClient.poll(MockClient.java:284)
	at org.apache.kafka.clients.producer.internals.Sender.runOnce(Sender.java:325)
	at org.apache.kafka.clients.producer.internals.Sender.run(Sender.java:240)
	at java.lang.Thread.run(Thread.java:748)
[2022-09-03 18:40:39,023] ERROR [Producer clientId=producer-7] Uncaught error in kafka producer I/O thread:  (org.apache.kafka.clients.producer.internals.Sender:242)
java.lang.IllegalStateException: No previous metadata update to use
	at org.apache.kafka.clients.MockClient$DefaultMockMetadataUpdater.updateWithCurrentMetadata(MockClient.java:631)
	at org.apache.kafka.clients.MockClient.poll(MockClient.java:284)
	at org.apache.kafka.clients.producer.internals.Sender.runOnce(Sender.java:325)
	at org.apache.kafka.clients.producer.internals.Sender.run(Sender.java:240)
	at java.lang.Thread.run(Thread.java:748)
[2022-09-03 18:40:39,023] ERROR [Producer clientId=producer-7] Uncaught error in kafka producer I/O thread:  (org.apache.kafka.clients.producer.internals.Sender:242)
java.lang.IllegalStateException: No previous metadata update to use
	at org.apache.kafka.clients.MockClient$DefaultMockMetadataUpdater.updateWithCurrentMetadata(MockClient.java:631)
	at org.apache.kafka.clients.MockClient.poll(MockClient.java:284)
	at org.apache.kafka.clients.producer.internals.Sender.runOnce(Sender.java:325)
	at org.apache.kafka.clients.producer.internals.Sender.run(Sender.java:240)
	at java.lang.Thread.run(Thread.java:748)
[2022-09-03 18:40:39,023] ERROR [Producer clientId=producer-7] Uncaught error in kafka producer I/O thread:  (org.apache.kafka.clients.producer.internals.Sender:242)
java.lang.IllegalStateException: No previous metadata update to use
	at org.apache.kafka.clients.MockClient$DefaultMockMetadataUpdater.updateWithCurrentMetadata(MockClient.java:631)
	at org.apache.kafka.clients.MockClient.poll(MockClient.java:284)
	at org.apache.kafka.clients.producer.internals.Sender.runOnce(Sender.java:325)
	at org.apache.kafka.clients.producer.internals.Sender.run(Sender.java:240)
	at java.lang.Thread.run(Thread.java:748)
[2022-09-03 18:40:39,023] ERROR [Producer clientId=producer-7] Uncaught error in kafka producer I/O thread:  (org.apache.kafka.clients.producer.internals.Sender:242)
java.lang.IllegalStateException: No previous metadata update to use
	at org.apache.kafka.clients.MockClient$DefaultMockMetadataUpdater.updateWithCurrentMetadata(MockClient.java:631)
	at org.apache.kafka.clients.MockClient.poll(MockClient.java:284)
	at org.apache.kafka.clients.producer.internals.Sender.runOnce(Sender.java:325)
	at org.apache.kafka.clients.producer.internals.Sender.run(Sender.java:240)
	at java.lang.Thread.run(Thread.java:748)
[2022-09-03 18:40:39,023] ERROR [Producer clientId=producer-7] Uncaught error in kafka producer I/O thread:  (org.apache.kafka.clients.producer.internals.Sender:242)
java.lang.IllegalStateException: No previous metadata update to use
	at org.apache.kafka.clients.MockClient$DefaultMockMetadataUpdater.updateWithCurrentMetadata(MockClient.java:631)
	at org.apache.kafka.clients.MockClient.poll(MockClient.java:284)
	at org.apache.kafka.clients.producer.internals.Sender.runOnce(Sender.java:325)
	at org.apache.kafka.clients.producer.internals.Sender.run(Sender.java:240)
	at java.lang.Thread.run(Thread.java:748)
[2022-09-03 18:40:39,023] ERROR [Producer clientId=producer-7] Uncaught error in kafka producer I/O thread:  (org.apache.kafka.clients.producer.internals.Sender:242)
java.lang.IllegalStateException: No previous metadata update to use
	at org.apache.kafka.clients.MockClient$DefaultMockMetadataUpdater.updateWithCurrentMetadata(MockClient.java:631)
	at org.apache.kafka.clients.MockClient.poll(MockClient.java:284)
	at org.apache.kafka.clients.producer.internals.Sender.runOnce(Sender.java:325)
	at org.apache.kafka.clients.producer.internals.Sender.run(Sender.java:240)
	at java.lang.Thread.run(Thread.java:748)
[2022-09-03 18:40:39,024] ERROR [Producer clientId=producer-7] Uncaught error in kafka producer I/O thread:  (org.apache.kafka.clients.producer.internals.Sender:242)
java.lang.IllegalStateException: No previous metadata update to use
	at org.apache.kafka.clients.MockClient$DefaultMockMetadataUpdater.updateWithCurrentMetadata(MockClient.java:631)
	at org.apache.kafka.clients.MockClient.poll(MockClient.java:284)
	at org.apache.kafka.clients.producer.internals.Sender.runOnce(Sender.java:325)
	at org.apache.kafka.clients.producer.internals.Sender.run(Sender.java:240)
	at java.lang.Thread.run(Thread.java:748)
[2022-09-03 18:40:39,024] ERROR [Producer clientId=producer-7] Uncaught error in kafka producer I/O thread:  (org.apache.kafka.clients.producer.internals.Sender:242)
java.lang.IllegalStateException: No previous metadata update to use
	at org.apache.kafka.clients.MockClient$DefaultMockMetadataUpdater.updateWithCurrentMetadata(MockClient.java:631)
	at org.apache.kafka.clients.MockClient.poll(MockClient.java:284)
	at org.apache.kafka.clients.producer.internals.Sender.runOnce(Sender.java:325)
	at org.apache.kafka.clients.producer.internals.Sender.run(Sender.java:240)
	at java.lang.Thread.run(Thread.java:748)
[2022-09-03 18:40:39,024] ERROR [Producer clientId=producer-7] Uncaught error in kafka producer I/O thread:  (org.apache.kafka.clients.producer.internals.Sender:242)
java.lang.IllegalStateException: No previous metadata update to use
	at org.apache.kafka.clients.MockClient$DefaultMockMetadataUpdater.updateWithCurrentMetadata(MockClient.java:631)
	at org.apache.kafka.clients.MockClient.poll(MockClient.java:284)
	at org.apache.kafka.clients.producer.internals.Sender.runOnce(Sender.java:325)
	at org.apache.kafka.clients.producer.internals.Sender.run(Sender.java:240)
	at java.lang.Thread.run(Thread.java:748)
[2022-09-03 18:40:39,024] ERROR [Producer clientId=producer-7] Uncaught error in kafka producer I/O thread:  (org.apache.kafka.clients.producer.internals.Sender:242)
java.lang.IllegalStateException: No previous metadata update to use
	at org.apache.kafka.clients.MockClient$DefaultMockMetadataUpdater.updateWithCurrentMetadata(MockClient.java:631)
	at org.apache.kafka.clients.MockClient.poll(MockClient.java:284)
	at org.apache.kafka.clients.producer.internals.Sender.runOnce(Sender.java:325)
	at org.apache.kafka.clients.producer.internals.Sender.run(Sender.java:240)
	at java.lang.Thread.run(Thread.java:748)
[2022-09-03 18:40:39,024] ERROR [Producer clientId=producer-7] Uncaught error in kafka producer I/O thread:  (org.apache.kafka.clients.producer.internals.Sender:242)
java.lang.IllegalStateException: No previous metadata update to use
	at org.apache.kafka.clients.MockClient$DefaultMockMetadataUpdater.updateWithCurrentMetadata(MockClient.java:631)
	at org.apache.kafka.clients.MockClient.poll(MockClient.java:284)
	at org.apache.kafka.clients.producer.internals.Sender.runOnce(Sender.java:325)
	at org.apache.kafka.clients.producer.internals.Sender.run(Sender.java:240)
	at java.lang.Thread.run(Thread.java:748)
[2022-09-03 18:40:39,024] ERROR [Producer clientId=producer-7] Uncaught error in kafka producer I/O thread:  (org.apache.kafka.clients.producer.internals.Sender:242)
java.lang.IllegalStateException: No previous metadata update to use
	at org.apache.kafka.clients.MockClient$DefaultMockMetadataUpdater.updateWithCurrentMetadata(MockClient.java:631)
	at org.apache.kafka.clients.MockClient.poll(MockClient.java:284)
	at org.apache.kafka.clients.producer.internals.Sender.runOnce(Sender.java:325)
	at org.apache.kafka.clients.producer.internals.Sender.run(Sender.java:240)
	at java.lang.Thread.run(Thread.java:748)
[2022-09-03 18:40:39,024] ERROR [Producer clientId=producer-7] Uncaught error in kafka producer I/O thread:  (org.apache.kafka.clients.producer.internals.Sender:242)
java.lang.IllegalStateException: No previous metadata update to use
	at org.apache.kafka.clients.MockClient$DefaultMockMetadataUpdater.updateWithCurrentMetadata(MockClient.java:631)
	at org.apache.kafka.clients.MockClient.poll(MockClient.java:284)
	at org.apache.kafka.clients.producer.internals.Sender.runOnce(Sender.java:325)
	at org.apache.kafka.clients.producer.internals.Sender.run(Sender.java:240)
	at java.lang.Thread.run(Thread.java:748)
[2022-09-03 18:40:39,024] ERROR [Producer clientId=producer-7] Uncaught error in kafka producer I/O thread:  (org.apache.kafka.clients.producer.internals.Sender:242)
java.lang.IllegalStateException: No previous metadata update to use
	at org.apache.kafka.clients.MockClient$DefaultMockMetadataUpdater.updateWithCurrentMetadata(MockClient.java:631)
	at org.apache.kafka.clients.MockClient.poll(MockClient.java:284)
	at org.apache.kafka.clients.producer.internals.Sender.runOnce(Sender.java:325)
	at org.apache.kafka.clients.producer.internals.Sender.run(Sender.java:240)
	at java.lang.Thread.run(Thread.java:748)
[2022-09-03 18:40:39,024] ERROR [Producer clientId=producer-7] Uncaught error in kafka producer I/O thread:  (org.apache.kafka.clients.producer.internals.Sender:242)
java.lang.IllegalStateException: No previous metadata update to use
	at org.apache.kafka.clients.MockClient$DefaultMockMetadataUpdater.updateWithCurrentMetadata(MockClient.java:631)
	at org.apache.kafka.clients.MockClient.poll(MockClient.java:284)
	at org.apache.kafka.clients.producer.internals.Sender.runOnce(Sender.java:325)
	at org.apache.kafka.clients.producer.internals.Sender.run(Sender.java:240)
	at java.lang.Thread.run(Thread.java:748)
[2022-09-03 18:40:39,024] ERROR [Producer clientId=producer-7] Uncaught error in kafka producer I/O thread:  (org.apache.kafka.clients.producer.internals.Sender:242)
java.lang.IllegalStateException: No previous metadata update to use
	at org.apache.kafka.clients.MockClient$DefaultMockMetadataUpdater.updateWithCurrentMetadata(MockClient.java:631)
	at org.apache.kafka.clients.MockClient.poll(MockClient.java:284)
	at org.apache.kafka.clients.producer.internals.Sender.runOnce(Sender.java:325)
	at org.apache.kafka.clients.producer.internals.Sender.run(Sender.java:240)
	at java.lang.Thread.run(Thread.java:748)
[2022-09-03 18:40:39,025] ERROR [Producer clientId=producer-7] Uncaught error in kafka producer I/O thread:  (org.apache.kafka.clients.producer.internals.Sender:242)
java.lang.IllegalStateException: No previous metadata update to use
	at org.apache.kafka.clients.MockClient$DefaultMockMetadataUpdater.updateWithCurrentMetadata(MockClient.java:631)
	at org.apache.kafka.clients.MockClient.poll(MockClient.java:284)
	at org.apache.kafka.clients.producer.internals.Sender.runOnce(Sender.java:325)
	at org.apache.kafka.clients.producer.internals.Sender.run(Sender.java:240)
	at java.lang.Thread.run(Thread.java:748)
[2022-09-03 18:40:39,025] ERROR [Producer clientId=producer-7] Uncaught error in kafka producer I/O thread:  (org.apache.kafka.clients.producer.internals.Sender:242)
java.lang.IllegalStateException: No previous metadata update to use
	at org.apache.kafka.clients.MockClient$DefaultMockMetadataUpdater.updateWithCurrentMetadata(MockClient.java:631)
	at org.apache.kafka.clients.MockClient.poll(MockClient.java:284)
	at org.apache.kafka.clients.producer.internals.Sender.runOnce(Sender.java:325)
	at org.apache.kafka.clients.producer.internals.Sender.run(Sender.java:240)
	at java.lang.Thread.run(Thread.java:748)
[2022-09-03 18:40:39,025] ERROR [Producer clientId=producer-7] Uncaught error in kafka producer I/O thread:  (org.apache.kafka.clients.producer.internals.Sender:242)
java.lang.IllegalStateException: No previous metadata update to use
	at org.apache.kafka.clients.MockClient$DefaultMockMetadataUpdater.updateWithCurrentMetadata(MockClient.java:631)
	at org.apache.kafka.clients.MockClient.poll(MockClient.java:284)
	at org.apache.kafka.clients.producer.internals.Sender.runOnce(Sender.java:325)
	at org.apache.kafka.clients.producer.internals.Sender.run(Sender.java:240)
	at java.lang.Thread.run(Thread.java:748)
[2022-09-03 18:40:39,025] ERROR [Producer clientId=producer-7] Uncaught error in kafka producer I/O thread:  (org.apache.kafka.clients.producer.internals.Sender:242)
java.lang.IllegalStateException: No previous metadata update to use
	at org.apache.kafka.clients.MockClient$DefaultMockMetadataUpdater.updateWithCurrentMetadata(MockClient.java:631)
	at org.apache.kafka.clients.MockClient.poll(MockClient.java:284)
	at org.apache.kafka.clients.producer.internals.Sender.runOnce(Sender.java:325)
	at org.apache.kafka.clients.producer.internals.Sender.run(Sender.java:240)
	at java.lang.Thread.run(Thread.java:748)
[2022-09-03 18:40:39,025] ERROR [Producer clientId=producer-7] Uncaught error in kafka producer I/O thread:  (org.apache.kafka.clients.producer.internals.Sender:242)
java.lang.IllegalStateException: No previous metadata update to use
	at org.apache.kafka.clients.MockClient$DefaultMockMetadataUpdater.updateWithCurrentMetadata(MockClient.java:631)
	at org.apache.kafka.clients.MockClient.poll(MockClient.java:284)
	at org.apache.kafka.clients.producer.internals.Sender.runOnce(Sender.java:325)
	at org.apache.kafka.clients.producer.internals.Sender.run(Sender.java:240)
	at java.lang.Thread.run(Thread.java:748)
[2022-09-03 18:40:39,025] ERROR [Producer clientId=producer-7] Uncaught error in kafka producer I/O thread:  (org.apache.kafka.clients.producer.internals.Sender:242)
java.lang.IllegalStateException: No previous metadata update to use
	at org.apache.kafka.clients.MockClient$DefaultMockMetadataUpdater.updateWithCurrentMetadata(MockClient.java:631)
	at org.apache.kafka.clients.MockClient.poll(MockClient.java:284)
	at org.apache.kafka.clients.producer.internals.Sender.runOnce(Sender.java:325)
	at org.apache.kafka.clients.producer.internals.Sender.run(Sender.java:240)
	at java.lang.Thread.run(Thread.java:748)
[2022-09-03 18:40:39,025] ERROR [Producer clientId=producer-7] Uncaught error in kafka producer I/O thread:  (org.apache.kafka.clients.producer.internals.Sender:242)
java.lang.IllegalStateException: No previous metadata update to use
	at org.apache.kafka.clients.MockClient$DefaultMockMetadataUpdater.updateWithCurrentMetadata(MockClient.java:631)
	at org.apache.kafka.clients.MockClient.poll(MockClient.java:284)
	at org.apache.kafka.clients.producer.internals.Sender.runOnce(Sender.java:325)
	at org.apache.kafka.clients.producer.internals.Sender.run(Sender.java:240)
	at java.lang.Thread.run(Thread.java:748)
[2022-09-03 18:40:39,025] ERROR [Producer clientId=producer-7] Uncaught error in kafka producer I/O thread:  (org.apache.kafka.clients.producer.internals.Sender:242)
java.lang.IllegalStateException: No previous metadata update to use
	at org.apache.kafka.clients.MockClient$DefaultMockMetadataUpdater.updateWithCurrentMetadata(MockClient.java:631)
	at org.apache.kafka.clients.MockClient.poll(MockClient.java:284)
	at org.apache.kafka.clients.producer.internals.Sender.runOnce(Sender.java:325)
	at org.apache.kafka.clients.producer.internals.Sender.run(Sender.java:240)
	at java.lang.Thread.run(Thread.java:748)
[2022-09-03 18:40:39,025] ERROR [Producer clientId=producer-7] Uncaught error in kafka producer I/O thread:  (org.apache.kafka.clients.producer.internals.Sender:242)
java.lang.IllegalStateException: No previous metadata update to use
	at org.apache.kafka.clients.MockClient$DefaultMockMetadataUpdater.updateWithCurrentMetadata(MockClient.java:631)
	at org.apache.kafka.clients.MockClient.poll(MockClient.java:284)
	at org.apache.kafka.clients.producer.internals.Sender.runOnce(Sender.java:325)
	at org.apache.kafka.clients.producer.internals.Sender.run(Sender.java:240)
	at java.lang.Thread.run(Thread.java:748)
[2022-09-03 18:40:39,026] ERROR [Producer clientId=producer-7] Uncaught error in kafka producer I/O thread:  (org.apache.kafka.clients.producer.internals.Sender:242)
java.lang.IllegalStateException: No previous metadata update to use
	at org.apache.kafka.clients.MockClient$DefaultMockMetadataUpdater.updateWithCurrentMetadata(MockClient.java:631)
	at org.apache.kafka.clients.MockClient.poll(MockClient.java:284)
	at org.apache.kafka.clients.producer.internals.Sender.runOnce(Sender.java:325)
	at org.apache.kafka.clients.producer.internals.Sender.run(Sender.java:240)
	at java.lang.Thread.run(Thread.java:748)
[2022-09-03 18:40:39,026] ERROR [Producer clientId=producer-7] Uncaught error in kafka producer I/O thread:  (org.apache.kafka.clients.producer.internals.Sender:242)
java.lang.IllegalStateException: No previous metadata update to use
	at org.apache.kafka.clients.MockClient$DefaultMockMetadataUpdater.updateWithCurrentMetadata(MockClient.java:631)
	at org.apache.kafka.clients.MockClient.poll(MockClient.java:284)
	at org.apache.kafka.clients.producer.internals.Sender.runOnce(Sender.java:325)
	at org.apache.kafka.clients.producer.internals.Sender.run(Sender.java:240)
	at java.lang.Thread.run(Thread.java:748)
[2022-09-03 18:40:39,026] ERROR [Producer clientId=producer-7] Uncaught error in kafka producer I/O thread:  (org.apache.kafka.clients.producer.internals.Sender:242)
java.lang.IllegalStateException: No previous metadata update to use
	at org.apache.kafka.clients.MockClient$DefaultMockMetadataUpdater.updateWithCurrentMetadata(MockClient.java:631)
	at org.apache.kafka.clients.MockClient.poll(MockClient.java:284)
	at org.apache.kafka.clients.producer.internals.Sender.runOnce(Sender.java:325)
	at org.apache.kafka.clients.producer.internals.Sender.run(Sender.java:240)
	at java.lang.Thread.run(Thread.java:748)
[2022-09-03 18:40:39,026] ERROR [Producer clientId=producer-7] Uncaught error in kafka producer I/O thread:  (org.apache.kafka.clients.producer.internals.Sender:242)
java.lang.IllegalStateException: No previous metadata update to use
	at org.apache.kafka.clients.MockClient$DefaultMockMetadataUpdater.updateWithCurrentMetadata(MockClient.java:631)
	at org.apache.kafka.clients.MockClient.poll(MockClient.java:284)
	at org.apache.kafka.clients.producer.internals.Sender.runOnce(Sender.java:325)
	at org.apache.kafka.clients.producer.internals.Sender.run(Sender.java:240)
	at java.lang.Thread.run(Thread.java:748)
[2022-09-03 18:40:39,026] ERROR [Producer clientId=producer-7] Uncaught error in kafka producer I/O thread:  (org.apache.kafka.clients.producer.internals.Sender:242)
java.lang.IllegalStateException: No previous metadata update to use
	at org.apache.kafka.clients.MockClient$DefaultMockMetadataUpdater.updateWithCurrentMetadata(MockClient.java:631)
	at org.apache.kafka.clients.MockClient.poll(MockClient.java:284)
	at org.apache.kafka.clients.producer.internals.Sender.runOnce(Sender.java:325)
	at org.apache.kafka.clients.producer.internals.Sender.run(Sender.java:240)
	at java.lang.Thread.run(Thread.java:748)
[2022-09-03 18:40:39,026] ERROR [Producer clientId=producer-7] Uncaught error in kafka producer I/O thread:  (org.apache.kafka.clients.producer.internals.Sender:242)
java.lang.IllegalStateException: No previous metadata update to use
	at org.apache.kafka.clients.MockClient$DefaultMockMetadataUpdater.updateWithCurrentMetadata(MockClient.java:631)
	at org.apache.kafka.clients.MockClient.poll(MockClient.java:284)
	at org.apache.kafka.clients.producer.internals.Sender.runOnce(Sender.java:325)
	at org.apache.kafka.clients.producer.internals.Sender.run(Sender.java:240)
	at java.lang.Thread.run(Thread.java:748)
[2022-09-03 18:40:39,026] ERROR [Producer clientId=producer-7] Uncaught error in kafka producer I/O thread:  (org.apache.kafka.clients.producer.internals.Sender:242)
java.lang.IllegalStateException: No previous metadata update to use
	at org.apache.kafka.clients.MockClient$DefaultMockMetadataUpdater.updateWithCurrentMetadata(MockClient.java:631)
	at org.apache.kafka.clients.MockClient.poll(MockClient.java:284)
	at org.apache.kafka.clients.producer.internals.Sender.runOnce(Sender.java:325)
	at org.apache.kafka.clients.producer.internals.Sender.run(Sender.java:240)
	at java.lang.Thread.run(Thread.java:748)
[2022-09-03 18:40:39,026] ERROR [Producer clientId=producer-7] Uncaught error in kafka producer I/O thread:  (org.apache.kafka.clients.producer.internals.Sender:242)
java.lang.IllegalStateException: No previous metadata update to use
	at org.apache.kafka.clients.MockClient$DefaultMockMetadataUpdater.updateWithCurrentMetadata(MockClient.java:631)
	at org.apache.kafka.clients.MockClient.poll(MockClient.java:284)
	at org.apache.kafka.clients.producer.internals.Sender.runOnce(Sender.java:325)
	at org.apache.kafka.clients.producer.internals.Sender.run(Sender.java:240)
	at java.lang.Thread.run(Thread.java:748)
[2022-09-03 18:40:39,026] ERROR [Producer clientId=producer-7] Uncaught error in kafka producer I/O thread:  (org.apache.kafka.clients.producer.internals.Sender:242)
java.lang.IllegalStateException: No previous metadata update to use
	at org.apache.kafka.clients.MockClient$DefaultMockMetadataUpdater.updateWithCurrentMetadata(MockClient.java:631)
	at org.apache.kafka.clients.MockClient.poll(MockClient.java:284)
	at org.apache.kafka.clients.producer.internals.Sender.runOnce(Sender.java:325)
	at org.apache.kafka.clients.producer.internals.Sender.run(Sender.java:240)
	at java.lang.Thread.run(Thread.java:748)
[2022-09-03 18:40:39,026] ERROR [Producer clientId=producer-7] Uncaught error in kafka producer I/O thread:  (org.apache.kafka.clients.producer.internals.Sender:242)
java.lang.IllegalStateException: No previous metadata update to use
	at org.apache.kafka.clients.MockClient$DefaultMockMetadataUpdater.updateWithCurrentMetadata(MockClient.java:631)
	at org.apache.kafka.clients.MockClient.poll(MockClient.java:284)
	at org.apache.kafka.clients.producer.internals.Sender.runOnce(Sender.java:325)
	at org.apache.kafka.clients.producer.internals.Sender.run(Sender.java:240)
	at java.lang.Thread.run(Thread.java:748)
[2022-09-03 18:40:39,026] ERROR [Producer clientId=producer-7] Uncaught error in kafka producer I/O thread:  (org.apache.kafka.clients.producer.internals.Sender:242)
java.lang.IllegalStateException: No previous metadata update to use
	at org.apache.kafka.clients.MockClient$DefaultMockMetadataUpdater.updateWithCurrentMetadata(MockClient.java:631)
	at org.apache.kafka.clients.MockClient.poll(MockClient.java:284)
	at org.apache.kafka.clients.producer.internals.Sender.runOnce(Sender.java:325)
	at org.apache.kafka.clients.producer.internals.Sender.run(Sender.java:240)
	at java.lang.Thread.run(Thread.java:748)
[2022-09-03 18:40:39,026] ERROR [Producer clientId=producer-7] Uncaught error in kafka producer I/O thread:  (org.apache.kafka.clients.producer.internals.Sender:242)
java.lang.IllegalStateException: No previous metadata update to use
	at org.apache.kafka.clients.MockClient$DefaultMockMetadataUpdater.updateWithCurrentMetadata(MockClient.java:631)
	at org.apache.kafka.clients.MockClient.poll(MockClient.java:284)
	at org.apache.kafka.clients.producer.internals.Sender.runOnce(Sender.java:325)
	at org.apache.kafka.clients.producer.internals.Sender.run(Sender.java:240)
	at java.lang.Thread.run(Thread.java:748)
[2022-09-03 18:40:39,027] ERROR [Producer clientId=producer-7] Uncaught error in kafka producer I/O thread:  (org.apache.kafka.clients.producer.internals.Sender:242)
java.lang.IllegalStateException: No previous metadata update to use
	at org.apache.kafka.clients.MockClient$DefaultMockMetadataUpdater.updateWithCurrentMetadata(MockClient.java:631)
	at org.apache.kafka.clients.MockClient.poll(MockClient.java:284)
	at org.apache.kafka.clients.producer.internals.Sender.runOnce(Sender.java:325)
	at org.apache.kafka.clients.producer.internals.Sender.run(Sender.java:240)
	at java.lang.Thread.run(Thread.java:748)
[2022-09-03 18:40:39,027] ERROR [Producer clientId=producer-7] Uncaught error in kafka producer I/O thread:  (org.apache.kafka.clients.producer.internals.Sender:242)
java.lang.IllegalStateException: No previous metadata update to use
	at org.apache.kafka.clients.MockClient$DefaultMockMetadataUpdater.updateWithCurrentMetadata(MockClient.java:631)
	at org.apache.kafka.clients.MockClient.poll(MockClient.java:284)
	at org.apache.kafka.clients.producer.internals.Sender.runOnce(Sender.java:325)
	at org.apache.kafka.clients.producer.internals.Sender.run(Sender.java:240)
	at java.lang.Thread.run(Thread.java:748)
[2022-09-03 18:40:39,027] ERROR [Producer clientId=producer-7] Uncaught error in kafka producer I/O thread:  (org.apache.kafka.clients.producer.internals.Sender:242)
java.lang.IllegalStateException: No previous metadata update to use
	at org.apache.kafka.clients.MockClient$DefaultMockMetadataUpdater.updateWithCurrentMetadata(MockClient.java:631)
	at org.apache.kafka.clients.MockClient.poll(MockClient.java:284)
	at org.apache.kafka.clients.producer.internals.Sender.runOnce(Sender.java:325)
	at org.apache.kafka.clients.producer.internals.Sender.run(Sender.java:240)
	at java.lang.Thread.run(Thread.java:748)
[2022-09-03 18:40:39,027] ERROR [Producer clientId=producer-7] Uncaught error in kafka producer I/O thread:  (org.apache.kafka.clients.producer.internals.Sender:242)
java.lang.IllegalStateException: No previous metadata update to use
	at org.apache.kafka.clients.MockClient$DefaultMockMetadataUpdater.updateWithCurrentMetadata(MockClient.java:631)
	at org.apache.kafka.clients.MockClient.poll(MockClient.java:284)
	at org.apache.kafka.clients.producer.internals.Sender.runOnce(Sender.java:325)
	at org.apache.kafka.clients.producer.internals.Sender.run(Sender.java:240)
	at java.lang.Thread.run(Thread.java:748)
[2022-09-03 18:40:39,027] ERROR [Producer clientId=producer-7] Uncaught error in kafka producer I/O thread:  (org.apache.kafka.clients.producer.internals.Sender:242)
java.lang.IllegalStateException: No previous metadata update to use
	at org.apache.kafka.clients.MockClient$DefaultMockMetadataUpdater.updateWithCurrentMetadata(MockClient.java:631)
	at org.apache.kafka.clients.MockClient.poll(MockClient.java:284)
	at org.apache.kafka.clients.producer.internals.Sender.runOnce(Sender.java:325)
	at org.apache.kafka.clients.producer.internals.Sender.run(Sender.java:240)
	at java.lang.Thread.run(Thread.java:748)
[2022-09-03 18:40:39,027] ERROR [Producer clientId=producer-7] Uncaught error in kafka producer I/O thread:  (org.apache.kafka.clients.producer.internals.Sender:242)
java.lang.IllegalStateException: No previous metadata update to use
	at org.apache.kafka.clients.MockClient$DefaultMockMetadataUpdater.updateWithCurrentMetadata(MockClient.java:631)
	at org.apache.kafka.clients.MockClient.poll(MockClient.java:284)
	at org.apache.kafka.clients.producer.internals.Sender.runOnce(Sender.java:325)
	at org.apache.kafka.clients.producer.internals.Sender.run(Sender.java:240)
	at java.lang.Thread.run(Thread.java:748)
[2022-09-03 18:40:39,027] ERROR [Producer clientId=producer-7] Uncaught error in kafka producer I/O thread:  (org.apache.kafka.clients.producer.internals.Sender:242)
java.lang.IllegalStateException: No previous metadata update to use
	at org.apache.kafka.clients.MockClient$DefaultMockMetadataUpdater.updateWithCurrentMetadata(MockClient.java:631)
	at org.apache.kafka.clients.MockClient.poll(MockClient.java:284)
	at org.apache.kafka.clients.producer.internals.Sender.runOnce(Sender.java:325)
	at org.apache.kafka.clients.producer.internals.Sender.run(Sender.java:240)
	at java.lang.Thread.run(Thread.java:748)
[2022-09-03 18:40:39,027] ERROR [Producer clientId=producer-7] Uncaught error in kafka producer I/O thread:  (org.apache.kafka.clients.producer.internals.Sender:242)
java.lang.IllegalStateException: No previous metadata update to use
	at org.apache.kafka.clients.MockClient$DefaultMockMetadataUpdater.updateWithCurrentMetadata(MockClient.java:631)
	at org.apache.kafka.clients.MockClient.poll(MockClient.java:284)
	at org.apache.kafka.clients.producer.internals.Sender.runOnce(Sender.java:325)
	at org.apache.kafka.clients.producer.internals.Sender.run(Sender.java:240)
	at java.lang.Thread.run(Thread.java:748)
[2022-09-03 18:40:39,027] ERROR [Producer clientId=producer-7] Uncaught error in kafka producer I/O thread:  (org.apache.kafka.clients.producer.internals.Sender:242)
java.lang.IllegalStateException: No previous metadata update to use
	at org.apache.kafka.clients.MockClient$DefaultMockMetadataUpdater.updateWithCurrentMetadata(MockClient.java:631)
	at org.apache.kafka.clients.MockClient.poll(MockClient.java:284)
	at org.apache.kafka.clients.producer.internals.Sender.runOnce(Sender.java:325)
	at org.apache.kafka.clients.producer.internals.Sender.run(Sender.java:240)
	at java.lang.Thread.run(Thread.java:748)
[2022-09-03 18:40:39,027] ERROR [Producer clientId=producer-7] Uncaught error in kafka producer I/O thread:  (org.apache.kafka.clients.producer.internals.Sender:242)
java.lang.IllegalStateException: No previous metadata update to use
	at org.apache.kafka.clients.MockClient$DefaultMockMetadataUpdater.updateWithCurrentMetadata(MockClient.java:631)
	at org.apache.kafka.clients.MockClient.poll(MockClient.java:284)
	at org.apache.kafka.clients.producer.internals.Sender.runOnce(Sender.java:325)
	at org.apache.kafka.clients.producer.internals.Sender.run(Sender.java:240)
	at java.lang.Thread.run(Thread.java:748)
[2022-09-03 18:40:39,027] ERROR [Producer clientId=producer-7] Uncaught error in kafka producer I/O thread:  (org.apache.kafka.clients.producer.internals.Sender:242)
java.lang.IllegalStateException: No previous metadata update to use
	at org.apache.kafka.clients.MockClient$DefaultMockMetadataUpdater.updateWithCurrentMetadata(MockClient.java:631)
	at org.apache.kafka.clients.MockClient.poll(MockClient.java:284)
	at org.apache.kafka.clients.producer.internals.Sender.runOnce(Sender.java:325)
	at org.apache.kafka.clients.producer.internals.Sender.run(Sender.java:240)
	at java.lang.Thread.run(Thread.java:748)
[2022-09-03 18:40:39,027] ERROR [Producer clientId=producer-7] Uncaught error in kafka producer I/O thread:  (org.apache.kafka.clients.producer.internals.Sender:242)
java.lang.IllegalStateException: No previous metadata update to use
	at org.apache.kafka.clients.MockClient$DefaultMockMetadataUpdater.updateWithCurrentMetadata(MockClient.java:631)
	at org.apache.kafka.clients.MockClient.poll(MockClient.java:284)
	at org.apache.kafka.clients.producer.internals.Sender.runOnce(Sender.java:325)
	at org.apache.kafka.clients.producer.internals.Sender.run(Sender.java:240)
	at java.lang.Thread.run(Thread.java:748)
[2022-09-03 18:40:39,028] ERROR [Producer clientId=producer-7] Uncaught error in kafka producer I/O thread:  (org.apache.kafka.clients.producer.internals.Sender:242)
java.lang.IllegalStateException: No previous metadata update to use
	at org.apache.kafka.clients.MockClient$DefaultMockMetadataUpdater.updateWithCurrentMetadata(MockClient.java:631)
	at org.apache.kafka.clients.MockClient.poll(MockClient.java:284)
	at org.apache.kafka.clients.producer.internals.Sender.runOnce(Sender.java:325)
	at org.apache.kafka.clients.producer.internals.Sender.run(Sender.java:240)
	at java.lang.Thread.run(Thread.java:748)
[2022-09-03 18:40:39,028] ERROR [Producer clientId=producer-7] Uncaught error in kafka producer I/O thread:  (org.apache.kafka.clients.producer.internals.Sender:242)
java.lang.IllegalStateException: No previous metadata update to use
	at org.apache.kafka.clients.MockClient$DefaultMockMetadataUpdater.updateWithCurrentMetadata(MockClient.java:631)
	at org.apache.kafka.clients.MockClient.poll(MockClient.java:284)
	at org.apache.kafka.clients.producer.internals.Sender.runOnce(Sender.java:325)
	at org.apache.kafka.clients.producer.internals.Sender.run(Sender.java:240)
	at java.lang.Thread.run(Thread.java:748)
[2022-09-03 18:40:39,028] ERROR [Producer clientId=producer-7] Uncaught error in kafka producer I/O thread:  (org.apache.kafka.clients.producer.internals.Sender:242)
java.lang.IllegalStateException: No previous metadata update to use
	at org.apache.kafka.clients.MockClient$DefaultMockMetadataUpdater.updateWithCurrentMetadata(MockClient.java:631)
	at org.apache.kafka.clients.MockClient.poll(MockClient.java:284)
	at org.apache.kafka.clients.producer.internals.Sender.runOnce(Sender.java:325)
	at org.apache.kafka.clients.producer.internals.Sender.run(Sender.java:240)
	at java.lang.Thread.run(Thread.java:748)
[2022-09-03 18:40:39,028] ERROR [Producer clientId=producer-7] Uncaught error in kafka producer I/O thread:  (org.apache.kafka.clients.producer.internals.Sender:242)
java.lang.IllegalStateException: No previous metadata update to use
	at org.apache.kafka.clients.MockClient$DefaultMockMetadataUpdater.updateWithCurrentMetadata(MockClient.java:631)
	at org.apache.kafka.clients.MockClient.poll(MockClient.java:284)
	at org.apache.kafka.clients.producer.internals.Sender.runOnce(Sender.java:325)
	at org.apache.kafka.clients.producer.internals.Sender.run(Sender.java:240)
	at java.lang.Thread.run(Thread.java:748)
[2022-09-03 18:40:39,028] ERROR [Producer clientId=producer-7] Uncaught error in kafka producer I/O thread:  (org.apache.kafka.clients.producer.internals.Sender:242)
java.lang.IllegalStateException: No previous metadata update to use
	at org.apache.kafka.clients.MockClient$DefaultMockMetadataUpdater.updateWithCurrentMetadata(MockClient.java:631)
	at org.apache.kafka.clients.MockClient.poll(MockClient.java:284)
	at org.apache.kafka.clients.producer.internals.Sender.runOnce(Sender.java:325)
	at org.apache.kafka.clients.producer.internals.Sender.run(Sender.java:240)
	at java.lang.Thread.run(Thread.java:748)
[2022-09-03 18:40:39,028] ERROR [Producer clientId=producer-7] Uncaught error in kafka producer I/O thread:  (org.apache.kafka.clients.producer.internals.Sender:242)
java.lang.IllegalStateException: No previous metadata update to use
	at org.apache.kafka.clients.MockClient$DefaultMockMetadataUpdater.updateWithCurrentMetadata(MockClient.java:631)
	at org.apache.kafka.clients.MockClient.poll(MockClient.java:284)
	at org.apache.kafka.clients.producer.internals.Sender.runOnce(Sender.java:325)
	at org.apache.kafka.clients.producer.internals.Sender.run(Sender.java:240)
	at java.lang.Thread.run(Thread.java:748)
[2022-09-03 18:40:39,028] ERROR [Producer clientId=producer-7] Uncaught error in kafka producer I/O thread:  (org.apache.kafka.clients.producer.internals.Sender:242)
java.lang.IllegalStateException: No previous metadata update to use
	at org.apache.kafka.clients.MockClient$DefaultMockMetadataUpdater.updateWithCurrentMetadata(MockClient.java:631)
	at org.apache.kafka.clients.MockClient.poll(MockClient.java:284)
	at org.apache.kafka.clients.producer.internals.Sender.runOnce(Sender.java:325)
	at org.apache.kafka.clients.producer.internals.Sender.run(Sender.java:240)
	at java.lang.Thread.run(Thread.java:748)
[2022-09-03 18:40:39,028] ERROR [Producer clientId=producer-7] Uncaught error in kafka producer I/O thread:  (org.apache.kafka.clients.producer.internals.Sender:242)
java.lang.IllegalStateException: No previous metadata update to use
	at org.apache.kafka.clients.MockClient$DefaultMockMetadataUpdater.updateWithCurrentMetadata(MockClient.java:631)
	at org.apache.kafka.clients.MockClient.poll(MockClient.java:284)
	at org.apache.kafka.clients.producer.internals.Sender.runOnce(Sender.java:325)
	at org.apache.kafka.clients.producer.internals.Sender.run(Sender.java:240)
	at java.lang.Thread.run(Thread.java:748)
[2022-09-03 18:40:39,028] ERROR [Producer clientId=producer-7] Uncaught error in kafka producer I/O thread:  (org.apache.kafka.clients.producer.internals.Sender:242)
java.lang.IllegalStateException: No previous metadata update to use
	at org.apache.kafka.clients.MockClient$DefaultMockMetadataUpdater.updateWithCurrentMetadata(MockClient.java:631)
	at org.apache.kafka.clients.MockClient.poll(MockClient.java:284)
	at org.apache.kafka.clients.producer.internals.Sender.runOnce(Sender.java:325)
	at org.apache.kafka.clients.producer.internals.Sender.run(Sender.java:240)
	at java.lang.Thread.run(Thread.java:748)
[2022-09-03 18:40:39,028] ERROR [Producer clientId=producer-7] Uncaught error in kafka producer I/O thread:  (org.apache.kafka.clients.producer.internals.Sender:242)
java.lang.IllegalStateException: No previous metadata update to use
	at org.apache.kafka.clients.MockClient$DefaultMockMetadataUpdater.updateWithCurrentMetadata(MockClient.java:631)
	at org.apache.kafka.clients.MockClient.poll(MockClient.java:284)
	at org.apache.kafka.clients.producer.internals.Sender.runOnce(Sender.java:325)
	at org.apache.kafka.clients.producer.internals.Sender.run(Sender.java:240)
	at java.lang.Thread.run(Thread.java:748)
[2022-09-03 18:40:39,028] ERROR [Producer clientId=producer-7] Uncaught error in kafka producer I/O thread:  (org.apache.kafka.clients.producer.internals.Sender:242)
java.lang.IllegalStateException: No previous metadata update to use
	at org.apache.kafka.clients.MockClient$DefaultMockMetadataUpdater.updateWithCurrentMetadata(MockClient.java:631)
	at org.apache.kafka.clients.MockClient.poll(MockClient.java:284)
	at org.apache.kafka.clients.producer.internals.Sender.runOnce(Sender.java:325)
	at org.apache.kafka.clients.producer.internals.Sender.run(Sender.java:240)
	at java.lang.Thread.run(Thread.java:748)
[2022-09-03 18:40:39,028] ERROR [Producer clientId=producer-7] Uncaught error in kafka producer I/O thread:  (org.apache.kafka.clients.producer.internals.Sender:242)
java.lang.IllegalStateException: No previous metadata update to use
	at org.apache.kafka.clients.MockClient$DefaultMockMetadataUpdater.updateWithCurrentMetadata(MockClient.java:631)
	at org.apache.kafka.clients.MockClient.poll(MockClient.java:284)
	at org.apache.kafka.clients.producer.internals.Sender.runOnce(Sender.java:325)
	at org.apache.kafka.clients.producer.internals.Sender.run(Sender.java:240)
	at java.lang.Thread.run(Thread.java:748)
[2022-09-03 18:40:39,029] ERROR [Producer clientId=producer-7] Uncaught error in kafka producer I/O thread:  (org.apache.kafka.clients.producer.internals.Sender:242)
java.lang.IllegalStateException: No previous metadata update to use
	at org.apache.kafka.clients.MockClient$DefaultMockMetadataUpdater.updateWithCurrentMetadata(MockClient.java:631)
	at org.apache.kafka.clients.MockClient.poll(MockClient.java:284)
	at org.apache.kafka.clients.producer.internals.Sender.runOnce(Sender.java:325)
	at org.apache.kafka.clients.producer.internals.Sender.run(Sender.java:240)
	at java.lang.Thread.run(Thread.java:748)
[2022-09-03 18:40:39,029] ERROR [Producer clientId=producer-7] Uncaught error in kafka producer I/O thread:  (org.apache.kafka.clients.producer.internals.Sender:242)
java.lang.IllegalStateException: No previous metadata update to use
	at org.apache.kafka.clients.MockClient$DefaultMockMetadataUpdater.updateWithCurrentMetadata(MockClient.java:631)
	at org.apache.kafka.clients.MockClient.poll(MockClient.java:284)
	at org.apache.kafka.clients.producer.internals.Sender.runOnce(Sender.java:325)
	at org.apache.kafka.clients.producer.internals.Sender.run(Sender.java:240)
	at java.lang.Thread.run(Thread.java:748)
[2022-09-03 18:40:39,029] ERROR [Producer clientId=producer-7] Uncaught error in kafka producer I/O thread:  (org.apache.kafka.clients.producer.internals.Sender:242)
java.lang.IllegalStateException: No previous metadata update to use
	at org.apache.kafka.clients.MockClient$DefaultMockMetadataUpdater.updateWithCurrentMetadata(MockClient.java:631)
	at org.apache.kafka.clients.MockClient.poll(MockClient.java:284)
	at org.apache.kafka.clients.producer.internals.Sender.runOnce(Sender.java:325)
	at org.apache.kafka.clients.producer.internals.Sender.run(Sender.java:240)
	at java.lang.Thread.run(Thread.java:748)
[2022-09-03 18:40:39,029] ERROR [Producer clientId=producer-7] Uncaught error in kafka producer I/O thread:  (org.apache.kafka.clients.producer.internals.Sender:242)
java.lang.IllegalStateException: No previous metadata update to use
	at org.apache.kafka.clients.MockClient$DefaultMockMetadataUpdater.updateWithCurrentMetadata(MockClient.java:631)
	at org.apache.kafka.clients.MockClient.poll(MockClient.java:284)
	at org.apache.kafka.clients.producer.internals.Sender.runOnce(Sender.java:325)
	at org.apache.kafka.clients.producer.internals.Sender.run(Sender.java:240)
	at java.lang.Thread.run(Thread.java:748)
[2022-09-03 18:40:39,029] ERROR [Producer clientId=producer-7] Uncaught error in kafka producer I/O thread:  (org.apache.kafka.clients.producer.internals.Sender:242)
java.lang.IllegalStateException: No previous metadata update to use
	at org.apache.kafka.clients.MockClient$DefaultMockMetadataUpdater.updateWithCurrentMetadata(MockClient.java:631)
	at org.apache.kafka.clients.MockClient.poll(MockClient.java:284)
	at org.apache.kafka.clients.producer.internals.Sender.runOnce(Sender.java:325)
	at org.apache.kafka.clients.producer.internals.Sender.run(Sender.java:240)
	at java.lang.Thread.run(Thread.java:748)
[2022-09-03 18:40:39,029] ERROR [Producer clientId=producer-7] Uncaught error in kafka producer I/O thread:  (org.apache.kafka.clients.producer.internals.Sender:242)
java.lang.IllegalStateException: No previous metadata update to use
	at org.apache.kafka.clients.MockClient$DefaultMockMetadataUpdater.updateWithCurrentMetadata(MockClient.java:631)
	at org.apache.kafka.clients.MockClient.poll(MockClient.java:284)
	at org.apache.kafka.clients.producer.internals.Sender.runOnce(Sender.java:325)
	at org.apache.kafka.clients.producer.internals.Sender.run(Sender.java:240)
	at java.lang.Thread.run(Thread.java:748)
[2022-09-03 18:40:39,029] ERROR [Producer clientId=producer-7] Uncaught error in kafka producer I/O thread:  (org.apache.kafka.clients.producer.internals.Sender:242)
java.lang.IllegalStateException: No previous metadata update to use
	at org.apache.kafka.clients.MockClient$DefaultMockMetadataUpdater.updateWithCurrentMetadata(MockClient.java:631)
	at org.apache.kafka.clients.MockClient.poll(MockClient.java:284)
	at org.apache.kafka.clients.producer.internals.Sender.runOnce(Sender.java:325)
	at org.apache.kafka.clients.producer.internals.Sender.run(Sender.java:240)
	at java.lang.Thread.run(Thread.java:748)
[2022-09-03 18:40:39,029] ERROR [Producer clientId=producer-7] Uncaught error in kafka producer I/O thread:  (org.apache.kafka.clients.producer.internals.Sender:242)
java.lang.IllegalStateException: No previous metadata update to use
	at org.apache.kafka.clients.MockClient$DefaultMockMetadataUpdater.updateWithCurrentMetadata(MockClient.java:631)
	at org.apache.kafka.clients.MockClient.poll(MockClient.java:284)
	at org.apache.kafka.clients.producer.internals.Sender.runOnce(Sender.java:325)
	at org.apache.kafka.clients.producer.internals.Sender.run(Sender.java:240)
	at java.lang.Thread.run(Thread.java:748)
[2022-09-03 18:40:39,029] ERROR [Producer clientId=producer-7] Uncaught error in kafka producer I/O thread:  (org.apache.kafka.clients.producer.internals.Sender:242)
java.lang.IllegalStateException: No previous metadata update to use
	at org.apache.kafka.clients.MockClient$DefaultMockMetadataUpdater.updateWithCurrentMetadata(MockClient.java:631)
	at org.apache.kafka.clients.MockClient.poll(MockClient.java:284)
	at org.apache.kafka.clients.producer.internals.Sender.runOnce(Sender.java:325)
	at org.apache.kafka.clients.producer.internals.Sender.run(Sender.java:240)
	at java.lang.Thread.run(Thread.java:748)
[2022-09-03 18:40:39,029] ERROR [Producer clientId=producer-7] Uncaught error in kafka producer I/O thread:  (org.apache.kafka.clients.producer.internals.Sender:242)
java.lang.IllegalStateException: No previous metadata update to use
	at org.apache.kafka.clients.MockClient$DefaultMockMetadataUpdater.updateWithCurrentMetadata(MockClient.java:631)
	at org.apache.kafka.clients.MockClient.poll(MockClient.java:284)
	at org.apache.kafka.clients.producer.internals.Sender.runOnce(Sender.java:325)
	at org.apache.kafka.clients.producer.internals.Sender.run(Sender.java:240)
	at java.lang.Thread.run(Thread.java:748)
[2022-09-03 18:40:39,029] ERROR [Producer clientId=producer-7] Uncaught error in kafka producer I/O thread:  (org.apache.kafka.clients.producer.internals.Sender:242)
java.lang.IllegalStateException: No previous metadata update to use
	at org.apache.kafka.clients.MockClient$DefaultMockMetadataUpdater.updateWithCurrentMetadata(MockClient.java:631)
	at org.apache.kafka.clients.MockClient.poll(MockClient.java:284)
	at org.apache.kafka.clients.producer.internals.Sender.runOnce(Sender.java:325)
	at org.apache.kafka.clients.producer.internals.Sender.run(Sender.java:240)
	at java.lang.Thread.run(Thread.java:748)
[2022-09-03 18:40:39,030] ERROR [Producer clientId=producer-7] Uncaught error in kafka producer I/O thread:  (org.apache.kafka.clients.producer.internals.Sender:242)
java.lang.IllegalStateException: No previous metadata update to use
	at org.apache.kafka.clients.MockClient$DefaultMockMetadataUpdater.updateWithCurrentMetadata(MockClient.java:631)
	at org.apache.kafka.clients.MockClient.poll(MockClient.java:284)
	at org.apache.kafka.clients.producer.internals.Sender.runOnce(Sender.java:325)
	at org.apache.kafka.clients.producer.internals.Sender.run(Sender.java:240)
	at java.lang.Thread.run(Thread.java:748)
[2022-09-03 18:40:39,030] ERROR [Producer clientId=producer-7] Uncaught error in kafka producer I/O thread:  (org.apache.kafka.clients.producer.internals.Sender:242)
java.lang.IllegalStateException: No previous metadata update to use
	at org.apache.kafka.clients.MockClient$DefaultMockMetadataUpdater.updateWithCurrentMetadata(MockClient.java:631)
	at org.apache.kafka.clients.MockClient.poll(MockClient.java:284)
	at org.apache.kafka.clients.producer.internals.Sender.runOnce(Sender.java:325)
	at org.apache.kafka.clients.producer.internals.Sender.run(Sender.java:240)
	at java.lang.Thread.run(Thread.java:748)
[2022-09-03 18:40:39,030] ERROR [Producer clientId=producer-7] Uncaught error in kafka producer I/O thread:  (org.apache.kafka.clients.producer.internals.Sender:242)
java.lang.IllegalStateException: No previous metadata update to use
	at org.apache.kafka.clients.MockClient$DefaultMockMetadataUpdater.updateWithCurrentMetadata(MockClient.java:631)
	at org.apache.kafka.clients.MockClient.poll(MockClient.java:284)
	at org.apache.kafka.clients.producer.internals.Sender.runOnce(Sender.java:325)
	at org.apache.kafka.clients.producer.internals.Sender.run(Sender.java:240)
	at java.lang.Thread.run(Thread.java:748)
[2022-09-03 18:40:39,030] ERROR [Producer clientId=producer-7] Uncaught error in kafka producer I/O thread:  (org.apache.kafka.clients.producer.internals.Sender:242)
java.lang.IllegalStateException: No previous metadata update to use
	at org.apache.kafka.clients.MockClient$DefaultMockMetadataUpdater.updateWithCurrentMetadata(MockClient.java:631)
	at org.apache.kafka.clients.MockClient.poll(MockClient.java:284)
	at org.apache.kafka.clients.producer.internals.Sender.runOnce(Sender.java:325)
	at org.apache.kafka.clients.producer.internals.Sender.run(Sender.java:240)
	at java.lang.Thread.run(Thread.java:748)
[2022-09-03 18:40:39,030] ERROR [Producer clientId=producer-7] Uncaught error in kafka producer I/O thread:  (org.apache.kafka.clients.producer.internals.Sender:242)
java.lang.IllegalStateException: No previous metadata update to use
	at org.apache.kafka.clients.MockClient$DefaultMockMetadataUpdater.updateWithCurrentMetadata(MockClient.java:631)
	at org.apache.kafka.clients.MockClient.poll(MockClient.java:284)
	at org.apache.kafka.clients.producer.internals.Sender.runOnce(Sender.java:325)
	at org.apache.kafka.clients.producer.internals.Sender.run(Sender.java:240)
	at java.lang.Thread.run(Thread.java:748)
[2022-09-03 18:40:39,030] ERROR [Producer clientId=producer-7] Uncaught error in kafka producer I/O thread:  (org.apache.kafka.clients.producer.internals.Sender:242)
java.lang.IllegalStateException: No previous metadata update to use
	at org.apache.kafka.clients.MockClient$DefaultMockMetadataUpdater.updateWithCurrentMetadata(MockClient.java:631)
	at org.apache.kafka.clients.MockClient.poll(MockClient.java:284)
	at org.apache.kafka.clients.producer.internals.Sender.runOnce(Sender.java:325)
	at org.apache.kafka.clients.producer.internals.Sender.run(Sender.java:240)
	at java.lang.Thread.run(Thread.java:748)
[2022-09-03 18:40:39,030] ERROR [Producer clientId=producer-7] Uncaught error in kafka producer I/O thread:  (org.apache.kafka.clients.producer.internals.Sender:242)
java.lang.IllegalStateException: No previous metadata update to use
	at org.apache.kafka.clients.MockClient$DefaultMockMetadataUpdater.updateWithCurrentMetadata(MockClient.java:631)
	at org.apache.kafka.clients.MockClient.poll(MockClient.java:284)
	at org.apache.kafka.clients.producer.internals.Sender.runOnce(Sender.java:325)
	at org.apache.kafka.clients.producer.internals.Sender.run(Sender.java:240)
	at java.lang.Thread.run(Thread.java:748)
[2022-09-03 18:40:39,030] ERROR [Producer clientId=producer-7] Uncaught error in kafka producer I/O thread:  (org.apache.kafka.clients.producer.internals.Sender:242)
java.lang.IllegalStateException: No previous metadata update to use
	at org.apache.kafka.clients.MockClient$DefaultMockMetadataUpdater.updateWithCurrentMetadata(MockClient.java:631)
	at org.apache.kafka.clients.MockClient.poll(MockClient.java:284)
	at org.apache.kafka.clients.producer.internals.Sender.runOnce(Sender.java:325)
	at org.apache.kafka.clients.producer.internals.Sender.run(Sender.java:240)
	at java.lang.Thread.run(Thread.java:748)
[2022-09-03 18:40:39,030] ERROR [Producer clientId=producer-7] Uncaught error in kafka producer I/O thread:  (org.apache.kafka.clients.producer.internals.Sender:242)
java.lang.IllegalStateException: No previous metadata update to use
	at org.apache.kafka.clients.MockClient$DefaultMockMetadataUpdater.updateWithCurrentMetadata(MockClient.java:631)
	at org.apache.kafka.clients.MockClient.poll(MockClient.java:284)
	at org.apache.kafka.clients.producer.internals.Sender.runOnce(Sender.java:325)
	at org.apache.kafka.clients.producer.internals.Sender.run(Sender.java:240)
	at java.lang.Thread.run(Thread.java:748)
[2022-09-03 18:40:39,030] ERROR [Producer clientId=producer-7] Uncaught error in kafka producer I/O thread:  (org.apache.kafka.clients.producer.internals.Sender:242)
java.lang.IllegalStateException: No previous metadata update to use
	at org.apache.kafka.clients.MockClient$DefaultMockMetadataUpdater.updateWithCurrentMetadata(MockClient.java:631)
	at org.apache.kafka.clients.MockClient.poll(MockClient.java:284)
	at org.apache.kafka.clients.producer.internals.Sender.runOnce(Sender.java:325)
	at org.apache.kafka.clients.producer.internals.Sender.run(Sender.java:240)
	at java.lang.Thread.run(Thread.java:748)
[2022-09-03 18:40:39,030] ERROR [Producer clientId=producer-7] Uncaught error in kafka producer I/O thread:  (org.apache.kafka.clients.producer.internals.Sender:242)
java.lang.IllegalStateException: No previous metadata update to use
	at org.apache.kafka.clients.MockClient$DefaultMockMetadataUpdater.updateWithCurrentMetadata(MockClient.java:631)
	at org.apache.kafka.clients.MockClient.poll(MockClient.java:284)
	at org.apache.kafka.clients.producer.internals.Sender.runOnce(Sender.java:325)
	at org.apache.kafka.clients.producer.internals.Sender.run(Sender.java:240)
	at java.lang.Thread.run(Thread.java:748)
[2022-09-03 18:40:39,031] ERROR [Producer clientId=producer-7] Uncaught error in kafka producer I/O thread:  (org.apache.kafka.clients.producer.internals.Sender:242)
java.lang.IllegalStateException: No previous metadata update to use
	at org.apache.kafka.clients.MockClient$DefaultMockMetadataUpdater.updateWithCurrentMetadata(MockClient.java:631)
	at org.apache.kafka.clients.MockClient.poll(MockClient.java:284)
	at org.apache.kafka.clients.producer.internals.Sender.runOnce(Sender.java:325)
	at org.apache.kafka.clients.producer.internals.Sender.run(Sender.java:240)
	at java.lang.Thread.run(Thread.java:748)
[2022-09-03 18:40:39,031] ERROR [Producer clientId=producer-7] Uncaught error in kafka producer I/O thread:  (org.apache.kafka.clients.producer.internals.Sender:242)
java.lang.IllegalStateException: No previous metadata update to use
	at org.apache.kafka.clients.MockClient$DefaultMockMetadataUpdater.updateWithCurrentMetadata(MockClient.java:631)
	at org.apache.kafka.clients.MockClient.poll(MockClient.java:284)
	at org.apache.kafka.clients.producer.internals.Sender.runOnce(Sender.java:325)
	at org.apache.kafka.clients.producer.internals.Sender.run(Sender.java:240)
	at java.lang.Thread.run(Thread.java:748)
[2022-09-03 18:40:39,031] ERROR [Producer clientId=producer-7] Uncaught error in kafka producer I/O thread:  (org.apache.kafka.clients.producer.internals.Sender:242)
java.lang.IllegalStateException: No previous metadata update to use
	at org.apache.kafka.clients.MockClient$DefaultMockMetadataUpdater.updateWithCurrentMetadata(MockClient.java:631)
	at org.apache.kafka.clients.MockClient.poll(MockClient.java:284)
	at org.apache.kafka.clients.producer.internals.Sender.runOnce(Sender.java:325)
	at org.apache.kafka.clients.producer.internals.Sender.run(Sender.java:240)
	at java.lang.Thread.run(Thread.java:748)
[2022-09-03 18:40:39,031] ERROR [Producer clientId=producer-7] Uncaught error in kafka producer I/O thread:  (org.apache.kafka.clients.producer.internals.Sender:242)
java.lang.IllegalStateException: No previous metadata update to use
	at org.apache.kafka.clients.MockClient$DefaultMockMetadataUpdater.updateWithCurrentMetadata(MockClient.java:631)
	at org.apache.kafka.clients.MockClient.poll(MockClient.java:284)
	at org.apache.kafka.clients.producer.internals.Sender.runOnce(Sender.java:325)
	at org.apache.kafka.clients.producer.internals.Sender.run(Sender.java:240)
	at java.lang.Thread.run(Thread.java:748)
[2022-09-03 18:40:39,031] ERROR [Producer clientId=producer-7] Uncaught error in kafka producer I/O thread:  (org.apache.kafka.clients.producer.internals.Sender:242)
java.lang.IllegalStateException: No previous metadata update to use
	at org.apache.kafka.clients.MockClient$DefaultMockMetadataUpdater.updateWithCurrentMetadata(MockClient.java:631)
	at org.apache.kafka.clients.MockClient.poll(MockClient.java:284)
	at org.apache.kafka.clients.producer.internals.Sender.runOnce(Sender.java:325)
	at org.apache.kafka.clients.producer.internals.Sender.run(Sender.java:240)
	at java.lang.Thread.run(Thread.java:748)
[2022-09-03 18:40:39,031] ERROR [Producer clientId=producer-7] Uncaught error in kafka producer I/O thread:  (org.apache.kafka.clients.producer.internals.Sender:242)
java.lang.IllegalStateException: No previous metadata update to use
	at org.apache.kafka.clients.MockClient$DefaultMockMetadataUpdater.updateWithCurrentMetadata(MockClient.java:631)
	at org.apache.kafka.clients.MockClient.poll(MockClient.java:284)
	at org.apache.kafka.clients.producer.internals.Sender.runOnce(Sender.java:325)
	at org.apache.kafka.clients.producer.internals.Sender.run(Sender.java:240)
	at java.lang.Thread.run(Thread.java:748)
[2022-09-03 18:40:39,031] ERROR [Producer clientId=producer-7] Uncaught error in kafka producer I/O thread:  (org.apache.kafka.clients.producer.internals.Sender:242)
java.lang.IllegalStateException: No previous metadata update to use
	at org.apache.kafka.clients.MockClient$DefaultMockMetadataUpdater.updateWithCurrentMetadata(MockClient.java:631)
	at org.apache.kafka.clients.MockClient.poll(MockClient.java:284)
	at org.apache.kafka.clients.producer.internals.Sender.runOnce(Sender.java:325)
	at org.apache.kafka.clients.producer.internals.Sender.run(Sender.java:240)
	at java.lang.Thread.run(Thread.java:748)
[2022-09-03 18:40:39,031] ERROR [Producer clientId=producer-7] Uncaught error in kafka producer I/O thread:  (org.apache.kafka.clients.producer.internals.Sender:242)
java.lang.IllegalStateException: No previous metadata update to use
	at org.apache.kafka.clients.MockClient$DefaultMockMetadataUpdater.updateWithCurrentMetadata(MockClient.java:631)
	at org.apache.kafka.clients.MockClient.poll(MockClient.java:284)
	at org.apache.kafka.clients.producer.internals.Sender.runOnce(Sender.java:325)
	at org.apache.kafka.clients.producer.internals.Sender.run(Sender.java:240)
	at java.lang.Thread.run(Thread.java:748)
[2022-09-03 18:40:39,031] ERROR [Producer clientId=producer-7] Uncaught error in kafka producer I/O thread:  (org.apache.kafka.clients.producer.internals.Sender:242)
java.lang.IllegalStateException: No previous metadata update to use
	at org.apache.kafka.clients.MockClient$DefaultMockMetadataUpdater.updateWithCurrentMetadata(MockClient.java:631)
	at org.apache.kafka.clients.MockClient.poll(MockClient.java:284)
	at org.apache.kafka.clients.producer.internals.Sender.runOnce(Sender.java:325)
	at org.apache.kafka.clients.producer.internals.Sender.run(Sender.java:240)
	at java.lang.Thread.run(Thread.java:748)
[2022-09-03 18:40:39,031] ERROR [Producer clientId=producer-7] Uncaught error in kafka producer I/O thread:  (org.apache.kafka.clients.producer.internals.Sender:242)
java.lang.IllegalStateException: No previous metadata update to use
	at org.apache.kafka.clients.MockClient$DefaultMockMetadataUpdater.updateWithCurrentMetadata(MockClient.java:631)
	at org.apache.kafka.clients.MockClient.poll(MockClient.java:284)
	at org.apache.kafka.clients.producer.internals.Sender.runOnce(Sender.java:325)
	at org.apache.kafka.clients.producer.internals.Sender.run(Sender.java:240)
	at java.lang.Thread.run(Thread.java:748)
[2022-09-03 18:40:39,031] ERROR [Producer clientId=producer-7] Uncaught error in kafka producer I/O thread:  (org.apache.kafka.clients.producer.internals.Sender:242)
java.lang.IllegalStateException: No previous metadata update to use
	at org.apache.kafka.clients.MockClient$DefaultMockMetadataUpdater.updateWithCurrentMetadata(MockClient.java:631)
	at org.apache.kafka.clients.MockClient.poll(MockClient.java:284)
	at org.apache.kafka.clients.producer.internals.Sender.runOnce(Sender.java:325)
	at org.apache.kafka.clients.producer.internals.Sender.run(Sender.java:240)
	at java.lang.Thread.run(Thread.java:748)
[2022-09-03 18:40:39,031] ERROR [Producer clientId=producer-7] Uncaught error in kafka producer I/O thread:  (org.apache.kafka.clients.producer.internals.Sender:242)
java.lang.IllegalStateException: No previous metadata update to use
	at org.apache.kafka.clients.MockClient$DefaultMockMetadataUpdater.updateWithCurrentMetadata(MockClient.java:631)
	at org.apache.kafka.clients.MockClient.poll(MockClient.java:284)
	at org.apache.kafka.clients.producer.internals.Sender.runOnce(Sender.java:325)
	at org.apache.kafka.clients.producer.internals.Sender.run(Sender.java:240)
	at java.lang.Thread.run(Thread.java:748)
[2022-09-03 18:40:39,032] ERROR [Producer clientId=producer-7] Uncaught error in kafka producer I/O thread:  (org.apache.kafka.clients.producer.internals.Sender:242)
java.lang.IllegalStateException: No previous metadata update to use
	at org.apache.kafka.clients.MockClient$DefaultMockMetadataUpdater.updateWithCurrentMetadata(MockClient.java:631)
	at org.apache.kafka.clients.MockClient.poll(MockClient.java:284)
	at org.apache.kafka.clients.producer.internals.Sender.runOnce(Sender.java:325)
	at org.apache.kafka.clients.producer.internals.Sender.run(Sender.java:240)
	at java.lang.Thread.run(Thread.java:748)
[2022-09-03 18:40:39,032] ERROR [Producer clientId=producer-7] Uncaught error in kafka producer I/O thread:  (org.apache.kafka.clients.producer.internals.Sender:242)
java.lang.IllegalStateException: No previous metadata update to use
	at org.apache.kafka.clients.MockClient$DefaultMockMetadataUpdater.updateWithCurrentMetadata(MockClient.java:631)
	at org.apache.kafka.clients.MockClient.poll(MockClient.java:284)
	at org.apache.kafka.clients.producer.internals.Sender.runOnce(Sender.java:325)
	at org.apache.kafka.clients.producer.internals.Sender.run(Sender.java:240)
	at java.lang.Thread.run(Thread.java:748)
[2022-09-03 18:40:39,032] ERROR [Producer clientId=producer-7] Uncaught error in kafka producer I/O thread:  (org.apache.kafka.clients.producer.internals.Sender:242)
java.lang.IllegalStateException: No previous metadata update to use
	at org.apache.kafka.clients.MockClient$DefaultMockMetadataUpdater.updateWithCurrentMetadata(MockClient.java:631)
	at org.apache.kafka.clients.MockClient.poll(MockClient.java:284)
	at org.apache.kafka.clients.producer.internals.Sender.runOnce(Sender.java:325)
	at org.apache.kafka.clients.producer.internals.Sender.run(Sender.java:240)
	at java.lang.Thread.run(Thread.java:748)
[2022-09-03 18:40:39,032] ERROR [Producer clientId=producer-7] Uncaught error in kafka producer I/O thread:  (org.apache.kafka.clients.producer.internals.Sender:242)
java.lang.IllegalStateException: No previous metadata update to use
	at org.apache.kafka.clients.MockClient$DefaultMockMetadataUpdater.updateWithCurrentMetadata(MockClient.java:631)
	at org.apache.kafka.clients.MockClient.poll(MockClient.java:284)
	at org.apache.kafka.clients.producer.internals.Sender.runOnce(Sender.java:325)
	at org.apache.kafka.clients.producer.internals.Sender.run(Sender.java:240)
	at java.lang.Thread.run(Thread.java:748)
[2022-09-03 18:40:39,032] ERROR [Producer clientId=producer-7] Uncaught error in kafka producer I/O thread:  (org.apache.kafka.clients.producer.internals.Sender:242)
java.lang.IllegalStateException: No previous metadata update to use
	at org.apache.kafka.clients.MockClient$DefaultMockMetadataUpdater.updateWithCurrentMetadata(MockClient.java:631)
	at org.apache.kafka.clients.MockClient.poll(MockClient.java:284)
	at org.apache.kafka.clients.producer.internals.Sender.runOnce(Sender.java:325)
	at org.apache.kafka.clients.producer.internals.Sender.run(Sender.java:240)
	at java.lang.Thread.run(Thread.java:748)
[2022-09-03 18:40:39,032] ERROR [Producer clientId=producer-7] Uncaught error in kafka producer I/O thread:  (org.apache.kafka.clients.producer.internals.Sender:242)
java.lang.IllegalStateException: No previous metadata update to use
	at org.apache.kafka.clients.MockClient$DefaultMockMetadataUpdater.updateWithCurrentMetadata(MockClient.java:631)
	at org.apache.kafka.clients.MockClient.poll(MockClient.java:284)
	at org.apache.kafka.clients.producer.internals.Sender.runOnce(Sender.java:325)
	at org.apache.kafka.clients.producer.internals.Sender.run(Sender.java:240)
	at java.lang.Thread.run(Thread.java:748)
[2022-09-03 18:40:39,032] ERROR [Producer clientId=producer-7] Uncaught error in kafka producer I/O thread:  (org.apache.kafka.clients.producer.internals.Sender:242)
java.lang.IllegalStateException: No previous metadata update to use
	at org.apache.kafka.clients.MockClient$DefaultMockMetadataUpdater.updateWithCurrentMetadata(MockClient.java:631)
	at org.apache.kafka.clients.MockClient.poll(MockClient.java:284)
	at org.apache.kafka.clients.producer.internals.Sender.runOnce(Sender.java:325)
	at org.apache.kafka.clients.producer.internals.Sender.run(Sender.java:240)
	at java.lang.Thread.run(Thread.java:748)
[2022-09-03 18:40:39,032] ERROR [Producer clientId=producer-7] Uncaught error in kafka producer I/O thread:  (org.apache.kafka.clients.producer.internals.Sender:242)
java.lang.IllegalStateException: No previous metadata update to use
	at org.apache.kafka.clients.MockClient$DefaultMockMetadataUpdater.updateWithCurrentMetadata(MockClient.java:631)
	at org.apache.kafka.clients.MockClient.poll(MockClient.java:284)
	at org.apache.kafka.clients.producer.internals.Sender.runOnce(Sender.java:325)
	at org.apache.kafka.clients.producer.internals.Sender.run(Sender.java:240)
	at java.lang.Thread.run(Thread.java:748)
[2022-09-03 18:40:39,032] ERROR [Producer clientId=producer-7] Uncaught error in kafka producer I/O thread:  (org.apache.kafka.clients.producer.internals.Sender:242)
java.lang.IllegalStateException: No previous metadata update to use
	at org.apache.kafka.clients.MockClient$DefaultMockMetadataUpdater.updateWithCurrentMetadata(MockClient.java:631)
	at org.apache.kafka.clients.MockClient.poll(MockClient.java:284)
	at org.apache.kafka.clients.producer.internals.Sender.runOnce(Sender.java:325)
	at org.apache.kafka.clients.producer.internals.Sender.run(Sender.java:240)
	at java.lang.Thread.run(Thread.java:748)
[2022-09-03 18:40:39,032] ERROR [Producer clientId=producer-7] Uncaught error in kafka producer I/O thread:  (org.apache.kafka.clients.producer.internals.Sender:242)
java.lang.IllegalStateException: No previous metadata update to use
	at org.apache.kafka.clients.MockClient$DefaultMockMetadataUpdater.updateWithCurrentMetadata(MockClient.java:631)
	at org.apache.kafka.clients.MockClient.poll(MockClient.java:284)
	at org.apache.kafka.clients.producer.internals.Sender.runOnce(Sender.java:325)
	at org.apache.kafka.clients.producer.internals.Sender.run(Sender.java:240)
	at java.lang.Thread.run(Thread.java:748)
[2022-09-03 18:40:39,032] ERROR [Producer clientId=producer-7] Uncaught error in kafka producer I/O thread:  (org.apache.kafka.clients.producer.internals.Sender:242)
java.lang.IllegalStateException: No previous metadata update to use
	at org.apache.kafka.clients.MockClient$DefaultMockMetadataUpdater.updateWithCurrentMetadata(MockClient.java:631)
	at org.apache.kafka.clients.MockClient.poll(MockClient.java:284)
	at org.apache.kafka.clients.producer.internals.Sender.runOnce(Sender.java:325)
	at org.apache.kafka.clients.producer.internals.Sender.run(Sender.java:240)
	at java.lang.Thread.run(Thread.java:748)
[2022-09-03 18:40:39,032] ERROR [Producer clientId=producer-7] Uncaught error in kafka producer I/O thread:  (org.apache.kafka.clients.producer.internals.Sender:242)
java.lang.IllegalStateException: No previous metadata update to use
	at org.apache.kafka.clients.MockClient$DefaultMockMetadataUpdater.updateWithCurrentMetadata(MockClient.java:631)
	at org.apache.kafka.clients.MockClient.poll(MockClient.java:284)
	at org.apache.kafka.clients.producer.internals.Sender.runOnce(Sender.java:325)
	at org.apache.kafka.clients.producer.internals.Sender.run(Sender.java:240)
	at java.lang.Thread.run(Thread.java:748)
[2022-09-03 18:40:39,033] ERROR [Producer clientId=producer-7] Uncaught error in kafka producer I/O thread:  (org.apache.kafka.clients.producer.internals.Sender:242)
java.lang.IllegalStateException: No previous metadata update to use
	at org.apache.kafka.clients.MockClient$DefaultMockMetadataUpdater.updateWithCurrentMetadata(MockClient.java:631)
	at org.apache.kafka.clients.MockClient.poll(MockClient.java:284)
	at org.apache.kafka.clients.producer.internals.Sender.runOnce(Sender.java:325)
	at org.apache.kafka.clients.producer.internals.Sender.run(Sender.java:240)
	at java.lang.Thread.run(Thread.java:748)
[2022-09-03 18:40:39,033] ERROR [Producer clientId=producer-7] Uncaught error in kafka producer I/O thread:  (org.apache.kafka.clients.producer.internals.Sender:242)
java.lang.IllegalStateException: No previous metadata update to use
	at org.apache.kafka.clients.MockClient$DefaultMockMetadataUpdater.updateWithCurrentMetadata(MockClient.java:631)
	at org.apache.kafka.clients.MockClient.poll(MockClient.java:284)
	at org.apache.kafka.clients.producer.internals.Sender.runOnce(Sender.java:325)
	at org.apache.kafka.clients.producer.internals.Sender.run(Sender.java:240)
	at java.lang.Thread.run(Thread.java:748)
[2022-09-03 18:40:39,033] ERROR [Producer clientId=producer-7] Uncaught error in kafka producer I/O thread:  (org.apache.kafka.clients.producer.internals.Sender:242)
java.lang.IllegalStateException: No previous metadata update to use
	at org.apache.kafka.clients.MockClient$DefaultMockMetadataUpdater.updateWithCurrentMetadata(MockClient.java:631)
	at org.apache.kafka.clients.MockClient.poll(MockClient.java:284)
	at org.apache.kafka.clients.producer.internals.Sender.runOnce(Sender.java:325)
	at org.apache.kafka.clients.producer.internals.Sender.run(Sender.java:240)
	at java.lang.Thread.run(Thread.java:748)
[2022-09-03 18:40:39,033] ERROR [Producer clientId=producer-7] Uncaught error in kafka producer I/O thread:  (org.apache.kafka.clients.producer.internals.Sender:242)
java.lang.IllegalStateException: No previous metadata update to use
	at org.apache.kafka.clients.MockClient$DefaultMockMetadataUpdater.updateWithCurrentMetadata(MockClient.java:631)
	at org.apache.kafka.clients.MockClient.poll(MockClient.java:284)
	at org.apache.kafka.clients.producer.internals.Sender.runOnce(Sender.java:325)
	at org.apache.kafka.clients.producer.internals.Sender.run(Sender.java:240)
	at java.lang.Thread.run(Thread.java:748)
[2022-09-03 18:40:39,033] ERROR [Producer clientId=producer-7] Uncaught error in kafka producer I/O thread:  (org.apache.kafka.clients.producer.internals.Sender:242)
java.lang.IllegalStateException: No previous metadata update to use
	at org.apache.kafka.clients.MockClient$DefaultMockMetadataUpdater.updateWithCurrentMetadata(MockClient.java:631)
	at org.apache.kafka.clients.MockClient.poll(MockClient.java:284)
	at org.apache.kafka.clients.producer.internals.Sender.runOnce(Sender.java:325)
	at org.apache.kafka.clients.producer.internals.Sender.run(Sender.java:240)
	at java.lang.Thread.run(Thread.java:748)
[2022-09-03 18:40:39,033] ERROR [Producer clientId=producer-7] Uncaught error in kafka producer I/O thread:  (org.apache.kafka.clients.producer.internals.Sender:242)
java.lang.IllegalStateException: No previous metadata update to use
	at org.apache.kafka.clients.MockClient$DefaultMockMetadataUpdater.updateWithCurrentMetadata(MockClient.java:631)
	at org.apache.kafka.clients.MockClient.poll(MockClient.java:284)
	at org.apache.kafka.clients.producer.internals.Sender.runOnce(Sender.java:325)
	at org.apache.kafka.clients.producer.internals.Sender.run(Sender.java:240)
	at java.lang.Thread.run(Thread.java:748)
[2022-09-03 18:40:39,033] ERROR [Producer clientId=producer-7] Uncaught error in kafka producer I/O thread:  (org.apache.kafka.clients.producer.internals.Sender:242)
java.lang.IllegalStateException: No previous metadata update to use
	at org.apache.kafka.clients.MockClient$DefaultMockMetadataUpdater.updateWithCurrentMetadata(MockClient.java:631)
	at org.apache.kafka.clients.MockClient.poll(MockClient.java:284)
	at org.apache.kafka.clients.producer.internals.Sender.runOnce(Sender.java:325)
	at org.apache.kafka.clients.producer.internals.Sender.run(Sender.java:240)
	at java.lang.Thread.run(Thread.java:748)
[2022-09-03 18:40:39,033] ERROR [Producer clientId=producer-7] Uncaught error in kafka producer I/O thread:  (org.apache.kafka.clients.producer.internals.Sender:242)
java.lang.IllegalStateException: No previous metadata update to use
	at org.apache.kafka.clients.MockClient$DefaultMockMetadataUpdater.updateWithCurrentMetadata(MockClient.java:631)
	at org.apache.kafka.clients.MockClient.poll(MockClient.java:284)
	at org.apache.kafka.clients.producer.internals.Sender.runOnce(Sender.java:325)
	at org.apache.kafka.clients.producer.internals.Sender.run(Sender.java:240)
	at java.lang.Thread.run(Thread.java:748)
[2022-09-03 18:40:39,033] ERROR [Producer clientId=producer-7] Uncaught error in kafka producer I/O thread:  (org.apache.kafka.clients.producer.internals.Sender:242)
java.lang.IllegalStateException: No previous metadata update to use
	at org.apache.kafka.clients.MockClient$DefaultMockMetadataUpdater.updateWithCurrentMetadata(MockClient.java:631)
	at org.apache.kafka.clients.MockClient.poll(MockClient.java:284)
	at org.apache.kafka.clients.producer.internals.Sender.runOnce(Sender.java:325)
	at org.apache.kafka.clients.producer.internals.Sender.run(Sender.java:240)
	at java.lang.Thread.run(Thread.java:748)
[2022-09-03 18:40:39,033] ERROR [Producer clientId=producer-7] Uncaught error in kafka producer I/O thread:  (org.apache.kafka.clients.producer.internals.Sender:242)
java.lang.IllegalStateException: No previous metadata update to use
	at org.apache.kafka.clients.MockClient$DefaultMockMetadataUpdater.updateWithCurrentMetadata(MockClient.java:631)
	at org.apache.kafka.clients.MockClient.poll(MockClient.java:284)
	at org.apache.kafka.clients.producer.internals.Sender.runOnce(Sender.java:325)
	at org.apache.kafka.clients.producer.internals.Sender.run(Sender.java:240)
	at java.lang.Thread.run(Thread.java:748)
[2022-09-03 18:40:39,033] ERROR [Producer clientId=producer-7] Uncaught error in kafka producer I/O thread:  (org.apache.kafka.clients.producer.internals.Sender:242)
java.lang.IllegalStateException: No previous metadata update to use
	at org.apache.kafka.clients.MockClient$DefaultMockMetadataUpdater.updateWithCurrentMetadata(MockClient.java:631)
	at org.apache.kafka.clients.MockClient.poll(MockClient.java:284)
	at org.apache.kafka.clients.producer.internals.Sender.runOnce(Sender.java:325)
	at org.apache.kafka.clients.producer.internals.Sender.run(Sender.java:240)
	at java.lang.Thread.run(Thread.java:748)
[2022-09-03 18:40:39,033] ERROR [Producer clientId=producer-7] Uncaught error in kafka producer I/O thread:  (org.apache.kafka.clients.producer.internals.Sender:242)
java.lang.IllegalStateException: No previous metadata update to use
	at org.apache.kafka.clients.MockClient$DefaultMockMetadataUpdater.updateWithCurrentMetadata(MockClient.java:631)
	at org.apache.kafka.clients.MockClient.poll(MockClient.java:284)
	at org.apache.kafka.clients.producer.internals.Sender.runOnce(Sender.java:325)
	at org.apache.kafka.clients.producer.internals.Sender.run(Sender.java:240)
	at java.lang.Thread.run(Thread.java:748)
[2022-09-03 18:40:39,034] ERROR [Producer clientId=producer-7] Uncaught error in kafka producer I/O thread:  (org.apache.kafka.clients.producer.internals.Sender:242)
java.lang.IllegalStateException: No previous metadata update to use
	at org.apache.kafka.clients.MockClient$DefaultMockMetadataUpdater.updateWithCurrentMetadata(MockClient.java:631)
	at org.apache.kafka.clients.MockClient.poll(MockClient.java:284)
	at org.apache.kafka.clients.producer.internals.Sender.runOnce(Sender.java:325)
	at org.apache.kafka.clients.producer.internals.Sender.run(Sender.java:240)
	at java.lang.Thread.run(Thread.java:748)
[2022-09-03 18:40:39,034] ERROR [Producer clientId=producer-7] Uncaught error in kafka producer I/O thread:  (org.apache.kafka.clients.producer.internals.Sender:242)
java.lang.IllegalStateException: No previous metadata update to use
	at org.apache.kafka.clients.MockClient$DefaultMockMetadataUpdater.updateWithCurrentMetadata(MockClient.java:631)
	at org.apache.kafka.clients.MockClient.poll(MockClient.java:284)
	at org.apache.kafka.clients.producer.internals.Sender.runOnce(Sender.java:325)
	at org.apache.kafka.clients.producer.internals.Sender.run(Sender.java:240)
	at java.lang.Thread.run(Thread.java:748)
[2022-09-03 18:40:39,034] ERROR [Producer clientId=producer-7] Uncaught error in kafka producer I/O thread:  (org.apache.kafka.clients.producer.internals.Sender:242)
java.lang.IllegalStateException: No previous metadata update to use
	at org.apache.kafka.clients.MockClient$DefaultMockMetadataUpdater.updateWithCurrentMetadata(MockClient.java:631)
	at org.apache.kafka.clients.MockClient.poll(MockClient.java:284)
	at org.apache.kafka.clients.producer.internals.Sender.runOnce(Sender.java:325)
	at org.apache.kafka.clients.producer.internals.Sender.run(Sender.java:240)
	at java.lang.Thread.run(Thread.java:748)
[2022-09-03 18:40:39,034] ERROR [Producer clientId=producer-7] Uncaught error in kafka producer I/O thread:  (org.apache.kafka.clients.producer.internals.Sender:242)
java.lang.IllegalStateException: No previous metadata update to use
	at org.apache.kafka.clients.MockClient$DefaultMockMetadataUpdater.updateWithCurrentMetadata(MockClient.java:631)
	at org.apache.kafka.clients.MockClient.poll(MockClient.java:284)
	at org.apache.kafka.clients.producer.internals.Sender.runOnce(Sender.java:325)
	at org.apache.kafka.clients.producer.internals.Sender.run(Sender.java:240)
	at java.lang.Thread.run(Thread.java:748)
[2022-09-03 18:40:39,034] ERROR [Producer clientId=producer-7] Uncaught error in kafka producer I/O thread:  (org.apache.kafka.clients.producer.internals.Sender:242)
java.lang.IllegalStateException: No previous metadata update to use
	at org.apache.kafka.clients.MockClient$DefaultMockMetadataUpdater.updateWithCurrentMetadata(MockClient.java:631)
	at org.apache.kafka.clients.MockClient.poll(MockClient.java:284)
	at org.apache.kafka.clients.producer.internals.Sender.runOnce(Sender.java:325)
	at org.apache.kafka.clients.producer.internals.Sender.run(Sender.java:240)
	at java.lang.Thread.run(Thread.java:748)
[2022-09-03 18:40:39,034] ERROR [Producer clientId=producer-7] Uncaught error in kafka producer I/O thread:  (org.apache.kafka.clients.producer.internals.Sender:242)
java.lang.IllegalStateException: No previous metadata update to use
	at org.apache.kafka.clients.MockClient$DefaultMockMetadataUpdater.updateWithCurrentMetadata(MockClient.java:631)
	at org.apache.kafka.clients.MockClient.poll(MockClient.java:284)
	at org.apache.kafka.clients.producer.internals.Sender.runOnce(Sender.java:325)
	at org.apache.kafka.clients.producer.internals.Sender.run(Sender.java:240)
	at java.lang.Thread.run(Thread.java:748)
[2022-09-03 18:40:39,034] ERROR [Producer clientId=producer-7] Uncaught error in kafka producer I/O thread:  (org.apache.kafka.clients.producer.internals.Sender:242)
java.lang.IllegalStateException: No previous metadata update to use
	at org.apache.kafka.clients.MockClient$DefaultMockMetadataUpdater.updateWithCurrentMetadata(MockClient.java:631)
	at org.apache.kafka.clients.MockClient.poll(MockClient.java:284)
	at org.apache.kafka.clients.producer.internals.Sender.runOnce(Sender.java:325)
	at org.apache.kafka.clients.producer.internals.Sender.run(Sender.java:240)
	at java.lang.Thread.run(Thread.java:748)
[2022-09-03 18:40:39,034] ERROR [Producer clientId=producer-7] Uncaught error in kafka producer I/O thread:  (org.apache.kafka.clients.producer.internals.Sender:242)
java.lang.IllegalStateException: No previous metadata update to use
	at org.apache.kafka.clients.MockClient$DefaultMockMetadataUpdater.updateWithCurrentMetadata(MockClient.java:631)
	at org.apache.kafka.clients.MockClient.poll(MockClient.java:284)
	at org.apache.kafka.clients.producer.internals.Sender.runOnce(Sender.java:325)
	at org.apache.kafka.clients.producer.internals.Sender.run(Sender.java:240)
	at java.lang.Thread.run(Thread.java:748)
[2022-09-03 18:40:39,034] ERROR [Producer clientId=producer-7] Uncaught error in kafka producer I/O thread:  (org.apache.kafka.clients.producer.internals.Sender:242)
java.lang.IllegalStateException: No previous metadata update to use
	at org.apache.kafka.clients.MockClient$DefaultMockMetadataUpdater.updateWithCurrentMetadata(MockClient.java:631)
	at org.apache.kafka.clients.MockClient.poll(MockClient.java:284)
	at org.apache.kafka.clients.producer.internals.Sender.runOnce(Sender.java:325)
	at org.apache.kafka.clients.producer.internals.Sender.run(Sender.java:240)
	at java.lang.Thread.run(Thread.java:748)
[2022-09-03 18:40:39,034] ERROR [Producer clientId=producer-7] Uncaught error in kafka producer I/O thread:  (org.apache.kafka.clients.producer.internals.Sender:242)
java.lang.IllegalStateException: No previous metadata update to use
	at org.apache.kafka.clients.MockClient$DefaultMockMetadataUpdater.updateWithCurrentMetadata(MockClient.java:631)
	at org.apache.kafka.clients.MockClient.poll(MockClient.java:284)
	at org.apache.kafka.clients.producer.internals.Sender.runOnce(Sender.java:325)
	at org.apache.kafka.clients.producer.internals.Sender.run(Sender.java:240)
	at java.lang.Thread.run(Thread.java:748)
[2022-09-03 18:40:39,034] ERROR [Producer clientId=producer-7] Uncaught error in kafka producer I/O thread:  (org.apache.kafka.clients.producer.internals.Sender:242)
java.lang.IllegalStateException: No previous metadata update to use
	at org.apache.kafka.clients.MockClient$DefaultMockMetadataUpdater.updateWithCurrentMetadata(MockClient.java:631)
	at org.apache.kafka.clients.MockClient.poll(MockClient.java:284)
	at org.apache.kafka.clients.producer.internals.Sender.runOnce(Sender.java:325)
	at org.apache.kafka.clients.producer.internals.Sender.run(Sender.java:240)
	at java.lang.Thread.run(Thread.java:748)
[2022-09-03 18:40:39,034] ERROR [Producer clientId=producer-7] Uncaught error in kafka producer I/O thread:  (org.apache.kafka.clients.producer.internals.Sender:242)
java.lang.IllegalStateException: No previous metadata update to use
	at org.apache.kafka.clients.MockClient$DefaultMockMetadataUpdater.updateWithCurrentMetadata(MockClient.java:631)
	at org.apache.kafka.clients.MockClient.poll(MockClient.java:284)
	at org.apache.kafka.clients.producer.internals.Sender.runOnce(Sender.java:325)
	at org.apache.kafka.clients.producer.internals.Sender.run(Sender.java:240)
	at java.lang.Thread.run(Thread.java:748)
[2022-09-03 18:40:39,034] ERROR [Producer clientId=producer-7] Uncaught error in kafka producer I/O thread:  (org.apache.kafka.clients.producer.internals.Sender:242)
java.lang.IllegalStateException: No previous metadata update to use
	at org.apache.kafka.clients.MockClient$DefaultMockMetadataUpdater.updateWithCurrentMetadata(MockClient.java:631)
	at org.apache.kafka.clients.MockClient.poll(MockClient.java:284)
	at org.apache.kafka.clients.producer.internals.Sender.runOnce(Sender.java:325)
	at org.apache.kafka.clients.producer.internals.Sender.run(Sender.java:240)
	at java.lang.Thread.run(Thread.java:748)
[2022-09-03 18:40:39,035] ERROR [Producer clientId=producer-7] Uncaught error in kafka producer I/O thread:  (org.apache.kafka.clients.producer.internals.Sender:242)
java.lang.IllegalStateException: No previous metadata update to use
	at org.apache.kafka.clients.MockClient$DefaultMockMetadataUpdater.updateWithCurrentMetadata(MockClient.java:631)
	at org.apache.kafka.clients.MockClient.poll(MockClient.java:284)
	at org.apache.kafka.clients.producer.internals.Sender.runOnce(Sender.java:325)
	at org.apache.kafka.clients.producer.internals.Sender.run(Sender.java:240)
	at java.lang.Thread.run(Thread.java:748)
[2022-09-03 18:40:39,035] ERROR [Producer clientId=producer-7] Uncaught error in kafka producer I/O thread:  (org.apache.kafka.clients.producer.internals.Sender:242)
java.lang.IllegalStateException: No previous metadata update to use
	at org.apache.kafka.clients.MockClient$DefaultMockMetadataUpdater.updateWithCurrentMetadata(MockClient.java:631)
	at org.apache.kafka.clients.MockClient.poll(MockClient.java:284)
	at org.apache.kafka.clients.producer.internals.Sender.runOnce(Sender.java:325)
	at org.apache.kafka.clients.producer.internals.Sender.run(Sender.java:240)
	at java.lang.Thread.run(Thread.java:748)
[2022-09-03 18:40:39,035] ERROR [Producer clientId=producer-7] Uncaught error in kafka producer I/O thread:  (org.apache.kafka.clients.producer.internals.Sender:242)
java.lang.IllegalStateException: No previous metadata update to use
	at org.apache.kafka.clients.MockClient$DefaultMockMetadataUpdater.updateWithCurrentMetadata(MockClient.java:631)
	at org.apache.kafka.clients.MockClient.poll(MockClient.java:284)
	at org.apache.kafka.clients.producer.internals.Sender.runOnce(Sender.java:325)
	at org.apache.kafka.clients.producer.internals.Sender.run(Sender.java:240)
	at java.lang.Thread.run(Thread.java:748)
[2022-09-03 18:40:39,035] ERROR [Producer clientId=producer-7] Uncaught error in kafka producer I/O thread:  (org.apache.kafka.clients.producer.internals.Sender:242)
java.lang.IllegalStateException: No previous metadata update to use
	at org.apache.kafka.clients.MockClient$DefaultMockMetadataUpdater.updateWithCurrentMetadata(MockClient.java:631)
	at org.apache.kafka.clients.MockClient.poll(MockClient.java:284)
	at org.apache.kafka.clients.producer.internals.Sender.runOnce(Sender.java:325)
	at org.apache.kafka.clients.producer.internals.Sender.run(Sender.java:240)
	at java.lang.Thread.run(Thread.java:748)
[2022-09-03 18:40:39,035] ERROR [Producer clientId=producer-7] Uncaught error in kafka producer I/O thread:  (org.apache.kafka.clients.producer.internals.Sender:242)
java.lang.IllegalStateException: No previous metadata update to use
	at org.apache.kafka.clients.MockClient$DefaultMockMetadataUpdater.updateWithCurrentMetadata(MockClient.java:631)
	at org.apache.kafka.clients.MockClient.poll(MockClient.java:284)
	at org.apache.kafka.clients.producer.internals.Sender.runOnce(Sender.java:325)
	at org.apache.kafka.clients.producer.internals.Sender.run(Sender.java:240)
	at java.lang.Thread.run(Thread.java:748)
[2022-09-03 18:40:39,035] ERROR [Producer clientId=producer-7] Uncaught error in kafka producer I/O thread:  (org.apache.kafka.clients.producer.internals.Sender:242)
java.lang.IllegalStateException: No previous metadata update to use
	at org.apache.kafka.clients.MockClient$DefaultMockMetadataUpdater.updateWithCurrentMetadata(MockClient.java:631)
	at org.apache.kafka.clients.MockClient.poll(MockClient.java:284)
	at org.apache.kafka.clients.producer.internals.Sender.runOnce(Sender.java:325)
	at org.apache.kafka.clients.producer.internals.Sender.run(Sender.java:240)
	at java.lang.Thread.run(Thread.java:748)
[2022-09-03 18:40:39,035] ERROR [Producer clientId=producer-7] Uncaught error in kafka producer I/O thread:  (org.apache.kafka.clients.producer.internals.Sender:242)
java.lang.IllegalStateException: No previous metadata update to use
	at org.apache.kafka.clients.MockClient$DefaultMockMetadataUpdater.updateWithCurrentMetadata(MockClient.java:631)
	at org.apache.kafka.clients.MockClient.poll(MockClient.java:284)
	at org.apache.kafka.clients.producer.internals.Sender.runOnce(Sender.java:325)
	at org.apache.kafka.clients.producer.internals.Sender.run(Sender.java:240)
	at java.lang.Thread.run(Thread.java:748)
[2022-09-03 18:40:39,035] ERROR [Producer clientId=producer-7] Uncaught error in kafka producer I/O thread:  (org.apache.kafka.clients.producer.internals.Sender:242)
java.lang.IllegalStateException: No previous metadata update to use
	at org.apache.kafka.clients.MockClient$DefaultMockMetadataUpdater.updateWithCurrentMetadata(MockClient.java:631)
	at org.apache.kafka.clients.MockClient.poll(MockClient.java:284)
	at org.apache.kafka.clients.producer.internals.Sender.runOnce(Sender.java:325)
	at org.apache.kafka.clients.producer.internals.Sender.run(Sender.java:240)
	at java.lang.Thread.run(Thread.java:748)
[2022-09-03 18:40:39,035] ERROR [Producer clientId=producer-7] Uncaught error in kafka producer I/O thread:  (org.apache.kafka.clients.producer.internals.Sender:242)
java.lang.IllegalStateException: No previous metadata update to use
	at org.apache.kafka.clients.MockClient$DefaultMockMetadataUpdater.updateWithCurrentMetadata(MockClient.java:631)
	at org.apache.kafka.clients.MockClient.poll(MockClient.java:284)
	at org.apache.kafka.clients.producer.internals.Sender.runOnce(Sender.java:325)
	at org.apache.kafka.clients.producer.internals.Sender.run(Sender.java:240)
	at java.lang.Thread.run(Thread.java:748)
[2022-09-03 18:40:39,035] ERROR [Producer clientId=producer-7] Uncaught error in kafka producer I/O thread:  (org.apache.kafka.clients.producer.internals.Sender:242)
java.lang.IllegalStateException: No previous metadata update to use
	at org.apache.kafka.clients.MockClient$DefaultMockMetadataUpdater.updateWithCurrentMetadata(MockClient.java:631)
	at org.apache.kafka.clients.MockClient.poll(MockClient.java:284)
	at org.apache.kafka.clients.producer.internals.Sender.runOnce(Sender.java:325)
	at org.apache.kafka.clients.producer.internals.Sender.run(Sender.java:240)
	at java.lang.Thread.run(Thread.java:748)
[2022-09-03 18:40:39,035] ERROR [Producer clientId=producer-7] Uncaught error in kafka producer I/O thread:  (org.apache.kafka.clients.producer.internals.Sender:242)
java.lang.IllegalStateException: No previous metadata update to use
	at org.apache.kafka.clients.MockClient$DefaultMockMetadataUpdater.updateWithCurrentMetadata(MockClient.java:631)
	at org.apache.kafka.clients.MockClient.poll(MockClient.java:284)
	at org.apache.kafka.clients.producer.internals.Sender.runOnce(Sender.java:325)
	at org.apache.kafka.clients.producer.internals.Sender.run(Sender.java:240)
	at java.lang.Thread.run(Thread.java:748)
[2022-09-03 18:40:39,035] ERROR [Producer clientId=producer-7] Uncaught error in kafka producer I/O thread:  (org.apache.kafka.clients.producer.internals.Sender:242)
java.lang.IllegalStateException: No previous metadata update to use
	at org.apache.kafka.clients.MockClient$DefaultMockMetadataUpdater.updateWithCurrentMetadata(MockClient.java:631)
	at org.apache.kafka.clients.MockClient.poll(MockClient.java:284)
	at org.apache.kafka.clients.producer.internals.Sender.runOnce(Sender.java:325)
	at org.apache.kafka.clients.producer.internals.Sender.run(Sender.java:240)
	at java.lang.Thread.run(Thread.java:748)
[2022-09-03 18:40:39,036] ERROR [Producer clientId=producer-7] Uncaught error in kafka producer I/O thread:  (org.apache.kafka.clients.producer.internals.Sender:242)
java.lang.IllegalStateException: No previous metadata update to use
	at org.apache.kafka.clients.MockClient$DefaultMockMetadataUpdater.updateWithCurrentMetadata(MockClient.java:631)
	at org.apache.kafka.clients.MockClient.poll(MockClient.java:284)
	at org.apache.kafka.clients.producer.internals.Sender.runOnce(Sender.java:325)
	at org.apache.kafka.clients.producer.internals.Sender.run(Sender.java:240)
	at java.lang.Thread.run(Thread.java:748)
[2022-09-03 18:40:39,036] ERROR [Producer clientId=producer-7] Uncaught error in kafka producer I/O thread:  (org.apache.kafka.clients.producer.internals.Sender:242)
java.lang.IllegalStateException: No previous metadata update to use
	at org.apache.kafka.clients.MockClient$DefaultMockMetadataUpdater.updateWithCurrentMetadata(MockClient.java:631)
	at org.apache.kafka.clients.MockClient.poll(MockClient.java:284)
	at org.apache.kafka.clients.producer.internals.Sender.runOnce(Sender.java:325)
	at org.apache.kafka.clients.producer.internals.Sender.run(Sender.java:240)
	at java.lang.Thread.run(Thread.java:748)
[2022-09-03 18:40:39,036] ERROR [Producer clientId=producer-7] Uncaught error in kafka producer I/O thread:  (org.apache.kafka.clients.producer.internals.Sender:242)
java.lang.IllegalStateException: No previous metadata update to use
	at org.apache.kafka.clients.MockClient$DefaultMockMetadataUpdater.updateWithCurrentMetadata(MockClient.java:631)
	at org.apache.kafka.clients.MockClient.poll(MockClient.java:284)
	at org.apache.kafka.clients.producer.internals.Sender.runOnce(Sender.java:325)
	at org.apache.kafka.clients.producer.internals.Sender.run(Sender.java:240)
	at java.lang.Thread.run(Thread.java:748)
[2022-09-03 18:40:39,036] ERROR [Producer clientId=producer-7] Uncaught error in kafka producer I/O thread:  (org.apache.kafka.clients.producer.internals.Sender:242)
java.lang.IllegalStateException: No previous metadata update to use
	at org.apache.kafka.clients.MockClient$DefaultMockMetadataUpdater.updateWithCurrentMetadata(MockClient.java:631)
	at org.apache.kafka.clients.MockClient.poll(MockClient.java:284)
	at org.apache.kafka.clients.producer.internals.Sender.runOnce(Sender.java:325)
	at org.apache.kafka.clients.producer.internals.Sender.run(Sender.java:240)
	at java.lang.Thread.run(Thread.java:748)
[2022-09-03 18:40:39,036] ERROR [Producer clientId=producer-7] Uncaught error in kafka producer I/O thread:  (org.apache.kafka.clients.producer.internals.Sender:242)
java.lang.IllegalStateException: No previous metadata update to use
	at org.apache.kafka.clients.MockClient$DefaultMockMetadataUpdater.updateWithCurrentMetadata(MockClient.java:631)
	at org.apache.kafka.clients.MockClient.poll(MockClient.java:284)
	at org.apache.kafka.clients.producer.internals.Sender.runOnce(Sender.java:325)
	at org.apache.kafka.clients.producer.internals.Sender.run(Sender.java:240)
	at java.lang.Thread.run(Thread.java:748)
[2022-09-03 18:40:39,036] ERROR [Producer clientId=producer-7] Uncaught error in kafka producer I/O thread:  (org.apache.kafka.clients.producer.internals.Sender:242)
java.lang.IllegalStateException: No previous metadata update to use
	at org.apache.kafka.clients.MockClient$DefaultMockMetadataUpdater.updateWithCurrentMetadata(MockClient.java:631)
	at org.apache.kafka.clients.MockClient.poll(MockClient.java:284)
	at org.apache.kafka.clients.producer.internals.Sender.runOnce(Sender.java:325)
	at org.apache.kafka.clients.producer.internals.Sender.run(Sender.java:240)
	at java.lang.Thread.run(Thread.java:748)
[2022-09-03 18:40:39,036] ERROR [Producer clientId=producer-7] Uncaught error in kafka producer I/O thread:  (org.apache.kafka.clients.producer.internals.Sender:242)
java.lang.IllegalStateException: No previous metadata update to use
	at org.apache.kafka.clients.MockClient$DefaultMockMetadataUpdater.updateWithCurrentMetadata(MockClient.java:631)
	at org.apache.kafka.clients.MockClient.poll(MockClient.java:284)
	at org.apache.kafka.clients.producer.internals.Sender.runOnce(Sender.java:325)
	at org.apache.kafka.clients.producer.internals.Sender.run(Sender.java:240)
	at java.lang.Thread.run(Thread.java:748)
[2022-09-03 18:40:39,036] ERROR [Producer clientId=producer-7] Uncaught error in kafka producer I/O thread:  (org.apache.kafka.clients.producer.internals.Sender:242)
java.lang.IllegalStateException: No previous metadata update to use
	at org.apache.kafka.clients.MockClient$DefaultMockMetadataUpdater.updateWithCurrentMetadata(MockClient.java:631)
	at org.apache.kafka.clients.MockClient.poll(MockClient.java:284)
	at org.apache.kafka.clients.producer.internals.Sender.runOnce(Sender.java:325)
	at org.apache.kafka.clients.producer.internals.Sender.run(Sender.java:240)
	at java.lang.Thread.run(Thread.java:748)
[2022-09-03 18:40:39,036] ERROR [Producer clientId=producer-7] Uncaught error in kafka producer I/O thread:  (org.apache.kafka.clients.producer.internals.Sender:242)
java.lang.IllegalStateException: No previous metadata update to use
	at org.apache.kafka.clients.MockClient$DefaultMockMetadataUpdater.updateWithCurrentMetadata(MockClient.java:631)
	at org.apache.kafka.clients.MockClient.poll(MockClient.java:284)
	at org.apache.kafka.clients.producer.internals.Sender.runOnce(Sender.java:325)
	at org.apache.kafka.clients.producer.internals.Sender.run(Sender.java:240)
	at java.lang.Thread.run(Thread.java:748)
[2022-09-03 18:40:39,036] ERROR [Producer clientId=producer-7] Uncaught error in kafka producer I/O thread:  (org.apache.kafka.clients.producer.internals.Sender:242)
java.lang.IllegalStateException: No previous metadata update to use
	at org.apache.kafka.clients.MockClient$DefaultMockMetadataUpdater.updateWithCurrentMetadata(MockClient.java:631)
	at org.apache.kafka.clients.MockClient.poll(MockClient.java:284)
	at org.apache.kafka.clients.producer.internals.Sender.runOnce(Sender.java:325)
	at org.apache.kafka.clients.producer.internals.Sender.run(Sender.java:240)
	at java.lang.Thread.run(Thread.java:748)
[2022-09-03 18:40:39,036] ERROR [Producer clientId=producer-7] Uncaught error in kafka producer I/O thread:  (org.apache.kafka.clients.producer.internals.Sender:242)
java.lang.IllegalStateException: No previous metadata update to use
	at org.apache.kafka.clients.MockClient$DefaultMockMetadataUpdater.updateWithCurrentMetadata(MockClient.java:631)
	at org.apache.kafka.clients.MockClient.poll(MockClient.java:284)
	at org.apache.kafka.clients.producer.internals.Sender.runOnce(Sender.java:325)
	at org.apache.kafka.clients.producer.internals.Sender.run(Sender.java:240)
	at java.lang.Thread.run(Thread.java:748)
[2022-09-03 18:40:39,037] ERROR [Producer clientId=producer-7] Uncaught error in kafka producer I/O thread:  (org.apache.kafka.clients.producer.internals.Sender:242)
java.lang.IllegalStateException: No previous metadata update to use
	at org.apache.kafka.clients.MockClient$DefaultMockMetadataUpdater.updateWithCurrentMetadata(MockClient.java:631)
	at org.apache.kafka.clients.MockClient.poll(MockClient.java:284)
	at org.apache.kafka.clients.producer.internals.Sender.runOnce(Sender.java:325)
	at org.apache.kafka.clients.producer.internals.Sender.run(Sender.java:240)
	at java.lang.Thread.run(Thread.java:748)
[2022-09-03 18:40:39,037] ERROR [Producer clientId=producer-7] Uncaught error in kafka producer I/O thread:  (org.apache.kafka.clients.producer.internals.Sender:242)
java.lang.IllegalStateException: No previous metadata update to use
	at org.apache.kafka.clients.MockClient$DefaultMockMetadataUpdater.updateWithCurrentMetadata(MockClient.java:631)
	at org.apache.kafka.clients.MockClient.poll(MockClient.java:284)
	at org.apache.kafka.clients.producer.internals.Sender.runOnce(Sender.java:325)
	at org.apache.kafka.clients.producer.internals.Sender.run(Sender.java:240)
	at java.lang.Thread.run(Thread.java:748)
[2022-09-03 18:40:39,037] ERROR [Producer clientId=producer-7] Uncaught error in kafka producer I/O thread:  (org.apache.kafka.clients.producer.internals.Sender:242)
java.lang.IllegalStateException: No previous metadata update to use
	at org.apache.kafka.clients.MockClient$DefaultMockMetadataUpdater.updateWithCurrentMetadata(MockClient.java:631)
	at org.apache.kafka.clients.MockClient.poll(MockClient.java:284)
	at org.apache.kafka.clients.producer.internals.Sender.runOnce(Sender.java:325)
	at org.apache.kafka.clients.producer.internals.Sender.run(Sender.java:240)
	at java.lang.Thread.run(Thread.java:748)
[2022-09-03 18:40:39,037] ERROR [Producer clientId=producer-7] Uncaught error in kafka producer I/O thread:  (org.apache.kafka.clients.producer.internals.Sender:242)
java.lang.IllegalStateException: No previous metadata update to use
	at org.apache.kafka.clients.MockClient$DefaultMockMetadataUpdater.updateWithCurrentMetadata(MockClient.java:631)
	at org.apache.kafka.clients.MockClient.poll(MockClient.java:284)
	at org.apache.kafka.clients.producer.internals.Sender.runOnce(Sender.java:325)
	at org.apache.kafka.clients.producer.internals.Sender.run(Sender.java:240)
	at java.lang.Thread.run(Thread.java:748)
[2022-09-03 18:40:39,037] ERROR [Producer clientId=producer-7] Uncaught error in kafka producer I/O thread:  (org.apache.kafka.clients.producer.internals.Sender:242)
java.lang.IllegalStateException: No previous metadata update to use
	at org.apache.kafka.clients.MockClient$DefaultMockMetadataUpdater.updateWithCurrentMetadata(MockClient.java:631)
	at org.apache.kafka.clients.MockClient.poll(MockClient.java:284)
	at org.apache.kafka.clients.producer.internals.Sender.runOnce(Sender.java:325)
	at org.apache.kafka.clients.producer.internals.Sender.run(Sender.java:240)
	at java.lang.Thread.run(Thread.java:748)
[2022-09-03 18:40:39,037] ERROR [Producer clientId=producer-7] Uncaught error in kafka producer I/O thread:  (org.apache.kafka.clients.producer.internals.Sender:242)
java.lang.IllegalStateException: No previous metadata update to use
	at org.apache.kafka.clients.MockClient$DefaultMockMetadataUpdater.updateWithCurrentMetadata(MockClient.java:631)
	at org.apache.kafka.clients.MockClient.poll(MockClient.java:284)
	at org.apache.kafka.clients.producer.internals.Sender.runOnce(Sender.java:325)
	at org.apache.kafka.clients.producer.internals.Sender.run(Sender.java:240)
	at java.lang.Thread.run(Thread.java:748)
[2022-09-03 18:40:39,037] ERROR [Producer clientId=producer-7] Uncaught error in kafka producer I/O thread:  (org.apache.kafka.clients.producer.internals.Sender:242)
java.lang.IllegalStateException: No previous metadata update to use
	at org.apache.kafka.clients.MockClient$DefaultMockMetadataUpdater.updateWithCurrentMetadata(MockClient.java:631)
	at org.apache.kafka.clients.MockClient.poll(MockClient.java:284)
	at org.apache.kafka.clients.producer.internals.Sender.runOnce(Sender.java:325)
	at org.apache.kafka.clients.producer.internals.Sender.run(Sender.java:240)
	at java.lang.Thread.run(Thread.java:748)
[2022-09-03 18:40:39,037] ERROR [Producer clientId=producer-7] Uncaught error in kafka producer I/O thread:  (org.apache.kafka.clients.producer.internals.Sender:242)
java.lang.IllegalStateException: No previous metadata update to use
	at org.apache.kafka.clients.MockClient$DefaultMockMetadataUpdater.updateWithCurrentMetadata(MockClient.java:631)
	at org.apache.kafka.clients.MockClient.poll(MockClient.java:284)
	at org.apache.kafka.clients.producer.internals.Sender.runOnce(Sender.java:325)
	at org.apache.kafka.clients.producer.internals.Sender.run(Sender.java:240)
	at java.lang.Thread.run(Thread.java:748)
[2022-09-03 18:40:39,037] ERROR [Producer clientId=producer-7] Uncaught error in kafka producer I/O thread:  (org.apache.kafka.clients.producer.internals.Sender:242)
java.lang.IllegalStateException: No previous metadata update to use
	at org.apache.kafka.clients.MockClient$DefaultMockMetadataUpdater.updateWithCurrentMetadata(MockClient.java:631)
	at org.apache.kafka.clients.MockClient.poll(MockClient.java:284)
	at org.apache.kafka.clients.producer.internals.Sender.runOnce(Sender.java:325)
	at org.apache.kafka.clients.producer.internals.Sender.run(Sender.java:240)
	at java.lang.Thread.run(Thread.java:748)
[2022-09-03 18:40:39,037] ERROR [Producer clientId=producer-7] Uncaught error in kafka producer I/O thread:  (org.apache.kafka.clients.producer.internals.Sender:242)
java.lang.IllegalStateException: No previous metadata update to use
	at org.apache.kafka.clients.MockClient$DefaultMockMetadataUpdater.updateWithCurrentMetadata(MockClient.java:631)
	at org.apache.kafka.clients.MockClient.poll(MockClient.java:284)
	at org.apache.kafka.clients.producer.internals.Sender.runOnce(Sender.java:325)
	at org.apache.kafka.clients.producer.internals.Sender.run(Sender.java:240)
	at java.lang.Thread.run(Thread.java:748)
[2022-09-03 18:40:39,037] ERROR [Producer clientId=producer-7] Uncaught error in kafka producer I/O thread:  (org.apache.kafka.clients.producer.internals.Sender:242)
java.lang.IllegalStateException: No previous metadata update to use
	at org.apache.kafka.clients.MockClient$DefaultMockMetadataUpdater.updateWithCurrentMetadata(MockClient.java:631)
	at org.apache.kafka.clients.MockClient.poll(MockClient.java:284)
	at org.apache.kafka.clients.producer.internals.Sender.runOnce(Sender.java:325)
	at org.apache.kafka.clients.producer.internals.Sender.run(Sender.java:240)
	at java.lang.Thread.run(Thread.java:748)
[2022-09-03 18:40:39,037] ERROR [Producer clientId=producer-7] Uncaught error in kafka producer I/O thread:  (org.apache.kafka.clients.producer.internals.Sender:242)
java.lang.IllegalStateException: No previous metadata update to use
	at org.apache.kafka.clients.MockClient$DefaultMockMetadataUpdater.updateWithCurrentMetadata(MockClient.java:631)
	at org.apache.kafka.clients.MockClient.poll(MockClient.java:284)
	at org.apache.kafka.clients.producer.internals.Sender.runOnce(Sender.java:325)
	at org.apache.kafka.clients.producer.internals.Sender.run(Sender.java:240)
	at java.lang.Thread.run(Thread.java:748)
[2022-09-03 18:40:39,037] ERROR [Producer clientId=producer-7] Uncaught error in kafka producer I/O thread:  (org.apache.kafka.clients.producer.internals.Sender:242)
java.lang.IllegalStateException: No previous metadata update to use
	at org.apache.kafka.clients.MockClient$DefaultMockMetadataUpdater.updateWithCurrentMetadata(MockClient.java:631)
	at org.apache.kafka.clients.MockClient.poll(MockClient.java:284)
	at org.apache.kafka.clients.producer.internals.Sender.runOnce(Sender.java:325)
	at org.apache.kafka.clients.producer.internals.Sender.run(Sender.java:240)
	at java.lang.Thread.run(Thread.java:748)
[2022-09-03 18:40:39,038] ERROR [Producer clientId=producer-7] Uncaught error in kafka producer I/O thread:  (org.apache.kafka.clients.producer.internals.Sender:242)
java.lang.IllegalStateException: No previous metadata update to use
	at org.apache.kafka.clients.MockClient$DefaultMockMetadataUpdater.updateWithCurrentMetadata(MockClient.java:631)
	at org.apache.kafka.clients.MockClient.poll(MockClient.java:284)
	at org.apache.kafka.clients.producer.internals.Sender.runOnce(Sender.java:325)
	at org.apache.kafka.clients.producer.internals.Sender.run(Sender.java:240)
	at java.lang.Thread.run(Thread.java:748)
[2022-09-03 18:40:39,038] ERROR [Producer clientId=producer-7] Uncaught error in kafka producer I/O thread:  (org.apache.kafka.clients.producer.internals.Sender:242)
java.lang.IllegalStateException: No previous metadata update to use
	at org.apache.kafka.clients.MockClient$DefaultMockMetadataUpdater.updateWithCurrentMetadata(MockClient.java:631)
	at org.apache.kafka.clients.MockClient.poll(MockClient.java:284)
	at org.apache.kafka.clients.producer.internals.Sender.runOnce(Sender.java:325)
	at org.apache.kafka.clients.producer.internals.Sender.run(Sender.java:240)
	at java.lang.Thread.run(Thread.java:748)
[2022-09-03 18:40:39,038] ERROR [Producer clientId=producer-7] Uncaught error in kafka producer I/O thread:  (org.apache.kafka.clients.producer.internals.Sender:242)
java.lang.IllegalStateException: No previous metadata update to use
	at org.apache.kafka.clients.MockClient$DefaultMockMetadataUpdater.updateWithCurrentMetadata(MockClient.java:631)
	at org.apache.kafka.clients.MockClient.poll(MockClient.java:284)
	at org.apache.kafka.clients.producer.internals.Sender.runOnce(Sender.java:325)
	at org.apache.kafka.clients.producer.internals.Sender.run(Sender.java:240)
	at java.lang.Thread.run(Thread.java:748)
[2022-09-03 18:40:39,038] ERROR [Producer clientId=producer-7] Uncaught error in kafka producer I/O thread:  (org.apache.kafka.clients.producer.internals.Sender:242)
java.lang.IllegalStateException: No previous metadata update to use
	at org.apache.kafka.clients.MockClient$DefaultMockMetadataUpdater.updateWithCurrentMetadata(MockClient.java:631)
	at org.apache.kafka.clients.MockClient.poll(MockClient.java:284)
	at org.apache.kafka.clients.producer.internals.Sender.runOnce(Sender.java:325)
	at org.apache.kafka.clients.producer.internals.Sender.run(Sender.java:240)
	at java.lang.Thread.run(Thread.java:748)
[2022-09-03 18:40:39,038] ERROR [Producer clientId=producer-7] Uncaught error in kafka producer I/O thread:  (org.apache.kafka.clients.producer.internals.Sender:242)
java.lang.IllegalStateException: No previous metadata update to use
	at org.apache.kafka.clients.MockClient$DefaultMockMetadataUpdater.updateWithCurrentMetadata(MockClient.java:631)
	at org.apache.kafka.clients.MockClient.poll(MockClient.java:284)
	at org.apache.kafka.clients.producer.internals.Sender.runOnce(Sender.java:325)
	at org.apache.kafka.clients.producer.internals.Sender.run(Sender.java:240)
	at java.lang.Thread.run(Thread.java:748)
[2022-09-03 18:40:39,038] ERROR [Producer clientId=producer-7] Uncaught error in kafka producer I/O thread:  (org.apache.kafka.clients.producer.internals.Sender:242)
java.lang.IllegalStateException: No previous metadata update to use
	at org.apache.kafka.clients.MockClient$DefaultMockMetadataUpdater.updateWithCurrentMetadata(MockClient.java:631)
	at org.apache.kafka.clients.MockClient.poll(MockClient.java:284)
	at org.apache.kafka.clients.producer.internals.Sender.runOnce(Sender.java:325)
	at org.apache.kafka.clients.producer.internals.Sender.run(Sender.java:240)
	at java.lang.Thread.run(Thread.java:748)
[2022-09-03 18:40:39,038] ERROR [Producer clientId=producer-7] Uncaught error in kafka producer I/O thread:  (org.apache.kafka.clients.producer.internals.Sender:242)
java.lang.IllegalStateException: No previous metadata update to use
	at org.apache.kafka.clients.MockClient$DefaultMockMetadataUpdater.updateWithCurrentMetadata(MockClient.java:631)
	at org.apache.kafka.clients.MockClient.poll(MockClient.java:284)
	at org.apache.kafka.clients.producer.internals.Sender.runOnce(Sender.java:325)
	at org.apache.kafka.clients.producer.internals.Sender.run(Sender.java:240)
	at java.lang.Thread.run(Thread.java:748)
[2022-09-03 18:40:39,038] ERROR [Producer clientId=producer-7] Uncaught error in kafka producer I/O thread:  (org.apache.kafka.clients.producer.internals.Sender:242)
java.lang.IllegalStateException: No previous metadata update to use
	at org.apache.kafka.clients.MockClient$DefaultMockMetadataUpdater.updateWithCurrentMetadata(MockClient.java:631)
	at org.apache.kafka.clients.MockClient.poll(MockClient.java:284)
	at org.apache.kafka.clients.producer.internals.Sender.runOnce(Sender.java:325)
	at org.apache.kafka.clients.producer.internals.Sender.run(Sender.java:240)
	at java.lang.Thread.run(Thread.java:748)
[2022-09-03 18:40:39,038] ERROR [Producer clientId=producer-7] Uncaught error in kafka producer I/O thread:  (org.apache.kafka.clients.producer.internals.Sender:242)
java.lang.IllegalStateException: No previous metadata update to use
	at org.apache.kafka.clients.MockClient$DefaultMockMetadataUpdater.updateWithCurrentMetadata(MockClient.java:631)
	at org.apache.kafka.clients.MockClient.poll(MockClient.java:284)
	at org.apache.kafka.clients.producer.internals.Sender.runOnce(Sender.java:325)
	at org.apache.kafka.clients.producer.internals.Sender.run(Sender.java:240)
	at java.lang.Thread.run(Thread.java:748)
[2022-09-03 18:40:39,038] ERROR [Producer clientId=producer-7] Uncaught error in kafka producer I/O thread:  (org.apache.kafka.clients.producer.internals.Sender:242)
java.lang.IllegalStateException: No previous metadata update to use
	at org.apache.kafka.clients.MockClient$DefaultMockMetadataUpdater.updateWithCurrentMetadata(MockClient.java:631)
	at org.apache.kafka.clients.MockClient.poll(MockClient.java:284)
	at org.apache.kafka.clients.producer.internals.Sender.runOnce(Sender.java:325)
	at org.apache.kafka.clients.producer.internals.Sender.run(Sender.java:240)
	at java.lang.Thread.run(Thread.java:748)
[2022-09-03 18:40:39,039] ERROR [Producer clientId=producer-7] Uncaught error in kafka producer I/O thread:  (org.apache.kafka.clients.producer.internals.Sender:242)
java.lang.IllegalStateException: No previous metadata update to use
	at org.apache.kafka.clients.MockClient$DefaultMockMetadataUpdater.updateWithCurrentMetadata(MockClient.java:631)
	at org.apache.kafka.clients.MockClient.poll(MockClient.java:284)
	at org.apache.kafka.clients.producer.internals.Sender.runOnce(Sender.java:325)
	at org.apache.kafka.clients.producer.internals.Sender.run(Sender.java:240)
	at java.lang.Thread.run(Thread.java:748)
[2022-09-03 18:40:39,039] ERROR [Producer clientId=producer-7] Uncaught error in kafka producer I/O thread:  (org.apache.kafka.clients.producer.internals.Sender:242)
java.lang.IllegalStateException: No previous metadata update to use
	at org.apache.kafka.clients.MockClient$DefaultMockMetadataUpdater.updateWithCurrentMetadata(MockClient.java:631)
	at org.apache.kafka.clients.MockClient.poll(MockClient.java:284)
	at org.apache.kafka.clients.producer.internals.Sender.runOnce(Sender.java:325)
	at org.apache.kafka.clients.producer.internals.Sender.run(Sender.java:240)
	at java.lang.Thread.run(Thread.java:748)
[2022-09-03 18:40:39,039] ERROR [Producer clientId=producer-7] Uncaught error in kafka producer I/O thread:  (org.apache.kafka.clients.producer.internals.Sender:242)
java.lang.IllegalStateException: No previous metadata update to use
	at org.apache.kafka.clients.MockClient$DefaultMockMetadataUpdater.updateWithCurrentMetadata(MockClient.java:631)
	at org.apache.kafka.clients.MockClient.poll(MockClient.java:284)
	at org.apache.kafka.clients.producer.internals.Sender.runOnce(Sender.java:325)
	at org.apache.kafka.clients.producer.internals.Sender.run(Sender.java:240)
	at java.lang.Thread.run(Thread.java:748)
[2022-09-03 18:40:39,039] ERROR [Producer clientId=producer-7] Uncaught error in kafka producer I/O thread:  (org.apache.kafka.clients.producer.internals.Sender:242)
java.lang.IllegalStateException: No previous metadata update to use
	at org.apache.kafka.clients.MockClient$DefaultMockMetadataUpdater.updateWithCurrentMetadata(MockClient.java:631)
	at org.apache.kafka.clients.MockClient.poll(MockClient.java:284)
	at org.apache.kafka.clients.producer.internals.Sender.runOnce(Sender.java:325)
	at org.apache.kafka.clients.producer.internals.Sender.run(Sender.java:240)
	at java.lang.Thread.run(Thread.java:748)
[2022-09-03 18:40:39,039] ERROR [Producer clientId=producer-7] Uncaught error in kafka producer I/O thread:  (org.apache.kafka.clients.producer.internals.Sender:242)
java.lang.IllegalStateException: No previous metadata update to use
	at org.apache.kafka.clients.MockClient$DefaultMockMetadataUpdater.updateWithCurrentMetadata(MockClient.java:631)
	at org.apache.kafka.clients.MockClient.poll(MockClient.java:284)
	at org.apache.kafka.clients.producer.internals.Sender.runOnce(Sender.java:325)
	at org.apache.kafka.clients.producer.internals.Sender.run(Sender.java:240)
	at java.lang.Thread.run(Thread.java:748)
[2022-09-03 18:40:39,039] ERROR [Producer clientId=producer-7] Uncaught error in kafka producer I/O thread:  (org.apache.kafka.clients.producer.internals.Sender:242)
java.lang.IllegalStateException: No previous metadata update to use
	at org.apache.kafka.clients.MockClient$DefaultMockMetadataUpdater.updateWithCurrentMetadata(MockClient.java:631)
	at org.apache.kafka.clients.MockClient.poll(MockClient.java:284)
	at org.apache.kafka.clients.producer.internals.Sender.runOnce(Sender.java:325)
	at org.apache.kafka.clients.producer.internals.Sender.run(Sender.java:240)
	at java.lang.Thread.run(Thread.java:748)
[2022-09-03 18:40:39,039] ERROR [Producer clientId=producer-7] Uncaught error in kafka producer I/O thread:  (org.apache.kafka.clients.producer.internals.Sender:242)
java.lang.IllegalStateException: No previous metadata update to use
	at org.apache.kafka.clients.MockClient$DefaultMockMetadataUpdater.updateWithCurrentMetadata(MockClient.java:631)
	at org.apache.kafka.clients.MockClient.poll(MockClient.java:284)
	at org.apache.kafka.clients.producer.internals.Sender.runOnce(Sender.java:325)
	at org.apache.kafka.clients.producer.internals.Sender.run(Sender.java:240)
	at java.lang.Thread.run(Thread.java:748)
[2022-09-03 18:40:39,039] ERROR [Producer clientId=producer-7] Uncaught error in kafka producer I/O thread:  (org.apache.kafka.clients.producer.internals.Sender:242)
java.lang.IllegalStateException: No previous metadata update to use
	at org.apache.kafka.clients.MockClient$DefaultMockMetadataUpdater.updateWithCurrentMetadata(MockClient.java:631)
	at org.apache.kafka.clients.MockClient.poll(MockClient.java:284)
	at org.apache.kafka.clients.producer.internals.Sender.runOnce(Sender.java:325)
	at org.apache.kafka.clients.producer.internals.Sender.run(Sender.java:240)
	at java.lang.Thread.run(Thread.java:748)
[2022-09-03 18:40:39,039] ERROR [Producer clientId=producer-7] Uncaught error in kafka producer I/O thread:  (org.apache.kafka.clients.producer.internals.Sender:242)
java.lang.IllegalStateException: No previous metadata update to use
	at org.apache.kafka.clients.MockClient$DefaultMockMetadataUpdater.updateWithCurrentMetadata(MockClient.java:631)
	at org.apache.kafka.clients.MockClient.poll(MockClient.java:284)
	at org.apache.kafka.clients.producer.internals.Sender.runOnce(Sender.java:325)
	at org.apache.kafka.clients.producer.internals.Sender.run(Sender.java:240)
	at java.lang.Thread.run(Thread.java:748)
[2022-09-03 18:40:39,039] ERROR [Producer clientId=producer-7] Uncaught error in kafka producer I/O thread:  (org.apache.kafka.clients.producer.internals.Sender:242)
java.lang.IllegalStateException: No previous metadata update to use
	at org.apache.kafka.clients.MockClient$DefaultMockMetadataUpdater.updateWithCurrentMetadata(MockClient.java:631)
	at org.apache.kafka.clients.MockClient.poll(MockClient.java:284)
	at org.apache.kafka.clients.producer.internals.Sender.runOnce(Sender.java:325)
	at org.apache.kafka.clients.producer.internals.Sender.run(Sender.java:240)
	at java.lang.Thread.run(Thread.java:748)
[2022-09-03 18:40:39,039] ERROR [Producer clientId=producer-7] Uncaught error in kafka producer I/O thread:  (org.apache.kafka.clients.producer.internals.Sender:242)
java.lang.IllegalStateException: No previous metadata update to use
	at org.apache.kafka.clients.MockClient$DefaultMockMetadataUpdater.updateWithCurrentMetadata(MockClient.java:631)
	at org.apache.kafka.clients.MockClient.poll(MockClient.java:284)
	at org.apache.kafka.clients.producer.internals.Sender.runOnce(Sender.java:325)
	at org.apache.kafka.clients.producer.internals.Sender.run(Sender.java:240)
	at java.lang.Thread.run(Thread.java:748)
[2022-09-03 18:40:39,039] ERROR [Producer clientId=producer-7] Uncaught error in kafka producer I/O thread:  (org.apache.kafka.clients.producer.internals.Sender:242)
java.lang.IllegalStateException: No previous metadata update to use
	at org.apache.kafka.clients.MockClient$DefaultMockMetadataUpdater.updateWithCurrentMetadata(MockClient.java:631)
	at org.apache.kafka.clients.MockClient.poll(MockClient.java:284)
	at org.apache.kafka.clients.producer.internals.Sender.runOnce(Sender.java:325)
	at org.apache.kafka.clients.producer.internals.Sender.run(Sender.java:240)
	at java.lang.Thread.run(Thread.java:748)
[2022-09-03 18:40:39,039] ERROR [Producer clientId=producer-7] Uncaught error in kafka producer I/O thread:  (org.apache.kafka.clients.producer.internals.Sender:242)
java.lang.IllegalStateException: No previous metadata update to use
	at org.apache.kafka.clients.MockClient$DefaultMockMetadataUpdater.updateWithCurrentMetadata(MockClient.java:631)
	at org.apache.kafka.clients.MockClient.poll(MockClient.java:284)
	at org.apache.kafka.clients.producer.internals.Sender.runOnce(Sender.java:325)
	at org.apache.kafka.clients.producer.internals.Sender.run(Sender.java:240)
	at java.lang.Thread.run(Thread.java:748)
[2022-09-03 18:40:39,040] ERROR [Producer clientId=producer-7] Uncaught error in kafka producer I/O thread:  (org.apache.kafka.clients.producer.internals.Sender:242)
java.lang.IllegalStateException: No previous metadata update to use
	at org.apache.kafka.clients.MockClient$DefaultMockMetadataUpdater.updateWithCurrentMetadata(MockClient.java:631)
	at org.apache.kafka.clients.MockClient.poll(MockClient.java:284)
	at org.apache.kafka.clients.producer.internals.Sender.runOnce(Sender.java:325)
	at org.apache.kafka.clients.producer.internals.Sender.run(Sender.java:240)
	at java.lang.Thread.run(Thread.java:748)
[2022-09-03 18:40:39,040] ERROR [Producer clientId=producer-7] Uncaught error in kafka producer I/O thread:  (org.apache.kafka.clients.producer.internals.Sender:242)
java.lang.IllegalStateException: No previous metadata update to use
	at org.apache.kafka.clients.MockClient$DefaultMockMetadataUpdater.updateWithCurrentMetadata(MockClient.java:631)
	at org.apache.kafka.clients.MockClient.poll(MockClient.java:284)
	at org.apache.kafka.clients.producer.internals.Sender.runOnce(Sender.java:325)
	at org.apache.kafka.clients.producer.internals.Sender.run(Sender.java:240)
	at java.lang.Thread.run(Thread.java:748)
[2022-09-03 18:40:39,040] ERROR [Producer clientId=producer-7] Uncaught error in kafka producer I/O thread:  (org.apache.kafka.clients.producer.internals.Sender:242)
java.lang.IllegalStateException: No previous metadata update to use
	at org.apache.kafka.clients.MockClient$DefaultMockMetadataUpdater.updateWithCurrentMetadata(MockClient.java:631)
	at org.apache.kafka.clients.MockClient.poll(MockClient.java:284)
	at org.apache.kafka.clients.producer.internals.Sender.runOnce(Sender.java:325)
	at org.apache.kafka.clients.producer.internals.Sender.run(Sender.java:240)
	at java.lang.Thread.run(Thread.java:748)
[2022-09-03 18:40:39,040] ERROR [Producer clientId=producer-7] Uncaught error in kafka producer I/O thread:  (org.apache.kafka.clients.producer.internals.Sender:242)
java.lang.IllegalStateException: No previous metadata update to use
	at org.apache.kafka.clients.MockClient$DefaultMockMetadataUpdater.updateWithCurrentMetadata(MockClient.java:631)
	at org.apache.kafka.clients.MockClient.poll(MockClient.java:284)
	at org.apache.kafka.clients.producer.internals.Sender.runOnce(Sender.java:325)
	at org.apache.kafka.clients.producer.internals.Sender.run(Sender.java:240)
	at java.lang.Thread.run(Thread.java:748)
[2022-09-03 18:40:39,040] ERROR [Producer clientId=producer-7] Uncaught error in kafka producer I/O thread:  (org.apache.kafka.clients.producer.internals.Sender:242)
java.lang.IllegalStateException: No previous metadata update to use
	at org.apache.kafka.clients.MockClient$DefaultMockMetadataUpdater.updateWithCurrentMetadata(MockClient.java:631)
	at org.apache.kafka.clients.MockClient.poll(MockClient.java:284)
	at org.apache.kafka.clients.producer.internals.Sender.runOnce(Sender.java:325)
	at org.apache.kafka.clients.producer.internals.Sender.run(Sender.java:240)
	at java.lang.Thread.run(Thread.java:748)
[2022-09-03 18:40:39,040] ERROR [Producer clientId=producer-7] Uncaught error in kafka producer I/O thread:  (org.apache.kafka.clients.producer.internals.Sender:242)
java.lang.IllegalStateException: No previous metadata update to use
	at org.apache.kafka.clients.MockClient$DefaultMockMetadataUpdater.updateWithCurrentMetadata(MockClient.java:631)
	at org.apache.kafka.clients.MockClient.poll(MockClient.java:284)
	at org.apache.kafka.clients.producer.internals.Sender.runOnce(Sender.java:325)
	at org.apache.kafka.clients.producer.internals.Sender.run(Sender.java:240)
	at java.lang.Thread.run(Thread.java:748)
[2022-09-03 18:40:39,040] ERROR [Producer clientId=producer-7] Uncaught error in kafka producer I/O thread:  (org.apache.kafka.clients.producer.internals.Sender:242)
java.lang.IllegalStateException: No previous metadata update to use
	at org.apache.kafka.clients.MockClient$DefaultMockMetadataUpdater.updateWithCurrentMetadata(MockClient.java:631)
	at org.apache.kafka.clients.MockClient.poll(MockClient.java:284)
	at org.apache.kafka.clients.producer.internals.Sender.runOnce(Sender.java:325)
	at org.apache.kafka.clients.producer.internals.Sender.run(Sender.java:240)
	at java.lang.Thread.run(Thread.java:748)
[2022-09-03 18:40:39,040] ERROR [Producer clientId=producer-7] Uncaught error in kafka producer I/O thread:  (org.apache.kafka.clients.producer.internals.Sender:242)
java.lang.IllegalStateException: No previous metadata update to use
	at org.apache.kafka.clients.MockClient$DefaultMockMetadataUpdater.updateWithCurrentMetadata(MockClient.java:631)
	at org.apache.kafka.clients.MockClient.poll(MockClient.java:284)
	at org.apache.kafka.clients.producer.internals.Sender.runOnce(Sender.java:325)
	at org.apache.kafka.clients.producer.internals.Sender.run(Sender.java:240)
	at java.lang.Thread.run(Thread.java:748)
[2022-09-03 18:40:39,040] ERROR [Producer clientId=producer-7] Uncaught error in kafka producer I/O thread:  (org.apache.kafka.clients.producer.internals.Sender:242)
java.lang.IllegalStateException: No previous metadata update to use
	at org.apache.kafka.clients.MockClient$DefaultMockMetadataUpdater.updateWithCurrentMetadata(MockClient.java:631)
	at org.apache.kafka.clients.MockClient.poll(MockClient.java:284)
	at org.apache.kafka.clients.producer.internals.Sender.runOnce(Sender.java:325)
	at org.apache.kafka.clients.producer.internals.Sender.run(Sender.java:240)
	at java.lang.Thread.run(Thread.java:748)
[2022-09-03 18:40:39,040] ERROR [Producer clientId=producer-7] Uncaught error in kafka producer I/O thread:  (org.apache.kafka.clients.producer.internals.Sender:242)
java.lang.IllegalStateException: No previous metadata update to use
	at org.apache.kafka.clients.MockClient$DefaultMockMetadataUpdater.updateWithCurrentMetadata(MockClient.java:631)
	at org.apache.kafka.clients.MockClient.poll(MockClient.java:284)
	at org.apache.kafka.clients.producer.internals.Sender.runOnce(Sender.java:325)
	at org.apache.kafka.clients.producer.internals.Sender.run(Sender.java:240)
	at java.lang.Thread.run(Thread.java:748)
[2022-09-03 18:40:39,040] ERROR [Producer clientId=producer-7] Uncaught error in kafka producer I/O thread:  (org.apache.kafka.clients.producer.internals.Sender:242)
java.lang.IllegalStateException: No previous metadata update to use
	at org.apache.kafka.clients.MockClient$DefaultMockMetadataUpdater.updateWithCurrentMetadata(MockClient.java:631)
	at org.apache.kafka.clients.MockClient.poll(MockClient.java:284)
	at org.apache.kafka.clients.producer.internals.Sender.runOnce(Sender.java:325)
	at org.apache.kafka.clients.producer.internals.Sender.run(Sender.java:240)
	at java.lang.Thread.run(Thread.java:748)
[2022-09-03 18:40:39,040] ERROR [Producer clientId=producer-7] Uncaught error in kafka producer I/O thread:  (org.apache.kafka.clients.producer.internals.Sender:242)
java.lang.IllegalStateException: No previous metadata update to use
	at org.apache.kafka.clients.MockClient$DefaultMockMetadataUpdater.updateWithCurrentMetadata(MockClient.java:631)
	at org.apache.kafka.clients.MockClient.poll(MockClient.java:284)
	at org.apache.kafka.clients.producer.internals.Sender.runOnce(Sender.java:325)
	at org.apache.kafka.clients.producer.internals.Sender.run(Sender.java:240)
	at java.lang.Thread.run(Thread.java:748)
[2022-09-03 18:40:39,041] ERROR [Producer clientId=producer-7] Uncaught error in kafka producer I/O thread:  (org.apache.kafka.clients.producer.internals.Sender:242)
java.lang.IllegalStateException: No previous metadata update to use
	at org.apache.kafka.clients.MockClient$DefaultMockMetadataUpdater.updateWithCurrentMetadata(MockClient.java:631)
	at org.apache.kafka.clients.MockClient.poll(MockClient.java:284)
	at org.apache.kafka.clients.producer.internals.Sender.runOnce(Sender.java:325)
	at org.apache.kafka.clients.producer.internals.Sender.run(Sender.java:240)
	at java.lang.Thread.run(Thread.java:748)
[2022-09-03 18:40:39,041] ERROR [Producer clientId=producer-7] Uncaught error in kafka producer I/O thread:  (org.apache.kafka.clients.producer.internals.Sender:242)
java.lang.IllegalStateException: No previous metadata update to use
	at org.apache.kafka.clients.MockClient$DefaultMockMetadataUpdater.updateWithCurrentMetadata(MockClient.java:631)
	at org.apache.kafka.clients.MockClient.poll(MockClient.java:284)
	at org.apache.kafka.clients.producer.internals.Sender.runOnce(Sender.java:325)
	at org.apache.kafka.clients.producer.internals.Sender.run(Sender.java:240)
	at java.lang.Thread.run(Thread.java:748)
[2022-09-03 18:40:39,041] ERROR [Producer clientId=producer-7] Uncaught error in kafka producer I/O thread:  (org.apache.kafka.clients.producer.internals.Sender:242)
java.lang.IllegalStateException: No previous metadata update to use
	at org.apache.kafka.clients.MockClient$DefaultMockMetadataUpdater.updateWithCurrentMetadata(MockClient.java:631)
	at org.apache.kafka.clients.MockClient.poll(MockClient.java:284)
	at org.apache.kafka.clients.producer.internals.Sender.runOnce(Sender.java:325)
	at org.apache.kafka.clients.producer.internals.Sender.run(Sender.java:240)
	at java.lang.Thread.run(Thread.java:748)
[2022-09-03 18:40:39,041] ERROR [Producer clientId=producer-7] Uncaught error in kafka producer I/O thread:  (org.apache.kafka.clients.producer.internals.Sender:242)
java.lang.IllegalStateException: No previous metadata update to use
	at org.apache.kafka.clients.MockClient$DefaultMockMetadataUpdater.updateWithCurrentMetadata(MockClient.java:631)
	at org.apache.kafka.clients.MockClient.poll(MockClient.java:284)
	at org.apache.kafka.clients.producer.internals.Sender.runOnce(Sender.java:325)
	at org.apache.kafka.clients.producer.internals.Sender.run(Sender.java:240)
	at java.lang.Thread.run(Thread.java:748)
[2022-09-03 18:40:39,041] ERROR [Producer clientId=producer-7] Uncaught error in kafka producer I/O thread:  (org.apache.kafka.clients.producer.internals.Sender:242)
java.lang.IllegalStateException: No previous metadata update to use
	at org.apache.kafka.clients.MockClient$DefaultMockMetadataUpdater.updateWithCurrentMetadata(MockClient.java:631)
	at org.apache.kafka.clients.MockClient.poll(MockClient.java:284)
	at org.apache.kafka.clients.producer.internals.Sender.runOnce(Sender.java:325)
	at org.apache.kafka.clients.producer.internals.Sender.run(Sender.java:240)
	at java.lang.Thread.run(Thread.java:748)
[2022-09-03 18:40:39,041] ERROR [Producer clientId=producer-7] Uncaught error in kafka producer I/O thread:  (org.apache.kafka.clients.producer.internals.Sender:242)
java.lang.IllegalStateException: No previous metadata update to use
	at org.apache.kafka.clients.MockClient$DefaultMockMetadataUpdater.updateWithCurrentMetadata(MockClient.java:631)
	at org.apache.kafka.clients.MockClient.poll(MockClient.java:284)
	at org.apache.kafka.clients.producer.internals.Sender.runOnce(Sender.java:325)
	at org.apache.kafka.clients.producer.internals.Sender.run(Sender.java:240)
	at java.lang.Thread.run(Thread.java:748)
[2022-09-03 18:40:39,041] ERROR [Producer clientId=producer-7] Uncaught error in kafka producer I/O thread:  (org.apache.kafka.clients.producer.internals.Sender:242)
java.lang.IllegalStateException: No previous metadata update to use
	at org.apache.kafka.clients.MockClient$DefaultMockMetadataUpdater.updateWithCurrentMetadata(MockClient.java:631)
	at org.apache.kafka.clients.MockClient.poll(MockClient.java:284)
	at org.apache.kafka.clients.producer.internals.Sender.runOnce(Sender.java:325)
	at org.apache.kafka.clients.producer.internals.Sender.run(Sender.java:240)
	at java.lang.Thread.run(Thread.java:748)
[2022-09-03 18:40:39,041] ERROR [Producer clientId=producer-7] Uncaught error in kafka producer I/O thread:  (org.apache.kafka.clients.producer.internals.Sender:242)
java.lang.IllegalStateException: No previous metadata update to use
	at org.apache.kafka.clients.MockClient$DefaultMockMetadataUpdater.updateWithCurrentMetadata(MockClient.java:631)
	at org.apache.kafka.clients.MockClient.poll(MockClient.java:284)
	at org.apache.kafka.clients.producer.internals.Sender.runOnce(Sender.java:325)
	at org.apache.kafka.clients.producer.internals.Sender.run(Sender.java:240)
	at java.lang.Thread.run(Thread.java:748)
[2022-09-03 18:40:39,041] ERROR [Producer clientId=producer-7] Uncaught error in kafka producer I/O thread:  (org.apache.kafka.clients.producer.internals.Sender:242)
java.lang.IllegalStateException: No previous metadata update to use
	at org.apache.kafka.clients.MockClient$DefaultMockMetadataUpdater.updateWithCurrentMetadata(MockClient.java:631)
	at org.apache.kafka.clients.MockClient.poll(MockClient.java:284)
	at org.apache.kafka.clients.producer.internals.Sender.runOnce(Sender.java:325)
	at org.apache.kafka.clients.producer.internals.Sender.run(Sender.java:240)
	at java.lang.Thread.run(Thread.java:748)
[2022-09-03 18:40:39,041] ERROR [Producer clientId=producer-7] Uncaught error in kafka producer I/O thread:  (org.apache.kafka.clients.producer.internals.Sender:242)
java.lang.IllegalStateException: No previous metadata update to use
	at org.apache.kafka.clients.MockClient$DefaultMockMetadataUpdater.updateWithCurrentMetadata(MockClient.java:631)
	at org.apache.kafka.clients.MockClient.poll(MockClient.java:284)
	at org.apache.kafka.clients.producer.internals.Sender.runOnce(Sender.java:325)
	at org.apache.kafka.clients.producer.internals.Sender.run(Sender.java:240)
	at java.lang.Thread.run(Thread.java:748)
[2022-09-03 18:40:39,041] ERROR [Producer clientId=producer-7] Uncaught error in kafka producer I/O thread:  (org.apache.kafka.clients.producer.internals.Sender:242)
java.lang.IllegalStateException: No previous metadata update to use
	at org.apache.kafka.clients.MockClient$DefaultMockMetadataUpdater.updateWithCurrentMetadata(MockClient.java:631)
	at org.apache.kafka.clients.MockClient.poll(MockClient.java:284)
	at org.apache.kafka.clients.producer.internals.Sender.runOnce(Sender.java:325)
	at org.apache.kafka.clients.producer.internals.Sender.run(Sender.java:240)
	at java.lang.Thread.run(Thread.java:748)
[2022-09-03 18:40:39,041] ERROR [Producer clientId=producer-7] Uncaught error in kafka producer I/O thread:  (org.apache.kafka.clients.producer.internals.Sender:242)
java.lang.IllegalStateException: No previous metadata update to use
	at org.apache.kafka.clients.MockClient$DefaultMockMetadataUpdater.updateWithCurrentMetadata(MockClient.java:631)
	at org.apache.kafka.clients.MockClient.poll(MockClient.java:284)
	at org.apache.kafka.clients.producer.internals.Sender.runOnce(Sender.java:325)
	at org.apache.kafka.clients.producer.internals.Sender.run(Sender.java:240)
	at java.lang.Thread.run(Thread.java:748)
[2022-09-03 18:40:39,042] ERROR [Producer clientId=producer-7] Uncaught error in kafka producer I/O thread:  (org.apache.kafka.clients.producer.internals.Sender:242)
java.lang.IllegalStateException: No previous metadata update to use
	at org.apache.kafka.clients.MockClient$DefaultMockMetadataUpdater.updateWithCurrentMetadata(MockClient.java:631)
	at org.apache.kafka.clients.MockClient.poll(MockClient.java:284)
	at org.apache.kafka.clients.producer.internals.Sender.runOnce(Sender.java:325)
	at org.apache.kafka.clients.producer.internals.Sender.run(Sender.java:240)
	at java.lang.Thread.run(Thread.java:748)
[2022-09-03 18:40:39,042] ERROR [Producer clientId=producer-7] Uncaught error in kafka producer I/O thread:  (org.apache.kafka.clients.producer.internals.Sender:242)
java.lang.IllegalStateException: No previous metadata update to use
	at org.apache.kafka.clients.MockClient$DefaultMockMetadataUpdater.updateWithCurrentMetadata(MockClient.java:631)
	at org.apache.kafka.clients.MockClient.poll(MockClient.java:284)
	at org.apache.kafka.clients.producer.internals.Sender.runOnce(Sender.java:325)
	at org.apache.kafka.clients.producer.internals.Sender.run(Sender.java:240)
	at java.lang.Thread.run(Thread.java:748)
[2022-09-03 18:40:39,042] ERROR [Producer clientId=producer-7] Uncaught error in kafka producer I/O thread:  (org.apache.kafka.clients.producer.internals.Sender:242)
java.lang.IllegalStateException: No previous metadata update to use
	at org.apache.kafka.clients.MockClient$DefaultMockMetadataUpdater.updateWithCurrentMetadata(MockClient.java:631)
	at org.apache.kafka.clients.MockClient.poll(MockClient.java:284)
	at org.apache.kafka.clients.producer.internals.Sender.runOnce(Sender.java:325)
	at org.apache.kafka.clients.producer.internals.Sender.run(Sender.java:240)
	at java.lang.Thread.run(Thread.java:748)
[2022-09-03 18:40:39,042] ERROR [Producer clientId=producer-7] Uncaught error in kafka producer I/O thread:  (org.apache.kafka.clients.producer.internals.Sender:242)
java.lang.IllegalStateException: No previous metadata update to use
	at org.apache.kafka.clients.MockClient$DefaultMockMetadataUpdater.updateWithCurrentMetadata(MockClient.java:631)
	at org.apache.kafka.clients.MockClient.poll(MockClient.java:284)
	at org.apache.kafka.clients.producer.internals.Sender.runOnce(Sender.java:325)
	at org.apache.kafka.clients.producer.internals.Sender.run(Sender.java:240)
	at java.lang.Thread.run(Thread.java:748)
[2022-09-03 18:40:39,042] ERROR [Producer clientId=producer-7] Uncaught error in kafka producer I/O thread:  (org.apache.kafka.clients.producer.internals.Sender:242)
java.lang.IllegalStateException: No previous metadata update to use
	at org.apache.kafka.clients.MockClient$DefaultMockMetadataUpdater.updateWithCurrentMetadata(MockClient.java:631)
	at org.apache.kafka.clients.MockClient.poll(MockClient.java:284)
	at org.apache.kafka.clients.producer.internals.Sender.runOnce(Sender.java:325)
	at org.apache.kafka.clients.producer.internals.Sender.run(Sender.java:240)
	at java.lang.Thread.run(Thread.java:748)
[2022-09-03 18:40:39,042] ERROR [Producer clientId=producer-7] Uncaught error in kafka producer I/O thread:  (org.apache.kafka.clients.producer.internals.Sender:242)
java.lang.IllegalStateException: No previous metadata update to use
	at org.apache.kafka.clients.MockClient$DefaultMockMetadataUpdater.updateWithCurrentMetadata(MockClient.java:631)
	at org.apache.kafka.clients.MockClient.poll(MockClient.java:284)
	at org.apache.kafka.clients.producer.internals.Sender.runOnce(Sender.java:325)
	at org.apache.kafka.clients.producer.internals.Sender.run(Sender.java:240)
	at java.lang.Thread.run(Thread.java:748)
[2022-09-03 18:40:39,042] ERROR [Producer clientId=producer-7] Uncaught error in kafka producer I/O thread:  (org.apache.kafka.clients.producer.internals.Sender:242)
java.lang.IllegalStateException: No previous metadata update to use
	at org.apache.kafka.clients.MockClient$DefaultMockMetadataUpdater.updateWithCurrentMetadata(MockClient.java:631)
	at org.apache.kafka.clients.MockClient.poll(MockClient.java:284)
	at org.apache.kafka.clients.producer.internals.Sender.runOnce(Sender.java:325)
	at org.apache.kafka.clients.producer.internals.Sender.run(Sender.java:240)
	at java.lang.Thread.run(Thread.java:748)
[2022-09-03 18:40:39,042] ERROR [Producer clientId=producer-7] Uncaught error in kafka producer I/O thread:  (org.apache.kafka.clients.producer.internals.Sender:242)
java.lang.IllegalStateException: No previous metadata update to use
	at org.apache.kafka.clients.MockClient$DefaultMockMetadataUpdater.updateWithCurrentMetadata(MockClient.java:631)
	at org.apache.kafka.clients.MockClient.poll(MockClient.java:284)
	at org.apache.kafka.clients.producer.internals.Sender.runOnce(Sender.java:325)
	at org.apache.kafka.clients.producer.internals.Sender.run(Sender.java:240)
	at java.lang.Thread.run(Thread.java:748)
[2022-09-03 18:40:39,042] ERROR [Producer clientId=producer-7] Uncaught error in kafka producer I/O thread:  (org.apache.kafka.clients.producer.internals.Sender:242)
java.lang.IllegalStateException: No previous metadata update to use
	at org.apache.kafka.clients.MockClient$DefaultMockMetadataUpdater.updateWithCurrentMetadata(MockClient.java:631)
	at org.apache.kafka.clients.MockClient.poll(MockClient.java:284)
	at org.apache.kafka.clients.producer.internals.Sender.runOnce(Sender.java:325)
	at org.apache.kafka.clients.producer.internals.Sender.run(Sender.java:240)
	at java.lang.Thread.run(Thread.java:748)
[2022-09-03 18:40:39,042] ERROR [Producer clientId=producer-7] Uncaught error in kafka producer I/O thread:  (org.apache.kafka.clients.producer.internals.Sender:242)
java.lang.IllegalStateException: No previous metadata update to use
	at org.apache.kafka.clients.MockClient$DefaultMockMetadataUpdater.updateWithCurrentMetadata(MockClient.java:631)
	at org.apache.kafka.clients.MockClient.poll(MockClient.java:284)
	at org.apache.kafka.clients.producer.internals.Sender.runOnce(Sender.java:325)
	at org.apache.kafka.clients.producer.internals.Sender.run(Sender.java:240)
	at java.lang.Thread.run(Thread.java:748)
[2022-09-03 18:40:39,042] ERROR [Producer clientId=producer-7] Uncaught error in kafka producer I/O thread:  (org.apache.kafka.clients.producer.internals.Sender:242)
java.lang.IllegalStateException: No previous metadata update to use
	at org.apache.kafka.clients.MockClient$DefaultMockMetadataUpdater.updateWithCurrentMetadata(MockClient.java:631)
	at org.apache.kafka.clients.MockClient.poll(MockClient.java:284)
	at org.apache.kafka.clients.producer.internals.Sender.runOnce(Sender.java:325)
	at org.apache.kafka.clients.producer.internals.Sender.run(Sender.java:240)
	at java.lang.Thread.run(Thread.java:748)
[2022-09-03 18:40:39,042] ERROR [Producer clientId=producer-7] Uncaught error in kafka producer I/O thread:  (org.apache.kafka.clients.producer.internals.Sender:242)
java.lang.IllegalStateException: No previous metadata update to use
	at org.apache.kafka.clients.MockClient$DefaultMockMetadataUpdater.updateWithCurrentMetadata(MockClient.java:631)
	at org.apache.kafka.clients.MockClient.poll(MockClient.java:284)
	at org.apache.kafka.clients.producer.internals.Sender.runOnce(Sender.java:325)
	at org.apache.kafka.clients.producer.internals.Sender.run(Sender.java:240)
	at java.lang.Thread.run(Thread.java:748)
[2022-09-03 18:40:39,043] ERROR [Producer clientId=producer-7] Uncaught error in kafka producer I/O thread:  (org.apache.kafka.clients.producer.internals.Sender:242)
java.lang.IllegalStateException: No previous metadata update to use
	at org.apache.kafka.clients.MockClient$DefaultMockMetadataUpdater.updateWithCurrentMetadata(MockClient.java:631)
	at org.apache.kafka.clients.MockClient.poll(MockClient.java:284)
	at org.apache.kafka.clients.producer.internals.Sender.runOnce(Sender.java:325)
	at org.apache.kafka.clients.producer.internals.Sender.run(Sender.java:240)
	at java.lang.Thread.run(Thread.java:748)
[2022-09-03 18:40:39,043] ERROR [Producer clientId=producer-7] Uncaught error in kafka producer I/O thread:  (org.apache.kafka.clients.producer.internals.Sender:242)
java.lang.IllegalStateException: No previous metadata update to use
	at org.apache.kafka.clients.MockClient$DefaultMockMetadataUpdater.updateWithCurrentMetadata(MockClient.java:631)
	at org.apache.kafka.clients.MockClient.poll(MockClient.java:284)
	at org.apache.kafka.clients.producer.internals.Sender.runOnce(Sender.java:325)
	at org.apache.kafka.clients.producer.internals.Sender.run(Sender.java:240)
	at java.lang.Thread.run(Thread.java:748)
[2022-09-03 18:40:39,043] ERROR [Producer clientId=producer-7] Uncaught error in kafka producer I/O thread:  (org.apache.kafka.clients.producer.internals.Sender:242)
java.lang.IllegalStateException: No previous metadata update to use
	at org.apache.kafka.clients.MockClient$DefaultMockMetadataUpdater.updateWithCurrentMetadata(MockClient.java:631)
	at org.apache.kafka.clients.MockClient.poll(MockClient.java:284)
	at org.apache.kafka.clients.producer.internals.Sender.runOnce(Sender.java:325)
	at org.apache.kafka.clients.producer.internals.Sender.run(Sender.java:240)
	at java.lang.Thread.run(Thread.java:748)
[2022-09-03 18:40:39,043] ERROR [Producer clientId=producer-7] Uncaught error in kafka producer I/O thread:  (org.apache.kafka.clients.producer.internals.Sender:242)
java.lang.IllegalStateException: No previous metadata update to use
	at org.apache.kafka.clients.MockClient$DefaultMockMetadataUpdater.updateWithCurrentMetadata(MockClient.java:631)
	at org.apache.kafka.clients.MockClient.poll(MockClient.java:284)
	at org.apache.kafka.clients.producer.internals.Sender.runOnce(Sender.java:325)
	at org.apache.kafka.clients.producer.internals.Sender.run(Sender.java:240)
	at java.lang.Thread.run(Thread.java:748)
[2022-09-03 18:40:39,043] ERROR [Producer clientId=producer-7] Uncaught error in kafka producer I/O thread:  (org.apache.kafka.clients.producer.internals.Sender:242)
java.lang.IllegalStateException: No previous metadata update to use
	at org.apache.kafka.clients.MockClient$DefaultMockMetadataUpdater.updateWithCurrentMetadata(MockClient.java:631)
	at org.apache.kafka.clients.MockClient.poll(MockClient.java:284)
	at org.apache.kafka.clients.producer.internals.Sender.runOnce(Sender.java:325)
	at org.apache.kafka.clients.producer.internals.Sender.run(Sender.java:240)
	at java.lang.Thread.run(Thread.java:748)
[2022-09-03 18:40:39,043] ERROR [Producer clientId=producer-7] Uncaught error in kafka producer I/O thread:  (org.apache.kafka.clients.producer.internals.Sender:242)
java.lang.IllegalStateException: No previous metadata update to use
	at org.apache.kafka.clients.MockClient$DefaultMockMetadataUpdater.updateWithCurrentMetadata(MockClient.java:631)
	at org.apache.kafka.clients.MockClient.poll(MockClient.java:284)
	at org.apache.kafka.clients.producer.internals.Sender.runOnce(Sender.java:325)
	at org.apache.kafka.clients.producer.internals.Sender.run(Sender.java:240)
	at java.lang.Thread.run(Thread.java:748)
[2022-09-03 18:40:39,043] ERROR [Producer clientId=producer-7] Uncaught error in kafka producer I/O thread:  (org.apache.kafka.clients.producer.internals.Sender:242)
java.lang.IllegalStateException: No previous metadata update to use
	at org.apache.kafka.clients.MockClient$DefaultMockMetadataUpdater.updateWithCurrentMetadata(MockClient.java:631)
	at org.apache.kafka.clients.MockClient.poll(MockClient.java:284)
	at org.apache.kafka.clients.producer.internals.Sender.runOnce(Sender.java:325)
	at org.apache.kafka.clients.producer.internals.Sender.run(Sender.java:240)
	at java.lang.Thread.run(Thread.java:748)
[2022-09-03 18:40:39,043] ERROR [Producer clientId=producer-7] Uncaught error in kafka producer I/O thread:  (org.apache.kafka.clients.producer.internals.Sender:242)
java.lang.IllegalStateException: No previous metadata update to use
	at org.apache.kafka.clients.MockClient$DefaultMockMetadataUpdater.updateWithCurrentMetadata(MockClient.java:631)
	at org.apache.kafka.clients.MockClient.poll(MockClient.java:284)
	at org.apache.kafka.clients.producer.internals.Sender.runOnce(Sender.java:325)
	at org.apache.kafka.clients.producer.internals.Sender.run(Sender.java:240)
	at java.lang.Thread.run(Thread.java:748)
[2022-09-03 18:40:39,043] ERROR [Producer clientId=producer-7] Uncaught error in kafka producer I/O thread:  (org.apache.kafka.clients.producer.internals.Sender:242)
java.lang.IllegalStateException: No previous metadata update to use
	at org.apache.kafka.clients.MockClient$DefaultMockMetadataUpdater.updateWithCurrentMetadata(MockClient.java:631)
	at org.apache.kafka.clients.MockClient.poll(MockClient.java:284)
	at org.apache.kafka.clients.producer.internals.Sender.runOnce(Sender.java:325)
	at org.apache.kafka.clients.producer.internals.Sender.run(Sender.java:240)
	at java.lang.Thread.run(Thread.java:748)
[2022-09-03 18:40:39,043] ERROR [Producer clientId=producer-7] Uncaught error in kafka producer I/O thread:  (org.apache.kafka.clients.producer.internals.Sender:242)
java.lang.IllegalStateException: No previous metadata update to use
	at org.apache.kafka.clients.MockClient$DefaultMockMetadataUpdater.updateWithCurrentMetadata(MockClient.java:631)
	at org.apache.kafka.clients.MockClient.poll(MockClient.java:284)
	at org.apache.kafka.clients.producer.internals.Sender.runOnce(Sender.java:325)
	at org.apache.kafka.clients.producer.internals.Sender.run(Sender.java:240)
	at java.lang.Thread.run(Thread.java:748)
[2022-09-03 18:40:39,043] ERROR [Producer clientId=producer-7] Uncaught error in kafka producer I/O thread:  (org.apache.kafka.clients.producer.internals.Sender:242)
java.lang.IllegalStateException: No previous metadata update to use
	at org.apache.kafka.clients.MockClient$DefaultMockMetadataUpdater.updateWithCurrentMetadata(MockClient.java:631)
	at org.apache.kafka.clients.MockClient.poll(MockClient.java:284)
	at org.apache.kafka.clients.producer.internals.Sender.runOnce(Sender.java:325)
	at org.apache.kafka.clients.producer.internals.Sender.run(Sender.java:240)
	at java.lang.Thread.run(Thread.java:748)
[2022-09-03 18:40:39,044] ERROR [Producer clientId=producer-7] Uncaught error in kafka producer I/O thread:  (org.apache.kafka.clients.producer.internals.Sender:242)
java.lang.IllegalStateException: No previous metadata update to use
	at org.apache.kafka.clients.MockClient$DefaultMockMetadataUpdater.updateWithCurrentMetadata(MockClient.java:631)
	at org.apache.kafka.clients.MockClient.poll(MockClient.java:284)
	at org.apache.kafka.clients.producer.internals.Sender.runOnce(Sender.java:325)
	at org.apache.kafka.clients.producer.internals.Sender.run(Sender.java:240)
	at java.lang.Thread.run(Thread.java:748)
[2022-09-03 18:40:39,044] ERROR [Producer clientId=producer-7] Uncaught error in kafka producer I/O thread:  (org.apache.kafka.clients.producer.internals.Sender:242)
java.lang.IllegalStateException: No previous metadata update to use
	at org.apache.kafka.clients.MockClient$DefaultMockMetadataUpdater.updateWithCurrentMetadata(MockClient.java:631)
	at org.apache.kafka.clients.MockClient.poll(MockClient.java:284)
	at org.apache.kafka.clients.producer.internals.Sender.runOnce(Sender.java:325)
	at org.apache.kafka.clients.producer.internals.Sender.run(Sender.java:240)
	at java.lang.Thread.run(Thread.java:748)
[2022-09-03 18:40:39,044] ERROR [Producer clientId=producer-7] Uncaught error in kafka producer I/O thread:  (org.apache.kafka.clients.producer.internals.Sender:242)
java.lang.IllegalStateException: No previous metadata update to use
	at org.apache.kafka.clients.MockClient$DefaultMockMetadataUpdater.updateWithCurrentMetadata(MockClient.java:631)
	at org.apache.kafka.clients.MockClient.poll(MockClient.java:284)
	at org.apache.kafka.clients.producer.internals.Sender.runOnce(Sender.java:325)
	at org.apache.kafka.clients.producer.internals.Sender.run(Sender.java:240)
	at java.lang.Thread.run(Thread.java:748)
[2022-09-03 18:40:39,044] ERROR [Producer clientId=producer-7] Uncaught error in kafka producer I/O thread:  (org.apache.kafka.clients.producer.internals.Sender:242)
java.lang.IllegalStateException: No previous metadata update to use
	at org.apache.kafka.clients.MockClient$DefaultMockMetadataUpdater.updateWithCurrentMetadata(MockClient.java:631)
	at org.apache.kafka.clients.MockClient.poll(MockClient.java:284)
	at org.apache.kafka.clients.producer.internals.Sender.runOnce(Sender.java:325)
	at org.apache.kafka.clients.producer.internals.Sender.run(Sender.java:240)
	at java.lang.Thread.run(Thread.java:748)
[2022-09-03 18:40:39,044] ERROR [Producer clientId=producer-7] Uncaught error in kafka producer I/O thread:  (org.apache.kafka.clients.producer.internals.Sender:242)
java.lang.IllegalStateException: No previous metadata update to use
	at org.apache.kafka.clients.MockClient$DefaultMockMetadataUpdater.updateWithCurrentMetadata(MockClient.java:631)
	at org.apache.kafka.clients.MockClient.poll(MockClient.java:284)
	at org.apache.kafka.clients.producer.internals.Sender.runOnce(Sender.java:325)
	at org.apache.kafka.clients.producer.internals.Sender.run(Sender.java:240)
	at java.lang.Thread.run(Thread.java:748)
[2022-09-03 18:40:39,044] ERROR [Producer clientId=producer-7] Uncaught error in kafka producer I/O thread:  (org.apache.kafka.clients.producer.internals.Sender:242)
java.lang.IllegalStateException: No previous metadata update to use
	at org.apache.kafka.clients.MockClient$DefaultMockMetadataUpdater.updateWithCurrentMetadata(MockClient.java:631)
	at org.apache.kafka.clients.MockClient.poll(MockClient.java:284)
	at org.apache.kafka.clients.producer.internals.Sender.runOnce(Sender.java:325)
	at org.apache.kafka.clients.producer.internals.Sender.run(Sender.java:240)
	at java.lang.Thread.run(Thread.java:748)
[2022-09-03 18:40:39,044] ERROR [Producer clientId=producer-7] Uncaught error in kafka producer I/O thread:  (org.apache.kafka.clients.producer.internals.Sender:242)
java.lang.IllegalStateException: No previous metadata update to use
	at org.apache.kafka.clients.MockClient$DefaultMockMetadataUpdater.updateWithCurrentMetadata(MockClient.java:631)
	at org.apache.kafka.clients.MockClient.poll(MockClient.java:284)
	at org.apache.kafka.clients.producer.internals.Sender.runOnce(Sender.java:325)
	at org.apache.kafka.clients.producer.internals.Sender.run(Sender.java:240)
	at java.lang.Thread.run(Thread.java:748)
[2022-09-03 18:40:39,044] ERROR [Producer clientId=producer-7] Uncaught error in kafka producer I/O thread:  (org.apache.kafka.clients.producer.internals.Sender:242)
java.lang.IllegalStateException: No previous metadata update to use
	at org.apache.kafka.clients.MockClient$DefaultMockMetadataUpdater.updateWithCurrentMetadata(MockClient.java:631)
	at org.apache.kafka.clients.MockClient.poll(MockClient.java:284)
	at org.apache.kafka.clients.producer.internals.Sender.runOnce(Sender.java:325)
	at org.apache.kafka.clients.producer.internals.Sender.run(Sender.java:240)
	at java.lang.Thread.run(Thread.java:748)
[2022-09-03 18:40:39,044] ERROR [Producer clientId=producer-7] Uncaught error in kafka producer I/O thread:  (org.apache.kafka.clients.producer.internals.Sender:242)
java.lang.IllegalStateException: No previous metadata update to use
	at org.apache.kafka.clients.MockClient$DefaultMockMetadataUpdater.updateWithCurrentMetadata(MockClient.java:631)
	at org.apache.kafka.clients.MockClient.poll(MockClient.java:284)
	at org.apache.kafka.clients.producer.internals.Sender.runOnce(Sender.java:325)
	at org.apache.kafka.clients.producer.internals.Sender.run(Sender.java:240)
	at java.lang.Thread.run(Thread.java:748)
[2022-09-03 18:40:39,044] ERROR [Producer clientId=producer-7] Uncaught error in kafka producer I/O thread:  (org.apache.kafka.clients.producer.internals.Sender:242)
java.lang.IllegalStateException: No previous metadata update to use
	at org.apache.kafka.clients.MockClient$DefaultMockMetadataUpdater.updateWithCurrentMetadata(MockClient.java:631)
	at org.apache.kafka.clients.MockClient.poll(MockClient.java:284)
	at org.apache.kafka.clients.producer.internals.Sender.runOnce(Sender.java:325)
	at org.apache.kafka.clients.producer.internals.Sender.run(Sender.java:240)
	at java.lang.Thread.run(Thread.java:748)
[2022-09-03 18:40:39,044] ERROR [Producer clientId=producer-7] Uncaught error in kafka producer I/O thread:  (org.apache.kafka.clients.producer.internals.Sender:242)
java.lang.IllegalStateException: No previous metadata update to use
	at org.apache.kafka.clients.MockClient$DefaultMockMetadataUpdater.updateWithCurrentMetadata(MockClient.java:631)
	at org.apache.kafka.clients.MockClient.poll(MockClient.java:284)
	at org.apache.kafka.clients.producer.internals.Sender.runOnce(Sender.java:325)
	at org.apache.kafka.clients.producer.internals.Sender.run(Sender.java:240)
	at java.lang.Thread.run(Thread.java:748)
[2022-09-03 18:40:39,044] ERROR [Producer clientId=producer-7] Uncaught error in kafka producer I/O thread:  (org.apache.kafka.clients.producer.internals.Sender:242)
java.lang.IllegalStateException: No previous metadata update to use
	at org.apache.kafka.clients.MockClient$DefaultMockMetadataUpdater.updateWithCurrentMetadata(MockClient.java:631)
	at org.apache.kafka.clients.MockClient.poll(MockClient.java:284)
	at org.apache.kafka.clients.producer.internals.Sender.runOnce(Sender.java:325)
	at org.apache.kafka.clients.producer.internals.Sender.run(Sender.java:240)
	at java.lang.Thread.run(Thread.java:748)
[2022-09-03 18:40:39,044] ERROR [Producer clientId=producer-7] Uncaught error in kafka producer I/O thread:  (org.apache.kafka.clients.producer.internals.Sender:242)
java.lang.IllegalStateException: No previous metadata update to use
	at org.apache.kafka.clients.MockClient$DefaultMockMetadataUpdater.updateWithCurrentMetadata(MockClient.java:631)
	at org.apache.kafka.clients.MockClient.poll(MockClient.java:284)
	at org.apache.kafka.clients.producer.internals.Sender.runOnce(Sender.java:325)
	at org.apache.kafka.clients.producer.internals.Sender.run(Sender.java:240)
	at java.lang.Thread.run(Thread.java:748)
[2022-09-03 18:40:39,045] ERROR [Producer clientId=producer-7] Uncaught error in kafka producer I/O thread:  (org.apache.kafka.clients.producer.internals.Sender:242)
java.lang.IllegalStateException: No previous metadata update to use
	at org.apache.kafka.clients.MockClient$DefaultMockMetadataUpdater.updateWithCurrentMetadata(MockClient.java:631)
	at org.apache.kafka.clients.MockClient.poll(MockClient.java:284)
	at org.apache.kafka.clients.producer.internals.Sender.runOnce(Sender.java:325)
	at org.apache.kafka.clients.producer.internals.Sender.run(Sender.java:240)
	at java.lang.Thread.run(Thread.java:748)
[2022-09-03 18:40:39,045] ERROR [Producer clientId=producer-7] Uncaught error in kafka producer I/O thread:  (org.apache.kafka.clients.producer.internals.Sender:242)
java.lang.IllegalStateException: No previous metadata update to use
	at org.apache.kafka.clients.MockClient$DefaultMockMetadataUpdater.updateWithCurrentMetadata(MockClient.java:631)
	at org.apache.kafka.clients.MockClient.poll(MockClient.java:284)
	at org.apache.kafka.clients.producer.internals.Sender.runOnce(Sender.java:325)
	at org.apache.kafka.clients.producer.internals.Sender.run(Sender.java:240)
	at java.lang.Thread.run(Thread.java:748)
[2022-09-03 18:40:39,045] ERROR [Producer clientId=producer-7] Uncaught error in kafka producer I/O thread:  (org.apache.kafka.clients.producer.internals.Sender:242)
java.lang.IllegalStateException: No previous metadata update to use
	at org.apache.kafka.clients.MockClient$DefaultMockMetadataUpdater.updateWithCurrentMetadata(MockClient.java:631)
	at org.apache.kafka.clients.MockClient.poll(MockClient.java:284)
	at org.apache.kafka.clients.producer.internals.Sender.runOnce(Sender.java:325)
	at org.apache.kafka.clients.producer.internals.Sender.run(Sender.java:240)
	at java.lang.Thread.run(Thread.java:748)
[2022-09-03 18:40:39,045] ERROR [Producer clientId=producer-7] Uncaught error in kafka producer I/O thread:  (org.apache.kafka.clients.producer.internals.Sender:242)
java.lang.IllegalStateException: No previous metadata update to use
	at org.apache.kafka.clients.MockClient$DefaultMockMetadataUpdater.updateWithCurrentMetadata(MockClient.java:631)
	at org.apache.kafka.clients.MockClient.poll(MockClient.java:284)
	at org.apache.kafka.clients.producer.internals.Sender.runOnce(Sender.java:325)
	at org.apache.kafka.clients.producer.internals.Sender.run(Sender.java:240)
	at java.lang.Thread.run(Thread.java:748)
[2022-09-03 18:40:39,045] ERROR [Producer clientId=producer-7] Uncaught error in kafka producer I/O thread:  (org.apache.kafka.clients.producer.internals.Sender:242)
java.lang.IllegalStateException: No previous metadata update to use
	at org.apache.kafka.clients.MockClient$DefaultMockMetadataUpdater.updateWithCurrentMetadata(MockClient.java:631)
	at org.apache.kafka.clients.MockClient.poll(MockClient.java:284)
	at org.apache.kafka.clients.producer.internals.Sender.runOnce(Sender.java:325)
	at org.apache.kafka.clients.producer.internals.Sender.run(Sender.java:240)
	at java.lang.Thread.run(Thread.java:748)
[2022-09-03 18:40:39,045] ERROR [Producer clientId=producer-7] Uncaught error in kafka producer I/O thread:  (org.apache.kafka.clients.producer.internals.Sender:242)
java.lang.IllegalStateException: No previous metadata update to use
	at org.apache.kafka.clients.MockClient$DefaultMockMetadataUpdater.updateWithCurrentMetadata(MockClient.java:631)
	at org.apache.kafka.clients.MockClient.poll(MockClient.java:284)
	at org.apache.kafka.clients.producer.internals.Sender.runOnce(Sender.java:325)
	at org.apache.kafka.clients.producer.internals.Sender.run(Sender.java:240)
	at java.lang.Thread.run(Thread.java:748)
[2022-09-03 18:40:39,045] ERROR [Producer clientId=producer-7] Uncaught error in kafka producer I/O thread:  (org.apache.kafka.clients.producer.internals.Sender:242)
java.lang.IllegalStateException: No previous metadata update to use
	at org.apache.kafka.clients.MockClient$DefaultMockMetadataUpdater.updateWithCurrentMetadata(MockClient.java:631)
	at org.apache.kafka.clients.MockClient.poll(MockClient.java:284)
	at org.apache.kafka.clients.producer.internals.Sender.runOnce(Sender.java:325)
	at org.apache.kafka.clients.producer.internals.Sender.run(Sender.java:240)
	at java.lang.Thread.run(Thread.java:748)
[2022-09-03 18:40:39,045] ERROR [Producer clientId=producer-7] Uncaught error in kafka producer I/O thread:  (org.apache.kafka.clients.producer.internals.Sender:242)
java.lang.IllegalStateException: No previous metadata update to use
	at org.apache.kafka.clients.MockClient$DefaultMockMetadataUpdater.updateWithCurrentMetadata(MockClient.java:631)
	at org.apache.kafka.clients.MockClient.poll(MockClient.java:284)
	at org.apache.kafka.clients.producer.internals.Sender.runOnce(Sender.java:325)
	at org.apache.kafka.clients.producer.internals.Sender.run(Sender.java:240)
	at java.lang.Thread.run(Thread.java:748)
[2022-09-03 18:40:39,045] ERROR [Producer clientId=producer-7] Uncaught error in kafka producer I/O thread:  (org.apache.kafka.clients.producer.internals.Sender:242)
java.lang.IllegalStateException: No previous metadata update to use
	at org.apache.kafka.clients.MockClient$DefaultMockMetadataUpdater.updateWithCurrentMetadata(MockClient.java:631)
	at org.apache.kafka.clients.MockClient.poll(MockClient.java:284)
	at org.apache.kafka.clients.producer.internals.Sender.runOnce(Sender.java:325)
	at org.apache.kafka.clients.producer.internals.Sender.run(Sender.java:240)
	at java.lang.Thread.run(Thread.java:748)
[2022-09-03 18:40:39,045] ERROR [Producer clientId=producer-7] Uncaught error in kafka producer I/O thread:  (org.apache.kafka.clients.producer.internals.Sender:242)
java.lang.IllegalStateException: No previous metadata update to use
	at org.apache.kafka.clients.MockClient$DefaultMockMetadataUpdater.updateWithCurrentMetadata(MockClient.java:631)
	at org.apache.kafka.clients.MockClient.poll(MockClient.java:284)
	at org.apache.kafka.clients.producer.internals.Sender.runOnce(Sender.java:325)
	at org.apache.kafka.clients.producer.internals.Sender.run(Sender.java:240)
	at java.lang.Thread.run(Thread.java:748)
[2022-09-03 18:40:39,116] ERROR [Producer clientId=producer-9] Uncaught error in kafka producer I/O thread:  (org.apache.kafka.clients.producer.internals.Sender:242)
java.lang.IllegalStateException: No previous metadata update to use
	at org.apache.kafka.clients.MockClient$DefaultMockMetadataUpdater.updateWithCurrentMetadata(MockClient.java:631)
	at org.apache.kafka.clients.MockClient.poll(MockClient.java:284)
	at org.apache.kafka.clients.producer.internals.Sender.runOnce(Sender.java:325)
	at org.apache.kafka.clients.producer.internals.Sender.run(Sender.java:240)
	at java.lang.Thread.run(Thread.java:748)
[2022-09-03 18:40:39,116] ERROR [Producer clientId=producer-9] Uncaught error in kafka producer I/O thread:  (org.apache.kafka.clients.producer.internals.Sender:242)
java.lang.IllegalStateException: No previous metadata update to use
	at org.apache.kafka.clients.MockClient$DefaultMockMetadataUpdater.updateWithCurrentMetadata(MockClient.java:631)
	at org.apache.kafka.clients.MockClient.poll(MockClient.java:284)
	at org.apache.kafka.clients.producer.internals.Sender.runOnce(Sender.java:325)
	at org.apache.kafka.clients.producer.internals.Sender.run(Sender.java:240)
	at java.lang.Thread.run(Thread.java:748)
[2022-09-03 18:40:39,117] ERROR [Producer clientId=producer-9] Uncaught error in kafka producer I/O thread:  (org.apache.kafka.clients.producer.internals.Sender:242)
java.lang.IllegalStateException: No previous metadata update to use
	at org.apache.kafka.clients.MockClient$DefaultMockMetadataUpdater.updateWithCurrentMetadata(MockClient.java:631)
	at org.apache.kafka.clients.MockClient.poll(MockClient.java:284)
	at org.apache.kafka.clients.producer.internals.Sender.runOnce(Sender.java:325)
	at org.apache.kafka.clients.producer.internals.Sender.run(Sender.java:240)
	at java.lang.Thread.run(Thread.java:748)
[2022-09-03 18:40:39,117] ERROR [Producer clientId=producer-9] Uncaught error in kafka producer I/O thread:  (org.apache.kafka.clients.producer.internals.Sender:242)
java.lang.IllegalStateException: No previous metadata update to use
	at org.apache.kafka.clients.MockClient$DefaultMockMetadataUpdater.updateWithCurrentMetadata(MockClient.java:631)
	at org.apache.kafka.clients.MockClient.poll(MockClient.java:284)
	at org.apache.kafka.clients.producer.internals.Sender.runOnce(Sender.java:325)
	at org.apache.kafka.clients.producer.internals.Sender.run(Sender.java:240)
	at java.lang.Thread.run(Thread.java:748)
[2022-09-03 18:40:39,117] ERROR [Producer clientId=producer-9] Uncaught error in kafka producer I/O thread:  (org.apache.kafka.clients.producer.internals.Sender:242)
java.lang.IllegalStateException: No previous metadata update to use
	at org.apache.kafka.clients.MockClient$DefaultMockMetadataUpdater.updateWithCurrentMetadata(MockClient.java:631)
	at org.apache.kafka.clients.MockClient.poll(MockClient.java:284)
	at org.apache.kafka.clients.producer.internals.Sender.runOnce(Sender.java:325)
	at org.apache.kafka.clients.producer.internals.Sender.run(Sender.java:240)
	at java.lang.Thread.run(Thread.java:748)
[2022-09-03 18:40:39,120] ERROR [Producer clientId=producer-9] Uncaught error in kafka producer I/O thread:  (org.apache.kafka.clients.producer.internals.Sender:242)
java.lang.IllegalStateException: No previous metadata update to use
	at org.apache.kafka.clients.MockClient$DefaultMockMetadataUpdater.updateWithCurrentMetadata(MockClient.java:631)
	at org.apache.kafka.clients.MockClient.poll(MockClient.java:284)
	at org.apache.kafka.clients.producer.internals.Sender.runOnce(Sender.java:325)
	at org.apache.kafka.clients.producer.internals.Sender.run(Sender.java:240)
	at java.lang.Thread.run(Thread.java:748)
[2022-09-03 18:40:39,120] ERROR [Producer clientId=producer-9] Uncaught error in kafka producer I/O thread:  (org.apache.kafka.clients.producer.internals.Sender:242)
java.lang.IllegalStateException: No previous metadata update to use
	at org.apache.kafka.clients.MockClient$DefaultMockMetadataUpdater.updateWithCurrentMetadata(MockClient.java:631)
	at org.apache.kafka.clients.MockClient.poll(MockClient.java:284)
	at org.apache.kafka.clients.producer.internals.Sender.runOnce(Sender.java:325)
	at org.apache.kafka.clients.producer.internals.Sender.run(Sender.java:240)
	at java.lang.Thread.run(Thread.java:748)
[2022-09-03 18:40:39,120] ERROR [Producer clientId=producer-9] Uncaught error in kafka producer I/O thread:  (org.apache.kafka.clients.producer.internals.Sender:242)
java.lang.IllegalStateException: No previous metadata update to use
	at org.apache.kafka.clients.MockClient$DefaultMockMetadataUpdater.updateWithCurrentMetadata(MockClient.java:631)
	at org.apache.kafka.clients.MockClient.poll(MockClient.java:284)
	at org.apache.kafka.clients.producer.internals.Sender.runOnce(Sender.java:325)
	at org.apache.kafka.clients.producer.internals.Sender.run(Sender.java:240)
	at java.lang.Thread.run(Thread.java:748)
[2022-09-03 18:40:39,121] ERROR [Producer clientId=producer-9] Uncaught error in kafka producer I/O thread:  (org.apache.kafka.clients.producer.internals.Sender:242)
java.lang.IllegalStateException: No previous metadata update to use
	at org.apache.kafka.clients.MockClient$DefaultMockMetadataUpdater.updateWithCurrentMetadata(MockClient.java:631)
	at org.apache.kafka.clients.MockClient.poll(MockClient.java:284)
	at org.apache.kafka.clients.producer.internals.Sender.runOnce(Sender.java:325)
	at org.apache.kafka.clients.producer.internals.Sender.run(Sender.java:240)
	at java.lang.Thread.run(Thread.java:748)
[2022-09-03 18:40:39,121] ERROR [Producer clientId=producer-9] Uncaught error in kafka producer I/O thread:  (org.apache.kafka.clients.producer.internals.Sender:242)
java.lang.IllegalStateException: No previous metadata update to use
	at org.apache.kafka.clients.MockClient$DefaultMockMetadataUpdater.updateWithCurrentMetadata(MockClient.java:631)
	at org.apache.kafka.clients.MockClient.poll(MockClient.java:284)
	at org.apache.kafka.clients.producer.internals.Sender.runOnce(Sender.java:325)
	at org.apache.kafka.clients.producer.internals.Sender.run(Sender.java:240)
	at java.lang.Thread.run(Thread.java:748)
[2022-09-03 18:40:39,761] ERROR [Producer clientId=producer-11] Interrupted while joining ioThread (org.apache.kafka.clients.producer.KafkaProducer:1214)
java.lang.InterruptedException
	at java.lang.Object.wait(Native Method)
	at java.lang.Thread.join(Thread.java:1260)
	at org.apache.kafka.clients.producer.KafkaProducer.close(KafkaProducer.java:1211)
	at org.apache.kafka.clients.producer.KafkaProducer.close(KafkaProducer.java:1188)
	at org.apache.kafka.clients.producer.KafkaProducer.close(KafkaProducer.java:1164)
	at org.apache.kafka.clients.producer.KafkaProducerTest.lambda$shouldCloseProperlyAndThrowIfInterrupted$1(KafkaProducerTest.java:306)
	at java.util.concurrent.Executors$RunnableAdapter.call(Executors.java:511)
	at java.util.concurrent.FutureTask.run(FutureTask.java:266)
	at java.util.concurrent.ThreadPoolExecutor.runWorker(ThreadPoolExecutor.java:1149)
	at java.util.concurrent.ThreadPoolExecutor$Worker.run(ThreadPoolExecutor.java:624)
	at java.lang.Thread.run(Thread.java:748)
[2022-09-03 18:40:51,444] ERROR Metadata response reported invalid topics [topic abc] (org.apache.kafka.clients.Metadata:294)
]]></system-out>
  <system-err><![CDATA[]]></system-err>
</testsuite>
