<?xml version="1.0" encoding="UTF-8"?>
<testsuite name="org.apache.kafka.common.security.scram.internals.ScramMessagesTest" tests="8" skipped="0" failures="0" errors="0" timestamp="2022-09-03T10:38:33" hostname="LAPTOP-FH01OFOM" time="0.463">
  <properties/>
  <testcase name="validClientFirstMessage" classname="org.apache.kafka.common.security.scram.internals.ScramMessagesTest" time="0.455"/>
  <testcase name="invalidClientFinalMessage" classname="org.apache.kafka.common.security.scram.internals.ScramMessagesTest" time="0.002"/>
  <testcase name="validServerFirstMessage" classname="org.apache.kafka.common.security.scram.internals.ScramMessagesTest" time="0.002"/>
  <testcase name="invalidServerFinalMessage" classname="org.apache.kafka.common.security.scram.internals.ScramMessagesTest" time="0.001"/>
  <testcase name="invalidClientFirstMessage" classname="org.apache.kafka.common.security.scram.internals.ScramMessagesTest" time="0.001"/>
  <testcase name="validClientFinalMessage" classname="org.apache.kafka.common.security.scram.internals.ScramMessagesTest" time="0.001"/>
  <testcase name="invalidServerFirstMessage" classname="org.apache.kafka.common.security.scram.internals.ScramMessagesTest" time="0.001"/>
  <testcase name="validServerFinalMessage" classname="org.apache.kafka.common.security.scram.internals.ScramMessagesTest" time="0.0"/>
  <system-out><![CDATA[]]></system-out>
  <system-err><![CDATA[]]></system-err>
</testsuite>
