<?xml version="1.0" encoding="UTF-8"?>
<testsuite name="org.apache.kafka.clients.producer.internals.SenderTest" tests="60" skipped="0" failures="0" errors="0" timestamp="2022-09-03T10:37:52" hostname="LAPTOP-FH01OFOM" time="0.9">
  <properties/>
  <testcase name="testIdempotenceWithMultipleInflightsWhereFirstFailsFatallyAndSequenceOfFutureBatchesIsAdjusted" classname="org.apache.kafka.clients.producer.internals.SenderTest" time="0.073"/>
  <testcase name="testCancelInFlightRequestAfterFatalError" classname="org.apache.kafka.clients.producer.internals.SenderTest" time="0.025"/>
  <testcase name="testIdempotentSplitBatchAndSend" classname="org.apache.kafka.clients.producer.internals.SenderTest" time="0.018"/>
  <testcase name="testUnknownProducerErrorShouldBeRetriedWhenLogStartOffsetIsUnknown" classname="org.apache.kafka.clients.producer.internals.SenderTest" time="0.003"/>
  <testcase name="testIdempotentUnknownProducerHandlingWhenRetentionLimitReached" classname="org.apache.kafka.clients.producer.internals.SenderTest" time="0.003"/>
  <testcase name="testEpochBumpOnOutOfOrderSequenceForNextBatch" classname="org.apache.kafka.clients.producer.internals.SenderTest" time="0.004"/>
  <testcase name="testMetadataTopicExpiry" classname="org.apache.kafka.clients.producer.internals.SenderTest" time="0.004"/>
  <testcase name="testTransactionalRequestsSentOnShutdown" classname="org.apache.kafka.clients.producer.internals.SenderTest" time="0.01"/>
  <testcase name="testExpiryOfFirstBatchShouldCauseEpochBumpIfFutureBatchesFail" classname="org.apache.kafka.clients.producer.internals.SenderTest" time="0.004"/>
  <testcase name="testTransactionAbortedExceptionOnAbortWithoutError" classname="org.apache.kafka.clients.producer.internals.SenderTest" time="0.004"/>
  <testcase name="testMessageFormatDownConversion" classname="org.apache.kafka.clients.producer.internals.SenderTest" time="0.013"/>
  <testcase name="testTransactionalUnknownProducerHandlingWhenRetentionLimitReached" classname="org.apache.kafka.clients.producer.internals.SenderTest" time="0.004"/>
  <testcase name="testExpiryOfAllSentBatchesShouldCauseUnresolvedSequences" classname="org.apache.kafka.clients.producer.internals.SenderTest" time="0.002"/>
  <testcase name="testDoNotPollWhenNoRequestSent" classname="org.apache.kafka.clients.producer.internals.SenderTest" time="0.195"/>
  <testcase name="testNoDoubleDeallocation" classname="org.apache.kafka.clients.producer.internals.SenderTest" time="0.002"/>
  <testcase name="testQuotaMetrics" classname="org.apache.kafka.clients.producer.internals.SenderTest" time="0.074"/>
  <testcase name="testExpiryOfUnsentBatchesShouldNotCauseUnresolvedSequences" classname="org.apache.kafka.clients.producer.internals.SenderTest" time="0.002"/>
  <testcase name="testTransactionalSplitBatchAndSend" classname="org.apache.kafka.clients.producer.internals.SenderTest" time="0.004"/>
  <testcase name="testClusterAuthorizationExceptionInProduceRequest" classname="org.apache.kafka.clients.producer.internals.SenderTest" time="0.002"/>
  <testcase name="testCorrectHandlingOfDuplicateSequenceError" classname="org.apache.kafka.clients.producer.internals.SenderTest" time="0.002"/>
  <testcase name="testWhenFirstBatchExpireNoSendSecondBatchIfGuaranteeOrder" classname="org.apache.kafka.clients.producer.internals.SenderTest" time="0.001"/>
  <testcase name="testIdempotentInitProducerIdWithMaxInFlightOne" classname="org.apache.kafka.clients.producer.internals.SenderTest" time="0.001"/>
  <testcase name="testAppendInExpiryCallback" classname="org.apache.kafka.clients.producer.internals.SenderTest" time="0.004"/>
  <testcase name="testExpiredBatchDoesNotSplitOnMessageTooLargeError" classname="org.apache.kafka.clients.producer.internals.SenderTest" time="0.001"/>
  <testcase name="testDefaultErrorMessage" classname="org.apache.kafka.clients.producer.internals.SenderTest" time="0.002"/>
  <testcase name="testBatchesDrainedWithOldProducerIdShouldSucceedOnSubsequentRetry" classname="org.apache.kafka.clients.producer.internals.SenderTest" time="0.003"/>
  <testcase name="testIdempotenceWithMultipleInflights" classname="org.apache.kafka.clients.producer.internals.SenderTest" time="0.003"/>
  <testcase name="testCloseWithProducerIdReset" classname="org.apache.kafka.clients.producer.internals.SenderTest" time="0.259"/>
  <testcase name="testShouldRaiseOutOfOrderSequenceExceptionToUserIfLogWasNotTruncated" classname="org.apache.kafka.clients.producer.internals.SenderTest" time="0.002"/>
  <testcase name="testSenderMetricsTemplates" classname="org.apache.kafka.clients.producer.internals.SenderTest" time="0.004"/>
  <testcase name="testInitProducerIdRequest" classname="org.apache.kafka.clients.producer.internals.SenderTest" time="0.007"/>
  <testcase name="testForceCloseWithProducerIdReset" classname="org.apache.kafka.clients.producer.internals.SenderTest" time="0.003"/>
  <testcase name="testTooLargeBatchesAreSafelyRemoved" classname="org.apache.kafka.clients.producer.internals.SenderTest" time="0.025"/>
  <testcase name="testCorrectHandlingOfOutOfOrderResponses" classname="org.apache.kafka.clients.producer.internals.SenderTest" time="0.011"/>
  <testcase name="testCanRetryWithoutIdempotence" classname="org.apache.kafka.clients.producer.internals.SenderTest" time="0.012"/>
  <testcase name="testRetryWhenProducerIdChanges" classname="org.apache.kafka.clients.producer.internals.SenderTest" time="0.003"/>
  <testcase name="testRetries" classname="org.apache.kafka.clients.producer.internals.SenderTest" time="0.005"/>
  <testcase name="testInflightBatchesExpireOnDeliveryTimeout" classname="org.apache.kafka.clients.producer.internals.SenderTest" time="0.003"/>
  <testcase name="testResetOfProducerStateShouldAllowQueuedBatchesToDrain" classname="org.apache.kafka.clients.producer.internals.SenderTest" time="0.004"/>
  <testcase name="testDownConversionForMismatchedMagicValues" classname="org.apache.kafka.clients.producer.internals.SenderTest" time="0.004"/>
  <testcase name="testExpiryOfFirstBatchShouldNotCauseUnresolvedSequencesIfFutureBatchesSucceed" classname="org.apache.kafka.clients.producer.internals.SenderTest" time="0.004"/>
  <testcase name="testSendInOrder" classname="org.apache.kafka.clients.producer.internals.SenderTest" time="0.003"/>
  <testcase name="testClusterAuthorizationExceptionInInitProducerIdRequest" classname="org.apache.kafka.clients.producer.internals.SenderTest" time="0.006"/>
  <testcase name="testUnsupportedVersionInProduceRequest" classname="org.apache.kafka.clients.producer.internals.SenderTest" time="0.003"/>
  <testcase name="testForceShutdownWithIncompleteTransaction" classname="org.apache.kafka.clients.producer.internals.SenderTest" time="0.029"/>
  <testcase name="testUnresolvedSequencesAreNotFatal" classname="org.apache.kafka.clients.producer.internals.SenderTest" time="0.002"/>
  <testcase name="testCorrectHandlingOfOutOfOrderResponsesWhenSecondSucceeds" classname="org.apache.kafka.clients.producer.internals.SenderTest" time="0.002"/>
  <testcase name="testResetNextBatchExpiry" classname="org.apache.kafka.clients.producer.internals.SenderTest" time="0.012"/>
  <testcase name="testCustomErrorMessage" classname="org.apache.kafka.clients.producer.internals.SenderTest" time="0.001"/>
  <testcase name="testUnknownProducerErrorShouldBeRetriedForFutureBatchesWhenFirstFails" classname="org.apache.kafka.clients.producer.internals.SenderTest" time="0.003"/>
  <testcase name="testUnsupportedForMessageFormatInProduceRequest" classname="org.apache.kafka.clients.producer.internals.SenderTest" time="0.001"/>
  <testcase name="testIncompleteTransactionAbortOnShutdown" classname="org.apache.kafka.clients.producer.internals.SenderTest" time="0.002"/>
  <testcase name="testSimple" classname="org.apache.kafka.clients.producer.internals.SenderTest" time="0.001"/>
  <testcase name="testNodeNotReady" classname="org.apache.kafka.clients.producer.internals.SenderTest" time="0.002"/>
  <testcase name="testSequenceNumberIncrement" classname="org.apache.kafka.clients.producer.internals.SenderTest" time="0.002"/>
  <testcase name="testExpiredBatchesInMultiplePartitions" classname="org.apache.kafka.clients.producer.internals.SenderTest" time="0.01"/>
  <testcase name="testInitProducerIdWithMaxInFlightOne" classname="org.apache.kafka.clients.producer.internals.SenderTest" time="0.001"/>
  <testcase name="testBumpEpochWhenOutOfOrderSequenceReceived" classname="org.apache.kafka.clients.producer.internals.SenderTest" time="0.002"/>
  <testcase name="testIdempotenceWithMultipleInflightsRetriedInOrder" classname="org.apache.kafka.clients.producer.internals.SenderTest" time="0.002"/>
  <testcase name="testExpiredBatchDoesNotRetry" classname="org.apache.kafka.clients.producer.internals.SenderTest" time="0.002"/>
  <system-out><![CDATA[[2022-09-03 18:37:52,614] ERROR Aborting producer batches due to fatal error (org.apache.kafka.clients.producer.internals.Sender:502)
org.apache.kafka.common.errors.ClusterAuthorizationException: The producer is not authorized to do idempotent sends
[2022-09-03 18:37:52,966] ERROR Aborting producer batches due to fatal error (org.apache.kafka.clients.producer.internals.Sender:502)
org.apache.kafka.common.errors.ClusterAuthorizationException: The producer is not authorized to do idempotent sends
[2022-09-03 18:37:53,334] ERROR Aborting producer batches due to fatal error (org.apache.kafka.clients.producer.internals.Sender:502)
org.apache.kafka.common.errors.ClusterAuthorizationException: Cluster authorization failed.
[2022-09-03 18:37:53,342] ERROR Aborting producer batches due to fatal error (org.apache.kafka.clients.producer.internals.Sender:502)
org.apache.kafka.common.errors.UnsupportedVersionException: The version of API is not supported.
]]></system-out>
  <system-err><![CDATA[]]></system-err>
</testsuite>
