<?xml version="1.0" encoding="UTF-8"?>
<testsuite name="org.apache.kafka.clients.consumer.internals.ConsumerMetadataTest" tests="5" skipped="0" failures="0" errors="0" timestamp="2022-09-03T10:37:55" hostname="LAPTOP-FH01OFOM" time="0.991">
  <properties/>
  <testcase name="testPatternSubscriptionNoInternalTopics" classname="org.apache.kafka.clients.consumer.internals.ConsumerMetadataTest" time="0.97"/>
  <testcase name="testTransientTopics" classname="org.apache.kafka.clients.consumer.internals.ConsumerMetadataTest" time="0.009"/>
  <testcase name="testNormalSubscription" classname="org.apache.kafka.clients.consumer.internals.ConsumerMetadataTest" time="0.003"/>
  <testcase name="testUserAssignment" classname="org.apache.kafka.clients.consumer.internals.ConsumerMetadataTest" time="0.006"/>
  <testcase name="testPatternSubscriptionIncludeInternalTopics" classname="org.apache.kafka.clients.consumer.internals.ConsumerMetadataTest" time="0.003"/>
  <system-out><![CDATA[]]></system-out>
  <system-err><![CDATA[]]></system-err>
</testsuite>
