<?xml version="1.0" encoding="UTF-8"?>
<testsuite name="org.apache.kafka.common.metrics.MetricsTest" tests="26" skipped="0" failures="0" errors="0" timestamp="2022-09-03T10:37:53" hostname="LAPTOP-FH01OFOM" time="1.246">
  <properties/>
  <testcase name="testSimpleRate" classname="org.apache.kafka.common.metrics.MetricsTest" time="0.083"/>
  <testcase name="testSimpleStats" classname="org.apache.kafka.common.metrics.MetricsTest" time="0.035"/>
  <testcase name="testOldDataHasNoEffect" classname="org.apache.kafka.common.metrics.MetricsTest" time="0.011"/>
  <testcase name="testQuotasEquality" classname="org.apache.kafka.common.metrics.MetricsTest" time="0.007"/>
  <testcase name="testRemoveInactiveMetrics" classname="org.apache.kafka.common.metrics.MetricsTest" time="0.005"/>
  <testcase name="testRemoveChildSensor" classname="org.apache.kafka.common.metrics.MetricsTest" time="0.021"/>
  <testcase name="testPercentilesWithRandomNumbersAndLinearBucketing" classname="org.apache.kafka.common.metrics.MetricsTest" time="0.051"/>
  <testcase name="shouldPinLargerValuesToMax" classname="org.apache.kafka.common.metrics.MetricsTest" time="0.007"/>
  <testcase name="shouldPinSmallerValuesToMin" classname="org.apache.kafka.common.metrics.MetricsTest" time="0.002"/>
  <testcase name="testMetricName" classname="org.apache.kafka.common.metrics.MetricsTest" time="0.011"/>
  <testcase name="testSampledStatReturnsInitialValueWhenNoValuesExist" classname="org.apache.kafka.common.metrics.MetricsTest" time="0.003"/>
  <testcase name="testDeprecatedMetricValueMethod" classname="org.apache.kafka.common.metrics.MetricsTest" time="0.005"/>
  <testcase name="testRateWindowing" classname="org.apache.kafka.common.metrics.MetricsTest" time="0.001"/>
  <testcase name="testMetricInstances" classname="org.apache.kafka.common.metrics.MetricsTest" time="0.009"/>
  <testcase name="testTimeWindowing" classname="org.apache.kafka.common.metrics.MetricsTest" time="0.005"/>
  <testcase name="testEventWindowing" classname="org.apache.kafka.common.metrics.MetricsTest" time="0.002"/>
  <testcase name="testSampledStatReturnsNaNWhenNoValuesExist" classname="org.apache.kafka.common.metrics.MetricsTest" time="0.002"/>
  <testcase name="testConcurrentReadUpdate" classname="org.apache.kafka.common.metrics.MetricsTest" time="0.209"/>
  <testcase name="testRemoveMetric" classname="org.apache.kafka.common.metrics.MetricsTest" time="0.051"/>
  <testcase name="testBadSensorHierarchy" classname="org.apache.kafka.common.metrics.MetricsTest" time="0.101"/>
  <testcase name="testRemoveSensor" classname="org.apache.kafka.common.metrics.MetricsTest" time="0.065"/>
  <testcase name="testConcurrentReadUpdateReport" classname="org.apache.kafka.common.metrics.MetricsTest" time="0.459"/>
  <testcase name="testPercentiles" classname="org.apache.kafka.common.metrics.MetricsTest" time="0.01"/>
  <testcase name="testDuplicateMetricName" classname="org.apache.kafka.common.metrics.MetricsTest" time="0.024"/>
  <testcase name="testQuotas" classname="org.apache.kafka.common.metrics.MetricsTest" time="0.052"/>
  <testcase name="testHierarchicalSensors" classname="org.apache.kafka.common.metrics.MetricsTest" time="0.003"/>
  <system-out><![CDATA[]]></system-out>
  <system-err><![CDATA[]]></system-err>
</testsuite>
