<?xml version="1.0" encoding="UTF-8"?>
<testsuite name="org.apache.kafka.common.utils.BytesTest" tests="3" skipped="0" failures="0" errors="0" timestamp="2020-10-29T02:36:12" hostname="chukun-mac" time="0.005">
  <properties/>
  <testcase name="testIncrementWithSubmap" classname="org.apache.kafka.common.utils.BytesTest" time="0.004"/>
  <testcase name="testIncrement" classname="org.apache.kafka.common.utils.BytesTest" time="0.0"/>
  <testcase name="testIncrementUpperBoundary" classname="org.apache.kafka.common.utils.BytesTest" time="0.001"/>
  <system-out><![CDATA[]]></system-out>
  <system-err><![CDATA[]]></system-err>
</testsuite>
