<?xml version="1.0" encoding="UTF-8"?>
<testsuite name="org.apache.kafka.raft.KafkaRaftClientTest" tests="66" skipped="0" failures="0" errors="0" timestamp="2020-10-29T02:42:09" hostname="chukun-mac" time="4.816">
  <properties/>
  <testcase name="testInitializeAsCandidateFromStateStore()" classname="org.apache.kafka.raft.KafkaRaftClientTest" time="0.459"/>
  <testcase name="testEndQuorumStartsNewElectionImmediatelyIfFollowerUnattached()" classname="org.apache.kafka.raft.KafkaRaftClientTest" time="1.16"/>
  <testcase name="testInvalidFetchRequest()" classname="org.apache.kafka.raft.KafkaRaftClientTest" time="0.136"/>
  <testcase name="testVoteResponseIgnoredAfterBecomingFollower()" classname="org.apache.kafka.raft.KafkaRaftClientTest" time="0.002"/>
  <testcase name="testPurgatoryFetchSatisfiedByWrite()" classname="org.apache.kafka.raft.KafkaRaftClientTest" time="0.113"/>
  <testcase name="testFollowerReplication()" classname="org.apache.kafka.raft.KafkaRaftClientTest" time="0.004"/>
  <testcase name="testLocalReadFromLeader()" classname="org.apache.kafka.raft.KafkaRaftClientTest" time="0.107"/>
  <testcase name="testObserverQuorumDiscoveryFailure()" classname="org.apache.kafka.raft.KafkaRaftClientTest" time="0.002"/>
  <testcase name="testHandleEndQuorumRequest()" classname="org.apache.kafka.raft.KafkaRaftClientTest" time="0.001"/>
  <testcase name="testClusterAuthorizationFailedInBeginQuorumEpoch()" classname="org.apache.kafka.raft.KafkaRaftClientTest" time="0.113"/>
  <testcase name="testPurgatoryFetchCompletedByFollowerTransition()" classname="org.apache.kafka.raft.KafkaRaftClientTest" time="0.104"/>
  <testcase name="testGracefulShutdownSingleMemberQuorum()" classname="org.apache.kafka.raft.KafkaRaftClientTest" time="0.003"/>
  <testcase name="testLeaderIgnoreVoteRequestOnSameEpoch()" classname="org.apache.kafka.raft.KafkaRaftClientTest" time="0.106"/>
  <testcase name="testInitializeAsFollowerNonEmptyLog()" classname="org.apache.kafka.raft.KafkaRaftClientTest" time="0.002"/>
  <testcase name="testClusterAuthorizationFailedInVote()" classname="org.apache.kafka.raft.KafkaRaftClientTest" time="0.002"/>
  <testcase name="testEndQuorumEpochSentBasedOnFetchOffset()" classname="org.apache.kafka.raft.KafkaRaftClientTest" time="0.113"/>
  <testcase name="testInvalidVoteRequest()" classname="org.apache.kafka.raft.KafkaRaftClientTest" time="0.001"/>
  <testcase name="testDelayedLocalReadFromFollowerToHighWatermark()" classname="org.apache.kafka.raft.KafkaRaftClientTest" time="0.003"/>
  <testcase name="testClusterAuthorizationFailedInEndQuorumEpoch()" classname="org.apache.kafka.raft.KafkaRaftClientTest" time="0.105"/>
  <testcase name="testFetchResponseIgnoredAfterBecomingCandidate()" classname="org.apache.kafka.raft.KafkaRaftClientTest" time="0.002"/>
  <testcase name="testInitializeAsFollowerEmptyLog()" classname="org.apache.kafka.raft.KafkaRaftClientTest" time="0.001"/>
  <testcase name="testLocalReadFromFollower()" classname="org.apache.kafka.raft.KafkaRaftClientTest" time="0.004"/>
  <testcase name="testInitializeObserverNoPreviousState()" classname="org.apache.kafka.raft.KafkaRaftClientTest" time="0.001"/>
  <testcase name="testEndQuorumIgnoredIfAlreadyLeader()" classname="org.apache.kafka.raft.KafkaRaftClientTest" time="0.111"/>
  <testcase name="testVoteRequestTimeout()" classname="org.apache.kafka.raft.KafkaRaftClientTest" time="0.102"/>
  <testcase name="testDescribeQuorum()" classname="org.apache.kafka.raft.KafkaRaftClientTest" time="0.107"/>
  <testcase name="testObserverLeaderRediscoveryAfterBrokerNotAvailableError()" classname="org.apache.kafka.raft.KafkaRaftClientTest" time="0.106"/>
  <testcase name="testCandidateIgnoreVoteRequestOnSameEpoch()" classname="org.apache.kafka.raft.KafkaRaftClientTest" time="0.002"/>
  <testcase name="testVoterBecomeCandidateAfterFetchTimeout()" classname="org.apache.kafka.raft.KafkaRaftClientTest" time="0.102"/>
  <testcase name="testLeaderGracefulShutdownTimeout()" classname="org.apache.kafka.raft.KafkaRaftClientTest" time="0.102"/>
  <testcase name="testRetryElection()" classname="org.apache.kafka.raft.KafkaRaftClientTest" time="0.104"/>
  <testcase name="testHandleInvalidVoteRequestWithOlderEpoch()" classname="org.apache.kafka.raft.KafkaRaftClientTest" time="0.001"/>
  <testcase name="testFollowerGracefulShutdown()" classname="org.apache.kafka.raft.KafkaRaftClientTest" time="0.001"/>
  <testcase name="testAccumulatorClearedAfterBecomingUnattached()" classname="org.apache.kafka.raft.KafkaRaftClientTest" time="0.104"/>
  <testcase name="testAccumulatorClearedAfterBecomingFollower()" classname="org.apache.kafka.raft.KafkaRaftClientTest" time="0.106"/>
  <testcase name="testClusterAuthorizationFailedInFetch()" classname="org.apache.kafka.raft.KafkaRaftClientTest" time="0.001"/>
  <testcase name="testInitializeSingleMemberQuorum()" classname="org.apache.kafka.raft.KafkaRaftClientTest" time="0.002"/>
  <testcase name="testHandleVoteRequestAsFollowerWithVotedCandidate()" classname="org.apache.kafka.raft.KafkaRaftClientTest" time="0.001"/>
  <testcase name="testLeaderAppendSingleMemberQuorum()" classname="org.apache.kafka.raft.KafkaRaftClientTest" time="0.003"/>
  <testcase name="testHandleBeginQuorumResponse()" classname="org.apache.kafka.raft.KafkaRaftClientTest" time="0.001"/>
  <testcase name="testAccumulatorClearedAfterBecomingVoted()" classname="org.apache.kafka.raft.KafkaRaftClientTest" time="0.104"/>
  <testcase name="testMetrics()" classname="org.apache.kafka.raft.KafkaRaftClientTest" time="0.003"/>
  <testcase name="testListenerCommitCallbackAfterLeaderWrite()" classname="org.apache.kafka.raft.KafkaRaftClientTest" time="0.106"/>
  <testcase name="testDelayedLocalReadFromLeader()" classname="org.apache.kafka.raft.KafkaRaftClientTest" time="0.108"/>
  <testcase name="testHandleBeginQuorumRequest()" classname="org.apache.kafka.raft.KafkaRaftClientTest" time="0.001"/>
  <testcase name="testDelayedLocalReadLogTruncationErrorAfterUncleanElection()" classname="org.apache.kafka.raft.KafkaRaftClientTest" time="0.107"/>
  <testcase name="testFetchShouldBeTreatedAsLeaderEndorsement()" classname="org.apache.kafka.raft.KafkaRaftClientTest" time="0.105"/>
  <testcase name="testLeaderGracefulShutdown()" classname="org.apache.kafka.raft.KafkaRaftClientTest" time="0.208"/>
  <testcase name="testHandleInvalidVoteRequestAsObserver()" classname="org.apache.kafka.raft.KafkaRaftClientTest" time="0.001"/>
  <testcase name="testInitializeAsLeaderFromStateStore()" classname="org.apache.kafka.raft.KafkaRaftClientTest" time="0.102"/>
  <testcase name="testInitializeAsLeaderFromStateStoreSingleMemberQuorum()" classname="org.apache.kafka.raft.KafkaRaftClientTest" time="0.001"/>
  <testcase name="testHandleVoteRequestAsFollowerWithElectedLeader()" classname="org.apache.kafka.raft.KafkaRaftClientTest" time="0.001"/>
  <testcase name="testObserverSendDiscoveryFetchAfterFetchTimeout()" classname="org.apache.kafka.raft.KafkaRaftClientTest" time="0.001"/>
  <testcase name="testEmptyRecordSetInFetchResponse()" classname="org.apache.kafka.raft.KafkaRaftClientTest" time="0.001"/>
  <testcase name="testEndQuorumIgnoredIfAlreadyCandidate()" classname="org.apache.kafka.raft.KafkaRaftClientTest" time="0.007"/>
  <testcase name="testPurgatoryFetchTimeout()" classname="org.apache.kafka.raft.KafkaRaftClientTest" time="0.106"/>
  <testcase name="testFetchResponseIgnoredAfterBecomingFollowerOfDifferentLeader()" classname="org.apache.kafka.raft.KafkaRaftClientTest" time="0.001"/>
  <testcase name="testVoterOnlyRequestValidation()" classname="org.apache.kafka.raft.KafkaRaftClientTest" time="0.102"/>
  <testcase name="testDelayedLocalReadFromFollowerToHighWatermarkTimeout()" classname="org.apache.kafka.raft.KafkaRaftClientTest" time="0.001"/>
  <testcase name="testInitializeAsCandidateAndBecomeLeader()" classname="org.apache.kafka.raft.KafkaRaftClientTest" time="0.103"/>
  <testcase name="testLocalReadLogTruncationError()" classname="org.apache.kafka.raft.KafkaRaftClientTest" time="0.001"/>
  <testcase name="testFollowerLogReconciliation()" classname="org.apache.kafka.raft.KafkaRaftClientTest" time="0.001"/>
  <testcase name="testEndQuorumStartsNewElectionAfterBackoffIfReceivedFromVotedCandidate()" classname="org.apache.kafka.raft.KafkaRaftClientTest" time="0.001"/>
  <testcase name="testHandleValidVoteRequestAsFollower()" classname="org.apache.kafka.raft.KafkaRaftClientTest" time="0.001"/>
  <testcase name="testObserverLeaderRediscoveryAfterRequestTimeout()" classname="org.apache.kafka.raft.KafkaRaftClientTest" time="0.002"/>
  <testcase name="testHandleEndQuorumRequestWithLowerPriorityToBecomeLeader()" classname="org.apache.kafka.raft.KafkaRaftClientTest" time="0.103"/>
  <system-out><![CDATA[]]></system-out>
  <system-err><![CDATA[]]></system-err>
</testsuite>
