<?xml version="1.0" encoding="UTF-8"?>
<testsuite name="org.apache.kafka.raft.internals.KafkaRaftMetricsTest" tests="7" skipped="0" failures="0" errors="0" timestamp="2020-10-29T02:44:04" hostname="chukun-mac" time="0.023">
  <properties/>
  <testcase name="shouldRecordVoterQuorumState()" classname="org.apache.kafka.raft.internals.KafkaRaftMetricsTest" time="0.008"/>
  <testcase name="shouldRecordNonVoterQuorumState()" classname="org.apache.kafka.raft.internals.KafkaRaftMetricsTest" time="0.001"/>
  <testcase name="shouldRecordRate()" classname="org.apache.kafka.raft.internals.KafkaRaftMetricsTest" time="0.003"/>
  <testcase name="shouldRecordLogEnd()" classname="org.apache.kafka.raft.internals.KafkaRaftMetricsTest" time="0.001"/>
  <testcase name="shouldRecordNumUnknownVoterConnections()" classname="org.apache.kafka.raft.internals.KafkaRaftMetricsTest" time="0.001"/>
  <testcase name="shouldRecordLatency()" classname="org.apache.kafka.raft.internals.KafkaRaftMetricsTest" time="0.003"/>
  <testcase name="shouldRecordPollIdleRatio()" classname="org.apache.kafka.raft.internals.KafkaRaftMetricsTest" time="0.0"/>
  <system-out><![CDATA[]]></system-out>
  <system-err><![CDATA[]]></system-err>
</testsuite>
