<?xml version="1.0" encoding="UTF-8"?>
<testsuite name="org.apache.kafka.raft.LeaderStateTest" tests="13" skipped="0" failures="0" errors="0" timestamp="2020-10-29T02:42:06" hostname="chukun-mac" time="0.317">
  <properties/>
  <testcase name="testUpdateHighWatermarkMetadata()" classname="org.apache.kafka.raft.LeaderStateTest" time="0.09"/>
  <testcase name="testUpdateHighWatermarkQuorumSizeOne()" classname="org.apache.kafka.raft.LeaderStateTest" time="0.001"/>
  <testcase name="testUpdateHighWatermarkQuorumSizeTwo()" classname="org.apache.kafka.raft.LeaderStateTest" time="0.191"/>
  <testcase name="testNoOpForNegativeRemoteNodeId()" classname="org.apache.kafka.raft.LeaderStateTest" time="0.006"/>
  <testcase name="testGetObserverStatesWithObserver()" classname="org.apache.kafka.raft.LeaderStateTest" time="0.001"/>
  <testcase name="testUpdateHighWatermarkQuorumSizeThree()" classname="org.apache.kafka.raft.LeaderStateTest" time="0.002"/>
  <testcase name="testFollowerEndorsement()" classname="org.apache.kafka.raft.LeaderStateTest" time="0.001"/>
  <testcase name="testHighWatermarkUnknownUntilStartOfLeaderEpoch()" classname="org.apache.kafka.raft.LeaderStateTest" time="0.001"/>
  <testcase name="testIdempotentEndOffsetUpdate()" classname="org.apache.kafka.raft.LeaderStateTest" time="0.001"/>
  <testcase name="testNonMonotonicEndOffsetUpdate()" classname="org.apache.kafka.raft.LeaderStateTest" time="0.003"/>
  <testcase name="testNonFollowerEndorsement()" classname="org.apache.kafka.raft.LeaderStateTest" time="0.003"/>
  <testcase name="testGetVoterStates()" classname="org.apache.kafka.raft.LeaderStateTest" time="0.001"/>
  <testcase name="testGetNonLeaderFollowersByFetchOffsetDescending()" classname="org.apache.kafka.raft.LeaderStateTest" time="0.003"/>
  <system-out><![CDATA[]]></system-out>
  <system-err><![CDATA[]]></system-err>
</testsuite>
