<?xml version="1.0" encoding="UTF-8"?>
<testsuite name="org.apache.kafka.raft.RaftEventSimulationTest" tests="30" skipped="0" failures="0" errors="0" timestamp="2020-10-29T02:42:00" hostname="chukun-mac" time="124.141">
  <properties/>
  <testcase name="testRecoveryAfterAllNodesFailQuorumSizeThree()" classname="org.apache.kafka.raft.RaftEventSimulationTest" time="7.91"/>
  <testcase name="testElectionAfterLeaderFailureQuorumSizeFiveAndThreeObservers()" classname="org.apache.kafka.raft.RaftEventSimulationTest" time="19.161"/>
  <testcase name="testElectionAfterLeaderGracefulShutdownQuorumSizeFiveAndThreeObservers()" classname="org.apache.kafka.raft.RaftEventSimulationTest" time="11.694"/>
  <testcase name="testElectionAfterLeaderGracefulShutdownQuorumSizeThree()" classname="org.apache.kafka.raft.RaftEventSimulationTest" time="4.69"/>
  <testcase name="testElectionAfterLeaderFailureQuorumSizeThree()" classname="org.apache.kafka.raft.RaftEventSimulationTest" time="7.061"/>
  <testcase name="testElectionAfterLeaderNetworkPartitionQuorumSizeThree()" classname="org.apache.kafka.raft.RaftEventSimulationTest" time="9.362"/>
  <testcase name="testElectionAfterLeaderGracefulShutdownQuorumSizeFourAndTwoObservers()" classname="org.apache.kafka.raft.RaftEventSimulationTest" time="2.235"/>
  <testcase name="testElectionAfterLeaderGracefulShutdownQuorumSizeFive()" classname="org.apache.kafka.raft.RaftEventSimulationTest" time="0.631"/>
  <testcase name="testElectionAfterLeaderGracefulShutdownQuorumSizeFour()" classname="org.apache.kafka.raft.RaftEventSimulationTest" time="0.562"/>
  <testcase name="testElectionAfterLeaderNetworkPartitionQuorumSizeFive()" classname="org.apache.kafka.raft.RaftEventSimulationTest" time="5.094"/>
  <testcase name="testElectionAfterLeaderNetworkPartitionQuorumSizeFour()" classname="org.apache.kafka.raft.RaftEventSimulationTest" time="5.082"/>
  <testcase name="testRecoveryAfterAllNodesFailQuorumSizeFive()" classname="org.apache.kafka.raft.RaftEventSimulationTest" time="2.468"/>
  <testcase name="testRecoveryAfterAllNodesFailQuorumSizeFour()" classname="org.apache.kafka.raft.RaftEventSimulationTest" time="2.357"/>
  <testcase name="testElectionAfterMultiNodeNetworkPartitionQuorumSizeFive()" classname="org.apache.kafka.raft.RaftEventSimulationTest" time="5.898"/>
  <testcase name="testElectionAfterLeaderFailureQuorumSizeFourAndTwoObservers()" classname="org.apache.kafka.raft.RaftEventSimulationTest" time="5.341"/>
  <testcase name="testInitialLeaderElectionQuorumSizeOne()" classname="org.apache.kafka.raft.RaftEventSimulationTest" time="0.066"/>
  <testcase name="testInitialLeaderElectionQuorumSizeTwo()" classname="org.apache.kafka.raft.RaftEventSimulationTest" time="1.091"/>
  <testcase name="testBackToBackLeaderFailuresQuorumSizeThree()" classname="org.apache.kafka.raft.RaftEventSimulationTest" time="6.784"/>
  <testcase name="testElectionAfterLeaderFailureQuorumSizeFive()" classname="org.apache.kafka.raft.RaftEventSimulationTest" time="1.989"/>
  <testcase name="testElectionAfterLeaderFailureQuorumSizeFour()" classname="org.apache.kafka.raft.RaftEventSimulationTest" time="1.419"/>
  <testcase name="testElectionAfterMultiNodeNetworkPartitionQuorumSizeFiveAndTwoObservers()" classname="org.apache.kafka.raft.RaftEventSimulationTest" time="3.98"/>
  <testcase name="testInitialLeaderElectionQuorumSizeThree()" classname="org.apache.kafka.raft.RaftEventSimulationTest" time="0.186"/>
  <testcase name="testInitialLeaderElectionQuorumSizeFive()" classname="org.apache.kafka.raft.RaftEventSimulationTest" time="0.235"/>
  <testcase name="testInitialLeaderElectionQuorumSizeFour()" classname="org.apache.kafka.raft.RaftEventSimulationTest" time="0.196"/>
  <testcase name="testElectionAfterLeaderNetworkPartitionQuorumSizeFiveAndThreeObservers()" classname="org.apache.kafka.raft.RaftEventSimulationTest" time="4.042"/>
  <testcase name="testElectionAfterLeaderNetworkPartitionQuorumSizeThreeAndTwoObservers()" classname="org.apache.kafka.raft.RaftEventSimulationTest" time="3.155"/>
  <testcase name="testElectionAfterLeaderGracefulShutdownQuorumSizeThreeAndTwoObservers()" classname="org.apache.kafka.raft.RaftEventSimulationTest" time="0.609"/>
  <testcase name="testElectionAfterLeaderFailureQuorumSizeThreeAndTwoObservers()" classname="org.apache.kafka.raft.RaftEventSimulationTest" time="2.12"/>
  <testcase name="testBackToBackLeaderFailuresQuorumSizeFiveAndTwoObservers()" classname="org.apache.kafka.raft.RaftEventSimulationTest" time="5.472"/>
  <testcase name="testElectionAfterLeaderNetworkPartitionQuorumSizeFourAndTwoObservers()" classname="org.apache.kafka.raft.RaftEventSimulationTest" time="3.092"/>
  <system-out><![CDATA[]]></system-out>
  <system-err><![CDATA[]]></system-err>
</testsuite>
