<?xml version="1.0" encoding="UTF-8"?>
<testsuite name="org.apache.kafka.raft.RaftConfigTest" tests="3" skipped="0" failures="0" errors="0" timestamp="2020-10-29T02:41:59" hostname="chukun-mac" time="1.608">
  <properties/>
  <testcase name="testInvalidQuorumVotersConfig()" classname="org.apache.kafka.raft.RaftConfigTest" time="0.325"/>
  <testcase name="testMultiQuorumVoterConnections()" classname="org.apache.kafka.raft.RaftConfigTest" time="1.271"/>
  <testcase name="testSingleQuorumVoterConnections()" classname="org.apache.kafka.raft.RaftConfigTest" time="0.002"/>
  <system-out><![CDATA[]]></system-out>
  <system-err><![CDATA[]]></system-err>
</testsuite>
