<?xml version="1.0" encoding="UTF-8"?>
<testsuite name="org.apache.kafka.raft.internals.BatchAccumulatorTest" tests="8" skipped="0" failures="0" errors="0" timestamp="2020-10-29T02:42:08" hostname="chukun-mac" time="0.439">
  <properties/>
  <testcase name="testSingleBatchAccumulation()" classname="org.apache.kafka.raft.internals.BatchAccumulatorTest" time="0.053"/>
  <testcase name="testLingerBeginsOnFirstWrite()" classname="org.apache.kafka.raft.internals.BatchAccumulatorTest" time="0.002"/>
  <testcase name="testDrainDoesNotBlockWithConcurrentAppend()" classname="org.apache.kafka.raft.internals.BatchAccumulatorTest" time="0.217"/>
  <testcase name="testLingerIgnoredIfAccumulatorEmpty()" classname="org.apache.kafka.raft.internals.BatchAccumulatorTest" time="0.0"/>
  <testcase name="testUnflushedBuffersReleasedByClose()" classname="org.apache.kafka.raft.internals.BatchAccumulatorTest" time="0.008"/>
  <testcase name="testCompletedBatchReleaseBuffer()" classname="org.apache.kafka.raft.internals.BatchAccumulatorTest" time="0.001"/>
  <testcase name="testMultipleBatchAccumulation()" classname="org.apache.kafka.raft.internals.BatchAccumulatorTest" time="0.042"/>
  <testcase name="testCloseWhenEmpty()" classname="org.apache.kafka.raft.internals.BatchAccumulatorTest" time="0.001"/>
  <system-out><![CDATA[]]></system-out>
  <system-err><![CDATA[]]></system-err>
</testsuite>
