<?xml version="1.0" encoding="UTF-8"?>
<testsuite name="org.apache.kafka.raft.internals.BatchBuilderTest" tests="12" skipped="0" failures="0" errors="0" timestamp="2020-10-29T02:42:01" hostname="chukun-mac" time="1.202">
  <properties/>
  <testcase name="[1] NONE" classname="org.apache.kafka.raft.internals.BatchBuilderTest" time="0.116"/>
  <testcase name="[2] GZIP" classname="org.apache.kafka.raft.internals.BatchBuilderTest" time="0.004"/>
  <testcase name="[3] SNAPPY" classname="org.apache.kafka.raft.internals.BatchBuilderTest" time="0.537"/>
  <testcase name="[4] LZ4" classname="org.apache.kafka.raft.internals.BatchBuilderTest" time="0.191"/>
  <testcase name="[5] ZSTD" classname="org.apache.kafka.raft.internals.BatchBuilderTest" time="0.323"/>
  <testcase name="[1] 128" classname="org.apache.kafka.raft.internals.BatchBuilderTest" time="0.001"/>
  <testcase name="[2] 157" classname="org.apache.kafka.raft.internals.BatchBuilderTest" time="0.001"/>
  <testcase name="[3] 256" classname="org.apache.kafka.raft.internals.BatchBuilderTest" time="0.001"/>
  <testcase name="[4] 433" classname="org.apache.kafka.raft.internals.BatchBuilderTest" time="0.001"/>
  <testcase name="[5] 512" classname="org.apache.kafka.raft.internals.BatchBuilderTest" time="0.001"/>
  <testcase name="[6] 777" classname="org.apache.kafka.raft.internals.BatchBuilderTest" time="0.001"/>
  <testcase name="[7] 1024" classname="org.apache.kafka.raft.internals.BatchBuilderTest" time="0.003"/>
  <system-out><![CDATA[]]></system-out>
  <system-err><![CDATA[]]></system-err>
</testsuite>
