<?xml version="1.0" encoding="UTF-8"?>
<testsuite name="org.apache.kafka.raft.FileBasedStateStoreTest" tests="2" skipped="0" failures="0" errors="0" timestamp="2020-10-29T02:42:17" hostname="chukun-mac" time="1.331">
  <properties/>
  <testcase name="testReadElectionState()" classname="org.apache.kafka.raft.FileBasedStateStoreTest" time="1.311"/>
  <testcase name="testWriteElectionState()" classname="org.apache.kafka.raft.FileBasedStateStoreTest" time="0.019"/>
  <system-out><![CDATA[]]></system-out>
  <system-err><![CDATA[]]></system-err>
</testsuite>
