<?xml version="1.0" encoding="UTF-8"?>
<testsuite name="org.apache.kafka.raft.internals.BatchMemoryPoolTest" tests="4" skipped="0" failures="0" errors="0" timestamp="2020-10-29T02:42:18" hostname="chukun-mac" time="0.01">
  <properties/>
  <testcase name="testOversizeAllocation()" classname="org.apache.kafka.raft.internals.BatchMemoryPoolTest" time="0.004"/>
  <testcase name="testReleaseBufferNotMatchingBatchSize()" classname="org.apache.kafka.raft.internals.BatchMemoryPoolTest" time="0.001"/>
  <testcase name="testAllocateAndRelease()" classname="org.apache.kafka.raft.internals.BatchMemoryPoolTest" time="0.002"/>
  <testcase name="testMultipleAllocations()" classname="org.apache.kafka.raft.internals.BatchMemoryPoolTest" time="0.0"/>
  <system-out><![CDATA[]]></system-out>
  <system-err><![CDATA[]]></system-err>
</testsuite>
