<?xml version="1.0" encoding="UTF-8"?>
<testsuite name="org.apache.kafka.raft.FollowerStateTest" tests="2" skipped="0" failures="0" errors="0" timestamp="2020-10-29T02:44:04" hostname="chukun-mac" time="0.016">
  <properties/>
  <testcase name="testFetchTimeoutExpiration()" classname="org.apache.kafka.raft.FollowerStateTest" time="0.002"/>
  <testcase name="testMonotonicHighWatermark()" classname="org.apache.kafka.raft.FollowerStateTest" time="0.013"/>
  <system-out><![CDATA[]]></system-out>
  <system-err><![CDATA[]]></system-err>
</testsuite>
