<?xml version="1.0" encoding="UTF-8"?>
<testsuite name="org.apache.kafka.raft.MockFuturePurgatoryTest" tests="3" skipped="0" failures="0" errors="0" timestamp="2020-10-29T02:42:09" hostname="chukun-mac" time="0.014">
  <properties/>
  <testcase name="testExpiration()" classname="org.apache.kafka.raft.MockFuturePurgatoryTest" time="0.01"/>
  <testcase name="testCompletion()" classname="org.apache.kafka.raft.MockFuturePurgatoryTest" time="0.001"/>
  <testcase name="testCompletionExceptionally()" classname="org.apache.kafka.raft.MockFuturePurgatoryTest" time="0.001"/>
  <system-out><![CDATA[]]></system-out>
  <system-err><![CDATA[]]></system-err>
</testsuite>
