<?xml version="1.0" encoding="UTF-8"?>
<testsuite name="org.apache.kafka.raft.QuorumStateTest" tests="52" skipped="0" failures="0" errors="0" timestamp="2020-10-29T02:42:20" hostname="chukun-mac" time="0.549">
  <properties/>
  <testcase name="testVotedToCandidate()" classname="org.apache.kafka.raft.QuorumStateTest" time="0.128"/>
  <testcase name="testInitializeAsUnattached()" classname="org.apache.kafka.raft.QuorumStateTest" time="0.002"/>
  <testcase name="testUnattachedToUnattached()" classname="org.apache.kafka.raft.QuorumStateTest" time="0.001"/>
  <testcase name="testCandidateToUnattached()" classname="org.apache.kafka.raft.QuorumStateTest" time="0.001"/>
  <testcase name="testUnattachedToVotedHigherEpoch()" classname="org.apache.kafka.raft.QuorumStateTest" time="0.002"/>
  <testcase name="testFollowerToVotedHigherEpoch()" classname="org.apache.kafka.raft.QuorumStateTest" time="0.069"/>
  <testcase name="testCandidateToFollower()" classname="org.apache.kafka.raft.QuorumStateTest" time="0.001"/>
  <testcase name="testVotedToFollowerSameEpoch()" classname="org.apache.kafka.raft.QuorumStateTest" time="0.002"/>
  <testcase name="testLeaderToCandidate()" classname="org.apache.kafka.raft.QuorumStateTest" time="0.03"/>
  <testcase name="testFollowerToUnattachedHigherEpoch()" classname="org.apache.kafka.raft.QuorumStateTest" time="0.001"/>
  <testcase name="testFollowerToVotedSameEpoch()" classname="org.apache.kafka.raft.QuorumStateTest" time="0.002"/>
  <testcase name="testObserverFollowerToUnattached()" classname="org.apache.kafka.raft.QuorumStateTest" time="0.001"/>
  <testcase name="testFollowerToFollowerSameEpoch()" classname="org.apache.kafka.raft.QuorumStateTest" time="0.001"/>
  <testcase name="testCandidateToAnyStateLowerEpoch()" classname="org.apache.kafka.raft.QuorumStateTest" time="0.002"/>
  <testcase name="testVotedToUnattachedHigherEpoch()" classname="org.apache.kafka.raft.QuorumStateTest" time="0.001"/>
  <testcase name="testUnattachedToVotedSameEpoch()" classname="org.apache.kafka.raft.QuorumStateTest" time="0.001"/>
  <testcase name="testVotedToAnyStateLowerEpoch()" classname="org.apache.kafka.raft.QuorumStateTest" time="0.002"/>
  <testcase name="testCandidateToCandidate()" classname="org.apache.kafka.raft.QuorumStateTest" time="0.002"/>
  <testcase name="testLeaderToAnyStateLowerEpoch()" classname="org.apache.kafka.raft.QuorumStateTest" time="0.006"/>
  <testcase name="testFollowerToCandidate()" classname="org.apache.kafka.raft.QuorumStateTest" time="0.001"/>
  <testcase name="testLeaderToVoted()" classname="org.apache.kafka.raft.QuorumStateTest" time="0.002"/>
  <testcase name="testInitializePrimordialEpoch()" classname="org.apache.kafka.raft.QuorumStateTest" time="0.001"/>
  <testcase name="testFollowerToAnyStateLowerEpoch()" classname="org.apache.kafka.raft.QuorumStateTest" time="0.003"/>
  <testcase name="testInitializeWithCorruptedStore()" classname="org.apache.kafka.raft.QuorumStateTest" time="0.162"/>
  <testcase name="testObserverUnattachedToFollower()" classname="org.apache.kafka.raft.QuorumStateTest" time="0.001"/>
  <testcase name="testCannotBecomeFollowerOfNonVoter()" classname="org.apache.kafka.raft.QuorumStateTest" time="0.002"/>
  <testcase name="testObserverCannotBecomeCandidateOrLeaderOrVoted()" classname="org.apache.kafka.raft.QuorumStateTest" time="0.002"/>
  <testcase name="testUnattachedToAnyStateLowerEpoch()" classname="org.apache.kafka.raft.QuorumStateTest" time="0.002"/>
  <testcase name="testInconsistentVotersBetweenConfigAndState()" classname="org.apache.kafka.raft.QuorumStateTest" time="0.002"/>
  <testcase name="testCandidateToLeader()" classname="org.apache.kafka.raft.QuorumStateTest" time="0.001"/>
  <testcase name="testVotedToFollowerHigherEpoch()" classname="org.apache.kafka.raft.QuorumStateTest" time="0.001"/>
  <testcase name="testLeaderToFollower()" classname="org.apache.kafka.raft.QuorumStateTest" time="0.001"/>
  <testcase name="testInitializeAsFollower()" classname="org.apache.kafka.raft.QuorumStateTest" time="0.0"/>
  <testcase name="testFollowerToLeader()" classname="org.apache.kafka.raft.QuorumStateTest" time="0.001"/>
  <testcase name="testCandidateToLeaderWithoutGrantedVote()" classname="org.apache.kafka.raft.QuorumStateTest" time="0.018"/>
  <testcase name="testInitializeAsLeader()" classname="org.apache.kafka.raft.QuorumStateTest" time="0.001"/>
  <testcase name="testVotedToLeader()" classname="org.apache.kafka.raft.QuorumStateTest" time="0.001"/>
  <testcase name="testFollowerToFollowerHigherEpoch()" classname="org.apache.kafka.raft.QuorumStateTest" time="0.002"/>
  <testcase name="testInitializeAsCandidate()" classname="org.apache.kafka.raft.QuorumStateTest" time="0.001"/>
  <testcase name="testVotedToVotedSameEpoch()" classname="org.apache.kafka.raft.QuorumStateTest" time="0.002"/>
  <testcase name="testLeaderToLeader()" classname="org.apache.kafka.raft.QuorumStateTest" time="0.002"/>
  <testcase name="testHasRemoteLeader()" classname="org.apache.kafka.raft.QuorumStateTest" time="0.001"/>
  <testcase name="testUnattachedToFollowerHigherEpoch()" classname="org.apache.kafka.raft.QuorumStateTest" time="0.001"/>
  <testcase name="testVotedToUnattachedSameEpoch()" classname="org.apache.kafka.raft.QuorumStateTest" time="0.001"/>
  <testcase name="testLeaderToUnattached()" classname="org.apache.kafka.raft.QuorumStateTest" time="0.001"/>
  <testcase name="testInitializeAsVoted()" classname="org.apache.kafka.raft.QuorumStateTest" time="0.001"/>
  <testcase name="testUnattachedToCandidate()" classname="org.apache.kafka.raft.QuorumStateTest" time="0.005"/>
  <testcase name="testUnattachedToLeader()" classname="org.apache.kafka.raft.QuorumStateTest" time="0.001"/>
  <testcase name="testUnattachedToFollowerSameEpoch()" classname="org.apache.kafka.raft.QuorumStateTest" time="0.002"/>
  <testcase name="testFollowerToUnattachedSameEpoch()" classname="org.apache.kafka.raft.QuorumStateTest" time="0.003"/>
  <testcase name="testCandidateToVoted()" classname="org.apache.kafka.raft.QuorumStateTest" time="0.002"/>
  <testcase name="testCannotFollowOrVoteForSelf()" classname="org.apache.kafka.raft.QuorumStateTest" time="0.001"/>
  <system-out><![CDATA[]]></system-out>
  <system-err><![CDATA[]]></system-err>
</testsuite>
