<?xml version="1.0" encoding="UTF-8"?>
<testsuite name="org.apache.kafka.message.VersionsTest" tests="5" skipped="0" failures="0" errors="0" timestamp="2022-09-03T08:48:19" hostname="LAPTOP-FH01OFOM" time="0.061">
  <properties/>
  <testcase name="testIntersections" classname="org.apache.kafka.message.VersionsTest" time="0.012"/>
  <testcase name="testSubtract" classname="org.apache.kafka.message.VersionsTest" time="0.013"/>
  <testcase name="testRoundTrips" classname="org.apache.kafka.message.VersionsTest" time="0.008"/>
  <testcase name="testVersionsParse" classname="org.apache.kafka.message.VersionsTest" time="0.022"/>
  <testcase name="testContains" classname="org.apache.kafka.message.VersionsTest" time="0.006"/>
  <system-out><![CDATA[]]></system-out>
  <system-err><![CDATA[]]></system-err>
</testsuite>
