<?xml version="1.0" encoding="UTF-8"?>
<testsuite name="org.apache.kafka.message.MessageDataGeneratorTest" tests="12" skipped="0" failures="0" errors="0" timestamp="2022-09-03T08:48:19" hostname="LAPTOP-FH01OFOM" time="0.63">
  <properties/>
  <testcase name="testInvalidTaggedVersionsNotASubetOfVersions" classname="org.apache.kafka.message.MessageDataGeneratorTest" time="0.523"/>
  <testcase name="testInvalidNullDefaultForPotentiallyNonNullableArray" classname="org.apache.kafka.message.MessageDataGeneratorTest" time="0.021"/>
  <testcase name="testInvalidFieldName" classname="org.apache.kafka.message.MessageDataGeneratorTest" time="0.004"/>
  <testcase name="testInvalidTaggedVersionsWithoutTag" classname="org.apache.kafka.message.MessageDataGeneratorTest" time="0.002"/>
  <testcase name="testInvalidFlexibleVersionsRange" classname="org.apache.kafka.message.MessageDataGeneratorTest" time="0.002"/>
  <testcase name="testInvalidNullDefaultForInt" classname="org.apache.kafka.message.MessageDataGeneratorTest" time="0.004"/>
  <testcase name="testDuplicateTags" classname="org.apache.kafka.message.MessageDataGeneratorTest" time="0.003"/>
  <testcase name="testInvalidTaggedVersionsRange" classname="org.apache.kafka.message.MessageDataGeneratorTest" time="0.002"/>
  <testcase name="testNullDefaults" classname="org.apache.kafka.message.MessageDataGeneratorTest" time="0.056"/>
  <testcase name="testInvalidTagWithoutTaggedVersions" classname="org.apache.kafka.message.MessageDataGeneratorTest" time="0.007"/>
  <testcase name="testInvalidNegativeTag" classname="org.apache.kafka.message.MessageDataGeneratorTest" time="0.003"/>
  <testcase name="testInvalidSometimesNullableTaggedField" classname="org.apache.kafka.message.MessageDataGeneratorTest" time="0.003"/>
  <system-out><![CDATA[]]></system-out>
  <system-err><![CDATA[]]></system-err>
</testsuite>
