<?xml version="1.0" encoding="UTF-8"?>
<testsuite name="org.apache.kafka.message.VersionsTest" tests="5" skipped="0" failures="0" errors="0" timestamp="2020-10-29T02:41:10" hostname="chukun-mac" time="0.01">
  <properties/>
  <testcase name="testIntersections" classname="org.apache.kafka.message.VersionsTest" time="0.006"/>
  <testcase name="testSubtract" classname="org.apache.kafka.message.VersionsTest" time="0.0"/>
  <testcase name="testRoundTrips" classname="org.apache.kafka.message.VersionsTest" time="0.001"/>
  <testcase name="testVersionsParse" classname="org.apache.kafka.message.VersionsTest" time="0.001"/>
  <testcase name="testContains" classname="org.apache.kafka.message.VersionsTest" time="0.0"/>
  <system-out><![CDATA[]]></system-out>
  <system-err><![CDATA[]]></system-err>
</testsuite>
