<?xml version="1.0" encoding="UTF-8"?>
<testsuite name="org.apache.kafka.message.EntityTypeTest" tests="3" skipped="0" failures="0" errors="0" timestamp="2022-09-03T08:48:19" hostname="LAPTOP-FH01OFOM" time="0.09">
  <properties/>
  <testcase name="testVerifyTypeMismatches" classname="org.apache.kafka.message.EntityTypeTest" time="0.042"/>
  <testcase name="testVerifyTypeMatches" classname="org.apache.kafka.message.EntityTypeTest" time="0.021"/>
  <testcase name="testUnknownEntityType" classname="org.apache.kafka.message.EntityTypeTest" time="0.027"/>
  <system-out><![CDATA[]]></system-out>
  <system-err><![CDATA[]]></system-err>
</testsuite>
