<?xml version="1.0" encoding="UTF-8"?>
<testsuite name="org.apache.kafka.message.MessageDataGeneratorTest" tests="12" skipped="0" failures="0" errors="0" timestamp="2020-10-29T02:41:08" hostname="chukun-mac" time="0.983">
  <properties/>
  <testcase name="testInvalidTaggedVersionsNotASubetOfVersions" classname="org.apache.kafka.message.MessageDataGeneratorTest" time="0.864"/>
  <testcase name="testInvalidNullDefaultForPotentiallyNonNullableArray" classname="org.apache.kafka.message.MessageDataGeneratorTest" time="0.053"/>
  <testcase name="testInvalidFieldName" classname="org.apache.kafka.message.MessageDataGeneratorTest" time="0.001"/>
  <testcase name="testInvalidTaggedVersionsWithoutTag" classname="org.apache.kafka.message.MessageDataGeneratorTest" time="0.002"/>
  <testcase name="testInvalidFlexibleVersionsRange" classname="org.apache.kafka.message.MessageDataGeneratorTest" time="0.001"/>
  <testcase name="testInvalidNullDefaultForInt" classname="org.apache.kafka.message.MessageDataGeneratorTest" time="0.003"/>
  <testcase name="testDuplicateTags" classname="org.apache.kafka.message.MessageDataGeneratorTest" time="0.001"/>
  <testcase name="testInvalidTaggedVersionsRange" classname="org.apache.kafka.message.MessageDataGeneratorTest" time="0.001"/>
  <testcase name="testNullDefaults" classname="org.apache.kafka.message.MessageDataGeneratorTest" time="0.052"/>
  <testcase name="testInvalidTagWithoutTaggedVersions" classname="org.apache.kafka.message.MessageDataGeneratorTest" time="0.001"/>
  <testcase name="testInvalidNegativeTag" classname="org.apache.kafka.message.MessageDataGeneratorTest" time="0.001"/>
  <testcase name="testInvalidSometimesNullableTaggedField" classname="org.apache.kafka.message.MessageDataGeneratorTest" time="0.001"/>
  <system-out><![CDATA[]]></system-out>
  <system-err><![CDATA[]]></system-err>
</testsuite>
