<?xml version="1.0" encoding="UTF-8"?>
<testsuite name="org.apache.kafka.message.IsNullConditionalTest" tests="5" skipped="0" failures="0" errors="0" timestamp="2020-10-29T02:41:08" hostname="chukun-mac" time="0.035">
  <properties/>
  <testcase name="testNotNullCheck" classname="org.apache.kafka.message.IsNullConditionalTest" time="0.023"/>
  <testcase name="testNeverNullWithBlockScope" classname="org.apache.kafka.message.IsNullConditionalTest" time="0.002"/>
  <testcase name="testNeverNull" classname="org.apache.kafka.message.IsNullConditionalTest" time="0.002"/>
  <testcase name="testAnotherNullCheck" classname="org.apache.kafka.message.IsNullConditionalTest" time="0.003"/>
  <testcase name="testNullCheck" classname="org.apache.kafka.message.IsNullConditionalTest" time="0.001"/>
  <system-out><![CDATA[]]></system-out>
  <system-err><![CDATA[]]></system-err>
</testsuite>
