<?xml version="1.0" encoding="UTF-8"?>
<testsuite name="org.apache.kafka.message.MessageGeneratorTest" tests="5" skipped="0" failures="0" errors="0" timestamp="2022-09-03T08:48:19" hostname="LAPTOP-FH01OFOM" time="0.42">
  <properties/>
  <testcase name="testToSnakeCase" classname="org.apache.kafka.message.MessageGeneratorTest" time="0.403"/>
  <testcase name="testCapitalizeFirst" classname="org.apache.kafka.message.MessageGeneratorTest" time="0.009"/>
  <testcase name="testLowerCaseFirst" classname="org.apache.kafka.message.MessageGeneratorTest" time="0.001"/>
  <testcase name="testFirstIsCapitalized" classname="org.apache.kafka.message.MessageGeneratorTest" time="0.003"/>
  <testcase name="stripSuffixTest" classname="org.apache.kafka.message.MessageGeneratorTest" time="0.003"/>
  <system-out><![CDATA[]]></system-out>
  <system-err><![CDATA[]]></system-err>
</testsuite>
