<?xml version="1.0" encoding="UTF-8"?>
<testsuite name="org.apache.kafka.message.CodeBufferTest" tests="3" skipped="0" failures="0" errors="0" timestamp="2022-09-03T08:48:19" hostname="LAPTOP-FH01OFOM" time="0.104">
  <properties/>
  <testcase name="testWrite" classname="org.apache.kafka.message.CodeBufferTest" time="0.023"/>
  <testcase name="testIndentMustBeNonNegative" classname="org.apache.kafka.message.CodeBufferTest" time="0.067"/>
  <testcase name="testEquals" classname="org.apache.kafka.message.CodeBufferTest" time="0.013"/>
  <system-out><![CDATA[]]></system-out>
  <system-err><![CDATA[]]></system-err>
</testsuite>
