<?xml version="1.0" encoding="UTF-8"?>
<testsuite name="org.apache.kafka.message.EntityTypeTest" tests="3" skipped="0" failures="0" errors="0" timestamp="2020-10-29T02:41:08" hostname="chukun-mac" time="0.01">
  <properties/>
  <testcase name="testVerifyTypeMismatches" classname="org.apache.kafka.message.EntityTypeTest" time="0.007"/>
  <testcase name="testVerifyTypeMatches" classname="org.apache.kafka.message.EntityTypeTest" time="0.001"/>
  <testcase name="testUnknownEntityType" classname="org.apache.kafka.message.EntityTypeTest" time="0.002"/>
  <system-out><![CDATA[]]></system-out>
  <system-err><![CDATA[]]></system-err>
</testsuite>
