<?xml version="1.0" encoding="UTF-8"?>
<testsuite name="org.apache.kafka.message.IsNullConditionalTest" tests="5" skipped="0" failures="0" errors="0" timestamp="2022-09-03T08:48:19" hostname="LAPTOP-FH01OFOM" time="0.188">
  <properties/>
  <testcase name="testNotNullCheck" classname="org.apache.kafka.message.IsNullConditionalTest" time="0.075"/>
  <testcase name="testNeverNullWithBlockScope" classname="org.apache.kafka.message.IsNullConditionalTest" time="0.035"/>
  <testcase name="testNeverNull" classname="org.apache.kafka.message.IsNullConditionalTest" time="0.053"/>
  <testcase name="testAnotherNullCheck" classname="org.apache.kafka.message.IsNullConditionalTest" time="0.009"/>
  <testcase name="testNullCheck" classname="org.apache.kafka.message.IsNullConditionalTest" time="0.014"/>
  <system-out><![CDATA[]]></system-out>
  <system-err><![CDATA[]]></system-err>
</testsuite>
