<?xml version="1.0" encoding="UTF-8"?>
<testsuite name="org.apache.kafka.message.VersionConditionalTest" tests="12" skipped="0" failures="0" errors="0" timestamp="2020-10-29T02:41:10" hostname="chukun-mac" time="0.022">
  <properties/>
  <testcase name="testAlwaysTrueConditionalWithAlwaysEmitBlockScope" classname="org.apache.kafka.message.VersionConditionalTest" time="0.004"/>
  <testcase name="testLowerRangeCheckWithElse" classname="org.apache.kafka.message.VersionConditionalTest" time="0.002"/>
  <testcase name="testFullRangeCheck" classname="org.apache.kafka.message.VersionConditionalTest" time="0.001"/>
  <testcase name="testAlwaysTrueConditional" classname="org.apache.kafka.message.VersionConditionalTest" time="0.002"/>
  <testcase name="testAlwaysFalseConditional" classname="org.apache.kafka.message.VersionConditionalTest" time="0.001"/>
  <testcase name="testLowerRangeCheckWithIfMember" classname="org.apache.kafka.message.VersionConditionalTest" time="0.001"/>
  <testcase name="testUpperRangeCheckWithIfNotMember" classname="org.apache.kafka.message.VersionConditionalTest" time="0.001"/>
  <testcase name="testUpperRangeCheckWithIfMember" classname="org.apache.kafka.message.VersionConditionalTest" time="0.001"/>
  <testcase name="testAnotherAlwaysFalseConditional" classname="org.apache.kafka.message.VersionConditionalTest" time="0.002"/>
  <testcase name="testAllowMembershipCheckAlwaysFalseFails" classname="org.apache.kafka.message.VersionConditionalTest" time="0.002"/>
  <testcase name="testLowerRangeCheckWithIfNotMember" classname="org.apache.kafka.message.VersionConditionalTest" time="0.001"/>
  <testcase name="testUpperRangeCheckWithElse" classname="org.apache.kafka.message.VersionConditionalTest" time="0.002"/>
  <system-out><![CDATA[]]></system-out>
  <system-err><![CDATA[]]></system-err>
</testsuite>
